<?xml version="1.0" encoding="UTF-8"?>
<testsuite xmlns:xsi="http://www.w3.org/2001/XMLSchema-instance" xsi:noNamespaceSchemaLocation="https://maven.apache.org/surefire/maven-surefire-plugin/xsd/surefire-test-report-3.0.xsd" version="3.0" name="stepdefinitions.TestRunner" time="724.598" tests="19" errors="0" skipped="0" failures="0">
  <properties>
    <property name="sun.desktop" value="windows"/>
    <property name="awt.toolkit" value="sun.awt.windows.WToolkit"/>
    <property name="java.specification.version" value="11"/>
    <property name="webdriver.chrome.driver" value="C:\Users\sindh\.cache\selenium\chromedriver\win64\118.0.5993.70\chromedriver.exe"/>
    <property name="sun.cpu.isalist" value="amd64"/>
    <property name="sun.jnu.encoding" value="Cp1252"/>
    <property name="sun.awt.enableExtraMouseButtons" value="true"/>
    <property name="java.class.path" value="C:\Users\sindh\Downloads\sky.uk.bddtests\sky.uk.bddtests\target\test-classes;C:\Users\sindh\Downloads\sky.uk.bddtests\sky.uk.bddtests\target\classes;C:\Users\sindh\.m2\repository\io\cucumber\cucumber-java\7.14.0\cucumber-java-7.14.0.jar;C:\Users\sindh\.m2\repository\io\cucumber\cucumber-core\7.14.0\cucumber-core-7.14.0.jar;C:\Users\sindh\.m2\repository\io\cucumber\cucumber-gherkin\7.14.0\cucumber-gherkin-7.14.0.jar;C:\Users\sindh\.m2\repository\io\cucumber\cucumber-gherkin-messages\7.14.0\cucumber-gherkin-messages-7.14.0.jar;C:\Users\sindh\.m2\repository\io\cucumber\gherkin\26.2.0\gherkin-26.2.0.jar;C:\Users\sindh\.m2\repository\io\cucumber\messages\22.0.0\messages-22.0.0.jar;C:\Users\sindh\.m2\repository\io\cucumber\tag-expressions\5.0.6\tag-expressions-5.0.6.jar;C:\Users\sindh\.m2\repository\io\cucumber\cucumber-expressions\16.1.2\cucumber-expressions-16.1.2.jar;C:\Users\sindh\.m2\repository\io\cucumber\datatable\7.14.0\datatable-7.14.0.jar;C:\Users\sindh\.m2\repository\io\cucumber\cucumber-plugin\7.14.0\cucumber-plugin-7.14.0.jar;C:\Users\sindh\.m2\repository\io\cucumber\docstring\7.14.0\docstring-7.14.0.jar;C:\Users\sindh\.m2\repository\io\cucumber\html-formatter\20.4.0\html-formatter-20.4.0.jar;C:\Users\sindh\.m2\repository\io\cucumber\junit-xml-formatter\0.2.0\junit-xml-formatter-0.2.0.jar;C:\Users\sindh\.m2\repository\io\cucumber\ci-environment\9.2.0\ci-environment-9.2.0.jar;C:\Users\sindh\.m2\repository\org\apiguardian\apiguardian-api\1.1.2\apiguardian-api-1.1.2.jar;C:\Users\sindh\.m2\repository\io\cucumber\cucumber-junit-platform-engine\7.14.0\cucumber-junit-platform-engine-7.14.0.jar;C:\Users\sindh\.m2\repository\org\junit\platform\junit-platform-engine\1.9.3\junit-platform-engine-1.9.3.jar;C:\Users\sindh\.m2\repository\org\opentest4j\opentest4j\1.2.0\opentest4j-1.2.0.jar;C:\Users\sindh\.m2\repository\io\cucumber\cucumber-junit\7.14.0\cucumber-junit-7.14.0.jar;C:\Users\sindh\.m2\repository\net\sourceforge\cobertura\cobertura\2.1.1\cobertura-2.1.1.jar;C:\Users\sindh\.m2\repository\org\ow2\asm\asm\5.0.1\asm-5.0.1.jar;C:\Users\sindh\.m2\repository\org\ow2\asm\asm-tree\5.0.1\asm-tree-5.0.1.jar;C:\Users\sindh\.m2\repository\org\ow2\asm\asm-commons\5.0.1\asm-commons-5.0.1.jar;C:\Users\sindh\.m2\repository\org\ow2\asm\asm-util\5.0.1\asm-util-5.0.1.jar;C:\Users\sindh\.m2\repository\org\ow2\asm\asm-analysis\5.0.1\asm-analysis-5.0.1.jar;C:\Users\sindh\.m2\repository\oro\oro\2.0.8\oro-2.0.8.jar;C:\Users\sindh\.m2\repository\jaxen\jaxen\1.1.4\jaxen-1.1.4.jar;C:\Users\sindh\.m2\repository\org\apache\ant\ant\1.8.3\ant-1.8.3.jar;C:\Users\sindh\.m2\repository\org\apache\ant\ant-launcher\1.8.3\ant-launcher-1.8.3.jar;C:\Users\sindh\.m2\repository\org\apache\ant\ant-junit\1.8.3\ant-junit-1.8.3.jar;C:\Users\sindh\.m2\repository\org\mortbay\jetty\servlet-api-2.5\6.1.14\servlet-api-2.5-6.1.14.jar;C:\Users\sindh\.m2\repository\org\mortbay\jetty\jetty\6.1.14\jetty-6.1.14.jar;C:\Users\sindh\.m2\repository\org\mortbay\jetty\jetty-util\6.1.14\jetty-util-6.1.14.jar;C:\Users\sindh\.m2\repository\org\slf4j\slf4j-api\1.7.5\slf4j-api-1.7.5.jar;C:\Users\sindh\.m2\repository\ch\qos\logback\logback-classic\1.0.13\logback-classic-1.0.13.jar;C:\Users\sindh\.m2\repository\ch\qos\logback\logback-core\1.0.13\logback-core-1.0.13.jar;C:\Users\sindh\.m2\repository\org\apache\commons\commons-lang3\3.3.2\commons-lang3-3.3.2.jar;C:\Users\sindh\.m2\repository\com\github\stephenc\monte\monte-screen-recorder\0.7.7.0\monte-screen-recorder-0.7.7.0.jar;C:\Users\sindh\.m2\repository\io\cucumber\cucumber-html\0.2.7\cucumber-html-0.2.7.jar;C:\Users\sindh\.m2\repository\net\masterthought\cucumber-reporting\4.4.0\cucumber-reporting-4.4.0.jar;C:\Users\sindh\.m2\repository\com\fasterxml\jackson\core\jackson-databind\2.9.8\jackson-databind-2.9.8.jar;C:\Users\sindh\.m2\repository\com\fasterxml\jackson\core\jackson-annotations\2.9.0\jackson-annotations-2.9.0.jar;C:\Users\sindh\.m2\repository\com\fasterxml\jackson\core\jackson-core\2.9.8\jackson-core-2.9.8.jar;C:\Users\sindh\.m2\repository\org\apache\velocity\velocity\1.7\velocity-1.7.jar;C:\Users\sindh\.m2\repository\commons-collections\commons-collections\3.2.1\commons-collections-3.2.1.jar;C:\Users\sindh\.m2\repository\commons-lang\commons-lang\2.4\commons-lang-2.4.jar;C:\Users\sindh\.m2\repository\velocity-tools\velocity-tools\1.4\velocity-tools-1.4.jar;C:\Users\sindh\.m2\repository\joda-time\joda-time\2.10.1\joda-time-2.10.1.jar;C:\Users\sindh\.m2\repository\commons-io\commons-io\2.6\commons-io-2.6.jar;C:\Users\sindh\.m2\repository\org\codehaus\plexus\plexus-utils\3.1.1\plexus-utils-3.1.1.jar;C:\Users\sindh\.m2\repository\org\jsoup\jsoup\1.11.3\jsoup-1.11.3.jar;C:\Users\sindh\.m2\repository\com\googlecode\owasp-java-html-sanitizer\owasp-java-html-sanitizer\20181114.1\owasp-java-html-sanitizer-20181114.1.jar;C:\Users\sindh\.m2\repository\commons-configuration\commons-configuration\1.10\commons-configuration-1.10.jar;C:\Users\sindh\.m2\repository\commons-logging\commons-logging\1.1.1\commons-logging-1.1.1.jar;C:\Users\sindh\.m2\repository\org\seleniumhq\selenium\selenium-api\4.6.0\selenium-api-4.6.0.jar;C:\Users\sindh\.m2\repository\org\seleniumhq\selenium\selenium-chrome-driver\4.6.0\selenium-chrome-driver-4.6.0.jar;C:\Users\sindh\.m2\repository\com\google\auto\service\auto-service-annotations\1.0.1\auto-service-annotations-1.0.1.jar;C:\Users\sindh\.m2\repository\com\google\auto\service\auto-service\1.0.1\auto-service-1.0.1.jar;C:\Users\sindh\.m2\repository\com\google\auto\auto-common\1.2\auto-common-1.2.jar;C:\Users\sindh\.m2\repository\com\google\guava\guava\31.1-jre\guava-31.1-jre.jar;C:\Users\sindh\.m2\repository\com\google\guava\failureaccess\1.0.1\failureaccess-1.0.1.jar;C:\Users\sindh\.m2\repository\com\google\guava\listenablefuture\9999.0-empty-to-avoid-conflict-with-guava\listenablefuture-9999.0-empty-to-avoid-conflict-with-guava.jar;C:\Users\sindh\.m2\repository\com\google\code\findbugs\jsr305\3.0.2\jsr305-3.0.2.jar;C:\Users\sindh\.m2\repository\org\checkerframework\checker-qual\3.12.0\checker-qual-3.12.0.jar;C:\Users\sindh\.m2\repository\com\google\errorprone\error_prone_annotations\2.11.0\error_prone_annotations-2.11.0.jar;C:\Users\sindh\.m2\repository\com\google\j2objc\j2objc-annotations\1.3\j2objc-annotations-1.3.jar;C:\Users\sindh\.m2\repository\org\seleniumhq\selenium\selenium-chromium-driver\4.6.0\selenium-chromium-driver-4.6.0.jar;C:\Users\sindh\.m2\repository\org\seleniumhq\selenium\selenium-json\4.6.0\selenium-json-4.6.0.jar;C:\Users\sindh\.m2\repository\org\seleniumhq\selenium\selenium-remote-driver\4.6.0\selenium-remote-driver-4.6.0.jar;C:\Users\sindh\.m2\repository\com\beust\jcommander\1.82\jcommander-1.82.jar;C:\Users\sindh\.m2\repository\io\netty\netty-buffer\4.1.84.Final\netty-buffer-4.1.84.Final.jar;C:\Users\sindh\.m2\repository\io\netty\netty-codec-http\4.1.84.Final\netty-codec-http-4.1.84.Final.jar;C:\Users\sindh\.m2\repository\io\netty\netty-codec\4.1.84.Final\netty-codec-4.1.84.Final.jar;C:\Users\sindh\.m2\repository\io\netty\netty-handler\4.1.84.Final\netty-handler-4.1.84.Final.jar;C:\Users\sindh\.m2\repository\io\netty\netty-common\4.1.84.Final\netty-common-4.1.84.Final.jar;C:\Users\sindh\.m2\repository\io\netty\netty-transport-classes-epoll\4.1.84.Final\netty-transport-classes-epoll-4.1.84.Final.jar;C:\Users\sindh\.m2\repository\io\netty\netty-transport-classes-kqueue\4.1.84.Final\netty-transport-classes-kqueue-4.1.84.Final.jar;C:\Users\sindh\.m2\repository\io\netty\netty-transport-native-epoll\4.1.84.Final\netty-transport-native-epoll-4.1.84.Final.jar;C:\Users\sindh\.m2\repository\io\netty\netty-transport-native-kqueue\4.1.84.Final\netty-transport-native-kqueue-4.1.84.Final.jar;C:\Users\sindh\.m2\repository\io\netty\netty-transport-native-unix-common\4.1.84.Final\netty-transport-native-unix-common-4.1.84.Final.jar;C:\Users\sindh\.m2\repository\io\netty\netty-transport\4.1.84.Final\netty-transport-4.1.84.Final.jar;C:\Users\sindh\.m2\repository\io\netty\netty-resolver\4.1.84.Final\netty-resolver-4.1.84.Final.jar;C:\Users\sindh\.m2\repository\io\opentelemetry\opentelemetry-api\1.19.0\opentelemetry-api-1.19.0.jar;C:\Users\sindh\.m2\repository\io\opentelemetry\opentelemetry-context\1.19.0\opentelemetry-context-1.19.0.jar;C:\Users\sindh\.m2\repository\io\opentelemetry\opentelemetry-exporter-logging\1.19.0\opentelemetry-exporter-logging-1.19.0.jar;C:\Users\sindh\.m2\repository\io\opentelemetry\opentelemetry-sdk-metrics\1.19.0\opentelemetry-sdk-metrics-1.19.0.jar;C:\Users\sindh\.m2\repository\io\opentelemetry\opentelemetry-sdk-logs\1.19.0-alpha\opentelemetry-sdk-logs-1.19.0-alpha.jar;C:\Users\sindh\.m2\repository\io\opentelemetry\opentelemetry-api-logs\1.19.0-alpha\opentelemetry-api-logs-1.19.0-alpha.jar;C:\Users\sindh\.m2\repository\io\opentelemetry\opentelemetry-sdk-common\1.19.0\opentelemetry-sdk-common-1.19.0.jar;C:\Users\sindh\.m2\repository\io\opentelemetry\opentelemetry-sdk-extension-autoconfigure-spi\1.19.0\opentelemetry-sdk-extension-autoconfigure-spi-1.19.0.jar;C:\Users\sindh\.m2\repository\io\opentelemetry\opentelemetry-sdk-extension-autoconfigure\1.19.0-alpha\opentelemetry-sdk-extension-autoconfigure-1.19.0-alpha.jar;C:\Users\sindh\.m2\repository\io\opentelemetry\opentelemetry-exporter-common\1.19.0\opentelemetry-exporter-common-1.19.0.jar;C:\Users\sindh\.m2\repository\io\opentelemetry\opentelemetry-sdk-trace\1.19.0\opentelemetry-sdk-trace-1.19.0.jar;C:\Users\sindh\.m2\repository\io\opentelemetry\opentelemetry-sdk\1.19.0\opentelemetry-sdk-1.19.0.jar;C:\Users\sindh\.m2\repository\io\opentelemetry\opentelemetry-semconv\1.19.0-alpha\opentelemetry-semconv-1.19.0-alpha.jar;C:\Users\sindh\.m2\repository\io\ous\jtoml\2.0.0\jtoml-2.0.0.jar;C:\Users\sindh\.m2\repository\org\apache\commons\commons-exec\1.3\commons-exec-1.3.jar;C:\Users\sindh\.m2\repository\org\asynchttpclient\async-http-client\2.12.3\async-http-client-2.12.3.jar;C:\Users\sindh\.m2\repository\org\asynchttpclient\async-http-client-netty-utils\2.12.3\async-http-client-netty-utils-2.12.3.jar;C:\Users\sindh\.m2\repository\io\netty\netty-codec-socks\4.1.60.Final\netty-codec-socks-4.1.60.Final.jar;C:\Users\sindh\.m2\repository\io\netty\netty-handler-proxy\4.1.60.Final\netty-handler-proxy-4.1.60.Final.jar;C:\Users\sindh\.m2\repository\io\netty\netty-transport-native-epoll\4.1.60.Final\netty-transport-native-epoll-4.1.60.Final-linux-x86_64.jar;C:\Users\sindh\.m2\repository\io\netty\netty-transport-native-kqueue\4.1.60.Final\netty-transport-native-kqueue-4.1.60.Final-osx-x86_64.jar;C:\Users\sindh\.m2\repository\org\reactivestreams\reactive-streams\1.0.3\reactive-streams-1.0.3.jar;C:\Users\sindh\.m2\repository\com\typesafe\netty\netty-reactive-streams\2.0.4\netty-reactive-streams-2.0.4.jar;C:\Users\sindh\.m2\repository\com\sun\activation\jakarta.activation\1.2.2\jakarta.activation-1.2.2.jar;C:\Users\sindh\.m2\repository\org\seleniumhq\selenium\selenium-http\4.6.0\selenium-http-4.6.0.jar;C:\Users\sindh\.m2\repository\dev\failsafe\failsafe\3.3.0\failsafe-3.3.0.jar;C:\Users\sindh\.m2\repository\org\seleniumhq\selenium\selenium-manager\4.6.0\selenium-manager-4.6.0.jar;C:\Users\sindh\.m2\repository\org\seleniumhq\selenium\selenium-support\4.6.0\selenium-support-4.6.0.jar;C:\Users\sindh\.m2\repository\net\bytebuddy\byte-buddy\1.12.18\byte-buddy-1.12.18.jar;C:\Users\sindh\.m2\repository\io\github\bonigarcia\webdrivermanager\5.5.3\webdrivermanager-5.5.3.jar;C:\Users\sindh\.m2\repository\com\google\code\gson\gson\2.10.1\gson-2.10.1.jar;C:\Users\sindh\.m2\repository\com\github\docker-java\docker-java\3.3.3\docker-java-3.3.3.jar;C:\Users\sindh\.m2\repository\com\github\docker-java\docker-java-core\3.3.3\docker-java-core-3.3.3.jar;C:\Users\sindh\.m2\repository\com\github\docker-java\docker-java-api\3.3.3\docker-java-api-3.3.3.jar;C:\Users\sindh\.m2\repository\org\apache\commons\commons-compress\1.21\commons-compress-1.21.jar;C:\Users\sindh\.m2\repository\org\bouncycastle\bcpkix-jdk18on\1.75\bcpkix-jdk18on-1.75.jar;C:\Users\sindh\.m2\repository\org\bouncycastle\bcprov-jdk18on\1.75\bcprov-jdk18on-1.75.jar;C:\Users\sindh\.m2\repository\org\bouncycastle\bcutil-jdk18on\1.75\bcutil-jdk18on-1.75.jar;C:\Users\sindh\.m2\repository\org\slf4j\jcl-over-slf4j\1.7.30\jcl-over-slf4j-1.7.30.jar;C:\Users\sindh\.m2\repository\com\github\docker-java\docker-java-transport-httpclient5\3.3.3\docker-java-transport-httpclient5-3.3.3.jar;C:\Users\sindh\.m2\repository\com\github\docker-java\docker-java-transport\3.3.3\docker-java-transport-3.3.3.jar;C:\Users\sindh\.m2\repository\net\java\dev\jna\jna\5.12.1\jna-5.12.1.jar;C:\Users\sindh\.m2\repository\org\brotli\dec\0.1.2\dec-0.1.2.jar;C:\Users\sindh\.m2\repository\org\apache\httpcomponents\client5\httpclient5\5.2.1\httpclient5-5.2.1.jar;C:\Users\sindh\.m2\repository\org\apache\httpcomponents\core5\httpcore5\5.2\httpcore5-5.2.jar;C:\Users\sindh\.m2\repository\org\apache\httpcomponents\core5\httpcore5-h2\5.2\httpcore5-h2-5.2.jar;C:\Users\sindh\.m2\repository\junit\junit\4.13.2\junit-4.13.2.jar;C:\Users\sindh\.m2\repository\org\hamcrest\hamcrest-core\1.3\hamcrest-core-1.3.jar;C:\Users\sindh\.m2\repository\org\junit\platform\junit-platform-suite-api\1.9.3\junit-platform-suite-api-1.9.3.jar;C:\Users\sindh\.m2\repository\org\junit\platform\junit-platform-commons\1.9.3\junit-platform-commons-1.9.3.jar;C:\Users\sindh\.m2\repository\org\junit\vintage\junit-vintage-engine\5.10.0\junit-vintage-engine-5.10.0.jar;C:\Users\sindh\.m2\repository\org\apache\logging\log4j\log4j-api\2.13.0\log4j-api-2.13.0.jar;C:\Users\sindh\.m2\repository\org\apache\logging\log4j\log4j-core\2.13.0\log4j-core-2.13.0.jar;"/>
    <property name="java.vm.vendor" value="Oracle Corporation"/>
    <property name="sun.arch.data.model" value="64"/>
    <property name="user.variant" value=""/>
    <property name="java.vendor.url" value="https://openjdk.java.net/"/>
    <property name="user.timezone" value="Europe/London"/>
    <property name="org.apache.logging.log4j.assignedSequences" value="1078"/>
    <property name="java.vm.specification.version" value="11"/>
    <property name="os.name" value="Windows 11"/>
    <property name="sun.java.launcher" value="SUN_STANDARD"/>
    <property name="user.country" value="GB"/>
    <property name="sun.boot.library.path" value="C:\Program Files\Java\jdk-11\bin"/>
    <property name="sun.java.command" value="C:\Users\sindh\AppData\Local\Temp\surefire13734329060302950048\surefirebooter-20231026152713560_3.jar C:\Users\sindh\AppData\Local\Temp\surefire13734329060302950048 2023-10-26T15-27-12_759-jvmRun1 surefire-20231026152713560_1tmp surefire_0-20231026152713560_2tmp"/>
    <property name="jdk.debug" value="release"/>
    <property name="surefire.test.class.path" value="C:\Users\sindh\Downloads\sky.uk.bddtests\sky.uk.bddtests\target\test-classes;C:\Users\sindh\Downloads\sky.uk.bddtests\sky.uk.bddtests\target\classes;C:\Users\sindh\.m2\repository\io\cucumber\cucumber-java\7.14.0\cucumber-java-7.14.0.jar;C:\Users\sindh\.m2\repository\io\cucumber\cucumber-core\7.14.0\cucumber-core-7.14.0.jar;C:\Users\sindh\.m2\repository\io\cucumber\cucumber-gherkin\7.14.0\cucumber-gherkin-7.14.0.jar;C:\Users\sindh\.m2\repository\io\cucumber\cucumber-gherkin-messages\7.14.0\cucumber-gherkin-messages-7.14.0.jar;C:\Users\sindh\.m2\repository\io\cucumber\gherkin\26.2.0\gherkin-26.2.0.jar;C:\Users\sindh\.m2\repository\io\cucumber\messages\22.0.0\messages-22.0.0.jar;C:\Users\sindh\.m2\repository\io\cucumber\tag-expressions\5.0.6\tag-expressions-5.0.6.jar;C:\Users\sindh\.m2\repository\io\cucumber\cucumber-expressions\16.1.2\cucumber-expressions-16.1.2.jar;C:\Users\sindh\.m2\repository\io\cucumber\datatable\7.14.0\datatable-7.14.0.jar;C:\Users\sindh\.m2\repository\io\cucumber\cucumber-plugin\7.14.0\cucumber-plugin-7.14.0.jar;C:\Users\sindh\.m2\repository\io\cucumber\docstring\7.14.0\docstring-7.14.0.jar;C:\Users\sindh\.m2\repository\io\cucumber\html-formatter\20.4.0\html-formatter-20.4.0.jar;C:\Users\sindh\.m2\repository\io\cucumber\junit-xml-formatter\0.2.0\junit-xml-formatter-0.2.0.jar;C:\Users\sindh\.m2\repository\io\cucumber\ci-environment\9.2.0\ci-environment-9.2.0.jar;C:\Users\sindh\.m2\repository\org\apiguardian\apiguardian-api\1.1.2\apiguardian-api-1.1.2.jar;C:\Users\sindh\.m2\repository\io\cucumber\cucumber-junit-platform-engine\7.14.0\cucumber-junit-platform-engine-7.14.0.jar;C:\Users\sindh\.m2\repository\org\junit\platform\junit-platform-engine\1.9.3\junit-platform-engine-1.9.3.jar;C:\Users\sindh\.m2\repository\org\opentest4j\opentest4j\1.2.0\opentest4j-1.2.0.jar;C:\Users\sindh\.m2\repository\io\cucumber\cucumber-junit\7.14.0\cucumber-junit-7.14.0.jar;C:\Users\sindh\.m2\repository\net\sourceforge\cobertura\cobertura\2.1.1\cobertura-2.1.1.jar;C:\Users\sindh\.m2\repository\org\ow2\asm\asm\5.0.1\asm-5.0.1.jar;C:\Users\sindh\.m2\repository\org\ow2\asm\asm-tree\5.0.1\asm-tree-5.0.1.jar;C:\Users\sindh\.m2\repository\org\ow2\asm\asm-commons\5.0.1\asm-commons-5.0.1.jar;C:\Users\sindh\.m2\repository\org\ow2\asm\asm-util\5.0.1\asm-util-5.0.1.jar;C:\Users\sindh\.m2\repository\org\ow2\asm\asm-analysis\5.0.1\asm-analysis-5.0.1.jar;C:\Users\sindh\.m2\repository\oro\oro\2.0.8\oro-2.0.8.jar;C:\Users\sindh\.m2\repository\jaxen\jaxen\1.1.4\jaxen-1.1.4.jar;C:\Users\sindh\.m2\repository\org\apache\ant\ant\1.8.3\ant-1.8.3.jar;C:\Users\sindh\.m2\repository\org\apache\ant\ant-launcher\1.8.3\ant-launcher-1.8.3.jar;C:\Users\sindh\.m2\repository\org\apache\ant\ant-junit\1.8.3\ant-junit-1.8.3.jar;C:\Users\sindh\.m2\repository\org\mortbay\jetty\servlet-api-2.5\6.1.14\servlet-api-2.5-6.1.14.jar;C:\Users\sindh\.m2\repository\org\mortbay\jetty\jetty\6.1.14\jetty-6.1.14.jar;C:\Users\sindh\.m2\repository\org\mortbay\jetty\jetty-util\6.1.14\jetty-util-6.1.14.jar;C:\Users\sindh\.m2\repository\org\slf4j\slf4j-api\1.7.5\slf4j-api-1.7.5.jar;C:\Users\sindh\.m2\repository\ch\qos\logback\logback-classic\1.0.13\logback-classic-1.0.13.jar;C:\Users\sindh\.m2\repository\ch\qos\logback\logback-core\1.0.13\logback-core-1.0.13.jar;C:\Users\sindh\.m2\repository\org\apache\commons\commons-lang3\3.3.2\commons-lang3-3.3.2.jar;C:\Users\sindh\.m2\repository\com\github\stephenc\monte\monte-screen-recorder\0.7.7.0\monte-screen-recorder-0.7.7.0.jar;C:\Users\sindh\.m2\repository\io\cucumber\cucumber-html\0.2.7\cucumber-html-0.2.7.jar;C:\Users\sindh\.m2\repository\net\masterthought\cucumber-reporting\4.4.0\cucumber-reporting-4.4.0.jar;C:\Users\sindh\.m2\repository\com\fasterxml\jackson\core\jackson-databind\2.9.8\jackson-databind-2.9.8.jar;C:\Users\sindh\.m2\repository\com\fasterxml\jackson\core\jackson-annotations\2.9.0\jackson-annotations-2.9.0.jar;C:\Users\sindh\.m2\repository\com\fasterxml\jackson\core\jackson-core\2.9.8\jackson-core-2.9.8.jar;C:\Users\sindh\.m2\repository\org\apache\velocity\velocity\1.7\velocity-1.7.jar;C:\Users\sindh\.m2\repository\commons-collections\commons-collections\3.2.1\commons-collections-3.2.1.jar;C:\Users\sindh\.m2\repository\commons-lang\commons-lang\2.4\commons-lang-2.4.jar;C:\Users\sindh\.m2\repository\velocity-tools\velocity-tools\1.4\velocity-tools-1.4.jar;C:\Users\sindh\.m2\repository\joda-time\joda-time\2.10.1\joda-time-2.10.1.jar;C:\Users\sindh\.m2\repository\commons-io\commons-io\2.6\commons-io-2.6.jar;C:\Users\sindh\.m2\repository\org\codehaus\plexus\plexus-utils\3.1.1\plexus-utils-3.1.1.jar;C:\Users\sindh\.m2\repository\org\jsoup\jsoup\1.11.3\jsoup-1.11.3.jar;C:\Users\sindh\.m2\repository\com\googlecode\owasp-java-html-sanitizer\owasp-java-html-sanitizer\20181114.1\owasp-java-html-sanitizer-20181114.1.jar;C:\Users\sindh\.m2\repository\commons-configuration\commons-configuration\1.10\commons-configuration-1.10.jar;C:\Users\sindh\.m2\repository\commons-logging\commons-logging\1.1.1\commons-logging-1.1.1.jar;C:\Users\sindh\.m2\repository\org\seleniumhq\selenium\selenium-api\4.6.0\selenium-api-4.6.0.jar;C:\Users\sindh\.m2\repository\org\seleniumhq\selenium\selenium-chrome-driver\4.6.0\selenium-chrome-driver-4.6.0.jar;C:\Users\sindh\.m2\repository\com\google\auto\service\auto-service-annotations\1.0.1\auto-service-annotations-1.0.1.jar;C:\Users\sindh\.m2\repository\com\google\auto\service\auto-service\1.0.1\auto-service-1.0.1.jar;C:\Users\sindh\.m2\repository\com\google\auto\auto-common\1.2\auto-common-1.2.jar;C:\Users\sindh\.m2\repository\com\google\guava\guava\31.1-jre\guava-31.1-jre.jar;C:\Users\sindh\.m2\repository\com\google\guava\failureaccess\1.0.1\failureaccess-1.0.1.jar;C:\Users\sindh\.m2\repository\com\google\guava\listenablefuture\9999.0-empty-to-avoid-conflict-with-guava\listenablefuture-9999.0-empty-to-avoid-conflict-with-guava.jar;C:\Users\sindh\.m2\repository\com\google\code\findbugs\jsr305\3.0.2\jsr305-3.0.2.jar;C:\Users\sindh\.m2\repository\org\checkerframework\checker-qual\3.12.0\checker-qual-3.12.0.jar;C:\Users\sindh\.m2\repository\com\google\errorprone\error_prone_annotations\2.11.0\error_prone_annotations-2.11.0.jar;C:\Users\sindh\.m2\repository\com\google\j2objc\j2objc-annotations\1.3\j2objc-annotations-1.3.jar;C:\Users\sindh\.m2\repository\org\seleniumhq\selenium\selenium-chromium-driver\4.6.0\selenium-chromium-driver-4.6.0.jar;C:\Users\sindh\.m2\repository\org\seleniumhq\selenium\selenium-json\4.6.0\selenium-json-4.6.0.jar;C:\Users\sindh\.m2\repository\org\seleniumhq\selenium\selenium-remote-driver\4.6.0\selenium-remote-driver-4.6.0.jar;C:\Users\sindh\.m2\repository\com\beust\jcommander\1.82\jcommander-1.82.jar;C:\Users\sindh\.m2\repository\io\netty\netty-buffer\4.1.84.Final\netty-buffer-4.1.84.Final.jar;C:\Users\sindh\.m2\repository\io\netty\netty-codec-http\4.1.84.Final\netty-codec-http-4.1.84.Final.jar;C:\Users\sindh\.m2\repository\io\netty\netty-codec\4.1.84.Final\netty-codec-4.1.84.Final.jar;C:\Users\sindh\.m2\repository\io\netty\netty-handler\4.1.84.Final\netty-handler-4.1.84.Final.jar;C:\Users\sindh\.m2\repository\io\netty\netty-common\4.1.84.Final\netty-common-4.1.84.Final.jar;C:\Users\sindh\.m2\repository\io\netty\netty-transport-classes-epoll\4.1.84.Final\netty-transport-classes-epoll-4.1.84.Final.jar;C:\Users\sindh\.m2\repository\io\netty\netty-transport-classes-kqueue\4.1.84.Final\netty-transport-classes-kqueue-4.1.84.Final.jar;C:\Users\sindh\.m2\repository\io\netty\netty-transport-native-epoll\4.1.84.Final\netty-transport-native-epoll-4.1.84.Final.jar;C:\Users\sindh\.m2\repository\io\netty\netty-transport-native-kqueue\4.1.84.Final\netty-transport-native-kqueue-4.1.84.Final.jar;C:\Users\sindh\.m2\repository\io\netty\netty-transport-native-unix-common\4.1.84.Final\netty-transport-native-unix-common-4.1.84.Final.jar;C:\Users\sindh\.m2\repository\io\netty\netty-transport\4.1.84.Final\netty-transport-4.1.84.Final.jar;C:\Users\sindh\.m2\repository\io\netty\netty-resolver\4.1.84.Final\netty-resolver-4.1.84.Final.jar;C:\Users\sindh\.m2\repository\io\opentelemetry\opentelemetry-api\1.19.0\opentelemetry-api-1.19.0.jar;C:\Users\sindh\.m2\repository\io\opentelemetry\opentelemetry-context\1.19.0\opentelemetry-context-1.19.0.jar;C:\Users\sindh\.m2\repository\io\opentelemetry\opentelemetry-exporter-logging\1.19.0\opentelemetry-exporter-logging-1.19.0.jar;C:\Users\sindh\.m2\repository\io\opentelemetry\opentelemetry-sdk-metrics\1.19.0\opentelemetry-sdk-metrics-1.19.0.jar;C:\Users\sindh\.m2\repository\io\opentelemetry\opentelemetry-sdk-logs\1.19.0-alpha\opentelemetry-sdk-logs-1.19.0-alpha.jar;C:\Users\sindh\.m2\repository\io\opentelemetry\opentelemetry-api-logs\1.19.0-alpha\opentelemetry-api-logs-1.19.0-alpha.jar;C:\Users\sindh\.m2\repository\io\opentelemetry\opentelemetry-sdk-common\1.19.0\opentelemetry-sdk-common-1.19.0.jar;C:\Users\sindh\.m2\repository\io\opentelemetry\opentelemetry-sdk-extension-autoconfigure-spi\1.19.0\opentelemetry-sdk-extension-autoconfigure-spi-1.19.0.jar;C:\Users\sindh\.m2\repository\io\opentelemetry\opentelemetry-sdk-extension-autoconfigure\1.19.0-alpha\opentelemetry-sdk-extension-autoconfigure-1.19.0-alpha.jar;C:\Users\sindh\.m2\repository\io\opentelemetry\opentelemetry-exporter-common\1.19.0\opentelemetry-exporter-common-1.19.0.jar;C:\Users\sindh\.m2\repository\io\opentelemetry\opentelemetry-sdk-trace\1.19.0\opentelemetry-sdk-trace-1.19.0.jar;C:\Users\sindh\.m2\repository\io\opentelemetry\opentelemetry-sdk\1.19.0\opentelemetry-sdk-1.19.0.jar;C:\Users\sindh\.m2\repository\io\opentelemetry\opentelemetry-semconv\1.19.0-alpha\opentelemetry-semconv-1.19.0-alpha.jar;C:\Users\sindh\.m2\repository\io\ous\jtoml\2.0.0\jtoml-2.0.0.jar;C:\Users\sindh\.m2\repository\org\apache\commons\commons-exec\1.3\commons-exec-1.3.jar;C:\Users\sindh\.m2\repository\org\asynchttpclient\async-http-client\2.12.3\async-http-client-2.12.3.jar;C:\Users\sindh\.m2\repository\org\asynchttpclient\async-http-client-netty-utils\2.12.3\async-http-client-netty-utils-2.12.3.jar;C:\Users\sindh\.m2\repository\io\netty\netty-codec-socks\4.1.60.Final\netty-codec-socks-4.1.60.Final.jar;C:\Users\sindh\.m2\repository\io\netty\netty-handler-proxy\4.1.60.Final\netty-handler-proxy-4.1.60.Final.jar;C:\Users\sindh\.m2\repository\io\netty\netty-transport-native-epoll\4.1.60.Final\netty-transport-native-epoll-4.1.60.Final-linux-x86_64.jar;C:\Users\sindh\.m2\repository\io\netty\netty-transport-native-kqueue\4.1.60.Final\netty-transport-native-kqueue-4.1.60.Final-osx-x86_64.jar;C:\Users\sindh\.m2\repository\org\reactivestreams\reactive-streams\1.0.3\reactive-streams-1.0.3.jar;C:\Users\sindh\.m2\repository\com\typesafe\netty\netty-reactive-streams\2.0.4\netty-reactive-streams-2.0.4.jar;C:\Users\sindh\.m2\repository\com\sun\activation\jakarta.activation\1.2.2\jakarta.activation-1.2.2.jar;C:\Users\sindh\.m2\repository\org\seleniumhq\selenium\selenium-http\4.6.0\selenium-http-4.6.0.jar;C:\Users\sindh\.m2\repository\dev\failsafe\failsafe\3.3.0\failsafe-3.3.0.jar;C:\Users\sindh\.m2\repository\org\seleniumhq\selenium\selenium-manager\4.6.0\selenium-manager-4.6.0.jar;C:\Users\sindh\.m2\repository\org\seleniumhq\selenium\selenium-support\4.6.0\selenium-support-4.6.0.jar;C:\Users\sindh\.m2\repository\net\bytebuddy\byte-buddy\1.12.18\byte-buddy-1.12.18.jar;C:\Users\sindh\.m2\repository\io\github\bonigarcia\webdrivermanager\5.5.3\webdrivermanager-5.5.3.jar;C:\Users\sindh\.m2\repository\com\google\code\gson\gson\2.10.1\gson-2.10.1.jar;C:\Users\sindh\.m2\repository\com\github\docker-java\docker-java\3.3.3\docker-java-3.3.3.jar;C:\Users\sindh\.m2\repository\com\github\docker-java\docker-java-core\3.3.3\docker-java-core-3.3.3.jar;C:\Users\sindh\.m2\repository\com\github\docker-java\docker-java-api\3.3.3\docker-java-api-3.3.3.jar;C:\Users\sindh\.m2\repository\org\apache\commons\commons-compress\1.21\commons-compress-1.21.jar;C:\Users\sindh\.m2\repository\org\bouncycastle\bcpkix-jdk18on\1.75\bcpkix-jdk18on-1.75.jar;C:\Users\sindh\.m2\repository\org\bouncycastle\bcprov-jdk18on\1.75\bcprov-jdk18on-1.75.jar;C:\Users\sindh\.m2\repository\org\bouncycastle\bcutil-jdk18on\1.75\bcutil-jdk18on-1.75.jar;C:\Users\sindh\.m2\repository\org\slf4j\jcl-over-slf4j\1.7.30\jcl-over-slf4j-1.7.30.jar;C:\Users\sindh\.m2\repository\com\github\docker-java\docker-java-transport-httpclient5\3.3.3\docker-java-transport-httpclient5-3.3.3.jar;C:\Users\sindh\.m2\repository\com\github\docker-java\docker-java-transport\3.3.3\docker-java-transport-3.3.3.jar;C:\Users\sindh\.m2\repository\net\java\dev\jna\jna\5.12.1\jna-5.12.1.jar;C:\Users\sindh\.m2\repository\org\brotli\dec\0.1.2\dec-0.1.2.jar;C:\Users\sindh\.m2\repository\org\apache\httpcomponents\client5\httpclient5\5.2.1\httpclient5-5.2.1.jar;C:\Users\sindh\.m2\repository\org\apache\httpcomponents\core5\httpcore5\5.2\httpcore5-5.2.jar;C:\Users\sindh\.m2\repository\org\apache\httpcomponents\core5\httpcore5-h2\5.2\httpcore5-h2-5.2.jar;C:\Users\sindh\.m2\repository\junit\junit\4.13.2\junit-4.13.2.jar;C:\Users\sindh\.m2\repository\org\hamcrest\hamcrest-core\1.3\hamcrest-core-1.3.jar;C:\Users\sindh\.m2\repository\org\junit\platform\junit-platform-suite-api\1.9.3\junit-platform-suite-api-1.9.3.jar;C:\Users\sindh\.m2\repository\org\junit\platform\junit-platform-commons\1.9.3\junit-platform-commons-1.9.3.jar;C:\Users\sindh\.m2\repository\org\junit\vintage\junit-vintage-engine\5.10.0\junit-vintage-engine-5.10.0.jar;C:\Users\sindh\.m2\repository\org\apache\logging\log4j\log4j-api\2.13.0\log4j-api-2.13.0.jar;C:\Users\sindh\.m2\repository\org\apache\logging\log4j\log4j-core\2.13.0\log4j-core-2.13.0.jar;"/>
    <property name="sun.cpu.endian" value="little"/>
    <property name="user.home" value="C:\Users\sindh"/>
    <property name="user.language" value="en"/>
    <property name="java.specification.vendor" value="Oracle Corporation"/>
    <property name="java.version.date" value="2023-04-18"/>
    <property name="java.home" value="C:\Program Files\Java\jdk-11"/>
    <property name="file.separator" value="\"/>
    <property name="basedir" value="C:\Users\sindh\Downloads\sky.uk.bddtests\sky.uk.bddtests"/>
    <property name="java.vm.compressedOopsMode" value="32-bit"/>
    <property name="line.separator" value="&#10;"/>
    <property name="java.specification.name" value="Java Platform API Specification"/>
    <property name="java.vm.specification.vendor" value="Oracle Corporation"/>
    <property name="java.awt.graphicsenv" value="sun.awt.Win32GraphicsEnvironment"/>
    <property name="surefire.real.class.path" value="C:\Users\sindh\AppData\Local\Temp\surefire13734329060302950048\surefirebooter-20231026152713560_3.jar"/>
    <property name="user.script" value=""/>
    <property name="sun.management.compiler" value="HotSpot 64-Bit Tiered Compilers"/>
    <property name="java.runtime.version" value="11.0.19+9-LTS-224"/>
    <property name="user.name" value="sindh"/>
    <property name="path.separator" value=";"/>
    <property name="os.version" value="10.0"/>
    <property name="java.runtime.name" value="Java(TM) SE Runtime Environment"/>
    <property name="file.encoding" value="Cp1252"/>
    <property name="java.vm.name" value="Java HotSpot(TM) 64-Bit Server VM"/>
    <property name="java.vendor.version" value="18.9"/>
    <property name="localRepository" value="C:\Users\sindh\.m2\repository"/>
    <property name="java.vendor.url.bug" value="https://bugreport.java.com/bugreport/"/>
    <property name="java.io.tmpdir" value="C:\Users\sindh\AppData\Local\Temp\"/>
    <property name="idea.version" value="2023.2.3"/>
    <property name="java.version" value="11.0.19"/>
    <property name="user.dir" value="C:\Users\sindh\Downloads\sky.uk.bddtests\sky.uk.bddtests"/>
    <property name="os.arch" value="amd64"/>
    <property name="java.vm.specification.name" value="Java Virtual Machine Specification"/>
    <property name="java.awt.printerjob" value="sun.awt.windows.WPrinterJob"/>
    <property name="sun.os.patch.level" value=""/>
    <property name="java.library.path" value="C:\Program Files\Java\jdk-11\bin;C:\WINDOWS\Sun\Java\bin;C:\WINDOWS\system32;C:\WINDOWS;C:\Program Files\Common Files\Oracle\Java\javapath;C:\Program Files (x86)\Common Files\Oracle\Java\javapath;C:\WINDOWS\system32;C:\WINDOWS;C:\WINDOWS\System32\Wbem;C:\WINDOWS\System32\WindowsPowerShell\v1.0\;C:\WINDOWS\System32\OpenSSH\;C:\Program Files\Git\cmd;C:\Gradle\gradle-8.4\bin;C:\Allure\allure-2.16.1\bin;&quot;C:\Program Files\Java\jdk-11\bin;&quot;;C:\Users\sindh\AppData\Local\Programs\Python\Python311\Scripts\;C:\Users\sindh\AppData\Local\Programs\Python\Python311\;C:\Users\sindh\AppData\Local\Microsoft\WindowsApps;C:\Users\sindh\AppData\Local\GitHubDesktop\bin;;C:\Program Files\JetBrains\IntelliJ IDEA 2023.2.3\bin;;."/>
    <property name="java.vendor" value="Oracle Corporation"/>
    <property name="java.vm.info" value="mixed mode"/>
    <property name="java.vm.version" value="11.0.19+9-LTS-224"/>
    <property name="sun.io.unicode.encoding" value="UnicodeLittle"/>
    <property name="java.class.version" value="55.0"/>
  </properties>
  <testcase name="Verify the browser tab’s title." classname="Sky News website tests" time="29.836">
    <system-out><![CDATA[
Scenario: Verify the browser tabâ€™s title.                                                                                    # src/test/resources/features/skyNews.feature:3
[DEBUG] Using WebDriverManager 5.5.3
[DEBUG] Resolution chrome=118 in cache (valid until 15:31:30 26/10/2023 BST)
[DEBUG] Resolution chrome118=118.0.5993.70 in cache (valid until 22:39:57 26/10/2023 BST)
[INFO] Using chromedriver 118.0.5993.70 (resolved driver for Chrome 118)
[DEBUG] Driver chromedriver 118.0.5993.70 found in cache
[INFO] Exporting webdriver.chrome.driver as C:\Users\sindh\.cache\selenium\chromedriver\win64\118.0.5993.70\chromedriver.exe
[DEBUG] Using SLF4J as the default logging framework
[DEBUG] -Dio.netty.leakDetection.level: simple
[DEBUG] -Dio.netty.leakDetection.targetRecords: 4
[DEBUG] Loaded default ResourceLeakDetector: io.netty.util.ResourceLeakDetector@431e86b1
[DEBUG] -Dio.netty.noUnsafe: false
[DEBUG] Java version: 11
[DEBUG] sun.misc.Unsafe.theUnsafe: available
[DEBUG] sun.misc.Unsafe.copyMemory: available
[DEBUG] sun.misc.Unsafe.storeFence: available
[DEBUG] java.nio.Buffer.address: available
[DEBUG] direct buffer constructor: unavailable: Reflective setAccessible(true) disabled
[DEBUG] java.nio.Bits.unaligned: available, true
[DEBUG] jdk.internal.misc.Unsafe.allocateUninitializedArray(int): unavailable: class io.netty.util.internal.PlatformDependent0$7 cannot access class jdk.internal.misc.Unsafe (in module java.base) because module java.base does not export jdk.internal.misc to unnamed module @6b8d96d9
[DEBUG] java.nio.DirectByteBuffer.<init>(long, int): unavailable
[DEBUG] sun.misc.Unsafe: available
[DEBUG] maxDirectMemory: 2086666240 bytes (maybe)
[DEBUG] -Dio.netty.tmpdir: C:\Users\sindh\AppData\Local\Temp (java.io.tmpdir)
[DEBUG] -Dio.netty.bitMode: 64 (sun.arch.data.model)
[DEBUG] Platform: Windows
[DEBUG] -Dio.netty.maxDirectMemory: -1 bytes
[DEBUG] -Dio.netty.uninitializedArrayAllocationThreshold: -1
[DEBUG] java.nio.ByteBuffer.cleaner(): available
[DEBUG] -Dio.netty.noPreferDirect: false
[DEBUG] org.jctools-core.MpscChunkedArrayQueue: available
[DEBUG] -Dio.netty.threadLocalMap.stringBuilder.initialSize: 1024
[DEBUG] -Dio.netty.threadLocalMap.stringBuilder.maxSize: 4096
[DEBUG] Default protocols (JDK): [TLSv1.3, TLSv1.2] 
[DEBUG] Default cipher suites (JDK): [TLS_ECDHE_ECDSA_WITH_AES_256_GCM_SHA384, TLS_ECDHE_ECDSA_WITH_AES_128_GCM_SHA256, TLS_ECDHE_RSA_WITH_AES_128_GCM_SHA256, TLS_ECDHE_RSA_WITH_AES_256_GCM_SHA384, TLS_ECDHE_RSA_WITH_AES_128_CBC_SHA, TLS_ECDHE_RSA_WITH_AES_256_CBC_SHA, TLS_RSA_WITH_AES_128_GCM_SHA256, TLS_RSA_WITH_AES_128_CBC_SHA, TLS_RSA_WITH_AES_256_CBC_SHA, TLS_AES_128_GCM_SHA256, TLS_AES_256_GCM_SHA384]
[DEBUG] -Dio.netty.eventLoopThreads: 16
[DEBUG] -Dio.netty.noKeySetOptimization: false
[DEBUG] -Dio.netty.selectorAutoRebuildThreshold: 512
[DEBUG] -Dio.netty.allocator.numHeapArenas: 16
[DEBUG] -Dio.netty.allocator.numDirectArenas: 16
[DEBUG] -Dio.netty.allocator.pageSize: 8192
[DEBUG] -Dio.netty.allocator.maxOrder: 9
[DEBUG] -Dio.netty.allocator.chunkSize: 4194304
[DEBUG] -Dio.netty.allocator.smallCacheSize: 256
[DEBUG] -Dio.netty.allocator.normalCacheSize: 64
[DEBUG] -Dio.netty.allocator.maxCachedBufferCapacity: 32768
[DEBUG] -Dio.netty.allocator.cacheTrimInterval: 8192
[DEBUG] -Dio.netty.allocator.cacheTrimIntervalMillis: 0
[DEBUG] -Dio.netty.allocator.useCacheForAllThreads: false
[DEBUG] -Dio.netty.allocator.maxCachedByteBuffersPerChunk: 1023
[DEBUG] -Dio.netty.allocator.type: pooled
[DEBUG] -Dio.netty.threadLocalDirectBufferSize: 0
[DEBUG] -Dio.netty.maxThreadLocalCharBufferSize: 16384
[DEBUG] -Dio.netty.processId: 16616 (auto-detected)
[DEBUG] -Djava.net.preferIPv4Stack: false
[DEBUG] -Djava.net.preferIPv6Addresses: false
[DEBUG] Loopback interface: lo (Software Loopback Interface 1, 127.0.0.1)
[DEBUG] Failed to get SOMAXCONN from sysctl and file \proc\sys\net\core\somaxconn. Default: 200
[DEBUG] -Dio.netty.machineId: c4:23:60:ff:fe:d9:b4:26 (auto-detected)
[DEBUG] -Dio.netty.buffer.checkAccessible: true
[DEBUG] -Dio.netty.buffer.checkBounds: true
[DEBUG] Loaded default ResourceLeakDetector: io.netty.util.ResourceLeakDetector@249948ac
[DEBUG] Using new Channel '[id: 0xd065d6d5, L:/127.0.0.1:64096 - R:localhost/127.0.0.1:25939]' for 'POST' to '/session'
[DEBUG] -Dio.netty.recycler.maxCapacityPerThread: 4096
[DEBUG] -Dio.netty.recycler.ratio: 8
[DEBUG] -Dio.netty.recycler.chunkSize: 32
[DEBUG] -Dio.netty.recycler.blocking: false
[DEBUG] brotli4j not in the classpath; Brotli support will be unavailable.
[DEBUG] 

Request DefaultHttpRequest(decodeResult: success, version: HTTP/1.1)
POST /session HTTP/1.1
User-Agent: selenium/4.6.0 (java windows)
Content-Length: 1721
Content-Type: application/json; charset=utf-8
host: localhost:25939
accept: */*

Response DefaultHttpResponse(decodeResult: success, version: HTTP/1.1)
HTTP/1.1 200 OK
Content-Type: application/json; charset=utf-8
cache-control: no-cache
content-length: 870

[DEBUG] Adding key: http://localhost:25939 for channel [id: 0xd065d6d5, L:/127.0.0.1:64096 - R:localhost/127.0.0.1:25939]
[DEBUG] Entry count for : http://localhost:25939 : 1
[DEBUG] Using new Channel '[id: 0x620c7756, L:/127.0.0.1:64106 - R:localhost/127.0.0.1:64097]' for 'GET' to '/json/version'
[DEBUG] 

Request DefaultFullHttpRequest(decodeResult: success, version: HTTP/1.1, content: EmptyByteBufBE)
GET /json/version HTTP/1.1
User-Agent: selenium/4.6.0 (java windows)
host: localhost:64097
accept: */*

Response DefaultHttpResponse(decodeResult: success, version: HTTP/1.1)
HTTP/1.1 200 OK
Content-Security-Policy: frame-ancestors 'none'
Content-Type: application/json; charset=UTF-8
content-length: 423

[DEBUG] Adding key: http://localhost:64097 for channel [id: 0x620c7756, L:/127.0.0.1:64106 - R:localhost/127.0.0.1:64097]
[DEBUG] -Dio.netty.initialSeedUniquifier: 0xdbfa44a9439103c5
[DEBUG] Using new Channel '[id: 0xbae8b12b, L:/127.0.0.1:64107 - R:localhost/127.0.0.1:64097]' for 'GET' to '/devtools/browser/74bfca86-715c-49ad-ba46-95f4d2e0580f'
[DEBUG] 

Request DefaultFullHttpRequest(decodeResult: success, version: HTTP/1.1, content: EmptyByteBufBE)
GET /devtools/browser/74bfca86-715c-49ad-ba46-95f4d2e0580f HTTP/1.1
upgrade: websocket
connection: upgrade
sec-websocket-key: 82Neo12P0aPcl+uXadNeFg==
sec-websocket-version: 13
origin: http://localhost:64097
host: localhost:64097
accept: */*
user-agent: AHC/2.1

Response DefaultHttpResponse(decodeResult: success, version: HTTP/1.1)
HTTP/1.1 101 WebSocket Protocol Handshake
Upgrade: WebSocket
Connection: Upgrade
Sec-WebSocket-Accept: Cpze1STnFBBn2vXqWBuARovWDYw=

[DEBUG] Using pooled Channel '[id: 0xd065d6d5, L:/127.0.0.1:64096 - R:localhost/127.0.0.1:25939]' for 'POST' to 'http://localhost:25939/session/fcb5a2be405f8e243df2329836877c55/window/maximize'
[DEBUG] Using open Channel [id: 0xd065d6d5, L:/127.0.0.1:64096 - R:localhost/127.0.0.1:25939] for POST '/session/fcb5a2be405f8e243df2329836877c55/window/maximize'
[DEBUG] 

Request DefaultHttpRequest(decodeResult: success, version: HTTP/1.1)
POST /session/fcb5a2be405f8e243df2329836877c55/window/maximize HTTP/1.1
User-Agent: selenium/4.6.0 (java windows)
Content-Length: 3
Content-Type: application/json; charset=utf-8
host: localhost:25939
accept: */*

Response DefaultHttpResponse(decodeResult: success, version: HTTP/1.1)
HTTP/1.1 200 OK
Content-Type: application/json; charset=utf-8
cache-control: no-cache
content-length: 51

[DEBUG] Adding key: http://localhost:25939 for channel [id: 0xd065d6d5, L:/127.0.0.1:64096 - R:localhost/127.0.0.1:25939]
Browser Launched
[DEBUG] Entry count for : http://localhost:64097 : 1
[DEBUG] Entry count for : http://localhost:25939 : 1
[DEBUG] Entry count for : http://localhost:64097 : 1
[DEBUG] Entry count for : http://localhost:25939 : 1
[DEBUG] Using pooled Channel '[id: 0xd065d6d5, L:/127.0.0.1:64096 - R:localhost/127.0.0.1:25939]' for 'POST' to 'http://localhost:25939/session/fcb5a2be405f8e243df2329836877c55/url'
[DEBUG] Using open Channel [id: 0xd065d6d5, L:/127.0.0.1:64096 - R:localhost/127.0.0.1:25939] for POST '/session/fcb5a2be405f8e243df2329836877c55/url'
[DEBUG] Entry count for : http://localhost:64097 : 1
[DEBUG] 

Request DefaultHttpRequest(decodeResult: success, version: HTTP/1.1)
POST /session/fcb5a2be405f8e243df2329836877c55/url HTTP/1.1
User-Agent: selenium/4.6.0 (java windows)
Content-Length: 45
Content-Type: application/json; charset=utf-8
host: localhost:25939
accept: */*

Response DefaultHttpResponse(decodeResult: success, version: HTTP/1.1)
HTTP/1.1 200 OK
Content-Type: application/json; charset=utf-8
cache-control: no-cache
content-length: 14

[DEBUG] Adding key: http://localhost:25939 for channel [id: 0xd065d6d5, L:/127.0.0.1:64096 - R:localhost/127.0.0.1:25939]
[DEBUG] Using pooled Channel '[id: 0xd065d6d5, L:/127.0.0.1:64096 - R:localhost/127.0.0.1:25939]' for 'POST' to 'http://localhost:25939/session/fcb5a2be405f8e243df2329836877c55/timeouts'
[DEBUG] Using open Channel [id: 0xd065d6d5, L:/127.0.0.1:64096 - R:localhost/127.0.0.1:25939] for POST '/session/fcb5a2be405f8e243df2329836877c55/timeouts'
[DEBUG] 

Request DefaultHttpRequest(decodeResult: success, version: HTTP/1.1)
POST /session/fcb5a2be405f8e243df2329836877c55/timeouts HTTP/1.1
User-Agent: selenium/4.6.0 (java windows)
Content-Length: 23
Content-Type: application/json; charset=utf-8
host: localhost:25939
accept: */*

Response DefaultHttpResponse(decodeResult: success, version: HTTP/1.1)
HTTP/1.1 200 OK
Content-Type: application/json; charset=utf-8
cache-control: no-cache
content-length: 14

[DEBUG] Adding key: http://localhost:25939 for channel [id: 0xd065d6d5, L:/127.0.0.1:64096 - R:localhost/127.0.0.1:25939]
[INFO] SkyNews Displayed.............
[DEBUG] Using pooled Channel '[id: 0xd065d6d5, L:/127.0.0.1:64096 - R:localhost/127.0.0.1:25939]' for 'GET' to 'http://localhost:25939/session/fcb5a2be405f8e243df2329836877c55/screenshot'
[DEBUG] Using open Channel [id: 0xd065d6d5, L:/127.0.0.1:64096 - R:localhost/127.0.0.1:25939] for GET '/session/fcb5a2be405f8e243df2329836877c55/screenshot'
[DEBUG] Entry count for : http://localhost:64097 : 1
[DEBUG] Entry count for : http://localhost:64097 : 1
[DEBUG] Entry count for : http://localhost:64097 : 1
[DEBUG] 

Request DefaultFullHttpRequest(decodeResult: success, version: HTTP/1.1, content: EmptyByteBufBE)
GET /session/fcb5a2be405f8e243df2329836877c55/screenshot HTTP/1.1
User-Agent: selenium/4.6.0 (java windows)
Cache-Control: no-cache
Content-Type: application/json; charset=utf-8
host: localhost:25939
accept: */*

Response DefaultHttpResponse(decodeResult: success, version: HTTP/1.1)
HTTP/1.1 200 OK
Content-Type: application/json; charset=utf-8
cache-control: no-cache
content-length: 1237700

[DEBUG] Adding key: http://localhost:25939 for channel [id: 0xd065d6d5, L:/127.0.0.1:64096 - R:localhost/127.0.0.1:25939]
[DEBUG] Using pooled Channel '[id: 0xd065d6d5, L:/127.0.0.1:64096 - R:localhost/127.0.0.1:25939]' for 'POST' to 'http://localhost:25939/session/fcb5a2be405f8e243df2329836877c55/elements'
[DEBUG] Using open Channel [id: 0xd065d6d5, L:/127.0.0.1:64096 - R:localhost/127.0.0.1:25939] for POST '/session/fcb5a2be405f8e243df2329836877c55/elements'
[DEBUG] Entry count for : http://localhost:64097 : 1
[DEBUG] Entry count for : http://localhost:64097 : 1
[DEBUG] Entry count for : http://localhost:64097 : 1
[DEBUG] Entry count for : http://localhost:64097 : 1
[DEBUG] Entry count for : http://localhost:64097 : 1
[DEBUG] Entry count for : http://localhost:64097 : 1
[DEBUG] Entry count for : http://localhost:64097 : 1
[DEBUG] Entry count for : http://localhost:64097 : 1
[DEBUG] Entry count for : http://localhost:64097 : 1
[DEBUG] 

Request DefaultHttpRequest(decodeResult: success, version: HTTP/1.1)
POST /session/fcb5a2be405f8e243df2329836877c55/elements HTTP/1.1
User-Agent: selenium/4.6.0 (java windows)
Content-Length: 122
Content-Type: application/json; charset=utf-8
host: localhost:25939
accept: */*

Response DefaultHttpResponse(decodeResult: success, version: HTTP/1.1)
HTTP/1.1 200 OK
Content-Type: application/json; charset=utf-8
cache-control: no-cache
content-length: 12

[DEBUG] Adding key: http://localhost:25939 for channel [id: 0xd065d6d5, L:/127.0.0.1:64096 - R:localhost/127.0.0.1:25939]
[DEBUG] Using pooled Channel '[id: 0xd065d6d5, L:/127.0.0.1:64096 - R:localhost/127.0.0.1:25939]' for 'POST' to 'http://localhost:25939/session/fcb5a2be405f8e243df2329836877c55/elements'
[DEBUG] Using open Channel [id: 0xd065d6d5, L:/127.0.0.1:64096 - R:localhost/127.0.0.1:25939] for POST '/session/fcb5a2be405f8e243df2329836877c55/elements'
[DEBUG] 

Request DefaultHttpRequest(decodeResult: success, version: HTTP/1.1)
POST /session/fcb5a2be405f8e243df2329836877c55/elements HTTP/1.1
User-Agent: selenium/4.6.0 (java windows)
Content-Length: 106
Content-Type: application/json; charset=utf-8
host: localhost:25939
accept: */*

Response DefaultHttpResponse(decodeResult: success, version: HTTP/1.1)
HTTP/1.1 200 OK
Content-Type: application/json; charset=utf-8
cache-control: no-cache
content-length: 97

[DEBUG] Adding key: http://localhost:25939 for channel [id: 0xd065d6d5, L:/127.0.0.1:64096 - R:localhost/127.0.0.1:25939]
[DEBUG] Using pooled Channel '[id: 0xd065d6d5, L:/127.0.0.1:64096 - R:localhost/127.0.0.1:25939]' for 'POST' to 'http://localhost:25939/session/fcb5a2be405f8e243df2329836877c55/frame'
[DEBUG] Using open Channel [id: 0xd065d6d5, L:/127.0.0.1:64096 - R:localhost/127.0.0.1:25939] for POST '/session/fcb5a2be405f8e243df2329836877c55/frame'
[DEBUG] 

Request DefaultHttpRequest(decodeResult: success, version: HTTP/1.1)
POST /session/fcb5a2be405f8e243df2329836877c55/frame HTTP/1.1
User-Agent: selenium/4.6.0 (java windows)
Content-Length: 168
Content-Type: application/json; charset=utf-8
host: localhost:25939
accept: */*

Response DefaultHttpResponse(decodeResult: success, version: HTTP/1.1)
HTTP/1.1 200 OK
Content-Type: application/json; charset=utf-8
cache-control: no-cache
content-length: 14

[DEBUG] Adding key: http://localhost:25939 for channel [id: 0xd065d6d5, L:/127.0.0.1:64096 - R:localhost/127.0.0.1:25939]
[DEBUG] Using pooled Channel '[id: 0xd065d6d5, L:/127.0.0.1:64096 - R:localhost/127.0.0.1:25939]' for 'POST' to 'http://localhost:25939/session/fcb5a2be405f8e243df2329836877c55/element'
[DEBUG] Using open Channel [id: 0xd065d6d5, L:/127.0.0.1:64096 - R:localhost/127.0.0.1:25939] for POST '/session/fcb5a2be405f8e243df2329836877c55/element'
[DEBUG] 

Request DefaultHttpRequest(decodeResult: success, version: HTTP/1.1)
POST /session/fcb5a2be405f8e243df2329836877c55/element HTTP/1.1
User-Agent: selenium/4.6.0 (java windows)
Content-Length: 88
Content-Type: application/json; charset=utf-8
host: localhost:25939
accept: */*

Response DefaultHttpResponse(decodeResult: success, version: HTTP/1.1)
HTTP/1.1 200 OK
Content-Type: application/json; charset=utf-8
cache-control: no-cache
content-length: 95

[DEBUG] Adding key: http://localhost:25939 for channel [id: 0xd065d6d5, L:/127.0.0.1:64096 - R:localhost/127.0.0.1:25939]
[DEBUG] Using pooled Channel '[id: 0xd065d6d5, L:/127.0.0.1:64096 - R:localhost/127.0.0.1:25939]' for 'POST' to 'http://localhost:25939/session/fcb5a2be405f8e243df2329836877c55/element/8CCE0553B7A237250593BCA8879FCBC7_element_16/click'
[DEBUG] Using open Channel [id: 0xd065d6d5, L:/127.0.0.1:64096 - R:localhost/127.0.0.1:25939] for POST '/session/fcb5a2be405f8e243df2329836877c55/element/8CCE0553B7A237250593BCA8879FCBC7_element_16/click'
[DEBUG] Entry count for : http://localhost:64097 : 1
[DEBUG] 

Request DefaultHttpRequest(decodeResult: success, version: HTTP/1.1)
POST /session/fcb5a2be405f8e243df2329836877c55/element/8CCE0553B7A237250593BCA8879FCBC7_element_16/click HTTP/1.1
User-Agent: selenium/4.6.0 (java windows)
Content-Length: 57
Content-Type: application/json; charset=utf-8
host: localhost:25939
accept: */*

Response DefaultHttpResponse(decodeResult: success, version: HTTP/1.1)
HTTP/1.1 200 OK
Content-Type: application/json; charset=utf-8
cache-control: no-cache
content-length: 14

[DEBUG] Adding key: http://localhost:25939 for channel [id: 0xd065d6d5, L:/127.0.0.1:64096 - R:localhost/127.0.0.1:25939]
  When I navigate to Sky News Website home page                                                                              # stepdefinitions.Steps.loadHomePage()
[DEBUG] Using pooled Channel '[id: 0xd065d6d5, L:/127.0.0.1:64096 - R:localhost/127.0.0.1:25939]' for 'GET' to 'http://localhost:25939/session/fcb5a2be405f8e243df2329836877c55/title'
[DEBUG] Using open Channel [id: 0xd065d6d5, L:/127.0.0.1:64096 - R:localhost/127.0.0.1:25939] for GET '/session/fcb5a2be405f8e243df2329836877c55/title'
[DEBUG] 

Request DefaultFullHttpRequest(decodeResult: success, version: HTTP/1.1, content: EmptyByteBufBE)
GET /session/fcb5a2be405f8e243df2329836877c55/title HTTP/1.1
User-Agent: selenium/4.6.0 (java windows)
Cache-Control: no-cache
Content-Type: application/json; charset=utf-8
host: localhost:25939
accept: */*

Response DefaultHttpResponse(decodeResult: success, version: HTTP/1.1)
HTTP/1.1 200 OK
Content-Type: application/json; charset=utf-8
cache-control: no-cache
content-length: 71

[DEBUG] Adding key: http://localhost:25939 for channel [id: 0xd065d6d5, L:/127.0.0.1:64096 - R:localhost/127.0.0.1:25939]
[INFO] Title Latest News from the UK and Around the World | Sky News displayed
[DEBUG] Channel Closed: [id: 0xbae8b12b, L:/127.0.0.1:64107 ! R:localhost/127.0.0.1:64097] with attribute NettyResponseFuture{currentRetry=0,
	isDone=1,
	isCancelled=0,
	asyncHandler=org.asynchttpclient.ws.WebSocketUpgradeHandler@2b412048,
	nettyRequest=org.asynchttpclient.netty.request.NettyRequest@770469cb,
	future=java.util.concurrent.CompletableFuture@775b4c8b[Completed normally],
	uri=ws://localhost:64097/devtools/browser/74bfca86-715c-49ad-ba46-95f4d2e0580f,
	keepAlive=true,
	redirectCount=0,
	timeoutsHolder=null,
	inAuth=0,
	touch=1698330448843}
[DEBUG] Closing Channel [id: 0xbae8b12b, L:/127.0.0.1:64107 ! R:localhost/127.0.0.1:64097] 
[DEBUG] Using pooled Channel '[id: 0xd065d6d5, L:/127.0.0.1:64096 - R:localhost/127.0.0.1:25939]' for 'DELETE' to 'http://localhost:25939/session/fcb5a2be405f8e243df2329836877c55'
[DEBUG] Using open Channel [id: 0xd065d6d5, L:/127.0.0.1:64096 - R:localhost/127.0.0.1:25939] for DELETE '/session/fcb5a2be405f8e243df2329836877c55'
[DEBUG] Entry count for : http://localhost:64097 : 1
[DEBUG] Unexpected I/O exception on channel [id: 0x620c7756, L:/127.0.0.1:64106 - R:localhost/127.0.0.1:64097]
java.io.IOException: An existing connection was forcibly closed by the remote host
	at java.base/sun.nio.ch.SocketDispatcher.read0(Native Method) ~[na:na]
	at java.base/sun.nio.ch.SocketDispatcher.read(SocketDispatcher.java:43) ~[na:na]
	at java.base/sun.nio.ch.IOUtil.readIntoNativeBuffer(IOUtil.java:276) ~[na:na]
	at java.base/sun.nio.ch.IOUtil.read(IOUtil.java:233) ~[na:na]
	at java.base/sun.nio.ch.IOUtil.read(IOUtil.java:223) ~[na:na]
	at java.base/sun.nio.ch.SocketChannelImpl.read(SocketChannelImpl.java:358) ~[na:na]
	at io.netty.buffer.PooledByteBuf.setBytes(PooledByteBuf.java:259) ~[netty-buffer-4.1.84.Final.jar:4.1.84.Final]
	at io.netty.buffer.AbstractByteBuf.writeBytes(AbstractByteBuf.java:1132) ~[netty-buffer-4.1.84.Final.jar:4.1.84.Final]
	at io.netty.channel.socket.nio.NioSocketChannel.doReadBytes(NioSocketChannel.java:357) ~[netty-transport-4.1.84.Final.jar:4.1.84.Final]
	at io.netty.channel.nio.AbstractNioByteChannel$NioByteUnsafe.read(AbstractNioByteChannel.java:151) ~[netty-transport-4.1.84.Final.jar:4.1.84.Final]
	at io.netty.channel.nio.NioEventLoop.processSelectedKey(NioEventLoop.java:788) ~[netty-transport-4.1.84.Final.jar:4.1.84.Final]
	at io.netty.channel.nio.NioEventLoop.processSelectedKeysOptimized(NioEventLoop.java:724) ~[netty-transport-4.1.84.Final.jar:4.1.84.Final]
	at io.netty.channel.nio.NioEventLoop.processSelectedKeys(NioEventLoop.java:650) ~[netty-transport-4.1.84.Final.jar:4.1.84.Final]
	at io.netty.channel.nio.NioEventLoop.run(NioEventLoop.java:562) ~[netty-transport-4.1.84.Final.jar:4.1.84.Final]
	at io.netty.util.concurrent.SingleThreadEventExecutor$4.run(SingleThreadEventExecutor.java:997) ~[netty-common-4.1.84.Final.jar:4.1.84.Final]
	at io.netty.util.internal.ThreadExecutorMap$2.run(ThreadExecutorMap.java:74) ~[netty-common-4.1.84.Final.jar:4.1.84.Final]
	at io.netty.util.concurrent.FastThreadLocalRunnable.run(FastThreadLocalRunnable.java:30) ~[netty-common-4.1.84.Final.jar:4.1.84.Final]
	at java.base/java.lang.Thread.run(Thread.java:834) ~[na:na]
[DEBUG] Closing Channel [id: 0x620c7756, L:/127.0.0.1:64106 - R:localhost/127.0.0.1:64097] 
[DEBUG] Channel Closed: [id: 0x620c7756, L:/127.0.0.1:64106 ! R:localhost/127.0.0.1:64097] with attribute DISCARD
[DEBUG] 

Request DefaultFullHttpRequest(decodeResult: success, version: HTTP/1.1, content: EmptyByteBufBE)
DELETE /session/fcb5a2be405f8e243df2329836877c55 HTTP/1.1
User-Agent: selenium/4.6.0 (java windows)
Content-Type: application/json; charset=utf-8
host: localhost:25939
accept: */*

Response DefaultHttpResponse(decodeResult: success, version: HTTP/1.1)
HTTP/1.1 200 OK
Content-Type: application/json; charset=utf-8
cache-control: no-cache
content-length: 14

[DEBUG] Adding key: http://localhost:25939 for channel [id: 0xd065d6d5, L:/127.0.0.1:64096 - R:localhost/127.0.0.1:25939]
[DEBUG] Entry count for : http://localhost:64097 : 1
[DEBUG] Entry count for : http://localhost:25939 : 1
[DEBUG] Adding Candidate expired Channel [id: 0x620c7756, L:/127.0.0.1:64106 ! R:localhost/127.0.0.1:64097] isIdleTimeoutExpired=false isRemotelyClosed=true isTtlExpired=false
[DEBUG] Closing Idle Channel [id: 0x620c7756, L:/127.0.0.1:64106 ! R:localhost/127.0.0.1:64097]
[DEBUG] Closed 1 connections out of 2 in 3 ms
[DEBUG] Channel Closed: [id: 0xd065d6d5, L:/127.0.0.1:64096 ! R:localhost/127.0.0.1:25939] with attribute DISCARD
  Then I should see the descriptive title "Latest News from the UK and Around the World | Sky News" displayed in browser tab # stepdefinitions.Steps.verifyHomePageTitle(java.lang.String)
]]></system-out>
    <system-err><![CDATA[Oct 26, 2023 3:27:23 PM org.openqa.selenium.remote.RemoteWebDriver checkNonW3CCapabilities
WARNING: Support for Legacy Capabilities is deprecated; You are sending the following invalid capabilities: [unexpectedAlertBehaviour]; Please update to W3C Syntax: https://www.selenium.dev/blog/2022/legacy-protocol-support/
Starting ChromeDriver 118.0.5993.70 (e52f33f30b91b4ddfad649acddc39ab570473b86-refs/branch-heads/5993@{#1216}) on port 25939
Only local connections are allowed.
Please see https://chromedriver.chromium.org/security-considerations for suggestions on keeping ChromeDriver safe.
ChromeDriver was started successfully.
Oct 26, 2023 3:27:28 PM org.openqa.selenium.remote.ProtocolHandshake createSession
WARNING: Support for Legacy Capabilities is deprecated; You are sending the following invalid capabilities: [unexpectedAlertBehaviour]; Please update to W3C Syntax: https://www.selenium.dev/blog/2022/legacy-protocol-support/
Oct 26, 2023 3:27:28 PM org.openqa.selenium.devtools.CdpVersionFinder findNearestMatch
WARNING: Unable to find CDP implementation matching 118
Oct 26, 2023 3:27:28 PM org.openqa.selenium.chromium.ChromiumDriver lambda$new$3
WARNING: Unable to find version of CDP to use for . You may need to include a dependency on a specific version of the CDP using something similar to `org.seleniumhq.selenium:selenium-devtools-v86:4.6.0` where the version ("v86") matches the version of the chromium-based browser you're using and the version number of the artifact is the same as Selenium's.
]]></system-err>
  </testcase>
  <testcase name="Verify the number of categories displayed and their names. #1" classname="Sky News website tests" time="32.3">
    <system-out><![CDATA[
Scenario Outline: Verify the number of categories displayed and their names. # src/test/resources/features/skyNews.feature:14
[DEBUG] Using WebDriverManager 5.5.3
[DEBUG] Resolution chrome=118 in cache (valid until 15:31:30 26/10/2023 BST)
[DEBUG] Resolution chrome118=118.0.5993.70 in cache (valid until 22:39:57 26/10/2023 BST)
[INFO] Using chromedriver 118.0.5993.70 (resolved driver for Chrome 118)
[DEBUG] Driver chromedriver 118.0.5993.70 found in cache
[INFO] Exporting webdriver.chrome.driver as C:\Users\sindh\.cache\selenium\chromedriver\win64\118.0.5993.70\chromedriver.exe
[DEBUG] Using new Channel '[id: 0x2e9b35af, L:/127.0.0.1:64152 - R:localhost/127.0.0.1:23024]' for 'POST' to '/session'
[DEBUG] Entry count for : http://localhost:25939 : 1
[DEBUG] Adding Candidate expired Channel [id: 0xd065d6d5, L:/127.0.0.1:64096 ! R:localhost/127.0.0.1:25939] isIdleTimeoutExpired=false isRemotelyClosed=true isTtlExpired=false
[DEBUG] Closing Idle Channel [id: 0xd065d6d5, L:/127.0.0.1:64096 ! R:localhost/127.0.0.1:25939]
[DEBUG] Closed 1 connections out of 1 in 1 ms
[DEBUG] 

Request DefaultHttpRequest(decodeResult: success, version: HTTP/1.1)
POST /session HTTP/1.1
User-Agent: selenium/4.6.0 (java windows)
Content-Length: 1721
Content-Type: application/json; charset=utf-8
host: localhost:23024
accept: */*

Response DefaultHttpResponse(decodeResult: success, version: HTTP/1.1)
HTTP/1.1 200 OK
Content-Type: application/json; charset=utf-8
cache-control: no-cache
content-length: 870

[DEBUG] Adding key: http://localhost:23024 for channel [id: 0x2e9b35af, L:/127.0.0.1:64152 - R:localhost/127.0.0.1:23024]
[DEBUG] Using new Channel '[id: 0xc3866010, L:/127.0.0.1:64161 - R:localhost/127.0.0.1:64153]' for 'GET' to '/json/version'
[DEBUG] 

Request DefaultFullHttpRequest(decodeResult: success, version: HTTP/1.1, content: EmptyByteBufBE)
GET /json/version HTTP/1.1
User-Agent: selenium/4.6.0 (java windows)
host: localhost:64153
accept: */*

Response DefaultHttpResponse(decodeResult: success, version: HTTP/1.1)
HTTP/1.1 200 OK
Content-Security-Policy: frame-ancestors 'none'
Content-Type: application/json; charset=UTF-8
content-length: 423

[DEBUG] Adding key: http://localhost:64153 for channel [id: 0xc3866010, L:/127.0.0.1:64161 - R:localhost/127.0.0.1:64153]
[DEBUG] Using new Channel '[id: 0xff9c47dd, L:/127.0.0.1:64162 - R:localhost/127.0.0.1:64153]' for 'GET' to '/devtools/browser/d5553500-9856-479a-a8fb-4324a3cb7af5'
[DEBUG] 

Request DefaultFullHttpRequest(decodeResult: success, version: HTTP/1.1, content: EmptyByteBufBE)
GET /devtools/browser/d5553500-9856-479a-a8fb-4324a3cb7af5 HTTP/1.1
upgrade: websocket
connection: upgrade
sec-websocket-key: EMw6T7GhYc8S1SfB98mD2w==
sec-websocket-version: 13
origin: http://localhost:64153
host: localhost:64153
accept: */*
user-agent: AHC/2.1

Response DefaultHttpResponse(decodeResult: success, version: HTTP/1.1)
HTTP/1.1 101 WebSocket Protocol Handshake
Upgrade: WebSocket
Connection: Upgrade
Sec-WebSocket-Accept: QEisBBoAPDcZgT20O5+kfb6S/Ns=

[DEBUG] Using pooled Channel '[id: 0x2e9b35af, L:/127.0.0.1:64152 - R:localhost/127.0.0.1:23024]' for 'POST' to 'http://localhost:23024/session/0fa7f3e65c747f86716415108c1c9579/window/maximize'
[DEBUG] Using open Channel [id: 0x2e9b35af, L:/127.0.0.1:64152 - R:localhost/127.0.0.1:23024] for POST '/session/0fa7f3e65c747f86716415108c1c9579/window/maximize'
[DEBUG] Entry count for : http://localhost:64153 : 1
[DEBUG] 

Request DefaultHttpRequest(decodeResult: success, version: HTTP/1.1)
POST /session/0fa7f3e65c747f86716415108c1c9579/window/maximize HTTP/1.1
User-Agent: selenium/4.6.0 (java windows)
Content-Length: 3
Content-Type: application/json; charset=utf-8
host: localhost:23024
accept: */*

Response DefaultHttpResponse(decodeResult: success, version: HTTP/1.1)
HTTP/1.1 200 OK
Content-Type: application/json; charset=utf-8
cache-control: no-cache
content-length: 51

[DEBUG] Adding key: http://localhost:23024 for channel [id: 0x2e9b35af, L:/127.0.0.1:64152 - R:localhost/127.0.0.1:23024]
Browser Launched
[DEBUG] Using pooled Channel '[id: 0x2e9b35af, L:/127.0.0.1:64152 - R:localhost/127.0.0.1:23024]' for 'POST' to 'http://localhost:23024/session/0fa7f3e65c747f86716415108c1c9579/url'
[DEBUG] Using open Channel [id: 0x2e9b35af, L:/127.0.0.1:64152 - R:localhost/127.0.0.1:23024] for POST '/session/0fa7f3e65c747f86716415108c1c9579/url'
[DEBUG] Entry count for : http://localhost:64153 : 1
[DEBUG] Entry count for : http://localhost:64153 : 1
[DEBUG] Entry count for : http://localhost:64153 : 1
[DEBUG] 

Request DefaultHttpRequest(decodeResult: success, version: HTTP/1.1)
POST /session/0fa7f3e65c747f86716415108c1c9579/url HTTP/1.1
User-Agent: selenium/4.6.0 (java windows)
Content-Length: 45
Content-Type: application/json; charset=utf-8
host: localhost:23024
accept: */*

Response DefaultHttpResponse(decodeResult: success, version: HTTP/1.1)
HTTP/1.1 200 OK
Content-Type: application/json; charset=utf-8
cache-control: no-cache
content-length: 14

[DEBUG] Adding key: http://localhost:23024 for channel [id: 0x2e9b35af, L:/127.0.0.1:64152 - R:localhost/127.0.0.1:23024]
[DEBUG] Using pooled Channel '[id: 0x2e9b35af, L:/127.0.0.1:64152 - R:localhost/127.0.0.1:23024]' for 'POST' to 'http://localhost:23024/session/0fa7f3e65c747f86716415108c1c9579/timeouts'
[DEBUG] Using open Channel [id: 0x2e9b35af, L:/127.0.0.1:64152 - R:localhost/127.0.0.1:23024] for POST '/session/0fa7f3e65c747f86716415108c1c9579/timeouts'
[DEBUG] 

Request DefaultHttpRequest(decodeResult: success, version: HTTP/1.1)
POST /session/0fa7f3e65c747f86716415108c1c9579/timeouts HTTP/1.1
User-Agent: selenium/4.6.0 (java windows)
Content-Length: 23
Content-Type: application/json; charset=utf-8
host: localhost:23024
accept: */*

Response DefaultHttpResponse(decodeResult: success, version: HTTP/1.1)
HTTP/1.1 200 OK
Content-Type: application/json; charset=utf-8
cache-control: no-cache
content-length: 14

[DEBUG] Adding key: http://localhost:23024 for channel [id: 0x2e9b35af, L:/127.0.0.1:64152 - R:localhost/127.0.0.1:23024]
[INFO] SkyNews Displayed.............
[DEBUG] Using pooled Channel '[id: 0x2e9b35af, L:/127.0.0.1:64152 - R:localhost/127.0.0.1:23024]' for 'GET' to 'http://localhost:23024/session/0fa7f3e65c747f86716415108c1c9579/screenshot'
[DEBUG] Using open Channel [id: 0x2e9b35af, L:/127.0.0.1:64152 - R:localhost/127.0.0.1:23024] for GET '/session/0fa7f3e65c747f86716415108c1c9579/screenshot'
[DEBUG] Entry count for : http://localhost:64153 : 1
[DEBUG] Entry count for : http://localhost:64153 : 1
[DEBUG] Entry count for : http://localhost:64153 : 1
[DEBUG] 

Request DefaultFullHttpRequest(decodeResult: success, version: HTTP/1.1, content: EmptyByteBufBE)
GET /session/0fa7f3e65c747f86716415108c1c9579/screenshot HTTP/1.1
User-Agent: selenium/4.6.0 (java windows)
Cache-Control: no-cache
Content-Type: application/json; charset=utf-8
host: localhost:23024
accept: */*

Response DefaultHttpResponse(decodeResult: success, version: HTTP/1.1)
HTTP/1.1 200 OK
Content-Type: application/json; charset=utf-8
cache-control: no-cache
content-length: 1232468

[DEBUG] Adding key: http://localhost:23024 for channel [id: 0x2e9b35af, L:/127.0.0.1:64152 - R:localhost/127.0.0.1:23024]
[DEBUG] Using pooled Channel '[id: 0x2e9b35af, L:/127.0.0.1:64152 - R:localhost/127.0.0.1:23024]' for 'POST' to 'http://localhost:23024/session/0fa7f3e65c747f86716415108c1c9579/elements'
[DEBUG] Using open Channel [id: 0x2e9b35af, L:/127.0.0.1:64152 - R:localhost/127.0.0.1:23024] for POST '/session/0fa7f3e65c747f86716415108c1c9579/elements'
[DEBUG] Entry count for : http://localhost:64153 : 1
[DEBUG] Entry count for : http://localhost:64153 : 1
[DEBUG] Entry count for : http://localhost:64153 : 1
[DEBUG] Entry count for : http://localhost:64153 : 1
[DEBUG] Entry count for : http://localhost:64153 : 1
[DEBUG] Entry count for : http://localhost:64153 : 1
[DEBUG] Entry count for : http://localhost:64153 : 1
[DEBUG] Entry count for : http://localhost:64153 : 1
[DEBUG] Entry count for : http://localhost:64153 : 1
[DEBUG] 

Request DefaultHttpRequest(decodeResult: success, version: HTTP/1.1)
POST /session/0fa7f3e65c747f86716415108c1c9579/elements HTTP/1.1
User-Agent: selenium/4.6.0 (java windows)
Content-Length: 122
Content-Type: application/json; charset=utf-8
host: localhost:23024
accept: */*

Response DefaultHttpResponse(decodeResult: success, version: HTTP/1.1)
HTTP/1.1 200 OK
Content-Type: application/json; charset=utf-8
cache-control: no-cache
content-length: 12

[DEBUG] Adding key: http://localhost:23024 for channel [id: 0x2e9b35af, L:/127.0.0.1:64152 - R:localhost/127.0.0.1:23024]
[DEBUG] Using pooled Channel '[id: 0x2e9b35af, L:/127.0.0.1:64152 - R:localhost/127.0.0.1:23024]' for 'POST' to 'http://localhost:23024/session/0fa7f3e65c747f86716415108c1c9579/elements'
[DEBUG] Using open Channel [id: 0x2e9b35af, L:/127.0.0.1:64152 - R:localhost/127.0.0.1:23024] for POST '/session/0fa7f3e65c747f86716415108c1c9579/elements'
[DEBUG] 

Request DefaultHttpRequest(decodeResult: success, version: HTTP/1.1)
POST /session/0fa7f3e65c747f86716415108c1c9579/elements HTTP/1.1
User-Agent: selenium/4.6.0 (java windows)
Content-Length: 106
Content-Type: application/json; charset=utf-8
host: localhost:23024
accept: */*

Response DefaultHttpResponse(decodeResult: success, version: HTTP/1.1)
HTTP/1.1 200 OK
Content-Type: application/json; charset=utf-8
cache-control: no-cache
content-length: 97

[DEBUG] Adding key: http://localhost:23024 for channel [id: 0x2e9b35af, L:/127.0.0.1:64152 - R:localhost/127.0.0.1:23024]
[DEBUG] Using pooled Channel '[id: 0x2e9b35af, L:/127.0.0.1:64152 - R:localhost/127.0.0.1:23024]' for 'POST' to 'http://localhost:23024/session/0fa7f3e65c747f86716415108c1c9579/frame'
[DEBUG] Using open Channel [id: 0x2e9b35af, L:/127.0.0.1:64152 - R:localhost/127.0.0.1:23024] for POST '/session/0fa7f3e65c747f86716415108c1c9579/frame'
[DEBUG] Entry count for : http://localhost:64153 : 1
[DEBUG] 

Request DefaultHttpRequest(decodeResult: success, version: HTTP/1.1)
POST /session/0fa7f3e65c747f86716415108c1c9579/frame HTTP/1.1
User-Agent: selenium/4.6.0 (java windows)
Content-Length: 168
Content-Type: application/json; charset=utf-8
host: localhost:23024
accept: */*

Response DefaultHttpResponse(decodeResult: success, version: HTTP/1.1)
HTTP/1.1 200 OK
Content-Type: application/json; charset=utf-8
cache-control: no-cache
content-length: 14

[DEBUG] Adding key: http://localhost:23024 for channel [id: 0x2e9b35af, L:/127.0.0.1:64152 - R:localhost/127.0.0.1:23024]
[DEBUG] Using pooled Channel '[id: 0x2e9b35af, L:/127.0.0.1:64152 - R:localhost/127.0.0.1:23024]' for 'POST' to 'http://localhost:23024/session/0fa7f3e65c747f86716415108c1c9579/element'
[DEBUG] Using open Channel [id: 0x2e9b35af, L:/127.0.0.1:64152 - R:localhost/127.0.0.1:23024] for POST '/session/0fa7f3e65c747f86716415108c1c9579/element'
[DEBUG] 

Request DefaultHttpRequest(decodeResult: success, version: HTTP/1.1)
POST /session/0fa7f3e65c747f86716415108c1c9579/element HTTP/1.1
User-Agent: selenium/4.6.0 (java windows)
Content-Length: 88
Content-Type: application/json; charset=utf-8
host: localhost:23024
accept: */*

Response DefaultHttpResponse(decodeResult: success, version: HTTP/1.1)
HTTP/1.1 200 OK
Content-Type: application/json; charset=utf-8
cache-control: no-cache
content-length: 94

[DEBUG] Adding key: http://localhost:23024 for channel [id: 0x2e9b35af, L:/127.0.0.1:64152 - R:localhost/127.0.0.1:23024]
[DEBUG] Using pooled Channel '[id: 0x2e9b35af, L:/127.0.0.1:64152 - R:localhost/127.0.0.1:23024]' for 'POST' to 'http://localhost:23024/session/0fa7f3e65c747f86716415108c1c9579/element/9B26AC40BE229E4EB80F975D2DA7423E_element_2/click'
[DEBUG] Using open Channel [id: 0x2e9b35af, L:/127.0.0.1:64152 - R:localhost/127.0.0.1:23024] for POST '/session/0fa7f3e65c747f86716415108c1c9579/element/9B26AC40BE229E4EB80F975D2DA7423E_element_2/click'
[DEBUG] 

Request DefaultHttpRequest(decodeResult: success, version: HTTP/1.1)
POST /session/0fa7f3e65c747f86716415108c1c9579/element/9B26AC40BE229E4EB80F975D2DA7423E_element_2/click HTTP/1.1
User-Agent: selenium/4.6.0 (java windows)
Content-Length: 56
Content-Type: application/json; charset=utf-8
host: localhost:23024
accept: */*

Response DefaultHttpResponse(decodeResult: success, version: HTTP/1.1)
HTTP/1.1 200 OK
Content-Type: application/json; charset=utf-8
cache-control: no-cache
content-length: 14

[DEBUG] Adding key: http://localhost:23024 for channel [id: 0x2e9b35af, L:/127.0.0.1:64152 - R:localhost/127.0.0.1:23024]
[DEBUG] Entry count for : http://localhost:64153 : 1
[DEBUG] Entry count for : http://localhost:23024 : 1
  Given I navigate to Sky News Website home page                             # stepdefinitions.Steps.loadHomePage()
[DEBUG] Using pooled Channel '[id: 0x2e9b35af, L:/127.0.0.1:64152 - R:localhost/127.0.0.1:23024]' for 'POST' to 'http://localhost:23024/session/0fa7f3e65c747f86716415108c1c9579/element'
[DEBUG] Using open Channel [id: 0x2e9b35af, L:/127.0.0.1:64152 - R:localhost/127.0.0.1:23024] for POST '/session/0fa7f3e65c747f86716415108c1c9579/element'
[DEBUG] Entry count for : http://localhost:64153 : 1
[DEBUG] Entry count for : http://localhost:64153 : 1
[DEBUG] 

Request DefaultHttpRequest(decodeResult: success, version: HTTP/1.1)
POST /session/0fa7f3e65c747f86716415108c1c9579/element HTTP/1.1
User-Agent: selenium/4.6.0 (java windows)
Content-Length: 123
Content-Type: application/json; charset=utf-8
host: localhost:23024
accept: */*

Response DefaultHttpResponse(decodeResult: success, version: HTTP/1.1)
HTTP/1.1 200 OK
Content-Type: application/json; charset=utf-8
cache-control: no-cache
content-length: 95

[DEBUG] Adding key: http://localhost:23024 for channel [id: 0x2e9b35af, L:/127.0.0.1:64152 - R:localhost/127.0.0.1:23024]
[DEBUG] Using pooled Channel '[id: 0x2e9b35af, L:/127.0.0.1:64152 - R:localhost/127.0.0.1:23024]' for 'POST' to 'http://localhost:23024/session/0fa7f3e65c747f86716415108c1c9579/element/F12B505405DAC97CDC7E7D2A69F95C54_element_40/click'
[DEBUG] Using open Channel [id: 0x2e9b35af, L:/127.0.0.1:64152 - R:localhost/127.0.0.1:23024] for POST '/session/0fa7f3e65c747f86716415108c1c9579/element/F12B505405DAC97CDC7E7D2A69F95C54_element_40/click'
[DEBUG] Entry count for : http://localhost:64153 : 1
[DEBUG] 

Request DefaultHttpRequest(decodeResult: success, version: HTTP/1.1)
POST /session/0fa7f3e65c747f86716415108c1c9579/element/F12B505405DAC97CDC7E7D2A69F95C54_element_40/click HTTP/1.1
User-Agent: selenium/4.6.0 (java windows)
Content-Length: 57
Content-Type: application/json; charset=utf-8
host: localhost:23024
accept: */*

Response DefaultHttpResponse(decodeResult: success, version: HTTP/1.1)
HTTP/1.1 200 OK
Content-Type: application/json; charset=utf-8
cache-control: no-cache
content-length: 14

[DEBUG] Adding key: http://localhost:23024 for channel [id: 0x2e9b35af, L:/127.0.0.1:64152 - R:localhost/127.0.0.1:23024]
  When I click the "UK" tab                                                  # stepdefinitions.Steps.selectTab(java.lang.String)
[DEBUG] Using pooled Channel '[id: 0x2e9b35af, L:/127.0.0.1:64152 - R:localhost/127.0.0.1:23024]' for 'GET' to 'http://localhost:23024/session/0fa7f3e65c747f86716415108c1c9579/title'
[DEBUG] Using open Channel [id: 0x2e9b35af, L:/127.0.0.1:64152 - R:localhost/127.0.0.1:23024] for GET '/session/0fa7f3e65c747f86716415108c1c9579/title'
[DEBUG] Entry count for : http://localhost:64153 : 1
[DEBUG] 

Request DefaultFullHttpRequest(decodeResult: success, version: HTTP/1.1, content: EmptyByteBufBE)
GET /session/0fa7f3e65c747f86716415108c1c9579/title HTTP/1.1
User-Agent: selenium/4.6.0 (java windows)
Cache-Control: no-cache
Content-Type: application/json; charset=utf-8
host: localhost:23024
accept: */*

Response DefaultHttpResponse(decodeResult: success, version: HTTP/1.1)
HTTP/1.1 200 OK
Content-Type: application/json; charset=utf-8
cache-control: no-cache
content-length: 65

[DEBUG] Adding key: http://localhost:23024 for channel [id: 0x2e9b35af, L:/127.0.0.1:64152 - R:localhost/127.0.0.1:23024]
[DEBUG] Using pooled Channel '[id: 0x2e9b35af, L:/127.0.0.1:64152 - R:localhost/127.0.0.1:23024]' for 'GET' to 'http://localhost:23024/session/0fa7f3e65c747f86716415108c1c9579/screenshot'
[DEBUG] Using open Channel [id: 0x2e9b35af, L:/127.0.0.1:64152 - R:localhost/127.0.0.1:23024] for GET '/session/0fa7f3e65c747f86716415108c1c9579/screenshot'
[DEBUG] Entry count for : http://localhost:64153 : 1
[DEBUG] Entry count for : http://localhost:64153 : 1
[DEBUG] Entry count for : http://localhost:64153 : 1
[DEBUG] 

Request DefaultFullHttpRequest(decodeResult: success, version: HTTP/1.1, content: EmptyByteBufBE)
GET /session/0fa7f3e65c747f86716415108c1c9579/screenshot HTTP/1.1
User-Agent: selenium/4.6.0 (java windows)
Cache-Control: no-cache
Content-Type: application/json; charset=utf-8
host: localhost:23024
accept: */*

Response DefaultHttpResponse(decodeResult: success, version: HTTP/1.1)
HTTP/1.1 200 OK
Content-Type: application/json; charset=utf-8
cache-control: no-cache
content-length: 1130220

[DEBUG] Adding key: http://localhost:23024 for channel [id: 0x2e9b35af, L:/127.0.0.1:64152 - R:localhost/127.0.0.1:23024]
[INFO] ***********Tab Title displayed*************
[DEBUG] Channel Closed: [id: 0xff9c47dd, L:/127.0.0.1:64162 ! R:localhost/127.0.0.1:64153] with attribute NettyResponseFuture{currentRetry=0,
	isDone=1,
	isCancelled=0,
	asyncHandler=org.asynchttpclient.ws.WebSocketUpgradeHandler@66b9940,
	nettyRequest=org.asynchttpclient.netty.request.NettyRequest@436907e9,
	future=java.util.concurrent.CompletableFuture@50f86fc6[Completed normally],
	uri=ws://localhost:64153/devtools/browser/d5553500-9856-479a-a8fb-4324a3cb7af5,
	keepAlive=true,
	redirectCount=0,
	timeoutsHolder=null,
	inAuth=0,
	touch=1698330472746}
[DEBUG] Closing Channel [id: 0xff9c47dd, L:/127.0.0.1:64162 ! R:localhost/127.0.0.1:64153] 
[DEBUG] Using pooled Channel '[id: 0x2e9b35af, L:/127.0.0.1:64152 - R:localhost/127.0.0.1:23024]' for 'DELETE' to 'http://localhost:23024/session/0fa7f3e65c747f86716415108c1c9579'
[DEBUG] Using open Channel [id: 0x2e9b35af, L:/127.0.0.1:64152 - R:localhost/127.0.0.1:23024] for DELETE '/session/0fa7f3e65c747f86716415108c1c9579'
[DEBUG] Unexpected I/O exception on channel [id: 0xc3866010, L:/127.0.0.1:64161 - R:localhost/127.0.0.1:64153]
java.io.IOException: An existing connection was forcibly closed by the remote host
	at java.base/sun.nio.ch.SocketDispatcher.read0(Native Method) ~[na:na]
	at java.base/sun.nio.ch.SocketDispatcher.read(SocketDispatcher.java:43) ~[na:na]
	at java.base/sun.nio.ch.IOUtil.readIntoNativeBuffer(IOUtil.java:276) ~[na:na]
	at java.base/sun.nio.ch.IOUtil.read(IOUtil.java:233) ~[na:na]
	at java.base/sun.nio.ch.IOUtil.read(IOUtil.java:223) ~[na:na]
	at java.base/sun.nio.ch.SocketChannelImpl.read(SocketChannelImpl.java:358) ~[na:na]
	at io.netty.buffer.PooledByteBuf.setBytes(PooledByteBuf.java:259) ~[netty-buffer-4.1.84.Final.jar:4.1.84.Final]
	at io.netty.buffer.AbstractByteBuf.writeBytes(AbstractByteBuf.java:1132) ~[netty-buffer-4.1.84.Final.jar:4.1.84.Final]
	at io.netty.channel.socket.nio.NioSocketChannel.doReadBytes(NioSocketChannel.java:357) ~[netty-transport-4.1.84.Final.jar:4.1.84.Final]
	at io.netty.channel.nio.AbstractNioByteChannel$NioByteUnsafe.read(AbstractNioByteChannel.java:151) ~[netty-transport-4.1.84.Final.jar:4.1.84.Final]
	at io.netty.channel.nio.NioEventLoop.processSelectedKey(NioEventLoop.java:788) ~[netty-transport-4.1.84.Final.jar:4.1.84.Final]
	at io.netty.channel.nio.NioEventLoop.processSelectedKeysOptimized(NioEventLoop.java:724) ~[netty-transport-4.1.84.Final.jar:4.1.84.Final]
	at io.netty.channel.nio.NioEventLoop.processSelectedKeys(NioEventLoop.java:650) ~[netty-transport-4.1.84.Final.jar:4.1.84.Final]
	at io.netty.channel.nio.NioEventLoop.run(NioEventLoop.java:562) ~[netty-transport-4.1.84.Final.jar:4.1.84.Final]
	at io.netty.util.concurrent.SingleThreadEventExecutor$4.run(SingleThreadEventExecutor.java:997) ~[netty-common-4.1.84.Final.jar:4.1.84.Final]
	at io.netty.util.internal.ThreadExecutorMap$2.run(ThreadExecutorMap.java:74) ~[netty-common-4.1.84.Final.jar:4.1.84.Final]
	at io.netty.util.concurrent.FastThreadLocalRunnable.run(FastThreadLocalRunnable.java:30) ~[netty-common-4.1.84.Final.jar:4.1.84.Final]
	at java.base/java.lang.Thread.run(Thread.java:834) ~[na:na]
[DEBUG] Closing Channel [id: 0xc3866010, L:/127.0.0.1:64161 - R:localhost/127.0.0.1:64153] 
[DEBUG] Channel Closed: [id: 0xc3866010, L:/127.0.0.1:64161 ! R:localhost/127.0.0.1:64153] with attribute DISCARD
[DEBUG] Entry count for : http://localhost:64153 : 1
[DEBUG] Adding Candidate expired Channel [id: 0xc3866010, L:/127.0.0.1:64161 ! R:localhost/127.0.0.1:64153] isIdleTimeoutExpired=false isRemotelyClosed=true isTtlExpired=false
[DEBUG] Closing Idle Channel [id: 0xc3866010, L:/127.0.0.1:64161 ! R:localhost/127.0.0.1:64153]
[DEBUG] Closed 1 connections out of 1 in 1 ms
[DEBUG] 

Request DefaultFullHttpRequest(decodeResult: success, version: HTTP/1.1, content: EmptyByteBufBE)
DELETE /session/0fa7f3e65c747f86716415108c1c9579 HTTP/1.1
User-Agent: selenium/4.6.0 (java windows)
Content-Type: application/json; charset=utf-8
host: localhost:23024
accept: */*

Response DefaultHttpResponse(decodeResult: success, version: HTTP/1.1)
HTTP/1.1 200 OK
Content-Type: application/json; charset=utf-8
cache-control: no-cache
content-length: 14

[DEBUG] Adding key: http://localhost:23024 for channel [id: 0x2e9b35af, L:/127.0.0.1:64152 - R:localhost/127.0.0.1:23024]
[DEBUG] Channel Closed: [id: 0x2e9b35af, L:/127.0.0.1:64152 ! R:localhost/127.0.0.1:23024] with attribute DISCARD
  Then I should see the appropriate title "UK News" displayed                # stepdefinitions.Steps.verifyPageTitle(java.lang.String)
]]></system-out>
    <system-err><![CDATA[Oct 26, 2023 3:27:48 PM org.openqa.selenium.remote.RemoteWebDriver checkNonW3CCapabilities
WARNING: Support for Legacy Capabilities is deprecated; You are sending the following invalid capabilities: [unexpectedAlertBehaviour]; Please update to W3C Syntax: https://www.selenium.dev/blog/2022/legacy-protocol-support/
Starting ChromeDriver 118.0.5993.70 (e52f33f30b91b4ddfad649acddc39ab570473b86-refs/branch-heads/5993@{#1216}) on port 23024
Only local connections are allowed.
Please see https://chromedriver.chromium.org/security-considerations for suggestions on keeping ChromeDriver safe.
ChromeDriver was started successfully.
Oct 26, 2023 3:27:52 PM org.openqa.selenium.remote.ProtocolHandshake createSession
WARNING: Support for Legacy Capabilities is deprecated; You are sending the following invalid capabilities: [unexpectedAlertBehaviour]; Please update to W3C Syntax: https://www.selenium.dev/blog/2022/legacy-protocol-support/
Oct 26, 2023 3:27:52 PM org.openqa.selenium.devtools.CdpVersionFinder findNearestMatch
WARNING: Unable to find CDP implementation matching 118
Oct 26, 2023 3:27:52 PM org.openqa.selenium.chromium.ChromiumDriver lambda$new$3
WARNING: Unable to find version of CDP to use for . You may need to include a dependency on a specific version of the CDP using something similar to `org.seleniumhq.selenium:selenium-devtools-v86:4.6.0` where the version ("v86") matches the version of the chromium-based browser you're using and the version number of the artifact is the same as Selenium's.
]]></system-err>
  </testcase>
  <testcase name="Verify the number of categories displayed and their names. #2" classname="Sky News website tests" time="30.862">
    <system-out><![CDATA[
Scenario Outline: Verify the number of categories displayed and their names. # src/test/resources/features/skyNews.feature:15
[DEBUG] Using WebDriverManager 5.5.3
[DEBUG] Resolution chrome=118 in cache (valid until 15:31:30 26/10/2023 BST)
[DEBUG] Resolution chrome118=118.0.5993.70 in cache (valid until 22:39:57 26/10/2023 BST)
[INFO] Using chromedriver 118.0.5993.70 (resolved driver for Chrome 118)
[DEBUG] Driver chromedriver 118.0.5993.70 found in cache
[INFO] Exporting webdriver.chrome.driver as C:\Users\sindh\.cache\selenium\chromedriver\win64\118.0.5993.70\chromedriver.exe
[DEBUG] Using new Channel '[id: 0x3edac25c, L:/127.0.0.1:64275 - R:localhost/127.0.0.1:17614]' for 'POST' to '/session'
[DEBUG] Entry count for : http://localhost:23024 : 1
[DEBUG] Adding Candidate expired Channel [id: 0x2e9b35af, L:/127.0.0.1:64152 ! R:localhost/127.0.0.1:23024] isIdleTimeoutExpired=false isRemotelyClosed=true isTtlExpired=false
[DEBUG] Closing Idle Channel [id: 0x2e9b35af, L:/127.0.0.1:64152 ! R:localhost/127.0.0.1:23024]
[DEBUG] Closed 1 connections out of 1 in 1 ms
[DEBUG] 

Request DefaultHttpRequest(decodeResult: success, version: HTTP/1.1)
POST /session HTTP/1.1
User-Agent: selenium/4.6.0 (java windows)
Content-Length: 1721
Content-Type: application/json; charset=utf-8
host: localhost:17614
accept: */*

Response DefaultHttpResponse(decodeResult: success, version: HTTP/1.1)
HTTP/1.1 200 OK
Content-Type: application/json; charset=utf-8
cache-control: no-cache
content-length: 870

[DEBUG] Adding key: http://localhost:17614 for channel [id: 0x3edac25c, L:/127.0.0.1:64275 - R:localhost/127.0.0.1:17614]
[DEBUG] Using new Channel '[id: 0xf1d52a30, L:/127.0.0.1:64283 - R:localhost/127.0.0.1:64277]' for 'GET' to '/json/version'
[DEBUG] 

Request DefaultFullHttpRequest(decodeResult: success, version: HTTP/1.1, content: EmptyByteBufBE)
GET /json/version HTTP/1.1
User-Agent: selenium/4.6.0 (java windows)
host: localhost:64277
accept: */*

Response DefaultHttpResponse(decodeResult: success, version: HTTP/1.1)
HTTP/1.1 200 OK
Content-Security-Policy: frame-ancestors 'none'
Content-Type: application/json; charset=UTF-8
content-length: 423

[DEBUG] Adding key: http://localhost:64277 for channel [id: 0xf1d52a30, L:/127.0.0.1:64283 - R:localhost/127.0.0.1:64277]
[DEBUG] Using new Channel '[id: 0xf93ffc3e, L:/127.0.0.1:64284 - R:localhost/127.0.0.1:64277]' for 'GET' to '/devtools/browser/27324531-e741-4412-a6ee-4f32f8553e2d'
[DEBUG] 

Request DefaultFullHttpRequest(decodeResult: success, version: HTTP/1.1, content: EmptyByteBufBE)
GET /devtools/browser/27324531-e741-4412-a6ee-4f32f8553e2d HTTP/1.1
upgrade: websocket
connection: upgrade
sec-websocket-key: vCn1KAXdCQgWa46R3ghYXQ==
sec-websocket-version: 13
origin: http://localhost:64277
host: localhost:64277
accept: */*
user-agent: AHC/2.1

Response DefaultHttpResponse(decodeResult: success, version: HTTP/1.1)
HTTP/1.1 101 WebSocket Protocol Handshake
Upgrade: WebSocket
Connection: Upgrade
Sec-WebSocket-Accept: vQbuYqqwQq/77DIjPwyXCqx4OPk=

[DEBUG] Using pooled Channel '[id: 0x3edac25c, L:/127.0.0.1:64275 - R:localhost/127.0.0.1:17614]' for 'POST' to 'http://localhost:17614/session/48936924c9b0b1025d967151d204bfb8/window/maximize'
[DEBUG] Using open Channel [id: 0x3edac25c, L:/127.0.0.1:64275 - R:localhost/127.0.0.1:17614] for POST '/session/48936924c9b0b1025d967151d204bfb8/window/maximize'
[DEBUG] 

Request DefaultHttpRequest(decodeResult: success, version: HTTP/1.1)
POST /session/48936924c9b0b1025d967151d204bfb8/window/maximize HTTP/1.1
User-Agent: selenium/4.6.0 (java windows)
Content-Length: 3
Content-Type: application/json; charset=utf-8
host: localhost:17614
accept: */*

Response DefaultHttpResponse(decodeResult: success, version: HTTP/1.1)
HTTP/1.1 200 OK
Content-Type: application/json; charset=utf-8
cache-control: no-cache
content-length: 51

[DEBUG] Adding key: http://localhost:17614 for channel [id: 0x3edac25c, L:/127.0.0.1:64275 - R:localhost/127.0.0.1:17614]
Browser Launched
[DEBUG] Using pooled Channel '[id: 0x3edac25c, L:/127.0.0.1:64275 - R:localhost/127.0.0.1:17614]' for 'POST' to 'http://localhost:17614/session/48936924c9b0b1025d967151d204bfb8/url'
[DEBUG] Using open Channel [id: 0x3edac25c, L:/127.0.0.1:64275 - R:localhost/127.0.0.1:17614] for POST '/session/48936924c9b0b1025d967151d204bfb8/url'
[DEBUG] Entry count for : http://localhost:64277 : 1
[DEBUG] Entry count for : http://localhost:64277 : 1
[DEBUG] 

Request DefaultHttpRequest(decodeResult: success, version: HTTP/1.1)
POST /session/48936924c9b0b1025d967151d204bfb8/url HTTP/1.1
User-Agent: selenium/4.6.0 (java windows)
Content-Length: 45
Content-Type: application/json; charset=utf-8
host: localhost:17614
accept: */*

Response DefaultHttpResponse(decodeResult: success, version: HTTP/1.1)
HTTP/1.1 200 OK
Content-Type: application/json; charset=utf-8
cache-control: no-cache
content-length: 14

[DEBUG] Adding key: http://localhost:17614 for channel [id: 0x3edac25c, L:/127.0.0.1:64275 - R:localhost/127.0.0.1:17614]
[DEBUG] Using pooled Channel '[id: 0x3edac25c, L:/127.0.0.1:64275 - R:localhost/127.0.0.1:17614]' for 'POST' to 'http://localhost:17614/session/48936924c9b0b1025d967151d204bfb8/timeouts'
[DEBUG] Using open Channel [id: 0x3edac25c, L:/127.0.0.1:64275 - R:localhost/127.0.0.1:17614] for POST '/session/48936924c9b0b1025d967151d204bfb8/timeouts'
[DEBUG] 

Request DefaultHttpRequest(decodeResult: success, version: HTTP/1.1)
POST /session/48936924c9b0b1025d967151d204bfb8/timeouts HTTP/1.1
User-Agent: selenium/4.6.0 (java windows)
Content-Length: 23
Content-Type: application/json; charset=utf-8
host: localhost:17614
accept: */*

Response DefaultHttpResponse(decodeResult: success, version: HTTP/1.1)
HTTP/1.1 200 OK
Content-Type: application/json; charset=utf-8
cache-control: no-cache
content-length: 14

[DEBUG] Adding key: http://localhost:17614 for channel [id: 0x3edac25c, L:/127.0.0.1:64275 - R:localhost/127.0.0.1:17614]
[INFO] SkyNews Displayed.............
[DEBUG] Using pooled Channel '[id: 0x3edac25c, L:/127.0.0.1:64275 - R:localhost/127.0.0.1:17614]' for 'GET' to 'http://localhost:17614/session/48936924c9b0b1025d967151d204bfb8/screenshot'
[DEBUG] Using open Channel [id: 0x3edac25c, L:/127.0.0.1:64275 - R:localhost/127.0.0.1:17614] for GET '/session/48936924c9b0b1025d967151d204bfb8/screenshot'
[DEBUG] Entry count for : http://localhost:64277 : 1
[DEBUG] Entry count for : http://localhost:64277 : 1
[DEBUG] Entry count for : http://localhost:64277 : 1
[DEBUG] Entry count for : http://localhost:64277 : 1
[DEBUG] 

Request DefaultFullHttpRequest(decodeResult: success, version: HTTP/1.1, content: EmptyByteBufBE)
GET /session/48936924c9b0b1025d967151d204bfb8/screenshot HTTP/1.1
User-Agent: selenium/4.6.0 (java windows)
Cache-Control: no-cache
Content-Type: application/json; charset=utf-8
host: localhost:17614
accept: */*

Response DefaultHttpResponse(decodeResult: success, version: HTTP/1.1)
HTTP/1.1 200 OK
Content-Type: application/json; charset=utf-8
cache-control: no-cache
content-length: 1232468

[DEBUG] Adding key: http://localhost:17614 for channel [id: 0x3edac25c, L:/127.0.0.1:64275 - R:localhost/127.0.0.1:17614]
[DEBUG] Using pooled Channel '[id: 0x3edac25c, L:/127.0.0.1:64275 - R:localhost/127.0.0.1:17614]' for 'POST' to 'http://localhost:17614/session/48936924c9b0b1025d967151d204bfb8/elements'
[DEBUG] Using open Channel [id: 0x3edac25c, L:/127.0.0.1:64275 - R:localhost/127.0.0.1:17614] for POST '/session/48936924c9b0b1025d967151d204bfb8/elements'
[DEBUG] Entry count for : http://localhost:64277 : 1
[DEBUG] Entry count for : http://localhost:64277 : 1
[DEBUG] Entry count for : http://localhost:64277 : 1
[DEBUG] Entry count for : http://localhost:64277 : 1
[DEBUG] Entry count for : http://localhost:64277 : 1
[DEBUG] Entry count for : http://localhost:64277 : 1
[DEBUG] Entry count for : http://localhost:64277 : 1
[DEBUG] Entry count for : http://localhost:64277 : 1
[DEBUG] Entry count for : http://localhost:64277 : 1
[DEBUG] 

Request DefaultHttpRequest(decodeResult: success, version: HTTP/1.1)
POST /session/48936924c9b0b1025d967151d204bfb8/elements HTTP/1.1
User-Agent: selenium/4.6.0 (java windows)
Content-Length: 122
Content-Type: application/json; charset=utf-8
host: localhost:17614
accept: */*

Response DefaultHttpResponse(decodeResult: success, version: HTTP/1.1)
HTTP/1.1 200 OK
Content-Type: application/json; charset=utf-8
cache-control: no-cache
content-length: 12

[DEBUG] Adding key: http://localhost:17614 for channel [id: 0x3edac25c, L:/127.0.0.1:64275 - R:localhost/127.0.0.1:17614]
[DEBUG] Using pooled Channel '[id: 0x3edac25c, L:/127.0.0.1:64275 - R:localhost/127.0.0.1:17614]' for 'POST' to 'http://localhost:17614/session/48936924c9b0b1025d967151d204bfb8/elements'
[DEBUG] Using open Channel [id: 0x3edac25c, L:/127.0.0.1:64275 - R:localhost/127.0.0.1:17614] for POST '/session/48936924c9b0b1025d967151d204bfb8/elements'
[DEBUG] 

Request DefaultHttpRequest(decodeResult: success, version: HTTP/1.1)
POST /session/48936924c9b0b1025d967151d204bfb8/elements HTTP/1.1
User-Agent: selenium/4.6.0 (java windows)
Content-Length: 106
Content-Type: application/json; charset=utf-8
host: localhost:17614
accept: */*

Response DefaultHttpResponse(decodeResult: success, version: HTTP/1.1)
HTTP/1.1 200 OK
Content-Type: application/json; charset=utf-8
cache-control: no-cache
content-length: 97

[DEBUG] Adding key: http://localhost:17614 for channel [id: 0x3edac25c, L:/127.0.0.1:64275 - R:localhost/127.0.0.1:17614]
[DEBUG] Using pooled Channel '[id: 0x3edac25c, L:/127.0.0.1:64275 - R:localhost/127.0.0.1:17614]' for 'POST' to 'http://localhost:17614/session/48936924c9b0b1025d967151d204bfb8/frame'
[DEBUG] Using open Channel [id: 0x3edac25c, L:/127.0.0.1:64275 - R:localhost/127.0.0.1:17614] for POST '/session/48936924c9b0b1025d967151d204bfb8/frame'
[DEBUG] Entry count for : http://localhost:64277 : 1
[DEBUG] 

Request DefaultHttpRequest(decodeResult: success, version: HTTP/1.1)
POST /session/48936924c9b0b1025d967151d204bfb8/frame HTTP/1.1
User-Agent: selenium/4.6.0 (java windows)
Content-Length: 168
Content-Type: application/json; charset=utf-8
host: localhost:17614
accept: */*

Response DefaultHttpResponse(decodeResult: success, version: HTTP/1.1)
HTTP/1.1 200 OK
Content-Type: application/json; charset=utf-8
cache-control: no-cache
content-length: 14

[DEBUG] Adding key: http://localhost:17614 for channel [id: 0x3edac25c, L:/127.0.0.1:64275 - R:localhost/127.0.0.1:17614]
[DEBUG] Using pooled Channel '[id: 0x3edac25c, L:/127.0.0.1:64275 - R:localhost/127.0.0.1:17614]' for 'POST' to 'http://localhost:17614/session/48936924c9b0b1025d967151d204bfb8/element'
[DEBUG] Using open Channel [id: 0x3edac25c, L:/127.0.0.1:64275 - R:localhost/127.0.0.1:17614] for POST '/session/48936924c9b0b1025d967151d204bfb8/element'
[DEBUG] 

Request DefaultHttpRequest(decodeResult: success, version: HTTP/1.1)
POST /session/48936924c9b0b1025d967151d204bfb8/element HTTP/1.1
User-Agent: selenium/4.6.0 (java windows)
Content-Length: 88
Content-Type: application/json; charset=utf-8
host: localhost:17614
accept: */*

Response DefaultHttpResponse(decodeResult: success, version: HTTP/1.1)
HTTP/1.1 200 OK
Content-Type: application/json; charset=utf-8
cache-control: no-cache
content-length: 94

[DEBUG] Adding key: http://localhost:17614 for channel [id: 0x3edac25c, L:/127.0.0.1:64275 - R:localhost/127.0.0.1:17614]
[DEBUG] Using pooled Channel '[id: 0x3edac25c, L:/127.0.0.1:64275 - R:localhost/127.0.0.1:17614]' for 'POST' to 'http://localhost:17614/session/48936924c9b0b1025d967151d204bfb8/element/AE464761D3355C0E62FA58A798D26283_element_9/click'
[DEBUG] Using open Channel [id: 0x3edac25c, L:/127.0.0.1:64275 - R:localhost/127.0.0.1:17614] for POST '/session/48936924c9b0b1025d967151d204bfb8/element/AE464761D3355C0E62FA58A798D26283_element_9/click'
[DEBUG] 

Request DefaultHttpRequest(decodeResult: success, version: HTTP/1.1)
POST /session/48936924c9b0b1025d967151d204bfb8/element/AE464761D3355C0E62FA58A798D26283_element_9/click HTTP/1.1
User-Agent: selenium/4.6.0 (java windows)
Content-Length: 56
Content-Type: application/json; charset=utf-8
host: localhost:17614
accept: */*

Response DefaultHttpResponse(decodeResult: success, version: HTTP/1.1)
HTTP/1.1 200 OK
Content-Type: application/json; charset=utf-8
cache-control: no-cache
content-length: 14

[DEBUG] Adding key: http://localhost:17614 for channel [id: 0x3edac25c, L:/127.0.0.1:64275 - R:localhost/127.0.0.1:17614]
[DEBUG] Entry count for : http://localhost:17614 : 1
[DEBUG] Entry count for : http://localhost:64277 : 1
  Given I navigate to Sky News Website home page                             # stepdefinitions.Steps.loadHomePage()
[DEBUG] Using pooled Channel '[id: 0x3edac25c, L:/127.0.0.1:64275 - R:localhost/127.0.0.1:17614]' for 'POST' to 'http://localhost:17614/session/48936924c9b0b1025d967151d204bfb8/element'
[DEBUG] Using open Channel [id: 0x3edac25c, L:/127.0.0.1:64275 - R:localhost/127.0.0.1:17614] for POST '/session/48936924c9b0b1025d967151d204bfb8/element'
[DEBUG] Entry count for : http://localhost:64277 : 1
[DEBUG] Entry count for : http://localhost:64277 : 1
[DEBUG] 

Request DefaultHttpRequest(decodeResult: success, version: HTTP/1.1)
POST /session/48936924c9b0b1025d967151d204bfb8/element HTTP/1.1
User-Agent: selenium/4.6.0 (java windows)
Content-Length: 123
Content-Type: application/json; charset=utf-8
host: localhost:17614
accept: */*

Response DefaultHttpResponse(decodeResult: success, version: HTTP/1.1)
HTTP/1.1 200 OK
Content-Type: application/json; charset=utf-8
cache-control: no-cache
content-length: 95

[DEBUG] Adding key: http://localhost:17614 for channel [id: 0x3edac25c, L:/127.0.0.1:64275 - R:localhost/127.0.0.1:17614]
[DEBUG] Using pooled Channel '[id: 0x3edac25c, L:/127.0.0.1:64275 - R:localhost/127.0.0.1:17614]' for 'POST' to 'http://localhost:17614/session/48936924c9b0b1025d967151d204bfb8/element/CEF05334C2A4038AA580055009F70E61_element_31/click'
[DEBUG] Using open Channel [id: 0x3edac25c, L:/127.0.0.1:64275 - R:localhost/127.0.0.1:17614] for POST '/session/48936924c9b0b1025d967151d204bfb8/element/CEF05334C2A4038AA580055009F70E61_element_31/click'
[DEBUG] Entry count for : http://localhost:64277 : 1
[DEBUG] 

Request DefaultHttpRequest(decodeResult: success, version: HTTP/1.1)
POST /session/48936924c9b0b1025d967151d204bfb8/element/CEF05334C2A4038AA580055009F70E61_element_31/click HTTP/1.1
User-Agent: selenium/4.6.0 (java windows)
Content-Length: 57
Content-Type: application/json; charset=utf-8
host: localhost:17614
accept: */*

Response DefaultHttpResponse(decodeResult: success, version: HTTP/1.1)
HTTP/1.1 200 OK
Content-Type: application/json; charset=utf-8
cache-control: no-cache
content-length: 14

[DEBUG] Adding key: http://localhost:17614 for channel [id: 0x3edac25c, L:/127.0.0.1:64275 - R:localhost/127.0.0.1:17614]
  When I click the "World" tab                                               # stepdefinitions.Steps.selectTab(java.lang.String)
[DEBUG] Using pooled Channel '[id: 0x3edac25c, L:/127.0.0.1:64275 - R:localhost/127.0.0.1:17614]' for 'GET' to 'http://localhost:17614/session/48936924c9b0b1025d967151d204bfb8/title'
[DEBUG] Using open Channel [id: 0x3edac25c, L:/127.0.0.1:64275 - R:localhost/127.0.0.1:17614] for GET '/session/48936924c9b0b1025d967151d204bfb8/title'
[DEBUG] Entry count for : http://localhost:64277 : 1
[DEBUG] 

Request DefaultFullHttpRequest(decodeResult: success, version: HTTP/1.1, content: EmptyByteBufBE)
GET /session/48936924c9b0b1025d967151d204bfb8/title HTTP/1.1
User-Agent: selenium/4.6.0 (java windows)
Cache-Control: no-cache
Content-Type: application/json; charset=utf-8
host: localhost:17614
accept: */*

Response DefaultHttpResponse(decodeResult: success, version: HTTP/1.1)
HTTP/1.1 200 OK
Content-Type: application/json; charset=utf-8
cache-control: no-cache
content-length: 77

[DEBUG] Adding key: http://localhost:17614 for channel [id: 0x3edac25c, L:/127.0.0.1:64275 - R:localhost/127.0.0.1:17614]
[DEBUG] Using pooled Channel '[id: 0x3edac25c, L:/127.0.0.1:64275 - R:localhost/127.0.0.1:17614]' for 'GET' to 'http://localhost:17614/session/48936924c9b0b1025d967151d204bfb8/screenshot'
[DEBUG] Using open Channel [id: 0x3edac25c, L:/127.0.0.1:64275 - R:localhost/127.0.0.1:17614] for GET '/session/48936924c9b0b1025d967151d204bfb8/screenshot'
[DEBUG] Entry count for : http://localhost:64277 : 1
[DEBUG] Entry count for : http://localhost:64277 : 1
[DEBUG] Entry count for : http://localhost:64277 : 1
[DEBUG] 

Request DefaultFullHttpRequest(decodeResult: success, version: HTTP/1.1, content: EmptyByteBufBE)
GET /session/48936924c9b0b1025d967151d204bfb8/screenshot HTTP/1.1
User-Agent: selenium/4.6.0 (java windows)
Cache-Control: no-cache
Content-Type: application/json; charset=utf-8
host: localhost:17614
accept: */*

Response DefaultHttpResponse(decodeResult: success, version: HTTP/1.1)
HTTP/1.1 200 OK
Content-Type: application/json; charset=utf-8
cache-control: no-cache
content-length: 1022788

[DEBUG] Adding key: http://localhost:17614 for channel [id: 0x3edac25c, L:/127.0.0.1:64275 - R:localhost/127.0.0.1:17614]
[INFO] ***********Tab Title displayed*************
[DEBUG] Channel Closed: [id: 0xf93ffc3e, L:/127.0.0.1:64284 ! R:localhost/127.0.0.1:64277] with attribute NettyResponseFuture{currentRetry=0,
	isDone=1,
	isCancelled=0,
	asyncHandler=org.asynchttpclient.ws.WebSocketUpgradeHandler@3196aa3b,
	nettyRequest=org.asynchttpclient.netty.request.NettyRequest@7494326d,
	future=java.util.concurrent.CompletableFuture@39bdd12d[Completed normally],
	uri=ws://localhost:64277/devtools/browser/27324531-e741-4412-a6ee-4f32f8553e2d,
	keepAlive=true,
	redirectCount=0,
	timeoutsHolder=null,
	inAuth=0,
	touch=1698330504057}
[DEBUG] Closing Channel [id: 0xf93ffc3e, L:/127.0.0.1:64284 ! R:localhost/127.0.0.1:64277] 
[DEBUG] Using pooled Channel '[id: 0x3edac25c, L:/127.0.0.1:64275 - R:localhost/127.0.0.1:17614]' for 'DELETE' to 'http://localhost:17614/session/48936924c9b0b1025d967151d204bfb8'
[DEBUG] Using open Channel [id: 0x3edac25c, L:/127.0.0.1:64275 - R:localhost/127.0.0.1:17614] for DELETE '/session/48936924c9b0b1025d967151d204bfb8'
[DEBUG] Entry count for : http://localhost:64277 : 1
[DEBUG] Unexpected I/O exception on channel [id: 0xf1d52a30, L:/127.0.0.1:64283 - R:localhost/127.0.0.1:64277]
java.io.IOException: An existing connection was forcibly closed by the remote host
	at java.base/sun.nio.ch.SocketDispatcher.read0(Native Method) ~[na:na]
	at java.base/sun.nio.ch.SocketDispatcher.read(SocketDispatcher.java:43) ~[na:na]
	at java.base/sun.nio.ch.IOUtil.readIntoNativeBuffer(IOUtil.java:276) ~[na:na]
	at java.base/sun.nio.ch.IOUtil.read(IOUtil.java:233) ~[na:na]
	at java.base/sun.nio.ch.IOUtil.read(IOUtil.java:223) ~[na:na]
	at java.base/sun.nio.ch.SocketChannelImpl.read(SocketChannelImpl.java:358) ~[na:na]
	at io.netty.buffer.PooledByteBuf.setBytes(PooledByteBuf.java:259) ~[netty-buffer-4.1.84.Final.jar:4.1.84.Final]
	at io.netty.buffer.AbstractByteBuf.writeBytes(AbstractByteBuf.java:1132) ~[netty-buffer-4.1.84.Final.jar:4.1.84.Final]
	at io.netty.channel.socket.nio.NioSocketChannel.doReadBytes(NioSocketChannel.java:357) ~[netty-transport-4.1.84.Final.jar:4.1.84.Final]
	at io.netty.channel.nio.AbstractNioByteChannel$NioByteUnsafe.read(AbstractNioByteChannel.java:151) ~[netty-transport-4.1.84.Final.jar:4.1.84.Final]
	at io.netty.channel.nio.NioEventLoop.processSelectedKey(NioEventLoop.java:788) ~[netty-transport-4.1.84.Final.jar:4.1.84.Final]
	at io.netty.channel.nio.NioEventLoop.processSelectedKeysOptimized(NioEventLoop.java:724) ~[netty-transport-4.1.84.Final.jar:4.1.84.Final]
	at io.netty.channel.nio.NioEventLoop.processSelectedKeys(NioEventLoop.java:650) ~[netty-transport-4.1.84.Final.jar:4.1.84.Final]
	at io.netty.channel.nio.NioEventLoop.run(NioEventLoop.java:562) ~[netty-transport-4.1.84.Final.jar:4.1.84.Final]
	at io.netty.util.concurrent.SingleThreadEventExecutor$4.run(SingleThreadEventExecutor.java:997) ~[netty-common-4.1.84.Final.jar:4.1.84.Final]
	at io.netty.util.internal.ThreadExecutorMap$2.run(ThreadExecutorMap.java:74) ~[netty-common-4.1.84.Final.jar:4.1.84.Final]
	at io.netty.util.concurrent.FastThreadLocalRunnable.run(FastThreadLocalRunnable.java:30) ~[netty-common-4.1.84.Final.jar:4.1.84.Final]
	at java.base/java.lang.Thread.run(Thread.java:834) ~[na:na]
[DEBUG] Closing Channel [id: 0xf1d52a30, L:/127.0.0.1:64283 - R:localhost/127.0.0.1:64277] 
[DEBUG] Channel Closed: [id: 0xf1d52a30, L:/127.0.0.1:64283 ! R:localhost/127.0.0.1:64277] with attribute DISCARD
[DEBUG] 

Request DefaultFullHttpRequest(decodeResult: success, version: HTTP/1.1, content: EmptyByteBufBE)
DELETE /session/48936924c9b0b1025d967151d204bfb8 HTTP/1.1
User-Agent: selenium/4.6.0 (java windows)
Content-Type: application/json; charset=utf-8
host: localhost:17614
accept: */*

Response DefaultHttpResponse(decodeResult: success, version: HTTP/1.1)
HTTP/1.1 200 OK
Content-Type: application/json; charset=utf-8
cache-control: no-cache
content-length: 14

[DEBUG] Adding key: http://localhost:17614 for channel [id: 0x3edac25c, L:/127.0.0.1:64275 - R:localhost/127.0.0.1:17614]
[DEBUG] Channel Closed: [id: 0x3edac25c, L:/127.0.0.1:64275 ! R:localhost/127.0.0.1:17614] with attribute DISCARD
  Then I should see the appropriate title "World News" displayed             # stepdefinitions.Steps.verifyPageTitle(java.lang.String)
]]></system-out>
    <system-err><![CDATA[Oct 26, 2023 3:28:21 PM org.openqa.selenium.remote.RemoteWebDriver checkNonW3CCapabilities
WARNING: Support for Legacy Capabilities is deprecated; You are sending the following invalid capabilities: [unexpectedAlertBehaviour]; Please update to W3C Syntax: https://www.selenium.dev/blog/2022/legacy-protocol-support/
Starting ChromeDriver 118.0.5993.70 (e52f33f30b91b4ddfad649acddc39ab570473b86-refs/branch-heads/5993@{#1216}) on port 17614
Only local connections are allowed.
Please see https://chromedriver.chromium.org/security-considerations for suggestions on keeping ChromeDriver safe.
ChromeDriver was started successfully.
Oct 26, 2023 3:28:23 PM org.openqa.selenium.remote.ProtocolHandshake createSession
WARNING: Support for Legacy Capabilities is deprecated; You are sending the following invalid capabilities: [unexpectedAlertBehaviour]; Please update to W3C Syntax: https://www.selenium.dev/blog/2022/legacy-protocol-support/
Oct 26, 2023 3:28:24 PM org.openqa.selenium.devtools.CdpVersionFinder findNearestMatch
WARNING: Unable to find CDP implementation matching 118
Oct 26, 2023 3:28:24 PM org.openqa.selenium.chromium.ChromiumDriver lambda$new$3
WARNING: Unable to find version of CDP to use for . You may need to include a dependency on a specific version of the CDP using something similar to `org.seleniumhq.selenium:selenium-devtools-v86:4.6.0` where the version ("v86") matches the version of the chromium-based browser you're using and the version number of the artifact is the same as Selenium's.
]]></system-err>
  </testcase>
  <testcase name="Verify the number of categories displayed and their names. #3" classname="Sky News website tests" time="42.976">
    <system-out><![CDATA[
Scenario Outline: Verify the number of categories displayed and their names. # src/test/resources/features/skyNews.feature:16
[DEBUG] Using WebDriverManager 5.5.3
[DEBUG] Resolution chrome=118 in cache (valid until 15:31:30 26/10/2023 BST)
[DEBUG] Resolution chrome118=118.0.5993.70 in cache (valid until 22:39:57 26/10/2023 BST)
[INFO] Using chromedriver 118.0.5993.70 (resolved driver for Chrome 118)
[DEBUG] Driver chromedriver 118.0.5993.70 found in cache
[INFO] Exporting webdriver.chrome.driver as C:\Users\sindh\.cache\selenium\chromedriver\win64\118.0.5993.70\chromedriver.exe
[DEBUG] Using new Channel '[id: 0x8bc4d761, L:/127.0.0.1:64374 - R:localhost/127.0.0.1:22015]' for 'POST' to '/session'
[DEBUG] Entry count for : http://localhost:17614 : 1
[DEBUG] Entry count for : http://localhost:64277 : 1
[DEBUG] Adding Candidate expired Channel [id: 0x3edac25c, L:/127.0.0.1:64275 ! R:localhost/127.0.0.1:17614] isIdleTimeoutExpired=false isRemotelyClosed=true isTtlExpired=false
[DEBUG] Closing Idle Channel [id: 0x3edac25c, L:/127.0.0.1:64275 ! R:localhost/127.0.0.1:17614]
[DEBUG] Adding Candidate expired Channel [id: 0xf1d52a30, L:/127.0.0.1:64283 ! R:localhost/127.0.0.1:64277] isIdleTimeoutExpired=false isRemotelyClosed=true isTtlExpired=false
[DEBUG] Closing Idle Channel [id: 0xf1d52a30, L:/127.0.0.1:64283 ! R:localhost/127.0.0.1:64277]
[DEBUG] Closed 2 connections out of 2 in 1 ms
[DEBUG] 

Request DefaultHttpRequest(decodeResult: success, version: HTTP/1.1)
POST /session HTTP/1.1
User-Agent: selenium/4.6.0 (java windows)
Content-Length: 1721
Content-Type: application/json; charset=utf-8
host: localhost:22015
accept: */*

Response DefaultHttpResponse(decodeResult: success, version: HTTP/1.1)
HTTP/1.1 200 OK
Content-Type: application/json; charset=utf-8
cache-control: no-cache
content-length: 869

[DEBUG] Adding key: http://localhost:22015 for channel [id: 0x8bc4d761, L:/127.0.0.1:64374 - R:localhost/127.0.0.1:22015]
[DEBUG] Using new Channel '[id: 0x5d1e644c, L:/127.0.0.1:64383 - R:localhost/127.0.0.1:64375]' for 'GET' to '/json/version'
[DEBUG] 

Request DefaultFullHttpRequest(decodeResult: success, version: HTTP/1.1, content: EmptyByteBufBE)
GET /json/version HTTP/1.1
User-Agent: selenium/4.6.0 (java windows)
host: localhost:64375
accept: */*

Response DefaultHttpResponse(decodeResult: success, version: HTTP/1.1)
HTTP/1.1 200 OK
Content-Security-Policy: frame-ancestors 'none'
Content-Type: application/json; charset=UTF-8
content-length: 423

[DEBUG] Adding key: http://localhost:64375 for channel [id: 0x5d1e644c, L:/127.0.0.1:64383 - R:localhost/127.0.0.1:64375]
[DEBUG] Using new Channel '[id: 0xf9256774, L:/127.0.0.1:64384 - R:localhost/127.0.0.1:64375]' for 'GET' to '/devtools/browser/daeb93db-224a-4358-9cba-6658da622c76'
[DEBUG] 

Request DefaultFullHttpRequest(decodeResult: success, version: HTTP/1.1, content: EmptyByteBufBE)
GET /devtools/browser/daeb93db-224a-4358-9cba-6658da622c76 HTTP/1.1
upgrade: websocket
connection: upgrade
sec-websocket-key: 5rAapCkKa0TIcDyqNCeGbQ==
sec-websocket-version: 13
origin: http://localhost:64375
host: localhost:64375
accept: */*
user-agent: AHC/2.1

Response DefaultHttpResponse(decodeResult: success, version: HTTP/1.1)
HTTP/1.1 101 WebSocket Protocol Handshake
Upgrade: WebSocket
Connection: Upgrade
Sec-WebSocket-Accept: qka5WgLN8eUvBzDeG+W2QJThXpk=

[DEBUG] Using pooled Channel '[id: 0x8bc4d761, L:/127.0.0.1:64374 - R:localhost/127.0.0.1:22015]' for 'POST' to 'http://localhost:22015/session/e404b8f1d7d802d391845be3206c9a1e/window/maximize'
[DEBUG] Using open Channel [id: 0x8bc4d761, L:/127.0.0.1:64374 - R:localhost/127.0.0.1:22015] for POST '/session/e404b8f1d7d802d391845be3206c9a1e/window/maximize'
[DEBUG] 

Request DefaultHttpRequest(decodeResult: success, version: HTTP/1.1)
POST /session/e404b8f1d7d802d391845be3206c9a1e/window/maximize HTTP/1.1
User-Agent: selenium/4.6.0 (java windows)
Content-Length: 3
Content-Type: application/json; charset=utf-8
host: localhost:22015
accept: */*

Response DefaultHttpResponse(decodeResult: success, version: HTTP/1.1)
HTTP/1.1 200 OK
Content-Type: application/json; charset=utf-8
cache-control: no-cache
content-length: 51

[DEBUG] Adding key: http://localhost:22015 for channel [id: 0x8bc4d761, L:/127.0.0.1:64374 - R:localhost/127.0.0.1:22015]
Browser Launched
[DEBUG] Using pooled Channel '[id: 0x8bc4d761, L:/127.0.0.1:64374 - R:localhost/127.0.0.1:22015]' for 'POST' to 'http://localhost:22015/session/e404b8f1d7d802d391845be3206c9a1e/url'
[DEBUG] Using open Channel [id: 0x8bc4d761, L:/127.0.0.1:64374 - R:localhost/127.0.0.1:22015] for POST '/session/e404b8f1d7d802d391845be3206c9a1e/url'
[DEBUG] Entry count for : http://localhost:64375 : 1
[DEBUG] Entry count for : http://localhost:64375 : 1
[DEBUG] Entry count for : http://localhost:64375 : 1
[DEBUG] 

Request DefaultHttpRequest(decodeResult: success, version: HTTP/1.1)
POST /session/e404b8f1d7d802d391845be3206c9a1e/url HTTP/1.1
User-Agent: selenium/4.6.0 (java windows)
Content-Length: 45
Content-Type: application/json; charset=utf-8
host: localhost:22015
accept: */*

Response DefaultHttpResponse(decodeResult: success, version: HTTP/1.1)
HTTP/1.1 200 OK
Content-Type: application/json; charset=utf-8
cache-control: no-cache
content-length: 14

[DEBUG] Adding key: http://localhost:22015 for channel [id: 0x8bc4d761, L:/127.0.0.1:64374 - R:localhost/127.0.0.1:22015]
[DEBUG] Using pooled Channel '[id: 0x8bc4d761, L:/127.0.0.1:64374 - R:localhost/127.0.0.1:22015]' for 'POST' to 'http://localhost:22015/session/e404b8f1d7d802d391845be3206c9a1e/timeouts'
[DEBUG] Using open Channel [id: 0x8bc4d761, L:/127.0.0.1:64374 - R:localhost/127.0.0.1:22015] for POST '/session/e404b8f1d7d802d391845be3206c9a1e/timeouts'
[DEBUG] 

Request DefaultHttpRequest(decodeResult: success, version: HTTP/1.1)
POST /session/e404b8f1d7d802d391845be3206c9a1e/timeouts HTTP/1.1
User-Agent: selenium/4.6.0 (java windows)
Content-Length: 23
Content-Type: application/json; charset=utf-8
host: localhost:22015
accept: */*

Response DefaultHttpResponse(decodeResult: success, version: HTTP/1.1)
HTTP/1.1 200 OK
Content-Type: application/json; charset=utf-8
cache-control: no-cache
content-length: 14

[DEBUG] Adding key: http://localhost:22015 for channel [id: 0x8bc4d761, L:/127.0.0.1:64374 - R:localhost/127.0.0.1:22015]
[INFO] SkyNews Displayed.............
[DEBUG] Using pooled Channel '[id: 0x8bc4d761, L:/127.0.0.1:64374 - R:localhost/127.0.0.1:22015]' for 'GET' to 'http://localhost:22015/session/e404b8f1d7d802d391845be3206c9a1e/screenshot'
[DEBUG] Using open Channel [id: 0x8bc4d761, L:/127.0.0.1:64374 - R:localhost/127.0.0.1:22015] for GET '/session/e404b8f1d7d802d391845be3206c9a1e/screenshot'
[DEBUG] Entry count for : http://localhost:64375 : 1
[DEBUG] Entry count for : http://localhost:64375 : 1
[DEBUG] Entry count for : http://localhost:64375 : 1
[DEBUG] Entry count for : http://localhost:64375 : 1
[DEBUG] 

Request DefaultFullHttpRequest(decodeResult: success, version: HTTP/1.1, content: EmptyByteBufBE)
GET /session/e404b8f1d7d802d391845be3206c9a1e/screenshot HTTP/1.1
User-Agent: selenium/4.6.0 (java windows)
Cache-Control: no-cache
Content-Type: application/json; charset=utf-8
host: localhost:22015
accept: */*

Response DefaultHttpResponse(decodeResult: success, version: HTTP/1.1)
HTTP/1.1 200 OK
Content-Type: application/json; charset=utf-8
cache-control: no-cache
content-length: 726488

[DEBUG] Adding key: http://localhost:22015 for channel [id: 0x8bc4d761, L:/127.0.0.1:64374 - R:localhost/127.0.0.1:22015]
[DEBUG] Using pooled Channel '[id: 0x8bc4d761, L:/127.0.0.1:64374 - R:localhost/127.0.0.1:22015]' for 'POST' to 'http://localhost:22015/session/e404b8f1d7d802d391845be3206c9a1e/elements'
[DEBUG] Using open Channel [id: 0x8bc4d761, L:/127.0.0.1:64374 - R:localhost/127.0.0.1:22015] for POST '/session/e404b8f1d7d802d391845be3206c9a1e/elements'
[DEBUG] Entry count for : http://localhost:64375 : 1
[DEBUG] Entry count for : http://localhost:64375 : 1
[DEBUG] Entry count for : http://localhost:64375 : 1
[DEBUG] Entry count for : http://localhost:64375 : 1
[DEBUG] Entry count for : http://localhost:64375 : 1
[DEBUG] Entry count for : http://localhost:64375 : 1
[DEBUG] Entry count for : http://localhost:64375 : 1
[DEBUG] Entry count for : http://localhost:64375 : 1
[DEBUG] Entry count for : http://localhost:64375 : 1
[DEBUG] Entry count for : http://localhost:64375 : 1
[DEBUG] 

Request DefaultHttpRequest(decodeResult: success, version: HTTP/1.1)
POST /session/e404b8f1d7d802d391845be3206c9a1e/elements HTTP/1.1
User-Agent: selenium/4.6.0 (java windows)
Content-Length: 122
Content-Type: application/json; charset=utf-8
host: localhost:22015
accept: */*

Response DefaultHttpResponse(decodeResult: success, version: HTTP/1.1)
HTTP/1.1 200 OK
Content-Type: application/json; charset=utf-8
cache-control: no-cache
content-length: 12

[DEBUG] Adding key: http://localhost:22015 for channel [id: 0x8bc4d761, L:/127.0.0.1:64374 - R:localhost/127.0.0.1:22015]
[DEBUG] Using pooled Channel '[id: 0x8bc4d761, L:/127.0.0.1:64374 - R:localhost/127.0.0.1:22015]' for 'POST' to 'http://localhost:22015/session/e404b8f1d7d802d391845be3206c9a1e/elements'
[DEBUG] Using open Channel [id: 0x8bc4d761, L:/127.0.0.1:64374 - R:localhost/127.0.0.1:22015] for POST '/session/e404b8f1d7d802d391845be3206c9a1e/elements'
[DEBUG] 

Request DefaultHttpRequest(decodeResult: success, version: HTTP/1.1)
POST /session/e404b8f1d7d802d391845be3206c9a1e/elements HTTP/1.1
User-Agent: selenium/4.6.0 (java windows)
Content-Length: 106
Content-Type: application/json; charset=utf-8
host: localhost:22015
accept: */*

Response DefaultHttpResponse(decodeResult: success, version: HTTP/1.1)
HTTP/1.1 200 OK
Content-Type: application/json; charset=utf-8
cache-control: no-cache
content-length: 97

[DEBUG] Adding key: http://localhost:22015 for channel [id: 0x8bc4d761, L:/127.0.0.1:64374 - R:localhost/127.0.0.1:22015]
[DEBUG] Using pooled Channel '[id: 0x8bc4d761, L:/127.0.0.1:64374 - R:localhost/127.0.0.1:22015]' for 'POST' to 'http://localhost:22015/session/e404b8f1d7d802d391845be3206c9a1e/frame'
[DEBUG] Using open Channel [id: 0x8bc4d761, L:/127.0.0.1:64374 - R:localhost/127.0.0.1:22015] for POST '/session/e404b8f1d7d802d391845be3206c9a1e/frame'
[DEBUG] 

Request DefaultHttpRequest(decodeResult: success, version: HTTP/1.1)
POST /session/e404b8f1d7d802d391845be3206c9a1e/frame HTTP/1.1
User-Agent: selenium/4.6.0 (java windows)
Content-Length: 168
Content-Type: application/json; charset=utf-8
host: localhost:22015
accept: */*

Response DefaultHttpResponse(decodeResult: success, version: HTTP/1.1)
HTTP/1.1 200 OK
Content-Type: application/json; charset=utf-8
cache-control: no-cache
content-length: 14

[DEBUG] Adding key: http://localhost:22015 for channel [id: 0x8bc4d761, L:/127.0.0.1:64374 - R:localhost/127.0.0.1:22015]
[DEBUG] Using pooled Channel '[id: 0x8bc4d761, L:/127.0.0.1:64374 - R:localhost/127.0.0.1:22015]' for 'POST' to 'http://localhost:22015/session/e404b8f1d7d802d391845be3206c9a1e/element'
[DEBUG] Using open Channel [id: 0x8bc4d761, L:/127.0.0.1:64374 - R:localhost/127.0.0.1:22015] for POST '/session/e404b8f1d7d802d391845be3206c9a1e/element'
[DEBUG] 

Request DefaultHttpRequest(decodeResult: success, version: HTTP/1.1)
POST /session/e404b8f1d7d802d391845be3206c9a1e/element HTTP/1.1
User-Agent: selenium/4.6.0 (java windows)
Content-Length: 88
Content-Type: application/json; charset=utf-8
host: localhost:22015
accept: */*

Response DefaultHttpResponse(decodeResult: success, version: HTTP/1.1)
HTTP/1.1 200 OK
Content-Type: application/json; charset=utf-8
cache-control: no-cache
content-length: 95

[DEBUG] Adding key: http://localhost:22015 for channel [id: 0x8bc4d761, L:/127.0.0.1:64374 - R:localhost/127.0.0.1:22015]
[DEBUG] Using pooled Channel '[id: 0x8bc4d761, L:/127.0.0.1:64374 - R:localhost/127.0.0.1:22015]' for 'POST' to 'http://localhost:22015/session/e404b8f1d7d802d391845be3206c9a1e/element/15687BD4DDEB48AB895BE79209C44EFA_element_13/click'
[DEBUG] Using open Channel [id: 0x8bc4d761, L:/127.0.0.1:64374 - R:localhost/127.0.0.1:22015] for POST '/session/e404b8f1d7d802d391845be3206c9a1e/element/15687BD4DDEB48AB895BE79209C44EFA_element_13/click'
[DEBUG] 

Request DefaultHttpRequest(decodeResult: success, version: HTTP/1.1)
POST /session/e404b8f1d7d802d391845be3206c9a1e/element/15687BD4DDEB48AB895BE79209C44EFA_element_13/click HTTP/1.1
User-Agent: selenium/4.6.0 (java windows)
Content-Length: 57
Content-Type: application/json; charset=utf-8
host: localhost:22015
accept: */*

Response DefaultHttpResponse(decodeResult: success, version: HTTP/1.1)
HTTP/1.1 200 OK
Content-Type: application/json; charset=utf-8
cache-control: no-cache
content-length: 14

[DEBUG] Adding key: http://localhost:22015 for channel [id: 0x8bc4d761, L:/127.0.0.1:64374 - R:localhost/127.0.0.1:22015]
[DEBUG] Entry count for : http://localhost:64375 : 1
[DEBUG] Entry count for : http://localhost:22015 : 1
  Given I navigate to Sky News Website home page                             # stepdefinitions.Steps.loadHomePage()
[DEBUG] Using pooled Channel '[id: 0x8bc4d761, L:/127.0.0.1:64374 - R:localhost/127.0.0.1:22015]' for 'POST' to 'http://localhost:22015/session/e404b8f1d7d802d391845be3206c9a1e/element'
[DEBUG] Using open Channel [id: 0x8bc4d761, L:/127.0.0.1:64374 - R:localhost/127.0.0.1:22015] for POST '/session/e404b8f1d7d802d391845be3206c9a1e/element'
[DEBUG] Entry count for : http://localhost:64375 : 1
[DEBUG] Entry count for : http://localhost:64375 : 1
[DEBUG] Entry count for : http://localhost:64375 : 1
[DEBUG] 

Request DefaultHttpRequest(decodeResult: success, version: HTTP/1.1)
POST /session/e404b8f1d7d802d391845be3206c9a1e/element HTTP/1.1
User-Agent: selenium/4.6.0 (java windows)
Content-Length: 123
Content-Type: application/json; charset=utf-8
host: localhost:22015
accept: */*

Response DefaultHttpResponse(decodeResult: success, version: HTTP/1.1)
HTTP/1.1 200 OK
Content-Type: application/json; charset=utf-8
cache-control: no-cache
content-length: 95

[DEBUG] Adding key: http://localhost:22015 for channel [id: 0x8bc4d761, L:/127.0.0.1:64374 - R:localhost/127.0.0.1:22015]
[DEBUG] Using pooled Channel '[id: 0x8bc4d761, L:/127.0.0.1:64374 - R:localhost/127.0.0.1:22015]' for 'POST' to 'http://localhost:22015/session/e404b8f1d7d802d391845be3206c9a1e/element/A4BAFEAF87FE6FE2EAE37BD05CDB10D6_element_45/click'
[DEBUG] Using open Channel [id: 0x8bc4d761, L:/127.0.0.1:64374 - R:localhost/127.0.0.1:22015] for POST '/session/e404b8f1d7d802d391845be3206c9a1e/element/A4BAFEAF87FE6FE2EAE37BD05CDB10D6_element_45/click'
[DEBUG] Entry count for : http://localhost:64375 : 1
[DEBUG] Entry count for : http://localhost:64375 : 1
[DEBUG] Entry count for : http://localhost:64375 : 1
[DEBUG] 

Request DefaultHttpRequest(decodeResult: success, version: HTTP/1.1)
POST /session/e404b8f1d7d802d391845be3206c9a1e/element/A4BAFEAF87FE6FE2EAE37BD05CDB10D6_element_45/click HTTP/1.1
User-Agent: selenium/4.6.0 (java windows)
Content-Length: 57
Content-Type: application/json; charset=utf-8
host: localhost:22015
accept: */*

Response DefaultHttpResponse(decodeResult: success, version: HTTP/1.1)
HTTP/1.1 200 OK
Content-Type: application/json; charset=utf-8
cache-control: no-cache
content-length: 14

[DEBUG] Adding key: http://localhost:22015 for channel [id: 0x8bc4d761, L:/127.0.0.1:64374 - R:localhost/127.0.0.1:22015]
  When I click the "Israel-Hamas War" tab                                    # stepdefinitions.Steps.selectTab(java.lang.String)
[DEBUG] Using pooled Channel '[id: 0x8bc4d761, L:/127.0.0.1:64374 - R:localhost/127.0.0.1:22015]' for 'GET' to 'http://localhost:22015/session/e404b8f1d7d802d391845be3206c9a1e/title'
[DEBUG] Using open Channel [id: 0x8bc4d761, L:/127.0.0.1:64374 - R:localhost/127.0.0.1:22015] for GET '/session/e404b8f1d7d802d391845be3206c9a1e/title'
[DEBUG] Entry count for : http://localhost:64375 : 1
[DEBUG] Entry count for : http://localhost:64375 : 1
[DEBUG] Entry count for : http://localhost:64375 : 1
[DEBUG] Entry count for : http://localhost:64375 : 1
[DEBUG] Entry count for : http://localhost:64375 : 1
[DEBUG] 

Request DefaultFullHttpRequest(decodeResult: success, version: HTTP/1.1, content: EmptyByteBufBE)
GET /session/e404b8f1d7d802d391845be3206c9a1e/title HTTP/1.1
User-Agent: selenium/4.6.0 (java windows)
Cache-Control: no-cache
Content-Type: application/json; charset=utf-8
host: localhost:22015
accept: */*

Response DefaultHttpResponse(decodeResult: success, version: HTTP/1.1)
HTTP/1.1 200 OK
Content-Type: application/json; charset=utf-8
cache-control: no-cache
content-length: 39

[DEBUG] Adding key: http://localhost:22015 for channel [id: 0x8bc4d761, L:/127.0.0.1:64374 - R:localhost/127.0.0.1:22015]
[DEBUG] Using pooled Channel '[id: 0x8bc4d761, L:/127.0.0.1:64374 - R:localhost/127.0.0.1:22015]' for 'GET' to 'http://localhost:22015/session/e404b8f1d7d802d391845be3206c9a1e/screenshot'
[DEBUG] Using open Channel [id: 0x8bc4d761, L:/127.0.0.1:64374 - R:localhost/127.0.0.1:22015] for GET '/session/e404b8f1d7d802d391845be3206c9a1e/screenshot'
[DEBUG] Entry count for : http://localhost:64375 : 1
[DEBUG] 

Request DefaultFullHttpRequest(decodeResult: success, version: HTTP/1.1, content: EmptyByteBufBE)
GET /session/e404b8f1d7d802d391845be3206c9a1e/screenshot HTTP/1.1
User-Agent: selenium/4.6.0 (java windows)
Cache-Control: no-cache
Content-Type: application/json; charset=utf-8
host: localhost:22015
accept: */*

Response DefaultHttpResponse(decodeResult: success, version: HTTP/1.1)
HTTP/1.1 200 OK
Content-Type: application/json; charset=utf-8
cache-control: no-cache
content-length: 580016

[DEBUG] Adding key: http://localhost:22015 for channel [id: 0x8bc4d761, L:/127.0.0.1:64374 - R:localhost/127.0.0.1:22015]
[INFO] ***********Tab Title displayed*************
[DEBUG] Channel Closed: [id: 0xf9256774, L:/127.0.0.1:64384 ! R:localhost/127.0.0.1:64375] with attribute NettyResponseFuture{currentRetry=0,
	isDone=1,
	isCancelled=0,
	asyncHandler=org.asynchttpclient.ws.WebSocketUpgradeHandler@31a03b87,
	nettyRequest=org.asynchttpclient.netty.request.NettyRequest@74a2a3d7,
	future=java.util.concurrent.CompletableFuture@d848a5c[Completed normally],
	uri=ws://localhost:64375/devtools/browser/daeb93db-224a-4358-9cba-6658da622c76,
	keepAlive=true,
	redirectCount=0,
	timeoutsHolder=null,
	inAuth=0,
	touch=1698330534825}
[DEBUG] Closing Channel [id: 0xf9256774, L:/127.0.0.1:64384 ! R:localhost/127.0.0.1:64375] 
[DEBUG] Using pooled Channel '[id: 0x8bc4d761, L:/127.0.0.1:64374 - R:localhost/127.0.0.1:22015]' for 'DELETE' to 'http://localhost:22015/session/e404b8f1d7d802d391845be3206c9a1e'
[DEBUG] Using open Channel [id: 0x8bc4d761, L:/127.0.0.1:64374 - R:localhost/127.0.0.1:22015] for DELETE '/session/e404b8f1d7d802d391845be3206c9a1e'
[DEBUG] Entry count for : http://localhost:64375 : 1
[DEBUG] Entry count for : http://localhost:64375 : 1
[DEBUG] Entry count for : http://localhost:64375 : 1
[DEBUG] Entry count for : http://localhost:64375 : 1
[DEBUG] Unexpected I/O exception on channel [id: 0x5d1e644c, L:/127.0.0.1:64383 - R:localhost/127.0.0.1:64375]
java.io.IOException: An existing connection was forcibly closed by the remote host
	at java.base/sun.nio.ch.SocketDispatcher.read0(Native Method) ~[na:na]
	at java.base/sun.nio.ch.SocketDispatcher.read(SocketDispatcher.java:43) ~[na:na]
	at java.base/sun.nio.ch.IOUtil.readIntoNativeBuffer(IOUtil.java:276) ~[na:na]
	at java.base/sun.nio.ch.IOUtil.read(IOUtil.java:233) ~[na:na]
	at java.base/sun.nio.ch.IOUtil.read(IOUtil.java:223) ~[na:na]
	at java.base/sun.nio.ch.SocketChannelImpl.read(SocketChannelImpl.java:358) ~[na:na]
	at io.netty.buffer.PooledByteBuf.setBytes(PooledByteBuf.java:259) ~[netty-buffer-4.1.84.Final.jar:4.1.84.Final]
	at io.netty.buffer.AbstractByteBuf.writeBytes(AbstractByteBuf.java:1132) ~[netty-buffer-4.1.84.Final.jar:4.1.84.Final]
	at io.netty.channel.socket.nio.NioSocketChannel.doReadBytes(NioSocketChannel.java:357) ~[netty-transport-4.1.84.Final.jar:4.1.84.Final]
	at io.netty.channel.nio.AbstractNioByteChannel$NioByteUnsafe.read(AbstractNioByteChannel.java:151) ~[netty-transport-4.1.84.Final.jar:4.1.84.Final]
	at io.netty.channel.nio.NioEventLoop.processSelectedKey(NioEventLoop.java:788) ~[netty-transport-4.1.84.Final.jar:4.1.84.Final]
	at io.netty.channel.nio.NioEventLoop.processSelectedKeysOptimized(NioEventLoop.java:724) ~[netty-transport-4.1.84.Final.jar:4.1.84.Final]
	at io.netty.channel.nio.NioEventLoop.processSelectedKeys(NioEventLoop.java:650) ~[netty-transport-4.1.84.Final.jar:4.1.84.Final]
	at io.netty.channel.nio.NioEventLoop.run(NioEventLoop.java:562) ~[netty-transport-4.1.84.Final.jar:4.1.84.Final]
	at io.netty.util.concurrent.SingleThreadEventExecutor$4.run(SingleThreadEventExecutor.java:997) ~[netty-common-4.1.84.Final.jar:4.1.84.Final]
	at io.netty.util.internal.ThreadExecutorMap$2.run(ThreadExecutorMap.java:74) ~[netty-common-4.1.84.Final.jar:4.1.84.Final]
	at io.netty.util.concurrent.FastThreadLocalRunnable.run(FastThreadLocalRunnable.java:30) ~[netty-common-4.1.84.Final.jar:4.1.84.Final]
	at java.base/java.lang.Thread.run(Thread.java:834) ~[na:na]
[DEBUG] Closing Channel [id: 0x5d1e644c, L:/127.0.0.1:64383 - R:localhost/127.0.0.1:64375] 
[DEBUG] Channel Closed: [id: 0x5d1e644c, L:/127.0.0.1:64383 ! R:localhost/127.0.0.1:64375] with attribute DISCARD
[DEBUG] Entry count for : http://localhost:64375 : 1
[DEBUG] Adding Candidate expired Channel [id: 0x5d1e644c, L:/127.0.0.1:64383 ! R:localhost/127.0.0.1:64375] isIdleTimeoutExpired=false isRemotelyClosed=true isTtlExpired=false
[DEBUG] Closing Idle Channel [id: 0x5d1e644c, L:/127.0.0.1:64383 ! R:localhost/127.0.0.1:64375]
[DEBUG] Closed 1 connections out of 1 in 2 ms
[DEBUG] 

Request DefaultFullHttpRequest(decodeResult: success, version: HTTP/1.1, content: EmptyByteBufBE)
DELETE /session/e404b8f1d7d802d391845be3206c9a1e HTTP/1.1
User-Agent: selenium/4.6.0 (java windows)
Content-Type: application/json; charset=utf-8
host: localhost:22015
accept: */*

Response DefaultHttpResponse(decodeResult: success, version: HTTP/1.1)
HTTP/1.1 200 OK
Content-Type: application/json; charset=utf-8
cache-control: no-cache
content-length: 14

[DEBUG] Adding key: http://localhost:22015 for channel [id: 0x8bc4d761, L:/127.0.0.1:64374 - R:localhost/127.0.0.1:22015]
[DEBUG] Entry count for : http://localhost:22015 : 1
[DEBUG] Unexpected I/O exception on channel [id: 0x8bc4d761, L:/127.0.0.1:64374 - R:localhost/127.0.0.1:22015]
java.io.IOException: An existing connection was forcibly closed by the remote host
	at java.base/sun.nio.ch.SocketDispatcher.read0(Native Method) ~[na:na]
	at java.base/sun.nio.ch.SocketDispatcher.read(SocketDispatcher.java:43) ~[na:na]
	at java.base/sun.nio.ch.IOUtil.readIntoNativeBuffer(IOUtil.java:276) ~[na:na]
	at java.base/sun.nio.ch.IOUtil.read(IOUtil.java:233) ~[na:na]
	at java.base/sun.nio.ch.IOUtil.read(IOUtil.java:223) ~[na:na]
	at java.base/sun.nio.ch.SocketChannelImpl.read(SocketChannelImpl.java:358) ~[na:na]
	at io.netty.buffer.PooledByteBuf.setBytes(PooledByteBuf.java:259) ~[netty-buffer-4.1.84.Final.jar:4.1.84.Final]
	at io.netty.buffer.AbstractByteBuf.writeBytes(AbstractByteBuf.java:1132) ~[netty-buffer-4.1.84.Final.jar:4.1.84.Final]
	at io.netty.channel.socket.nio.NioSocketChannel.doReadBytes(NioSocketChannel.java:357) ~[netty-transport-4.1.84.Final.jar:4.1.84.Final]
	at io.netty.channel.nio.AbstractNioByteChannel$NioByteUnsafe.read(AbstractNioByteChannel.java:151) ~[netty-transport-4.1.84.Final.jar:4.1.84.Final]
	at io.netty.channel.nio.NioEventLoop.processSelectedKey(NioEventLoop.java:788) ~[netty-transport-4.1.84.Final.jar:4.1.84.Final]
	at io.netty.channel.nio.NioEventLoop.processSelectedKeysOptimized(NioEventLoop.java:724) ~[netty-transport-4.1.84.Final.jar:4.1.84.Final]
	at io.netty.channel.nio.NioEventLoop.processSelectedKeys(NioEventLoop.java:650) ~[netty-transport-4.1.84.Final.jar:4.1.84.Final]
	at io.netty.channel.nio.NioEventLoop.run(NioEventLoop.java:562) ~[netty-transport-4.1.84.Final.jar:4.1.84.Final]
	at io.netty.util.concurrent.SingleThreadEventExecutor$4.run(SingleThreadEventExecutor.java:997) ~[netty-common-4.1.84.Final.jar:4.1.84.Final]
	at io.netty.util.internal.ThreadExecutorMap$2.run(ThreadExecutorMap.java:74) ~[netty-common-4.1.84.Final.jar:4.1.84.Final]
	at io.netty.util.concurrent.FastThreadLocalRunnable.run(FastThreadLocalRunnable.java:30) ~[netty-common-4.1.84.Final.jar:4.1.84.Final]
	at java.base/java.lang.Thread.run(Thread.java:834) ~[na:na]
[DEBUG] Closing Channel [id: 0x8bc4d761, L:/127.0.0.1:64374 - R:localhost/127.0.0.1:22015] 
[DEBUG] Channel Closed: [id: 0x8bc4d761, L:/127.0.0.1:64374 ! R:localhost/127.0.0.1:22015] with attribute DISCARD
  Then I should see the appropriate title "Israel-Hamas War" displayed       # stepdefinitions.Steps.verifyPageTitle(java.lang.String)
]]></system-out>
    <system-err><![CDATA[Oct 26, 2023 3:28:51 PM org.openqa.selenium.remote.RemoteWebDriver checkNonW3CCapabilities
WARNING: Support for Legacy Capabilities is deprecated; You are sending the following invalid capabilities: [unexpectedAlertBehaviour]; Please update to W3C Syntax: https://www.selenium.dev/blog/2022/legacy-protocol-support/
Starting ChromeDriver 118.0.5993.70 (e52f33f30b91b4ddfad649acddc39ab570473b86-refs/branch-heads/5993@{#1216}) on port 22015
Only local connections are allowed.
Please see https://chromedriver.chromium.org/security-considerations for suggestions on keeping ChromeDriver safe.
ChromeDriver was started successfully.
Oct 26, 2023 3:28:54 PM org.openqa.selenium.remote.ProtocolHandshake createSession
WARNING: Support for Legacy Capabilities is deprecated; You are sending the following invalid capabilities: [unexpectedAlertBehaviour]; Please update to W3C Syntax: https://www.selenium.dev/blog/2022/legacy-protocol-support/
Oct 26, 2023 3:28:54 PM org.openqa.selenium.devtools.CdpVersionFinder findNearestMatch
WARNING: Unable to find CDP implementation matching 118
Oct 26, 2023 3:28:54 PM org.openqa.selenium.chromium.ChromiumDriver lambda$new$3
WARNING: Unable to find version of CDP to use for . You may need to include a dependency on a specific version of the CDP using something similar to `org.seleniumhq.selenium:selenium-devtools-v86:4.6.0` where the version ("v86") matches the version of the chromium-based browser you're using and the version number of the artifact is the same as Selenium's.
]]></system-err>
  </testcase>
  <testcase name="Verify the number of categories displayed and their names. #4" classname="Sky News website tests" time="42.714">
    <system-out><![CDATA[
Scenario Outline: Verify the number of categories displayed and their names. # src/test/resources/features/skyNews.feature:17
[DEBUG] Using WebDriverManager 5.5.3
[DEBUG] Resolution chrome=118 in cache (valid until 15:31:30 26/10/2023 BST)
[DEBUG] Resolution chrome118=118.0.5993.70 in cache (valid until 22:39:57 26/10/2023 BST)
[INFO] Using chromedriver 118.0.5993.70 (resolved driver for Chrome 118)
[DEBUG] Entry count for : http://localhost:22015 : 1
[DEBUG] Adding Candidate expired Channel [id: 0x8bc4d761, L:/127.0.0.1:64374 ! R:localhost/127.0.0.1:22015] isIdleTimeoutExpired=false isRemotelyClosed=true isTtlExpired=false
[DEBUG] Closing Idle Channel [id: 0x8bc4d761, L:/127.0.0.1:64374 ! R:localhost/127.0.0.1:22015]
[DEBUG] Closed 1 connections out of 1 in 2 ms
[DEBUG] Driver chromedriver 118.0.5993.70 found in cache
[INFO] Exporting webdriver.chrome.driver as C:\Users\sindh\.cache\selenium\chromedriver\win64\118.0.5993.70\chromedriver.exe
[DEBUG] Using new Channel '[id: 0x72b0ee16, L:/127.0.0.1:64493 - R:localhost/127.0.0.1:26441]' for 'POST' to '/session'
[DEBUG] 

Request DefaultHttpRequest(decodeResult: success, version: HTTP/1.1)
POST /session HTTP/1.1
User-Agent: selenium/4.6.0 (java windows)
Content-Length: 1721
Content-Type: application/json; charset=utf-8
host: localhost:26441
accept: */*

Response DefaultHttpResponse(decodeResult: success, version: HTTP/1.1)
HTTP/1.1 200 OK
Content-Type: application/json; charset=utf-8
cache-control: no-cache
content-length: 870

[DEBUG] Adding key: http://localhost:26441 for channel [id: 0x72b0ee16, L:/127.0.0.1:64493 - R:localhost/127.0.0.1:26441]
[DEBUG] Using new Channel '[id: 0xde8fa023, L:/127.0.0.1:64504 - R:localhost/127.0.0.1:64495]' for 'GET' to '/json/version'
[DEBUG] 

Request DefaultFullHttpRequest(decodeResult: success, version: HTTP/1.1, content: EmptyByteBufBE)
GET /json/version HTTP/1.1
User-Agent: selenium/4.6.0 (java windows)
host: localhost:64495
accept: */*

Response DefaultHttpResponse(decodeResult: success, version: HTTP/1.1)
HTTP/1.1 200 OK
Content-Security-Policy: frame-ancestors 'none'
Content-Type: application/json; charset=UTF-8
content-length: 423

[DEBUG] Adding key: http://localhost:64495 for channel [id: 0xde8fa023, L:/127.0.0.1:64504 - R:localhost/127.0.0.1:64495]
[DEBUG] Using new Channel '[id: 0xdea8480f, L:/127.0.0.1:64505 - R:localhost/127.0.0.1:64495]' for 'GET' to '/devtools/browser/56b27d67-e337-4c20-aae7-f42919158702'
[DEBUG] 

Request DefaultFullHttpRequest(decodeResult: success, version: HTTP/1.1, content: EmptyByteBufBE)
GET /devtools/browser/56b27d67-e337-4c20-aae7-f42919158702 HTTP/1.1
upgrade: websocket
connection: upgrade
sec-websocket-key: frw2sgGr2grJwwYrPcJIzQ==
sec-websocket-version: 13
origin: http://localhost:64495
host: localhost:64495
accept: */*
user-agent: AHC/2.1

Response DefaultHttpResponse(decodeResult: success, version: HTTP/1.1)
HTTP/1.1 101 WebSocket Protocol Handshake
Upgrade: WebSocket
Connection: Upgrade
Sec-WebSocket-Accept: qbqZMfvOf6FszZXZ2SUMzDiVtEM=

[DEBUG] Using pooled Channel '[id: 0x72b0ee16, L:/127.0.0.1:64493 - R:localhost/127.0.0.1:26441]' for 'POST' to 'http://localhost:26441/session/f68ac081e62d540433aa300c159b08ba/window/maximize'
[DEBUG] Using open Channel [id: 0x72b0ee16, L:/127.0.0.1:64493 - R:localhost/127.0.0.1:26441] for POST '/session/f68ac081e62d540433aa300c159b08ba/window/maximize'
[DEBUG] 

Request DefaultHttpRequest(decodeResult: success, version: HTTP/1.1)
POST /session/f68ac081e62d540433aa300c159b08ba/window/maximize HTTP/1.1
User-Agent: selenium/4.6.0 (java windows)
Content-Length: 3
Content-Type: application/json; charset=utf-8
host: localhost:26441
accept: */*

Response DefaultHttpResponse(decodeResult: success, version: HTTP/1.1)
HTTP/1.1 200 OK
Content-Type: application/json; charset=utf-8
cache-control: no-cache
content-length: 51

[DEBUG] Adding key: http://localhost:26441 for channel [id: 0x72b0ee16, L:/127.0.0.1:64493 - R:localhost/127.0.0.1:26441]
Browser Launched
[DEBUG] Using pooled Channel '[id: 0x72b0ee16, L:/127.0.0.1:64493 - R:localhost/127.0.0.1:26441]' for 'POST' to 'http://localhost:26441/session/f68ac081e62d540433aa300c159b08ba/url'
[DEBUG] Using open Channel [id: 0x72b0ee16, L:/127.0.0.1:64493 - R:localhost/127.0.0.1:26441] for POST '/session/f68ac081e62d540433aa300c159b08ba/url'
[DEBUG] Entry count for : http://localhost:64495 : 1
[DEBUG] Entry count for : http://localhost:64495 : 1
[DEBUG] Entry count for : http://localhost:64495 : 1
[DEBUG] Entry count for : http://localhost:64495 : 1
[DEBUG] Entry count for : http://localhost:64495 : 1
[DEBUG] Entry count for : http://localhost:64495 : 1
[DEBUG] 

Request DefaultHttpRequest(decodeResult: success, version: HTTP/1.1)
POST /session/f68ac081e62d540433aa300c159b08ba/url HTTP/1.1
User-Agent: selenium/4.6.0 (java windows)
Content-Length: 45
Content-Type: application/json; charset=utf-8
host: localhost:26441
accept: */*

Response DefaultHttpResponse(decodeResult: success, version: HTTP/1.1)
HTTP/1.1 200 OK
Content-Type: application/json; charset=utf-8
cache-control: no-cache
content-length: 14

[DEBUG] Adding key: http://localhost:26441 for channel [id: 0x72b0ee16, L:/127.0.0.1:64493 - R:localhost/127.0.0.1:26441]
[DEBUG] Using pooled Channel '[id: 0x72b0ee16, L:/127.0.0.1:64493 - R:localhost/127.0.0.1:26441]' for 'POST' to 'http://localhost:26441/session/f68ac081e62d540433aa300c159b08ba/timeouts'
[DEBUG] Using open Channel [id: 0x72b0ee16, L:/127.0.0.1:64493 - R:localhost/127.0.0.1:26441] for POST '/session/f68ac081e62d540433aa300c159b08ba/timeouts'
[DEBUG] 

Request DefaultHttpRequest(decodeResult: success, version: HTTP/1.1)
POST /session/f68ac081e62d540433aa300c159b08ba/timeouts HTTP/1.1
User-Agent: selenium/4.6.0 (java windows)
Content-Length: 23
Content-Type: application/json; charset=utf-8
host: localhost:26441
accept: */*

Response DefaultHttpResponse(decodeResult: success, version: HTTP/1.1)
HTTP/1.1 200 OK
Content-Type: application/json; charset=utf-8
cache-control: no-cache
content-length: 14

[DEBUG] Adding key: http://localhost:26441 for channel [id: 0x72b0ee16, L:/127.0.0.1:64493 - R:localhost/127.0.0.1:26441]
[INFO] SkyNews Displayed.............
[DEBUG] Using pooled Channel '[id: 0x72b0ee16, L:/127.0.0.1:64493 - R:localhost/127.0.0.1:26441]' for 'GET' to 'http://localhost:26441/session/f68ac081e62d540433aa300c159b08ba/screenshot'
[DEBUG] Using open Channel [id: 0x72b0ee16, L:/127.0.0.1:64493 - R:localhost/127.0.0.1:26441] for GET '/session/f68ac081e62d540433aa300c159b08ba/screenshot'
[DEBUG] Entry count for : http://localhost:64495 : 1
[DEBUG] Entry count for : http://localhost:64495 : 1
[DEBUG] Entry count for : http://localhost:64495 : 1
[DEBUG] 

Request DefaultFullHttpRequest(decodeResult: success, version: HTTP/1.1, content: EmptyByteBufBE)
GET /session/f68ac081e62d540433aa300c159b08ba/screenshot HTTP/1.1
User-Agent: selenium/4.6.0 (java windows)
Cache-Control: no-cache
Content-Type: application/json; charset=utf-8
host: localhost:26441
accept: */*

Response DefaultHttpResponse(decodeResult: success, version: HTTP/1.1)
HTTP/1.1 200 OK
Content-Type: application/json; charset=utf-8
cache-control: no-cache
content-length: 729516

[DEBUG] Adding key: http://localhost:26441 for channel [id: 0x72b0ee16, L:/127.0.0.1:64493 - R:localhost/127.0.0.1:26441]
[DEBUG] Using pooled Channel '[id: 0x72b0ee16, L:/127.0.0.1:64493 - R:localhost/127.0.0.1:26441]' for 'POST' to 'http://localhost:26441/session/f68ac081e62d540433aa300c159b08ba/elements'
[DEBUG] Using open Channel [id: 0x72b0ee16, L:/127.0.0.1:64493 - R:localhost/127.0.0.1:26441] for POST '/session/f68ac081e62d540433aa300c159b08ba/elements'
[DEBUG] Entry count for : http://localhost:64495 : 1
[DEBUG] Entry count for : http://localhost:64495 : 1
[DEBUG] Entry count for : http://localhost:64495 : 1
[DEBUG] Entry count for : http://localhost:64495 : 1
[DEBUG] Entry count for : http://localhost:64495 : 1
[DEBUG] Entry count for : http://localhost:64495 : 1
[DEBUG] Entry count for : http://localhost:64495 : 1
[DEBUG] Entry count for : http://localhost:64495 : 1
[DEBUG] Entry count for : http://localhost:64495 : 1
[DEBUG] 

Request DefaultHttpRequest(decodeResult: success, version: HTTP/1.1)
POST /session/f68ac081e62d540433aa300c159b08ba/elements HTTP/1.1
User-Agent: selenium/4.6.0 (java windows)
Content-Length: 122
Content-Type: application/json; charset=utf-8
host: localhost:26441
accept: */*

Response DefaultHttpResponse(decodeResult: success, version: HTTP/1.1)
HTTP/1.1 200 OK
Content-Type: application/json; charset=utf-8
cache-control: no-cache
content-length: 12

[DEBUG] Adding key: http://localhost:26441 for channel [id: 0x72b0ee16, L:/127.0.0.1:64493 - R:localhost/127.0.0.1:26441]
[DEBUG] Using pooled Channel '[id: 0x72b0ee16, L:/127.0.0.1:64493 - R:localhost/127.0.0.1:26441]' for 'POST' to 'http://localhost:26441/session/f68ac081e62d540433aa300c159b08ba/elements'
[DEBUG] Using open Channel [id: 0x72b0ee16, L:/127.0.0.1:64493 - R:localhost/127.0.0.1:26441] for POST '/session/f68ac081e62d540433aa300c159b08ba/elements'
[DEBUG] 

Request DefaultHttpRequest(decodeResult: success, version: HTTP/1.1)
POST /session/f68ac081e62d540433aa300c159b08ba/elements HTTP/1.1
User-Agent: selenium/4.6.0 (java windows)
Content-Length: 106
Content-Type: application/json; charset=utf-8
host: localhost:26441
accept: */*

Response DefaultHttpResponse(decodeResult: success, version: HTTP/1.1)
HTTP/1.1 200 OK
Content-Type: application/json; charset=utf-8
cache-control: no-cache
content-length: 97

[DEBUG] Adding key: http://localhost:26441 for channel [id: 0x72b0ee16, L:/127.0.0.1:64493 - R:localhost/127.0.0.1:26441]
[DEBUG] Using pooled Channel '[id: 0x72b0ee16, L:/127.0.0.1:64493 - R:localhost/127.0.0.1:26441]' for 'POST' to 'http://localhost:26441/session/f68ac081e62d540433aa300c159b08ba/frame'
[DEBUG] Using open Channel [id: 0x72b0ee16, L:/127.0.0.1:64493 - R:localhost/127.0.0.1:26441] for POST '/session/f68ac081e62d540433aa300c159b08ba/frame'
[DEBUG] Entry count for : http://localhost:64495 : 1
[DEBUG] 

Request DefaultHttpRequest(decodeResult: success, version: HTTP/1.1)
POST /session/f68ac081e62d540433aa300c159b08ba/frame HTTP/1.1
User-Agent: selenium/4.6.0 (java windows)
Content-Length: 168
Content-Type: application/json; charset=utf-8
host: localhost:26441
accept: */*

Response DefaultHttpResponse(decodeResult: success, version: HTTP/1.1)
HTTP/1.1 200 OK
Content-Type: application/json; charset=utf-8
cache-control: no-cache
content-length: 14

[DEBUG] Adding key: http://localhost:26441 for channel [id: 0x72b0ee16, L:/127.0.0.1:64493 - R:localhost/127.0.0.1:26441]
[DEBUG] Using pooled Channel '[id: 0x72b0ee16, L:/127.0.0.1:64493 - R:localhost/127.0.0.1:26441]' for 'POST' to 'http://localhost:26441/session/f68ac081e62d540433aa300c159b08ba/element'
[DEBUG] Using open Channel [id: 0x72b0ee16, L:/127.0.0.1:64493 - R:localhost/127.0.0.1:26441] for POST '/session/f68ac081e62d540433aa300c159b08ba/element'
[DEBUG] 

Request DefaultHttpRequest(decodeResult: success, version: HTTP/1.1)
POST /session/f68ac081e62d540433aa300c159b08ba/element HTTP/1.1
User-Agent: selenium/4.6.0 (java windows)
Content-Length: 88
Content-Type: application/json; charset=utf-8
host: localhost:26441
accept: */*

Response DefaultHttpResponse(decodeResult: success, version: HTTP/1.1)
HTTP/1.1 200 OK
Content-Type: application/json; charset=utf-8
cache-control: no-cache
content-length: 94

[DEBUG] Adding key: http://localhost:26441 for channel [id: 0x72b0ee16, L:/127.0.0.1:64493 - R:localhost/127.0.0.1:26441]
[DEBUG] Using pooled Channel '[id: 0x72b0ee16, L:/127.0.0.1:64493 - R:localhost/127.0.0.1:26441]' for 'POST' to 'http://localhost:26441/session/f68ac081e62d540433aa300c159b08ba/element/03DF154B48DEBA5535D4C2E0578E6944_element_7/click'
[DEBUG] Using open Channel [id: 0x72b0ee16, L:/127.0.0.1:64493 - R:localhost/127.0.0.1:26441] for POST '/session/f68ac081e62d540433aa300c159b08ba/element/03DF154B48DEBA5535D4C2E0578E6944_element_7/click'
[DEBUG] Entry count for : http://localhost:64495 : 1
[DEBUG] 

Request DefaultHttpRequest(decodeResult: success, version: HTTP/1.1)
POST /session/f68ac081e62d540433aa300c159b08ba/element/03DF154B48DEBA5535D4C2E0578E6944_element_7/click HTTP/1.1
User-Agent: selenium/4.6.0 (java windows)
Content-Length: 56
Content-Type: application/json; charset=utf-8
host: localhost:26441
accept: */*

Response DefaultHttpResponse(decodeResult: success, version: HTTP/1.1)
HTTP/1.1 200 OK
Content-Type: application/json; charset=utf-8
cache-control: no-cache
content-length: 14

[DEBUG] Adding key: http://localhost:26441 for channel [id: 0x72b0ee16, L:/127.0.0.1:64493 - R:localhost/127.0.0.1:26441]
[DEBUG] Entry count for : http://localhost:64495 : 1
[DEBUG] Entry count for : http://localhost:26441 : 1
  Given I navigate to Sky News Website home page                             # stepdefinitions.Steps.loadHomePage()
[DEBUG] Using pooled Channel '[id: 0x72b0ee16, L:/127.0.0.1:64493 - R:localhost/127.0.0.1:26441]' for 'POST' to 'http://localhost:26441/session/f68ac081e62d540433aa300c159b08ba/element'
[DEBUG] Using open Channel [id: 0x72b0ee16, L:/127.0.0.1:64493 - R:localhost/127.0.0.1:26441] for POST '/session/f68ac081e62d540433aa300c159b08ba/element'
[DEBUG] Entry count for : http://localhost:64495 : 1
[DEBUG] Entry count for : http://localhost:64495 : 1
[DEBUG] 

Request DefaultHttpRequest(decodeResult: success, version: HTTP/1.1)
POST /session/f68ac081e62d540433aa300c159b08ba/element HTTP/1.1
User-Agent: selenium/4.6.0 (java windows)
Content-Length: 123
Content-Type: application/json; charset=utf-8
host: localhost:26441
accept: */*

Response DefaultHttpResponse(decodeResult: success, version: HTTP/1.1)
HTTP/1.1 200 OK
Content-Type: application/json; charset=utf-8
cache-control: no-cache
content-length: 95

[DEBUG] Adding key: http://localhost:26441 for channel [id: 0x72b0ee16, L:/127.0.0.1:64493 - R:localhost/127.0.0.1:26441]
[DEBUG] Using pooled Channel '[id: 0x72b0ee16, L:/127.0.0.1:64493 - R:localhost/127.0.0.1:26441]' for 'POST' to 'http://localhost:26441/session/f68ac081e62d540433aa300c159b08ba/element/42736D478DFD225E8575D935AF1BBC5D_element_47/click'
[DEBUG] Using open Channel [id: 0x72b0ee16, L:/127.0.0.1:64493 - R:localhost/127.0.0.1:26441] for POST '/session/f68ac081e62d540433aa300c159b08ba/element/42736D478DFD225E8575D935AF1BBC5D_element_47/click'
[DEBUG] Entry count for : http://localhost:64495 : 1
[DEBUG] Entry count for : http://localhost:64495 : 1
[DEBUG] 

Request DefaultHttpRequest(decodeResult: success, version: HTTP/1.1)
POST /session/f68ac081e62d540433aa300c159b08ba/element/42736D478DFD225E8575D935AF1BBC5D_element_47/click HTTP/1.1
User-Agent: selenium/4.6.0 (java windows)
Content-Length: 57
Content-Type: application/json; charset=utf-8
host: localhost:26441
accept: */*

Response DefaultHttpResponse(decodeResult: success, version: HTTP/1.1)
HTTP/1.1 200 OK
Content-Type: application/json; charset=utf-8
cache-control: no-cache
content-length: 14

[DEBUG] Adding key: http://localhost:26441 for channel [id: 0x72b0ee16, L:/127.0.0.1:64493 - R:localhost/127.0.0.1:26441]
  When I click the "Politics" tab                                            # stepdefinitions.Steps.selectTab(java.lang.String)
[DEBUG] Using pooled Channel '[id: 0x72b0ee16, L:/127.0.0.1:64493 - R:localhost/127.0.0.1:26441]' for 'GET' to 'http://localhost:26441/session/f68ac081e62d540433aa300c159b08ba/title'
[DEBUG] Using open Channel [id: 0x72b0ee16, L:/127.0.0.1:64493 - R:localhost/127.0.0.1:26441] for GET '/session/f68ac081e62d540433aa300c159b08ba/title'
[DEBUG] 

Request DefaultFullHttpRequest(decodeResult: success, version: HTTP/1.1, content: EmptyByteBufBE)
GET /session/f68ac081e62d540433aa300c159b08ba/title HTTP/1.1
User-Agent: selenium/4.6.0 (java windows)
Cache-Control: no-cache
Content-Type: application/json; charset=utf-8
host: localhost:26441
accept: */*

Response DefaultHttpResponse(decodeResult: success, version: HTTP/1.1)
HTTP/1.1 200 OK
Content-Type: application/json; charset=utf-8
cache-control: no-cache
content-length: 69

[DEBUG] Adding key: http://localhost:26441 for channel [id: 0x72b0ee16, L:/127.0.0.1:64493 - R:localhost/127.0.0.1:26441]
[DEBUG] Using pooled Channel '[id: 0x72b0ee16, L:/127.0.0.1:64493 - R:localhost/127.0.0.1:26441]' for 'GET' to 'http://localhost:26441/session/f68ac081e62d540433aa300c159b08ba/screenshot'
[DEBUG] Using open Channel [id: 0x72b0ee16, L:/127.0.0.1:64493 - R:localhost/127.0.0.1:26441] for GET '/session/f68ac081e62d540433aa300c159b08ba/screenshot'
[DEBUG] Entry count for : http://localhost:64495 : 1
[DEBUG] Entry count for : http://localhost:64495 : 1
[DEBUG] Entry count for : http://localhost:64495 : 1
[DEBUG] 

Request DefaultFullHttpRequest(decodeResult: success, version: HTTP/1.1, content: EmptyByteBufBE)
GET /session/f68ac081e62d540433aa300c159b08ba/screenshot HTTP/1.1
User-Agent: selenium/4.6.0 (java windows)
Cache-Control: no-cache
Content-Type: application/json; charset=utf-8
host: localhost:26441
accept: */*

Response DefaultHttpResponse(decodeResult: success, version: HTTP/1.1)
HTTP/1.1 200 OK
Content-Type: application/json; charset=utf-8
cache-control: no-cache
content-length: 1029896

[DEBUG] Adding key: http://localhost:26441 for channel [id: 0x72b0ee16, L:/127.0.0.1:64493 - R:localhost/127.0.0.1:26441]
[INFO] ***********Tab Title displayed*************
[DEBUG] Channel Closed: [id: 0xdea8480f, L:/127.0.0.1:64505 ! R:localhost/127.0.0.1:64495] with attribute NettyResponseFuture{currentRetry=0,
	isDone=1,
	isCancelled=0,
	asyncHandler=org.asynchttpclient.ws.WebSocketUpgradeHandler@6a5acd4c,
	nettyRequest=org.asynchttpclient.netty.request.NettyRequest@2f584e63,
	future=java.util.concurrent.CompletableFuture@5a3e9ef2[Completed normally],
	uri=ws://localhost:64495/devtools/browser/56b27d67-e337-4c20-aae7-f42919158702,
	keepAlive=true,
	redirectCount=0,
	timeoutsHolder=null,
	inAuth=0,
	touch=1698330582319}
[DEBUG] Using pooled Channel '[id: 0x72b0ee16, L:/127.0.0.1:64493 - R:localhost/127.0.0.1:26441]' for 'DELETE' to 'http://localhost:26441/session/f68ac081e62d540433aa300c159b08ba'
[DEBUG] Closing Channel [id: 0xdea8480f, L:/127.0.0.1:64505 ! R:localhost/127.0.0.1:64495] 
[DEBUG] Using open Channel [id: 0x72b0ee16, L:/127.0.0.1:64493 - R:localhost/127.0.0.1:26441] for DELETE '/session/f68ac081e62d540433aa300c159b08ba'
[DEBUG] Entry count for : http://localhost:64495 : 1
[DEBUG] Entry count for : http://localhost:64495 : 1
[DEBUG] Entry count for : http://localhost:64495 : 1
[DEBUG] Unexpected I/O exception on channel [id: 0xde8fa023, L:/127.0.0.1:64504 - R:localhost/127.0.0.1:64495]
java.io.IOException: An existing connection was forcibly closed by the remote host
	at java.base/sun.nio.ch.SocketDispatcher.read0(Native Method) ~[na:na]
	at java.base/sun.nio.ch.SocketDispatcher.read(SocketDispatcher.java:43) ~[na:na]
	at java.base/sun.nio.ch.IOUtil.readIntoNativeBuffer(IOUtil.java:276) ~[na:na]
	at java.base/sun.nio.ch.IOUtil.read(IOUtil.java:233) ~[na:na]
	at java.base/sun.nio.ch.IOUtil.read(IOUtil.java:223) ~[na:na]
	at java.base/sun.nio.ch.SocketChannelImpl.read(SocketChannelImpl.java:358) ~[na:na]
	at io.netty.buffer.PooledByteBuf.setBytes(PooledByteBuf.java:259) ~[netty-buffer-4.1.84.Final.jar:4.1.84.Final]
	at io.netty.buffer.AbstractByteBuf.writeBytes(AbstractByteBuf.java:1132) ~[netty-buffer-4.1.84.Final.jar:4.1.84.Final]
	at io.netty.channel.socket.nio.NioSocketChannel.doReadBytes(NioSocketChannel.java:357) ~[netty-transport-4.1.84.Final.jar:4.1.84.Final]
	at io.netty.channel.nio.AbstractNioByteChannel$NioByteUnsafe.read(AbstractNioByteChannel.java:151) ~[netty-transport-4.1.84.Final.jar:4.1.84.Final]
	at io.netty.channel.nio.NioEventLoop.processSelectedKey(NioEventLoop.java:788) ~[netty-transport-4.1.84.Final.jar:4.1.84.Final]
	at io.netty.channel.nio.NioEventLoop.processSelectedKeysOptimized(NioEventLoop.java:724) ~[netty-transport-4.1.84.Final.jar:4.1.84.Final]
	at io.netty.channel.nio.NioEventLoop.processSelectedKeys(NioEventLoop.java:650) ~[netty-transport-4.1.84.Final.jar:4.1.84.Final]
	at io.netty.channel.nio.NioEventLoop.run(NioEventLoop.java:562) ~[netty-transport-4.1.84.Final.jar:4.1.84.Final]
	at io.netty.util.concurrent.SingleThreadEventExecutor$4.run(SingleThreadEventExecutor.java:997) ~[netty-common-4.1.84.Final.jar:4.1.84.Final]
	at io.netty.util.internal.ThreadExecutorMap$2.run(ThreadExecutorMap.java:74) ~[netty-common-4.1.84.Final.jar:4.1.84.Final]
	at io.netty.util.concurrent.FastThreadLocalRunnable.run(FastThreadLocalRunnable.java:30) ~[netty-common-4.1.84.Final.jar:4.1.84.Final]
	at java.base/java.lang.Thread.run(Thread.java:834) ~[na:na]
[DEBUG] Closing Channel [id: 0xde8fa023, L:/127.0.0.1:64504 - R:localhost/127.0.0.1:64495] 
[DEBUG] Channel Closed: [id: 0xde8fa023, L:/127.0.0.1:64504 ! R:localhost/127.0.0.1:64495] with attribute DISCARD
[DEBUG] 

Request DefaultFullHttpRequest(decodeResult: success, version: HTTP/1.1, content: EmptyByteBufBE)
DELETE /session/f68ac081e62d540433aa300c159b08ba HTTP/1.1
User-Agent: selenium/4.6.0 (java windows)
Content-Type: application/json; charset=utf-8
host: localhost:26441
accept: */*

Response DefaultHttpResponse(decodeResult: success, version: HTTP/1.1)
HTTP/1.1 200 OK
Content-Type: application/json; charset=utf-8
cache-control: no-cache
content-length: 14

[DEBUG] Adding key: http://localhost:26441 for channel [id: 0x72b0ee16, L:/127.0.0.1:64493 - R:localhost/127.0.0.1:26441]
[DEBUG] Entry count for : http://localhost:64495 : 1
[DEBUG] Entry count for : http://localhost:26441 : 1
[DEBUG] Adding Candidate expired Channel [id: 0xde8fa023, L:/127.0.0.1:64504 ! R:localhost/127.0.0.1:64495] isIdleTimeoutExpired=false isRemotelyClosed=true isTtlExpired=false
[DEBUG] Closing Idle Channel [id: 0xde8fa023, L:/127.0.0.1:64504 ! R:localhost/127.0.0.1:64495]
[DEBUG] Closed 1 connections out of 2 in 4 ms
[DEBUG] Channel Closed: [id: 0x72b0ee16, L:/127.0.0.1:64493 ! R:localhost/127.0.0.1:26441] with attribute DISCARD
  Then I should see the appropriate title "Political News" displayed         # stepdefinitions.Steps.verifyPageTitle(java.lang.String)
]]></system-out>
    <system-err><![CDATA[Oct 26, 2023 3:29:35 PM org.openqa.selenium.remote.RemoteWebDriver checkNonW3CCapabilities
WARNING: Support for Legacy Capabilities is deprecated; You are sending the following invalid capabilities: [unexpectedAlertBehaviour]; Please update to W3C Syntax: https://www.selenium.dev/blog/2022/legacy-protocol-support/
Starting ChromeDriver 118.0.5993.70 (e52f33f30b91b4ddfad649acddc39ab570473b86-refs/branch-heads/5993@{#1216}) on port 26441
Only local connections are allowed.
Please see https://chromedriver.chromium.org/security-considerations for suggestions on keeping ChromeDriver safe.
ChromeDriver was started successfully.
Oct 26, 2023 3:29:42 PM org.openqa.selenium.remote.ProtocolHandshake createSession
WARNING: Support for Legacy Capabilities is deprecated; You are sending the following invalid capabilities: [unexpectedAlertBehaviour]; Please update to W3C Syntax: https://www.selenium.dev/blog/2022/legacy-protocol-support/
Oct 26, 2023 3:29:42 PM org.openqa.selenium.devtools.CdpVersionFinder findNearestMatch
WARNING: Unable to find CDP implementation matching 118
Oct 26, 2023 3:29:42 PM org.openqa.selenium.chromium.ChromiumDriver lambda$new$3
WARNING: Unable to find version of CDP to use for . You may need to include a dependency on a specific version of the CDP using something similar to `org.seleniumhq.selenium:selenium-devtools-v86:4.6.0` where the version ("v86") matches the version of the chromium-based browser you're using and the version number of the artifact is the same as Selenium's.
]]></system-err>
  </testcase>
  <testcase name="Verify the number of categories displayed and their names. #5" classname="Sky News website tests" time="30.006">
    <system-out><![CDATA[
Scenario Outline: Verify the number of categories displayed and their names. # src/test/resources/features/skyNews.feature:18
[DEBUG] Using WebDriverManager 5.5.3
[DEBUG] Resolution chrome=118 in cache (valid until 15:31:30 26/10/2023 BST)
[DEBUG] Resolution chrome118=118.0.5993.70 in cache (valid until 22:39:57 26/10/2023 BST)
[INFO] Using chromedriver 118.0.5993.70 (resolved driver for Chrome 118)
[DEBUG] Driver chromedriver 118.0.5993.70 found in cache
[INFO] Exporting webdriver.chrome.driver as C:\Users\sindh\.cache\selenium\chromedriver\win64\118.0.5993.70\chromedriver.exe
[DEBUG] Using new Channel '[id: 0xe2fe9286, L:/127.0.0.1:64613 - R:localhost/127.0.0.1:30233]' for 'POST' to '/session'
[DEBUG] Entry count for : http://localhost:26441 : 1
[DEBUG] Adding Candidate expired Channel [id: 0x72b0ee16, L:/127.0.0.1:64493 ! R:localhost/127.0.0.1:26441] isIdleTimeoutExpired=false isRemotelyClosed=true isTtlExpired=false
[DEBUG] Closing Idle Channel [id: 0x72b0ee16, L:/127.0.0.1:64493 ! R:localhost/127.0.0.1:26441]
[DEBUG] Closed 1 connections out of 1 in 0 ms
[DEBUG] 

Request DefaultHttpRequest(decodeResult: success, version: HTTP/1.1)
POST /session HTTP/1.1
User-Agent: selenium/4.6.0 (java windows)
Content-Length: 1721
Content-Type: application/json; charset=utf-8
host: localhost:30233
accept: */*

Response DefaultHttpResponse(decodeResult: success, version: HTTP/1.1)
HTTP/1.1 200 OK
Content-Type: application/json; charset=utf-8
cache-control: no-cache
content-length: 870

[DEBUG] Adding key: http://localhost:30233 for channel [id: 0xe2fe9286, L:/127.0.0.1:64613 - R:localhost/127.0.0.1:30233]
[DEBUG] Using new Channel '[id: 0x313949d6, L:/127.0.0.1:64623 - R:localhost/127.0.0.1:64614]' for 'GET' to '/json/version'
[DEBUG] 

Request DefaultFullHttpRequest(decodeResult: success, version: HTTP/1.1, content: EmptyByteBufBE)
GET /json/version HTTP/1.1
User-Agent: selenium/4.6.0 (java windows)
host: localhost:64614
accept: */*

Response DefaultHttpResponse(decodeResult: success, version: HTTP/1.1)
HTTP/1.1 200 OK
Content-Security-Policy: frame-ancestors 'none'
Content-Type: application/json; charset=UTF-8
content-length: 423

[DEBUG] Adding key: http://localhost:64614 for channel [id: 0x313949d6, L:/127.0.0.1:64623 - R:localhost/127.0.0.1:64614]
[DEBUG] Using new Channel '[id: 0x31097b81, L:/127.0.0.1:64624 - R:localhost/127.0.0.1:64614]' for 'GET' to '/devtools/browser/ee707703-e9f1-4d92-a933-c2bf4c8245cc'
[DEBUG] 

Request DefaultFullHttpRequest(decodeResult: success, version: HTTP/1.1, content: EmptyByteBufBE)
GET /devtools/browser/ee707703-e9f1-4d92-a933-c2bf4c8245cc HTTP/1.1
upgrade: websocket
connection: upgrade
sec-websocket-key: a3VA3mUmlUbbaxwlFF/TsA==
sec-websocket-version: 13
origin: http://localhost:64614
host: localhost:64614
accept: */*
user-agent: AHC/2.1

Response DefaultHttpResponse(decodeResult: success, version: HTTP/1.1)
HTTP/1.1 101 WebSocket Protocol Handshake
Upgrade: WebSocket
Connection: Upgrade
Sec-WebSocket-Accept: tBGJKuH+tUioqMDBx/4JMPjzXOA=

[DEBUG] Using pooled Channel '[id: 0xe2fe9286, L:/127.0.0.1:64613 - R:localhost/127.0.0.1:30233]' for 'POST' to 'http://localhost:30233/session/c9fc1d6242b34e9fbae73af66d1f3c4d/window/maximize'
[DEBUG] Using open Channel [id: 0xe2fe9286, L:/127.0.0.1:64613 - R:localhost/127.0.0.1:30233] for POST '/session/c9fc1d6242b34e9fbae73af66d1f3c4d/window/maximize'
[DEBUG] Entry count for : http://localhost:64614 : 1
[DEBUG] 

Request DefaultHttpRequest(decodeResult: success, version: HTTP/1.1)
POST /session/c9fc1d6242b34e9fbae73af66d1f3c4d/window/maximize HTTP/1.1
User-Agent: selenium/4.6.0 (java windows)
Content-Length: 3
Content-Type: application/json; charset=utf-8
host: localhost:30233
accept: */*

Response DefaultHttpResponse(decodeResult: success, version: HTTP/1.1)
HTTP/1.1 200 OK
Content-Type: application/json; charset=utf-8
cache-control: no-cache
content-length: 51

[DEBUG] Adding key: http://localhost:30233 for channel [id: 0xe2fe9286, L:/127.0.0.1:64613 - R:localhost/127.0.0.1:30233]
Browser Launched
[DEBUG] Using pooled Channel '[id: 0xe2fe9286, L:/127.0.0.1:64613 - R:localhost/127.0.0.1:30233]' for 'POST' to 'http://localhost:30233/session/c9fc1d6242b34e9fbae73af66d1f3c4d/url'
[DEBUG] Using open Channel [id: 0xe2fe9286, L:/127.0.0.1:64613 - R:localhost/127.0.0.1:30233] for POST '/session/c9fc1d6242b34e9fbae73af66d1f3c4d/url'
[DEBUG] 

Request DefaultHttpRequest(decodeResult: success, version: HTTP/1.1)
POST /session/c9fc1d6242b34e9fbae73af66d1f3c4d/url HTTP/1.1
User-Agent: selenium/4.6.0 (java windows)
Content-Length: 45
Content-Type: application/json; charset=utf-8
host: localhost:30233
accept: */*

Response DefaultHttpResponse(decodeResult: success, version: HTTP/1.1)
HTTP/1.1 200 OK
Content-Type: application/json; charset=utf-8
cache-control: no-cache
content-length: 14

[DEBUG] Adding key: http://localhost:30233 for channel [id: 0xe2fe9286, L:/127.0.0.1:64613 - R:localhost/127.0.0.1:30233]
[DEBUG] Using pooled Channel '[id: 0xe2fe9286, L:/127.0.0.1:64613 - R:localhost/127.0.0.1:30233]' for 'POST' to 'http://localhost:30233/session/c9fc1d6242b34e9fbae73af66d1f3c4d/timeouts'
[DEBUG] Using open Channel [id: 0xe2fe9286, L:/127.0.0.1:64613 - R:localhost/127.0.0.1:30233] for POST '/session/c9fc1d6242b34e9fbae73af66d1f3c4d/timeouts'
[DEBUG] 

Request DefaultHttpRequest(decodeResult: success, version: HTTP/1.1)
POST /session/c9fc1d6242b34e9fbae73af66d1f3c4d/timeouts HTTP/1.1
User-Agent: selenium/4.6.0 (java windows)
Content-Length: 23
Content-Type: application/json; charset=utf-8
host: localhost:30233
accept: */*

Response DefaultHttpResponse(decodeResult: success, version: HTTP/1.1)
HTTP/1.1 200 OK
Content-Type: application/json; charset=utf-8
cache-control: no-cache
content-length: 14

[DEBUG] Adding key: http://localhost:30233 for channel [id: 0xe2fe9286, L:/127.0.0.1:64613 - R:localhost/127.0.0.1:30233]
[INFO] SkyNews Displayed.............
[DEBUG] Using pooled Channel '[id: 0xe2fe9286, L:/127.0.0.1:64613 - R:localhost/127.0.0.1:30233]' for 'GET' to 'http://localhost:30233/session/c9fc1d6242b34e9fbae73af66d1f3c4d/screenshot'
[DEBUG] Using open Channel [id: 0xe2fe9286, L:/127.0.0.1:64613 - R:localhost/127.0.0.1:30233] for GET '/session/c9fc1d6242b34e9fbae73af66d1f3c4d/screenshot'
[DEBUG] Entry count for : http://localhost:64614 : 1
[DEBUG] Entry count for : http://localhost:64614 : 1
[DEBUG] Entry count for : http://localhost:64614 : 1
[DEBUG] Entry count for : http://localhost:64614 : 1
[DEBUG] Entry count for : http://localhost:64614 : 1
[DEBUG] Entry count for : http://localhost:64614 : 1
[DEBUG] Entry count for : http://localhost:64614 : 1
[DEBUG] Entry count for : http://localhost:64614 : 1
[DEBUG] 

Request DefaultFullHttpRequest(decodeResult: success, version: HTTP/1.1, content: EmptyByteBufBE)
GET /session/c9fc1d6242b34e9fbae73af66d1f3c4d/screenshot HTTP/1.1
User-Agent: selenium/4.6.0 (java windows)
Cache-Control: no-cache
Content-Type: application/json; charset=utf-8
host: localhost:30233
accept: */*

Response DefaultHttpResponse(decodeResult: success, version: HTTP/1.1)
HTTP/1.1 200 OK
Content-Type: application/json; charset=utf-8
cache-control: no-cache
content-length: 733016

[DEBUG] Adding key: http://localhost:30233 for channel [id: 0xe2fe9286, L:/127.0.0.1:64613 - R:localhost/127.0.0.1:30233]
[DEBUG] Using pooled Channel '[id: 0xe2fe9286, L:/127.0.0.1:64613 - R:localhost/127.0.0.1:30233]' for 'POST' to 'http://localhost:30233/session/c9fc1d6242b34e9fbae73af66d1f3c4d/elements'
[DEBUG] Using open Channel [id: 0xe2fe9286, L:/127.0.0.1:64613 - R:localhost/127.0.0.1:30233] for POST '/session/c9fc1d6242b34e9fbae73af66d1f3c4d/elements'
[DEBUG] Entry count for : http://localhost:64614 : 1
[DEBUG] Entry count for : http://localhost:64614 : 1
[DEBUG] Entry count for : http://localhost:64614 : 1
[DEBUG] Entry count for : http://localhost:64614 : 1
[DEBUG] Entry count for : http://localhost:64614 : 1
[DEBUG] Entry count for : http://localhost:64614 : 1
[DEBUG] Entry count for : http://localhost:64614 : 1
[DEBUG] Entry count for : http://localhost:64614 : 1
[DEBUG] Entry count for : http://localhost:64614 : 1
[DEBUG] Entry count for : http://localhost:64614 : 1
[DEBUG] 

Request DefaultHttpRequest(decodeResult: success, version: HTTP/1.1)
POST /session/c9fc1d6242b34e9fbae73af66d1f3c4d/elements HTTP/1.1
User-Agent: selenium/4.6.0 (java windows)
Content-Length: 122
Content-Type: application/json; charset=utf-8
host: localhost:30233
accept: */*

Response DefaultHttpResponse(decodeResult: success, version: HTTP/1.1)
HTTP/1.1 200 OK
Content-Type: application/json; charset=utf-8
cache-control: no-cache
content-length: 12

[DEBUG] Adding key: http://localhost:30233 for channel [id: 0xe2fe9286, L:/127.0.0.1:64613 - R:localhost/127.0.0.1:30233]
[DEBUG] Using pooled Channel '[id: 0xe2fe9286, L:/127.0.0.1:64613 - R:localhost/127.0.0.1:30233]' for 'POST' to 'http://localhost:30233/session/c9fc1d6242b34e9fbae73af66d1f3c4d/elements'
[DEBUG] Using open Channel [id: 0xe2fe9286, L:/127.0.0.1:64613 - R:localhost/127.0.0.1:30233] for POST '/session/c9fc1d6242b34e9fbae73af66d1f3c4d/elements'
[DEBUG] 

Request DefaultHttpRequest(decodeResult: success, version: HTTP/1.1)
POST /session/c9fc1d6242b34e9fbae73af66d1f3c4d/elements HTTP/1.1
User-Agent: selenium/4.6.0 (java windows)
Content-Length: 106
Content-Type: application/json; charset=utf-8
host: localhost:30233
accept: */*

Response DefaultHttpResponse(decodeResult: success, version: HTTP/1.1)
HTTP/1.1 200 OK
Content-Type: application/json; charset=utf-8
cache-control: no-cache
content-length: 97

[DEBUG] Adding key: http://localhost:30233 for channel [id: 0xe2fe9286, L:/127.0.0.1:64613 - R:localhost/127.0.0.1:30233]
[DEBUG] Using pooled Channel '[id: 0xe2fe9286, L:/127.0.0.1:64613 - R:localhost/127.0.0.1:30233]' for 'POST' to 'http://localhost:30233/session/c9fc1d6242b34e9fbae73af66d1f3c4d/frame'
[DEBUG] Using open Channel [id: 0xe2fe9286, L:/127.0.0.1:64613 - R:localhost/127.0.0.1:30233] for POST '/session/c9fc1d6242b34e9fbae73af66d1f3c4d/frame'
[DEBUG] 

Request DefaultHttpRequest(decodeResult: success, version: HTTP/1.1)
POST /session/c9fc1d6242b34e9fbae73af66d1f3c4d/frame HTTP/1.1
User-Agent: selenium/4.6.0 (java windows)
Content-Length: 168
Content-Type: application/json; charset=utf-8
host: localhost:30233
accept: */*

Response DefaultHttpResponse(decodeResult: success, version: HTTP/1.1)
HTTP/1.1 200 OK
Content-Type: application/json; charset=utf-8
cache-control: no-cache
content-length: 14

[DEBUG] Adding key: http://localhost:30233 for channel [id: 0xe2fe9286, L:/127.0.0.1:64613 - R:localhost/127.0.0.1:30233]
[DEBUG] Using pooled Channel '[id: 0xe2fe9286, L:/127.0.0.1:64613 - R:localhost/127.0.0.1:30233]' for 'POST' to 'http://localhost:30233/session/c9fc1d6242b34e9fbae73af66d1f3c4d/element'
[DEBUG] Using open Channel [id: 0xe2fe9286, L:/127.0.0.1:64613 - R:localhost/127.0.0.1:30233] for POST '/session/c9fc1d6242b34e9fbae73af66d1f3c4d/element'
[DEBUG] 

Request DefaultHttpRequest(decodeResult: success, version: HTTP/1.1)
POST /session/c9fc1d6242b34e9fbae73af66d1f3c4d/element HTTP/1.1
User-Agent: selenium/4.6.0 (java windows)
Content-Length: 88
Content-Type: application/json; charset=utf-8
host: localhost:30233
accept: */*

Response DefaultHttpResponse(decodeResult: success, version: HTTP/1.1)
HTTP/1.1 200 OK
Content-Type: application/json; charset=utf-8
cache-control: no-cache
content-length: 95

[DEBUG] Adding key: http://localhost:30233 for channel [id: 0xe2fe9286, L:/127.0.0.1:64613 - R:localhost/127.0.0.1:30233]
[DEBUG] Using pooled Channel '[id: 0xe2fe9286, L:/127.0.0.1:64613 - R:localhost/127.0.0.1:30233]' for 'POST' to 'http://localhost:30233/session/c9fc1d6242b34e9fbae73af66d1f3c4d/element/EFA1194AEC82E319292DBBA00A554390_element_16/click'
[DEBUG] Using open Channel [id: 0xe2fe9286, L:/127.0.0.1:64613 - R:localhost/127.0.0.1:30233] for POST '/session/c9fc1d6242b34e9fbae73af66d1f3c4d/element/EFA1194AEC82E319292DBBA00A554390_element_16/click'
[DEBUG] 

Request DefaultHttpRequest(decodeResult: success, version: HTTP/1.1)
POST /session/c9fc1d6242b34e9fbae73af66d1f3c4d/element/EFA1194AEC82E319292DBBA00A554390_element_16/click HTTP/1.1
User-Agent: selenium/4.6.0 (java windows)
Content-Length: 57
Content-Type: application/json; charset=utf-8
host: localhost:30233
accept: */*

Response DefaultHttpResponse(decodeResult: success, version: HTTP/1.1)
HTTP/1.1 200 OK
Content-Type: application/json; charset=utf-8
cache-control: no-cache
content-length: 14

[DEBUG] Adding key: http://localhost:30233 for channel [id: 0xe2fe9286, L:/127.0.0.1:64613 - R:localhost/127.0.0.1:30233]
[DEBUG] Entry count for : http://localhost:64614 : 1
[DEBUG] Entry count for : http://localhost:30233 : 1
  Given I navigate to Sky News Website home page                             # stepdefinitions.Steps.loadHomePage()
[DEBUG] Using pooled Channel '[id: 0xe2fe9286, L:/127.0.0.1:64613 - R:localhost/127.0.0.1:30233]' for 'POST' to 'http://localhost:30233/session/c9fc1d6242b34e9fbae73af66d1f3c4d/element'
[DEBUG] Using open Channel [id: 0xe2fe9286, L:/127.0.0.1:64613 - R:localhost/127.0.0.1:30233] for POST '/session/c9fc1d6242b34e9fbae73af66d1f3c4d/element'
[DEBUG] Entry count for : http://localhost:64614 : 1
[DEBUG] 

Request DefaultHttpRequest(decodeResult: success, version: HTTP/1.1)
POST /session/c9fc1d6242b34e9fbae73af66d1f3c4d/element HTTP/1.1
User-Agent: selenium/4.6.0 (java windows)
Content-Length: 123
Content-Type: application/json; charset=utf-8
host: localhost:30233
accept: */*

Response DefaultHttpResponse(decodeResult: success, version: HTTP/1.1)
HTTP/1.1 200 OK
Content-Type: application/json; charset=utf-8
cache-control: no-cache
content-length: 95

[DEBUG] Adding key: http://localhost:30233 for channel [id: 0xe2fe9286, L:/127.0.0.1:64613 - R:localhost/127.0.0.1:30233]
[DEBUG] Using pooled Channel '[id: 0xe2fe9286, L:/127.0.0.1:64613 - R:localhost/127.0.0.1:30233]' for 'POST' to 'http://localhost:30233/session/c9fc1d6242b34e9fbae73af66d1f3c4d/element/327740B9B6741185E8605922D5E41FFE_element_47/click'
[DEBUG] Using open Channel [id: 0xe2fe9286, L:/127.0.0.1:64613 - R:localhost/127.0.0.1:30233] for POST '/session/c9fc1d6242b34e9fbae73af66d1f3c4d/element/327740B9B6741185E8605922D5E41FFE_element_47/click'
[DEBUG] Entry count for : http://localhost:64614 : 1
[DEBUG] 

Request DefaultHttpRequest(decodeResult: success, version: HTTP/1.1)
POST /session/c9fc1d6242b34e9fbae73af66d1f3c4d/element/327740B9B6741185E8605922D5E41FFE_element_47/click HTTP/1.1
User-Agent: selenium/4.6.0 (java windows)
Content-Length: 57
Content-Type: application/json; charset=utf-8
host: localhost:30233
accept: */*

Response DefaultHttpResponse(decodeResult: success, version: HTTP/1.1)
HTTP/1.1 200 OK
Content-Type: application/json; charset=utf-8
cache-control: no-cache
content-length: 14

[DEBUG] Adding key: http://localhost:30233 for channel [id: 0xe2fe9286, L:/127.0.0.1:64613 - R:localhost/127.0.0.1:30233]
  When I click the "US" tab                                                  # stepdefinitions.Steps.selectTab(java.lang.String)
[DEBUG] Using pooled Channel '[id: 0xe2fe9286, L:/127.0.0.1:64613 - R:localhost/127.0.0.1:30233]' for 'GET' to 'http://localhost:30233/session/c9fc1d6242b34e9fbae73af66d1f3c4d/title'
[DEBUG] Using open Channel [id: 0xe2fe9286, L:/127.0.0.1:64613 - R:localhost/127.0.0.1:30233] for GET '/session/c9fc1d6242b34e9fbae73af66d1f3c4d/title'
[DEBUG] 

Request DefaultFullHttpRequest(decodeResult: success, version: HTTP/1.1, content: EmptyByteBufBE)
GET /session/c9fc1d6242b34e9fbae73af66d1f3c4d/title HTTP/1.1
User-Agent: selenium/4.6.0 (java windows)
Cache-Control: no-cache
Content-Type: application/json; charset=utf-8
host: localhost:30233
accept: */*

Response DefaultHttpResponse(decodeResult: success, version: HTTP/1.1)
HTTP/1.1 200 OK
Content-Type: application/json; charset=utf-8
cache-control: no-cache
content-length: 65

[DEBUG] Adding key: http://localhost:30233 for channel [id: 0xe2fe9286, L:/127.0.0.1:64613 - R:localhost/127.0.0.1:30233]
[DEBUG] Using pooled Channel '[id: 0xe2fe9286, L:/127.0.0.1:64613 - R:localhost/127.0.0.1:30233]' for 'GET' to 'http://localhost:30233/session/c9fc1d6242b34e9fbae73af66d1f3c4d/screenshot'
[DEBUG] Using open Channel [id: 0xe2fe9286, L:/127.0.0.1:64613 - R:localhost/127.0.0.1:30233] for GET '/session/c9fc1d6242b34e9fbae73af66d1f3c4d/screenshot'
[DEBUG] Entry count for : http://localhost:64614 : 1
[DEBUG] 

Request DefaultFullHttpRequest(decodeResult: success, version: HTTP/1.1, content: EmptyByteBufBE)
GET /session/c9fc1d6242b34e9fbae73af66d1f3c4d/screenshot HTTP/1.1
User-Agent: selenium/4.6.0 (java windows)
Cache-Control: no-cache
Content-Type: application/json; charset=utf-8
host: localhost:30233
accept: */*

Response DefaultHttpResponse(decodeResult: success, version: HTTP/1.1)
HTTP/1.1 200 OK
Content-Type: application/json; charset=utf-8
cache-control: no-cache
content-length: 1240020

[DEBUG] Adding key: http://localhost:30233 for channel [id: 0xe2fe9286, L:/127.0.0.1:64613 - R:localhost/127.0.0.1:30233]
[INFO] ***********Tab Title displayed*************
[DEBUG] Channel Closed: [id: 0x31097b81, L:/127.0.0.1:64624 ! R:localhost/127.0.0.1:64614] with attribute NettyResponseFuture{currentRetry=0,
	isDone=1,
	isCancelled=0,
	asyncHandler=org.asynchttpclient.ws.WebSocketUpgradeHandler@47d93016,
	nettyRequest=org.asynchttpclient.netty.request.NettyRequest@5e7066bc,
	future=java.util.concurrent.CompletableFuture@2df3d08c[Completed normally],
	uri=ws://localhost:64614/devtools/browser/ee707703-e9f1-4d92-a933-c2bf4c8245cc,
	keepAlive=true,
	redirectCount=0,
	timeoutsHolder=null,
	inAuth=0,
	touch=1698330621325}
[DEBUG] Closing Channel [id: 0x31097b81, L:/127.0.0.1:64624 ! R:localhost/127.0.0.1:64614] 
[DEBUG] Using pooled Channel '[id: 0xe2fe9286, L:/127.0.0.1:64613 - R:localhost/127.0.0.1:30233]' for 'DELETE' to 'http://localhost:30233/session/c9fc1d6242b34e9fbae73af66d1f3c4d'
[DEBUG] Using open Channel [id: 0xe2fe9286, L:/127.0.0.1:64613 - R:localhost/127.0.0.1:30233] for DELETE '/session/c9fc1d6242b34e9fbae73af66d1f3c4d'
[DEBUG] Entry count for : http://localhost:64614 : 1
[DEBUG] Unexpected I/O exception on channel [id: 0x313949d6, L:/127.0.0.1:64623 - R:localhost/127.0.0.1:64614]
java.io.IOException: An existing connection was forcibly closed by the remote host
	at java.base/sun.nio.ch.SocketDispatcher.read0(Native Method) ~[na:na]
	at java.base/sun.nio.ch.SocketDispatcher.read(SocketDispatcher.java:43) ~[na:na]
	at java.base/sun.nio.ch.IOUtil.readIntoNativeBuffer(IOUtil.java:276) ~[na:na]
	at java.base/sun.nio.ch.IOUtil.read(IOUtil.java:233) ~[na:na]
	at java.base/sun.nio.ch.IOUtil.read(IOUtil.java:223) ~[na:na]
	at java.base/sun.nio.ch.SocketChannelImpl.read(SocketChannelImpl.java:358) ~[na:na]
	at io.netty.buffer.PooledByteBuf.setBytes(PooledByteBuf.java:259) ~[netty-buffer-4.1.84.Final.jar:4.1.84.Final]
	at io.netty.buffer.AbstractByteBuf.writeBytes(AbstractByteBuf.java:1132) ~[netty-buffer-4.1.84.Final.jar:4.1.84.Final]
	at io.netty.channel.socket.nio.NioSocketChannel.doReadBytes(NioSocketChannel.java:357) ~[netty-transport-4.1.84.Final.jar:4.1.84.Final]
	at io.netty.channel.nio.AbstractNioByteChannel$NioByteUnsafe.read(AbstractNioByteChannel.java:151) ~[netty-transport-4.1.84.Final.jar:4.1.84.Final]
	at io.netty.channel.nio.NioEventLoop.processSelectedKey(NioEventLoop.java:788) ~[netty-transport-4.1.84.Final.jar:4.1.84.Final]
	at io.netty.channel.nio.NioEventLoop.processSelectedKeysOptimized(NioEventLoop.java:724) ~[netty-transport-4.1.84.Final.jar:4.1.84.Final]
	at io.netty.channel.nio.NioEventLoop.processSelectedKeys(NioEventLoop.java:650) ~[netty-transport-4.1.84.Final.jar:4.1.84.Final]
	at io.netty.channel.nio.NioEventLoop.run(NioEventLoop.java:562) ~[netty-transport-4.1.84.Final.jar:4.1.84.Final]
	at io.netty.util.concurrent.SingleThreadEventExecutor$4.run(SingleThreadEventExecutor.java:997) ~[netty-common-4.1.84.Final.jar:4.1.84.Final]
	at io.netty.util.internal.ThreadExecutorMap$2.run(ThreadExecutorMap.java:74) ~[netty-common-4.1.84.Final.jar:4.1.84.Final]
	at io.netty.util.concurrent.FastThreadLocalRunnable.run(FastThreadLocalRunnable.java:30) ~[netty-common-4.1.84.Final.jar:4.1.84.Final]
	at java.base/java.lang.Thread.run(Thread.java:834) ~[na:na]
[DEBUG] Closing Channel [id: 0x313949d6, L:/127.0.0.1:64623 - R:localhost/127.0.0.1:64614] 
[DEBUG] Channel Closed: [id: 0x313949d6, L:/127.0.0.1:64623 ! R:localhost/127.0.0.1:64614] with attribute DISCARD
[DEBUG] 

Request DefaultFullHttpRequest(decodeResult: success, version: HTTP/1.1, content: EmptyByteBufBE)
DELETE /session/c9fc1d6242b34e9fbae73af66d1f3c4d HTTP/1.1
User-Agent: selenium/4.6.0 (java windows)
Content-Type: application/json; charset=utf-8
host: localhost:30233
accept: */*

Response DefaultHttpResponse(decodeResult: success, version: HTTP/1.1)
HTTP/1.1 200 OK
Content-Type: application/json; charset=utf-8
cache-control: no-cache
content-length: 14

[DEBUG] Adding key: http://localhost:30233 for channel [id: 0xe2fe9286, L:/127.0.0.1:64613 - R:localhost/127.0.0.1:30233]
[DEBUG] Channel Closed: [id: 0xe2fe9286, L:/127.0.0.1:64613 ! R:localhost/127.0.0.1:30233] with attribute DISCARD
  Then I should see the appropriate title "US News" displayed                # stepdefinitions.Steps.verifyPageTitle(java.lang.String)
]]></system-out>
    <system-err><![CDATA[Oct 26, 2023 3:30:17 PM org.openqa.selenium.remote.RemoteWebDriver checkNonW3CCapabilities
WARNING: Support for Legacy Capabilities is deprecated; You are sending the following invalid capabilities: [unexpectedAlertBehaviour]; Please update to W3C Syntax: https://www.selenium.dev/blog/2022/legacy-protocol-support/
Starting ChromeDriver 118.0.5993.70 (e52f33f30b91b4ddfad649acddc39ab570473b86-refs/branch-heads/5993@{#1216}) on port 30233
Only local connections are allowed.
Please see https://chromedriver.chromium.org/security-considerations for suggestions on keeping ChromeDriver safe.
ChromeDriver was started successfully.
Oct 26, 2023 3:30:21 PM org.openqa.selenium.remote.ProtocolHandshake createSession
WARNING: Support for Legacy Capabilities is deprecated; You are sending the following invalid capabilities: [unexpectedAlertBehaviour]; Please update to W3C Syntax: https://www.selenium.dev/blog/2022/legacy-protocol-support/
Oct 26, 2023 3:30:21 PM org.openqa.selenium.devtools.CdpVersionFinder findNearestMatch
WARNING: Unable to find CDP implementation matching 118
Oct 26, 2023 3:30:21 PM org.openqa.selenium.chromium.ChromiumDriver lambda$new$3
WARNING: Unable to find version of CDP to use for . You may need to include a dependency on a specific version of the CDP using something similar to `org.seleniumhq.selenium:selenium-devtools-v86:4.6.0` where the version ("v86") matches the version of the chromium-based browser you're using and the version number of the artifact is the same as Selenium's.
]]></system-err>
  </testcase>
  <testcase name="Verify the number of categories displayed and their names. #6" classname="Sky News website tests" time="43.943">
    <system-out><![CDATA[
Scenario Outline: Verify the number of categories displayed and their names. # src/test/resources/features/skyNews.feature:19
[DEBUG] Using WebDriverManager 5.5.3
[DEBUG] Resolution chrome=118 in cache (valid until 15:31:30 26/10/2023 BST)
[DEBUG] Resolution chrome118=118.0.5993.70 in cache (valid until 22:39:57 26/10/2023 BST)
[INFO] Using chromedriver 118.0.5993.70 (resolved driver for Chrome 118)
[DEBUG] Driver chromedriver 118.0.5993.70 found in cache
[INFO] Exporting webdriver.chrome.driver as C:\Users\sindh\.cache\selenium\chromedriver\win64\118.0.5993.70\chromedriver.exe
[DEBUG] Entry count for : http://localhost:64614 : 1
[DEBUG] Entry count for : http://localhost:30233 : 1
[DEBUG] Adding Candidate expired Channel [id: 0x313949d6, L:/127.0.0.1:64623 ! R:localhost/127.0.0.1:64614] isIdleTimeoutExpired=false isRemotelyClosed=true isTtlExpired=false
[DEBUG] Closing Idle Channel [id: 0x313949d6, L:/127.0.0.1:64623 ! R:localhost/127.0.0.1:64614]
[DEBUG] Adding Candidate expired Channel [id: 0xe2fe9286, L:/127.0.0.1:64613 ! R:localhost/127.0.0.1:30233] isIdleTimeoutExpired=false isRemotelyClosed=true isTtlExpired=false
[DEBUG] Closing Idle Channel [id: 0xe2fe9286, L:/127.0.0.1:64613 ! R:localhost/127.0.0.1:30233]
[DEBUG] Closed 2 connections out of 2 in 0 ms
[DEBUG] Using new Channel '[id: 0x4a2f7e85, L:/127.0.0.1:64719 - R:localhost/127.0.0.1:14111]' for 'POST' to '/session'
[DEBUG] 

Request DefaultHttpRequest(decodeResult: success, version: HTTP/1.1)
POST /session HTTP/1.1
User-Agent: selenium/4.6.0 (java windows)
Content-Length: 1721
Content-Type: application/json; charset=utf-8
host: localhost:14111
accept: */*

Response DefaultHttpResponse(decodeResult: success, version: HTTP/1.1)
HTTP/1.1 200 OK
Content-Type: application/json; charset=utf-8
cache-control: no-cache
content-length: 870

[DEBUG] Adding key: http://localhost:14111 for channel [id: 0x4a2f7e85, L:/127.0.0.1:64719 - R:localhost/127.0.0.1:14111]
[DEBUG] Using new Channel '[id: 0x5fe8b2ec, L:/127.0.0.1:64728 - R:localhost/127.0.0.1:64720]' for 'GET' to '/json/version'
[DEBUG] 

Request DefaultFullHttpRequest(decodeResult: success, version: HTTP/1.1, content: EmptyByteBufBE)
GET /json/version HTTP/1.1
User-Agent: selenium/4.6.0 (java windows)
host: localhost:64720
accept: */*

Response DefaultHttpResponse(decodeResult: success, version: HTTP/1.1)
HTTP/1.1 200 OK
Content-Security-Policy: frame-ancestors 'none'
Content-Type: application/json; charset=UTF-8
content-length: 423

[DEBUG] Adding key: http://localhost:64720 for channel [id: 0x5fe8b2ec, L:/127.0.0.1:64728 - R:localhost/127.0.0.1:64720]
[DEBUG] Using new Channel '[id: 0x02d3730a, L:/127.0.0.1:64729 - R:localhost/127.0.0.1:64720]' for 'GET' to '/devtools/browser/1576c145-b12c-4587-b357-a59e34c1a423'
[DEBUG] 

Request DefaultFullHttpRequest(decodeResult: success, version: HTTP/1.1, content: EmptyByteBufBE)
GET /devtools/browser/1576c145-b12c-4587-b357-a59e34c1a423 HTTP/1.1
upgrade: websocket
connection: upgrade
sec-websocket-key: 0TKcUS8wqNEEeEHkpew/tw==
sec-websocket-version: 13
origin: http://localhost:64720
host: localhost:64720
accept: */*
user-agent: AHC/2.1

Response DefaultHttpResponse(decodeResult: success, version: HTTP/1.1)
HTTP/1.1 101 WebSocket Protocol Handshake
Upgrade: WebSocket
Connection: Upgrade
Sec-WebSocket-Accept: R/t+k5pLGdb3QRseOOVOLRflvyY=

[DEBUG] Using pooled Channel '[id: 0x4a2f7e85, L:/127.0.0.1:64719 - R:localhost/127.0.0.1:14111]' for 'POST' to 'http://localhost:14111/session/f7c5cda381acea8fb1268bb8e0adc292/window/maximize'
[DEBUG] Using open Channel [id: 0x4a2f7e85, L:/127.0.0.1:64719 - R:localhost/127.0.0.1:14111] for POST '/session/f7c5cda381acea8fb1268bb8e0adc292/window/maximize'
[DEBUG] 

Request DefaultHttpRequest(decodeResult: success, version: HTTP/1.1)
POST /session/f7c5cda381acea8fb1268bb8e0adc292/window/maximize HTTP/1.1
User-Agent: selenium/4.6.0 (java windows)
Content-Length: 3
Content-Type: application/json; charset=utf-8
host: localhost:14111
accept: */*

Response DefaultHttpResponse(decodeResult: success, version: HTTP/1.1)
HTTP/1.1 200 OK
Content-Type: application/json; charset=utf-8
cache-control: no-cache
content-length: 51

[DEBUG] Adding key: http://localhost:14111 for channel [id: 0x4a2f7e85, L:/127.0.0.1:64719 - R:localhost/127.0.0.1:14111]
Browser Launched
[DEBUG] Using pooled Channel '[id: 0x4a2f7e85, L:/127.0.0.1:64719 - R:localhost/127.0.0.1:14111]' for 'POST' to 'http://localhost:14111/session/f7c5cda381acea8fb1268bb8e0adc292/url'
[DEBUG] Using open Channel [id: 0x4a2f7e85, L:/127.0.0.1:64719 - R:localhost/127.0.0.1:14111] for POST '/session/f7c5cda381acea8fb1268bb8e0adc292/url'
[DEBUG] Entry count for : http://localhost:64720 : 1
[DEBUG] Entry count for : http://localhost:64720 : 1
[DEBUG] 

Request DefaultHttpRequest(decodeResult: success, version: HTTP/1.1)
POST /session/f7c5cda381acea8fb1268bb8e0adc292/url HTTP/1.1
User-Agent: selenium/4.6.0 (java windows)
Content-Length: 45
Content-Type: application/json; charset=utf-8
host: localhost:14111
accept: */*

Response DefaultHttpResponse(decodeResult: success, version: HTTP/1.1)
HTTP/1.1 200 OK
Content-Type: application/json; charset=utf-8
cache-control: no-cache
content-length: 14

[DEBUG] Adding key: http://localhost:14111 for channel [id: 0x4a2f7e85, L:/127.0.0.1:64719 - R:localhost/127.0.0.1:14111]
[DEBUG] Using pooled Channel '[id: 0x4a2f7e85, L:/127.0.0.1:64719 - R:localhost/127.0.0.1:14111]' for 'POST' to 'http://localhost:14111/session/f7c5cda381acea8fb1268bb8e0adc292/timeouts'
[DEBUG] Using open Channel [id: 0x4a2f7e85, L:/127.0.0.1:64719 - R:localhost/127.0.0.1:14111] for POST '/session/f7c5cda381acea8fb1268bb8e0adc292/timeouts'
[DEBUG] 

Request DefaultHttpRequest(decodeResult: success, version: HTTP/1.1)
POST /session/f7c5cda381acea8fb1268bb8e0adc292/timeouts HTTP/1.1
User-Agent: selenium/4.6.0 (java windows)
Content-Length: 23
Content-Type: application/json; charset=utf-8
host: localhost:14111
accept: */*

Response DefaultHttpResponse(decodeResult: success, version: HTTP/1.1)
HTTP/1.1 200 OK
Content-Type: application/json; charset=utf-8
cache-control: no-cache
content-length: 14

[DEBUG] Adding key: http://localhost:14111 for channel [id: 0x4a2f7e85, L:/127.0.0.1:64719 - R:localhost/127.0.0.1:14111]
[INFO] SkyNews Displayed.............
[DEBUG] Using pooled Channel '[id: 0x4a2f7e85, L:/127.0.0.1:64719 - R:localhost/127.0.0.1:14111]' for 'GET' to 'http://localhost:14111/session/f7c5cda381acea8fb1268bb8e0adc292/screenshot'
[DEBUG] Using open Channel [id: 0x4a2f7e85, L:/127.0.0.1:64719 - R:localhost/127.0.0.1:14111] for GET '/session/f7c5cda381acea8fb1268bb8e0adc292/screenshot'
[DEBUG] Entry count for : http://localhost:64720 : 1
[DEBUG] Entry count for : http://localhost:64720 : 1
[DEBUG] Entry count for : http://localhost:64720 : 1
[DEBUG] Entry count for : http://localhost:64720 : 1
[DEBUG] 

Request DefaultFullHttpRequest(decodeResult: success, version: HTTP/1.1, content: EmptyByteBufBE)
GET /session/f7c5cda381acea8fb1268bb8e0adc292/screenshot HTTP/1.1
User-Agent: selenium/4.6.0 (java windows)
Cache-Control: no-cache
Content-Type: application/json; charset=utf-8
host: localhost:14111
accept: */*

Response DefaultHttpResponse(decodeResult: success, version: HTTP/1.1)
HTTP/1.1 200 OK
Content-Type: application/json; charset=utf-8
cache-control: no-cache
content-length: 1220248

[DEBUG] Adding key: http://localhost:14111 for channel [id: 0x4a2f7e85, L:/127.0.0.1:64719 - R:localhost/127.0.0.1:14111]
[DEBUG] Entry count for : http://localhost:14111 : 1
[DEBUG] Entry count for : http://localhost:64720 : 1
[DEBUG] Using pooled Channel '[id: 0x4a2f7e85, L:/127.0.0.1:64719 - R:localhost/127.0.0.1:14111]' for 'POST' to 'http://localhost:14111/session/f7c5cda381acea8fb1268bb8e0adc292/elements'
[DEBUG] Using open Channel [id: 0x4a2f7e85, L:/127.0.0.1:64719 - R:localhost/127.0.0.1:14111] for POST '/session/f7c5cda381acea8fb1268bb8e0adc292/elements'
[DEBUG] Entry count for : http://localhost:64720 : 1
[DEBUG] Entry count for : http://localhost:64720 : 1
[DEBUG] Entry count for : http://localhost:64720 : 1
[DEBUG] Entry count for : http://localhost:64720 : 1
[DEBUG] Entry count for : http://localhost:64720 : 1
[DEBUG] Entry count for : http://localhost:64720 : 1
[DEBUG] Entry count for : http://localhost:64720 : 1
[DEBUG] Entry count for : http://localhost:64720 : 1
[DEBUG] Entry count for : http://localhost:64720 : 1
[DEBUG] 

Request DefaultHttpRequest(decodeResult: success, version: HTTP/1.1)
POST /session/f7c5cda381acea8fb1268bb8e0adc292/elements HTTP/1.1
User-Agent: selenium/4.6.0 (java windows)
Content-Length: 122
Content-Type: application/json; charset=utf-8
host: localhost:14111
accept: */*

Response DefaultHttpResponse(decodeResult: success, version: HTTP/1.1)
HTTP/1.1 200 OK
Content-Type: application/json; charset=utf-8
cache-control: no-cache
content-length: 12

[DEBUG] Adding key: http://localhost:14111 for channel [id: 0x4a2f7e85, L:/127.0.0.1:64719 - R:localhost/127.0.0.1:14111]
[DEBUG] Using pooled Channel '[id: 0x4a2f7e85, L:/127.0.0.1:64719 - R:localhost/127.0.0.1:14111]' for 'POST' to 'http://localhost:14111/session/f7c5cda381acea8fb1268bb8e0adc292/elements'
[DEBUG] Using open Channel [id: 0x4a2f7e85, L:/127.0.0.1:64719 - R:localhost/127.0.0.1:14111] for POST '/session/f7c5cda381acea8fb1268bb8e0adc292/elements'
[DEBUG] 

Request DefaultHttpRequest(decodeResult: success, version: HTTP/1.1)
POST /session/f7c5cda381acea8fb1268bb8e0adc292/elements HTTP/1.1
User-Agent: selenium/4.6.0 (java windows)
Content-Length: 106
Content-Type: application/json; charset=utf-8
host: localhost:14111
accept: */*

Response DefaultHttpResponse(decodeResult: success, version: HTTP/1.1)
HTTP/1.1 200 OK
Content-Type: application/json; charset=utf-8
cache-control: no-cache
content-length: 97

[DEBUG] Adding key: http://localhost:14111 for channel [id: 0x4a2f7e85, L:/127.0.0.1:64719 - R:localhost/127.0.0.1:14111]
[DEBUG] Using pooled Channel '[id: 0x4a2f7e85, L:/127.0.0.1:64719 - R:localhost/127.0.0.1:14111]' for 'POST' to 'http://localhost:14111/session/f7c5cda381acea8fb1268bb8e0adc292/frame'
[DEBUG] Using open Channel [id: 0x4a2f7e85, L:/127.0.0.1:64719 - R:localhost/127.0.0.1:14111] for POST '/session/f7c5cda381acea8fb1268bb8e0adc292/frame'
[DEBUG] 

Request DefaultHttpRequest(decodeResult: success, version: HTTP/1.1)
POST /session/f7c5cda381acea8fb1268bb8e0adc292/frame HTTP/1.1
User-Agent: selenium/4.6.0 (java windows)
Content-Length: 168
Content-Type: application/json; charset=utf-8
host: localhost:14111
accept: */*

Response DefaultHttpResponse(decodeResult: success, version: HTTP/1.1)
HTTP/1.1 200 OK
Content-Type: application/json; charset=utf-8
cache-control: no-cache
content-length: 14

[DEBUG] Adding key: http://localhost:14111 for channel [id: 0x4a2f7e85, L:/127.0.0.1:64719 - R:localhost/127.0.0.1:14111]
[DEBUG] Using pooled Channel '[id: 0x4a2f7e85, L:/127.0.0.1:64719 - R:localhost/127.0.0.1:14111]' for 'POST' to 'http://localhost:14111/session/f7c5cda381acea8fb1268bb8e0adc292/element'
[DEBUG] Using open Channel [id: 0x4a2f7e85, L:/127.0.0.1:64719 - R:localhost/127.0.0.1:14111] for POST '/session/f7c5cda381acea8fb1268bb8e0adc292/element'
[DEBUG] 

Request DefaultHttpRequest(decodeResult: success, version: HTTP/1.1)
POST /session/f7c5cda381acea8fb1268bb8e0adc292/element HTTP/1.1
User-Agent: selenium/4.6.0 (java windows)
Content-Length: 88
Content-Type: application/json; charset=utf-8
host: localhost:14111
accept: */*

Response DefaultHttpResponse(decodeResult: success, version: HTTP/1.1)
HTTP/1.1 200 OK
Content-Type: application/json; charset=utf-8
cache-control: no-cache
content-length: 94

[DEBUG] Adding key: http://localhost:14111 for channel [id: 0x4a2f7e85, L:/127.0.0.1:64719 - R:localhost/127.0.0.1:14111]
[DEBUG] Using pooled Channel '[id: 0x4a2f7e85, L:/127.0.0.1:64719 - R:localhost/127.0.0.1:14111]' for 'POST' to 'http://localhost:14111/session/f7c5cda381acea8fb1268bb8e0adc292/element/F85BBAF5838014FA8709EE6A22C255BD_element_7/click'
[DEBUG] Using open Channel [id: 0x4a2f7e85, L:/127.0.0.1:64719 - R:localhost/127.0.0.1:14111] for POST '/session/f7c5cda381acea8fb1268bb8e0adc292/element/F85BBAF5838014FA8709EE6A22C255BD_element_7/click'
[DEBUG] Entry count for : http://localhost:64720 : 1
[DEBUG] 

Request DefaultHttpRequest(decodeResult: success, version: HTTP/1.1)
POST /session/f7c5cda381acea8fb1268bb8e0adc292/element/F85BBAF5838014FA8709EE6A22C255BD_element_7/click HTTP/1.1
User-Agent: selenium/4.6.0 (java windows)
Content-Length: 56
Content-Type: application/json; charset=utf-8
host: localhost:14111
accept: */*

Response DefaultHttpResponse(decodeResult: success, version: HTTP/1.1)
HTTP/1.1 200 OK
Content-Type: application/json; charset=utf-8
cache-control: no-cache
content-length: 14

[DEBUG] Adding key: http://localhost:14111 for channel [id: 0x4a2f7e85, L:/127.0.0.1:64719 - R:localhost/127.0.0.1:14111]
[DEBUG] Entry count for : http://localhost:14111 : 1
[DEBUG] Entry count for : http://localhost:64720 : 1
  Given I navigate to Sky News Website home page                             # stepdefinitions.Steps.loadHomePage()
[DEBUG] Using pooled Channel '[id: 0x4a2f7e85, L:/127.0.0.1:64719 - R:localhost/127.0.0.1:14111]' for 'POST' to 'http://localhost:14111/session/f7c5cda381acea8fb1268bb8e0adc292/element'
[DEBUG] Using open Channel [id: 0x4a2f7e85, L:/127.0.0.1:64719 - R:localhost/127.0.0.1:14111] for POST '/session/f7c5cda381acea8fb1268bb8e0adc292/element'
[DEBUG] Entry count for : http://localhost:64720 : 1
[DEBUG] Entry count for : http://localhost:64720 : 1
[DEBUG] Entry count for : http://localhost:64720 : 1
[DEBUG] Entry count for : http://localhost:64720 : 1
[DEBUG] 

Request DefaultHttpRequest(decodeResult: success, version: HTTP/1.1)
POST /session/f7c5cda381acea8fb1268bb8e0adc292/element HTTP/1.1
User-Agent: selenium/4.6.0 (java windows)
Content-Length: 123
Content-Type: application/json; charset=utf-8
host: localhost:14111
accept: */*

Response DefaultHttpResponse(decodeResult: success, version: HTTP/1.1)
HTTP/1.1 200 OK
Content-Type: application/json; charset=utf-8
cache-control: no-cache
content-length: 95

[DEBUG] Adding key: http://localhost:14111 for channel [id: 0x4a2f7e85, L:/127.0.0.1:64719 - R:localhost/127.0.0.1:14111]
[DEBUG] Using pooled Channel '[id: 0x4a2f7e85, L:/127.0.0.1:64719 - R:localhost/127.0.0.1:14111]' for 'POST' to 'http://localhost:14111/session/f7c5cda381acea8fb1268bb8e0adc292/element/9AFB445B60CB40339ED55F745785658F_element_46/click'
[DEBUG] Using open Channel [id: 0x4a2f7e85, L:/127.0.0.1:64719 - R:localhost/127.0.0.1:14111] for POST '/session/f7c5cda381acea8fb1268bb8e0adc292/element/9AFB445B60CB40339ED55F745785658F_element_46/click'
[DEBUG] Entry count for : http://localhost:64720 : 1
[DEBUG] Entry count for : http://localhost:64720 : 1
[DEBUG] Entry count for : http://localhost:64720 : 1
[DEBUG] Entry count for : http://localhost:64720 : 1
[DEBUG] 

Request DefaultHttpRequest(decodeResult: success, version: HTTP/1.1)
POST /session/f7c5cda381acea8fb1268bb8e0adc292/element/9AFB445B60CB40339ED55F745785658F_element_46/click HTTP/1.1
User-Agent: selenium/4.6.0 (java windows)
Content-Length: 57
Content-Type: application/json; charset=utf-8
host: localhost:14111
accept: */*

Response DefaultHttpResponse(decodeResult: success, version: HTTP/1.1)
HTTP/1.1 200 OK
Content-Type: application/json; charset=utf-8
cache-control: no-cache
content-length: 14

[DEBUG] Adding key: http://localhost:14111 for channel [id: 0x4a2f7e85, L:/127.0.0.1:64719 - R:localhost/127.0.0.1:14111]
  When I click the "Climate" tab                                             # stepdefinitions.Steps.selectTab(java.lang.String)
[DEBUG] Using pooled Channel '[id: 0x4a2f7e85, L:/127.0.0.1:64719 - R:localhost/127.0.0.1:14111]' for 'GET' to 'http://localhost:14111/session/f7c5cda381acea8fb1268bb8e0adc292/title'
[DEBUG] Using open Channel [id: 0x4a2f7e85, L:/127.0.0.1:64719 - R:localhost/127.0.0.1:14111] for GET '/session/f7c5cda381acea8fb1268bb8e0adc292/title'
[DEBUG] 

Request DefaultFullHttpRequest(decodeResult: success, version: HTTP/1.1, content: EmptyByteBufBE)
GET /session/f7c5cda381acea8fb1268bb8e0adc292/title HTTP/1.1
User-Agent: selenium/4.6.0 (java windows)
Cache-Control: no-cache
Content-Type: application/json; charset=utf-8
host: localhost:14111
accept: */*

Response DefaultHttpResponse(decodeResult: success, version: HTTP/1.1)
HTTP/1.1 200 OK
Content-Type: application/json; charset=utf-8
cache-control: no-cache
content-length: 86

[DEBUG] Adding key: http://localhost:14111 for channel [id: 0x4a2f7e85, L:/127.0.0.1:64719 - R:localhost/127.0.0.1:14111]
[DEBUG] Using pooled Channel '[id: 0x4a2f7e85, L:/127.0.0.1:64719 - R:localhost/127.0.0.1:14111]' for 'GET' to 'http://localhost:14111/session/f7c5cda381acea8fb1268bb8e0adc292/screenshot'
[DEBUG] Using open Channel [id: 0x4a2f7e85, L:/127.0.0.1:64719 - R:localhost/127.0.0.1:14111] for GET '/session/f7c5cda381acea8fb1268bb8e0adc292/screenshot'
[DEBUG] Entry count for : http://localhost:64720 : 1
[DEBUG] Entry count for : http://localhost:64720 : 1
[DEBUG] 

Request DefaultFullHttpRequest(decodeResult: success, version: HTTP/1.1, content: EmptyByteBufBE)
GET /session/f7c5cda381acea8fb1268bb8e0adc292/screenshot HTTP/1.1
User-Agent: selenium/4.6.0 (java windows)
Cache-Control: no-cache
Content-Type: application/json; charset=utf-8
host: localhost:14111
accept: */*

Response DefaultHttpResponse(decodeResult: success, version: HTTP/1.1)
HTTP/1.1 200 OK
Content-Type: application/json; charset=utf-8
cache-control: no-cache
content-length: 1122808

[DEBUG] Adding key: http://localhost:14111 for channel [id: 0x4a2f7e85, L:/127.0.0.1:64719 - R:localhost/127.0.0.1:14111]
[INFO] ***********Tab Title displayed*************
[DEBUG] Channel Closed: [id: 0x02d3730a, L:/127.0.0.1:64729 ! R:localhost/127.0.0.1:64720] with attribute NettyResponseFuture{currentRetry=0,
	isDone=1,
	isCancelled=0,
	asyncHandler=org.asynchttpclient.ws.WebSocketUpgradeHandler@7b793a70,
	nettyRequest=org.asynchttpclient.netty.request.NettyRequest@684f1819,
	future=java.util.concurrent.CompletableFuture@3001e65[Completed normally],
	uri=ws://localhost:64720/devtools/browser/1576c145-b12c-4587-b357-a59e34c1a423,
	keepAlive=true,
	redirectCount=0,
	timeoutsHolder=null,
	inAuth=0,
	touch=1698330650395}
[DEBUG] Closing Channel [id: 0x02d3730a, L:/127.0.0.1:64729 ! R:localhost/127.0.0.1:64720] 
[DEBUG] Using pooled Channel '[id: 0x4a2f7e85, L:/127.0.0.1:64719 - R:localhost/127.0.0.1:14111]' for 'DELETE' to 'http://localhost:14111/session/f7c5cda381acea8fb1268bb8e0adc292'
[DEBUG] Using open Channel [id: 0x4a2f7e85, L:/127.0.0.1:64719 - R:localhost/127.0.0.1:14111] for DELETE '/session/f7c5cda381acea8fb1268bb8e0adc292'
[DEBUG] Entry count for : http://localhost:64720 : 1
[DEBUG] Entry count for : http://localhost:64720 : 1
[DEBUG] Entry count for : http://localhost:64720 : 1
[DEBUG] Entry count for : http://localhost:64720 : 1
[DEBUG] Entry count for : http://localhost:64720 : 1
[DEBUG] Entry count for : http://localhost:64720 : 1
[DEBUG] Entry count for : http://localhost:64720 : 1
[DEBUG] Entry count for : http://localhost:64720 : 1
[DEBUG] Unexpected I/O exception on channel [id: 0x5fe8b2ec, L:/127.0.0.1:64728 - R:localhost/127.0.0.1:64720]
java.io.IOException: An existing connection was forcibly closed by the remote host
	at java.base/sun.nio.ch.SocketDispatcher.read0(Native Method) ~[na:na]
	at java.base/sun.nio.ch.SocketDispatcher.read(SocketDispatcher.java:43) ~[na:na]
	at java.base/sun.nio.ch.IOUtil.readIntoNativeBuffer(IOUtil.java:276) ~[na:na]
	at java.base/sun.nio.ch.IOUtil.read(IOUtil.java:233) ~[na:na]
	at java.base/sun.nio.ch.IOUtil.read(IOUtil.java:223) ~[na:na]
	at java.base/sun.nio.ch.SocketChannelImpl.read(SocketChannelImpl.java:358) ~[na:na]
	at io.netty.buffer.PooledByteBuf.setBytes(PooledByteBuf.java:259) ~[netty-buffer-4.1.84.Final.jar:4.1.84.Final]
	at io.netty.buffer.AbstractByteBuf.writeBytes(AbstractByteBuf.java:1132) ~[netty-buffer-4.1.84.Final.jar:4.1.84.Final]
	at io.netty.channel.socket.nio.NioSocketChannel.doReadBytes(NioSocketChannel.java:357) ~[netty-transport-4.1.84.Final.jar:4.1.84.Final]
	at io.netty.channel.nio.AbstractNioByteChannel$NioByteUnsafe.read(AbstractNioByteChannel.java:151) ~[netty-transport-4.1.84.Final.jar:4.1.84.Final]
	at io.netty.channel.nio.NioEventLoop.processSelectedKey(NioEventLoop.java:788) ~[netty-transport-4.1.84.Final.jar:4.1.84.Final]
	at io.netty.channel.nio.NioEventLoop.processSelectedKeysOptimized(NioEventLoop.java:724) ~[netty-transport-4.1.84.Final.jar:4.1.84.Final]
	at io.netty.channel.nio.NioEventLoop.processSelectedKeys(NioEventLoop.java:650) ~[netty-transport-4.1.84.Final.jar:4.1.84.Final]
	at io.netty.channel.nio.NioEventLoop.run(NioEventLoop.java:562) ~[netty-transport-4.1.84.Final.jar:4.1.84.Final]
	at io.netty.util.concurrent.SingleThreadEventExecutor$4.run(SingleThreadEventExecutor.java:997) ~[netty-common-4.1.84.Final.jar:4.1.84.Final]
	at io.netty.util.internal.ThreadExecutorMap$2.run(ThreadExecutorMap.java:74) ~[netty-common-4.1.84.Final.jar:4.1.84.Final]
	at io.netty.util.concurrent.FastThreadLocalRunnable.run(FastThreadLocalRunnable.java:30) ~[netty-common-4.1.84.Final.jar:4.1.84.Final]
	at java.base/java.lang.Thread.run(Thread.java:834) ~[na:na]
[DEBUG] Closing Channel [id: 0x5fe8b2ec, L:/127.0.0.1:64728 - R:localhost/127.0.0.1:64720] 
[DEBUG] Channel Closed: [id: 0x5fe8b2ec, L:/127.0.0.1:64728 ! R:localhost/127.0.0.1:64720] with attribute DISCARD
[DEBUG] 

Request DefaultFullHttpRequest(decodeResult: success, version: HTTP/1.1, content: EmptyByteBufBE)
DELETE /session/f7c5cda381acea8fb1268bb8e0adc292 HTTP/1.1
User-Agent: selenium/4.6.0 (java windows)
Content-Type: application/json; charset=utf-8
host: localhost:14111
accept: */*

Response DefaultHttpResponse(decodeResult: success, version: HTTP/1.1)
HTTP/1.1 200 OK
Content-Type: application/json; charset=utf-8
cache-control: no-cache
content-length: 14

[DEBUG] Adding key: http://localhost:14111 for channel [id: 0x4a2f7e85, L:/127.0.0.1:64719 - R:localhost/127.0.0.1:14111]
[DEBUG] Entry count for : http://localhost:14111 : 1
[DEBUG] Entry count for : http://localhost:64720 : 1
[DEBUG] Adding Candidate expired Channel [id: 0x5fe8b2ec, L:/127.0.0.1:64728 ! R:localhost/127.0.0.1:64720] isIdleTimeoutExpired=false isRemotelyClosed=true isTtlExpired=false
[DEBUG] Closing Idle Channel [id: 0x5fe8b2ec, L:/127.0.0.1:64728 ! R:localhost/127.0.0.1:64720]
[DEBUG] Closed 1 connections out of 2 in 1 ms
[DEBUG] Channel Closed: [id: 0x4a2f7e85, L:/127.0.0.1:64719 ! R:localhost/127.0.0.1:14111] with attribute DISCARD
  Then I should see the appropriate title "Climate" displayed                # stepdefinitions.Steps.verifyPageTitle(java.lang.String)
]]></system-out>
    <system-err><![CDATA[Oct 26, 2023 3:30:47 PM org.openqa.selenium.remote.RemoteWebDriver checkNonW3CCapabilities
WARNING: Support for Legacy Capabilities is deprecated; You are sending the following invalid capabilities: [unexpectedAlertBehaviour]; Please update to W3C Syntax: https://www.selenium.dev/blog/2022/legacy-protocol-support/
Starting ChromeDriver 118.0.5993.70 (e52f33f30b91b4ddfad649acddc39ab570473b86-refs/branch-heads/5993@{#1216}) on port 14111
Only local connections are allowed.
Please see https://chromedriver.chromium.org/security-considerations for suggestions on keeping ChromeDriver safe.
ChromeDriver was started successfully.
Oct 26, 2023 3:30:50 PM org.openqa.selenium.remote.ProtocolHandshake createSession
WARNING: Support for Legacy Capabilities is deprecated; You are sending the following invalid capabilities: [unexpectedAlertBehaviour]; Please update to W3C Syntax: https://www.selenium.dev/blog/2022/legacy-protocol-support/
Oct 26, 2023 3:30:50 PM org.openqa.selenium.devtools.CdpVersionFinder findNearestMatch
WARNING: Unable to find CDP implementation matching 118
Oct 26, 2023 3:30:50 PM org.openqa.selenium.chromium.ChromiumDriver lambda$new$3
WARNING: Unable to find version of CDP to use for . You may need to include a dependency on a specific version of the CDP using something similar to `org.seleniumhq.selenium:selenium-devtools-v86:4.6.0` where the version ("v86") matches the version of the chromium-based browser you're using and the version number of the artifact is the same as Selenium's.
]]></system-err>
  </testcase>
  <testcase name="Verify the number of categories displayed and their names. #7" classname="Sky News website tests" time="41.74">
    <system-out><![CDATA[
Scenario Outline: Verify the number of categories displayed and their names. # src/test/resources/features/skyNews.feature:20
[DEBUG] Using WebDriverManager 5.5.3
[DEBUG] Removing resolution chrome=118 from cache (expired on Thu Oct 26 15:31:30 BST 2023)
[DEBUG] Entry count for : http://localhost:14111 : 1
[DEBUG] Adding Candidate expired Channel [id: 0x4a2f7e85, L:/127.0.0.1:64719 ! R:localhost/127.0.0.1:14111] isIdleTimeoutExpired=false isRemotelyClosed=true isTtlExpired=false
[DEBUG] Closing Idle Channel [id: 0x4a2f7e85, L:/127.0.0.1:64719 ! R:localhost/127.0.0.1:14111]
[DEBUG] Closed 1 connections out of 1 in 1 ms
[DEBUG] ex-0000000001 preparing request execution
[DEBUG] ex-0000000001 target auth state: UNCHALLENGED
[DEBUG] ex-0000000001 proxy auth state: UNCHALLENGED
[DEBUG] ex-0000000001 acquiring connection with route {s}->https://raw.githubusercontent.com:443
[DEBUG] ex-0000000001 acquiring endpoint (3 MINUTES)
[DEBUG] ex-0000000001 endpoint lease request (3 MINUTES) [route: {s}->https://raw.githubusercontent.com:443][total available: 0; route allocated: 0 of 5; total allocated: 0 of 25]
[DEBUG] ex-0000000001 endpoint leased [route: {s}->https://raw.githubusercontent.com:443][total available: 0; route allocated: 1 of 5; total allocated: 1 of 25]
[DEBUG] ex-0000000001 acquired ep-0000000001
[DEBUG] ex-0000000001 acquired endpoint ep-0000000001
[DEBUG] ex-0000000001 opening connection {s}->https://raw.githubusercontent.com:443
[DEBUG] ep-0000000001 connecting endpoint (null)
[DEBUG] ep-0000000001 connecting endpoint to https://raw.githubusercontent.com:443 (30 SECONDS)
[DEBUG] raw.githubusercontent.com resolving remote address
[DEBUG] raw.githubusercontent.com resolved to [raw.githubusercontent.com/185.199.108.133, raw.githubusercontent.com/185.199.109.133, raw.githubusercontent.com/185.199.110.133, raw.githubusercontent.com/185.199.111.133, raw.githubusercontent.com/2606:50c0:8000:0:0:0:0:154, raw.githubusercontent.com/2606:50c0:8001:0:0:0:0:154, raw.githubusercontent.com/2606:50c0:8002:0:0:0:0:154, raw.githubusercontent.com/2606:50c0:8003:0:0:0:0:154]
[DEBUG] raw.githubusercontent.com:443 connecting null->raw.githubusercontent.com/185.199.108.133:443 (30 SECONDS)
[DEBUG] Connecting socket to raw.githubusercontent.com/185.199.108.133:443 with timeout 30 SECONDS
[DEBUG] Enabled protocols: [TLSv1.3, TLSv1.2]
[DEBUG] Enabled cipher suites: [TLS_AES_256_GCM_SHA384, TLS_AES_128_GCM_SHA256, TLS_CHACHA20_POLY1305_SHA256, TLS_ECDHE_ECDSA_WITH_AES_256_GCM_SHA384, TLS_ECDHE_ECDSA_WITH_AES_128_GCM_SHA256, TLS_ECDHE_ECDSA_WITH_CHACHA20_POLY1305_SHA256, TLS_ECDHE_RSA_WITH_AES_256_GCM_SHA384, TLS_ECDHE_RSA_WITH_CHACHA20_POLY1305_SHA256, TLS_ECDHE_RSA_WITH_AES_128_GCM_SHA256, TLS_DHE_RSA_WITH_AES_256_GCM_SHA384, TLS_DHE_RSA_WITH_CHACHA20_POLY1305_SHA256, TLS_DHE_DSS_WITH_AES_256_GCM_SHA384, TLS_DHE_RSA_WITH_AES_128_GCM_SHA256, TLS_DHE_DSS_WITH_AES_128_GCM_SHA256, TLS_ECDHE_ECDSA_WITH_AES_256_CBC_SHA384, TLS_ECDHE_RSA_WITH_AES_256_CBC_SHA384, TLS_ECDHE_ECDSA_WITH_AES_128_CBC_SHA256, TLS_ECDHE_RSA_WITH_AES_128_CBC_SHA256, TLS_DHE_RSA_WITH_AES_256_CBC_SHA256, TLS_DHE_DSS_WITH_AES_256_CBC_SHA256, TLS_DHE_RSA_WITH_AES_128_CBC_SHA256, TLS_DHE_DSS_WITH_AES_128_CBC_SHA256, TLS_ECDH_ECDSA_WITH_AES_256_GCM_SHA384, TLS_ECDH_RSA_WITH_AES_256_GCM_SHA384, TLS_ECDH_ECDSA_WITH_AES_128_GCM_SHA256, TLS_ECDH_RSA_WITH_AES_128_GCM_SHA256, TLS_ECDH_ECDSA_WITH_AES_256_CBC_SHA384, TLS_ECDH_RSA_WITH_AES_256_CBC_SHA384, TLS_ECDH_ECDSA_WITH_AES_128_CBC_SHA256, TLS_ECDH_RSA_WITH_AES_128_CBC_SHA256, TLS_ECDHE_ECDSA_WITH_AES_256_CBC_SHA, TLS_ECDHE_RSA_WITH_AES_256_CBC_SHA, TLS_ECDHE_ECDSA_WITH_AES_128_CBC_SHA, TLS_ECDHE_RSA_WITH_AES_128_CBC_SHA, TLS_DHE_RSA_WITH_AES_256_CBC_SHA, TLS_DHE_DSS_WITH_AES_256_CBC_SHA, TLS_DHE_RSA_WITH_AES_128_CBC_SHA, TLS_DHE_DSS_WITH_AES_128_CBC_SHA, TLS_ECDH_ECDSA_WITH_AES_256_CBC_SHA, TLS_ECDH_RSA_WITH_AES_256_CBC_SHA, TLS_ECDH_ECDSA_WITH_AES_128_CBC_SHA, TLS_ECDH_RSA_WITH_AES_128_CBC_SHA, TLS_RSA_WITH_AES_256_GCM_SHA384, TLS_RSA_WITH_AES_128_GCM_SHA256, TLS_RSA_WITH_AES_256_CBC_SHA256, TLS_RSA_WITH_AES_128_CBC_SHA256, TLS_RSA_WITH_AES_256_CBC_SHA, TLS_RSA_WITH_AES_128_CBC_SHA, TLS_EMPTY_RENEGOTIATION_INFO_SCSV]
[DEBUG] Starting handshake (null)
[DEBUG] Secure session established
[DEBUG]  negotiated protocol: TLSv1.3
[DEBUG]  negotiated cipher suite: TLS_AES_128_GCM_SHA256
[DEBUG]  peer principal: CN=*.github.io, O="GitHub, Inc.", L=San Francisco, ST=California, C=US
[DEBUG]  peer alternative names: [*.github.io, github.io, *.github.com, github.com, www.github.com, *.githubusercontent.com, githubusercontent.com]
[DEBUG]  issuer principal: CN=DigiCert TLS RSA SHA256 2020 CA1, O=DigiCert Inc, C=US
[DEBUG] http-outgoing-0 set socket timeout to 3 MINUTES
[DEBUG] raw.githubusercontent.com:443 connected null->raw.githubusercontent.com/185.199.108.133:443 as http-outgoing-0
[DEBUG] ep-0000000001 connected http-outgoing-0
[DEBUG] ep-0000000001 endpoint connected
[DEBUG] ex-0000000001 executing GET /bonigarcia/webdrivermanager/master/src/main/resources/commands.properties HTTP/1.1
[DEBUG] ex-0000000001 Cookie spec selected: strict
[DEBUG] ep-0000000001 start execution ex-0000000001
[DEBUG] ep-0000000001 executing exchange ex-0000000001 over http-outgoing-0
[DEBUG] http-outgoing-0 >> GET /bonigarcia/webdrivermanager/master/src/main/resources/commands.properties HTTP/1.1
[DEBUG] http-outgoing-0 >> user-agent: Apache-HttpClient/5.0
[DEBUG] http-outgoing-0 >> accept-encoding: gzip, deflate, br
[DEBUG] http-outgoing-0 >> cache-control: max-age=0
[DEBUG] http-outgoing-0 >> connection: keep-alive
[DEBUG] http-outgoing-0 >> Host: raw.githubusercontent.com
[DEBUG] http-outgoing-0 >> "GET /bonigarcia/webdrivermanager/master/src/main/resources/commands.properties HTTP/1.1[\r][\n]"
[DEBUG] http-outgoing-0 >> "user-agent: Apache-HttpClient/5.0[\r][\n]"
[DEBUG] http-outgoing-0 >> "accept-encoding: gzip, deflate, br[\r][\n]"
[DEBUG] http-outgoing-0 >> "cache-control: max-age=0[\r][\n]"
[DEBUG] http-outgoing-0 >> "connection: keep-alive[\r][\n]"
[DEBUG] http-outgoing-0 >> "Host: raw.githubusercontent.com[\r][\n]"
[DEBUG] http-outgoing-0 >> "[\r][\n]"
[DEBUG] http-outgoing-0 << "HTTP/1.1 200 OK[\r][\n]"
[DEBUG] http-outgoing-0 << "Connection: keep-alive[\r][\n]"
[DEBUG] http-outgoing-0 << "Content-Length: 723[\r][\n]"
[DEBUG] http-outgoing-0 << "Cache-Control: max-age=300[\r][\n]"
[DEBUG] http-outgoing-0 << "Content-Security-Policy: default-src 'none'; style-src 'unsafe-inline'; sandbox[\r][\n]"
[DEBUG] http-outgoing-0 << "Content-Type: text/plain; charset=utf-8[\r][\n]"
[DEBUG] http-outgoing-0 << "ETag: W/"e82b438271e9e8680c688b0b680efd0bdd22faa6d6f0a32fc1fd8accc486b67e"[\r][\n]"
[DEBUG] http-outgoing-0 << "Strict-Transport-Security: max-age=31536000[\r][\n]"
[DEBUG] http-outgoing-0 << "X-Content-Type-Options: nosniff[\r][\n]"
[DEBUG] http-outgoing-0 << "X-Frame-Options: deny[\r][\n]"
[DEBUG] http-outgoing-0 << "X-XSS-Protection: 1; mode=block[\r][\n]"
[DEBUG] http-outgoing-0 << "X-GitHub-Request-Id: 314C:A0BB:6E9758:720980:65386041[\r][\n]"
[DEBUG] http-outgoing-0 << "Content-Encoding: gzip[\r][\n]"
[DEBUG] http-outgoing-0 << "Accept-Ranges: bytes[\r][\n]"
[DEBUG] http-outgoing-0 << "Date: Thu, 26 Oct 2023 14:31:34 GMT[\r][\n]"
[DEBUG] http-outgoing-0 << "Via: 1.1 varnish[\r][\n]"
[DEBUG] http-outgoing-0 << "X-Served-By: cache-lcy-eglc8600069-LCY[\r][\n]"
[DEBUG] http-outgoing-0 << "X-Cache: HIT[\r][\n]"
[DEBUG] http-outgoing-0 << "X-Cache-Hits: 2[\r][\n]"
[DEBUG] http-outgoing-0 << "X-Timer: S1698330695.662867,VS0,VE0[\r][\n]"
[DEBUG] http-outgoing-0 << "Vary: Authorization,Accept-Encoding,Origin[\r][\n]"
[DEBUG] http-outgoing-0 << "Access-Control-Allow-Origin: *[\r][\n]"
[DEBUG] http-outgoing-0 << "Cross-Origin-Resource-Policy: cross-origin[\r][\n]"
[DEBUG] http-outgoing-0 << "X-Fastly-Request-ID: 17f00b31f5189cd9e5c62e5a992c13cf28502d32[\r][\n]"
[DEBUG] http-outgoing-0 << "Expires: Thu, 26 Oct 2023 14:36:34 GMT[\r][\n]"
[DEBUG] http-outgoing-0 << "Source-Age: 173[\r][\n]"
[DEBUG] http-outgoing-0 << "[\r][\n]"
[DEBUG] http-outgoing-0 << HTTP/1.1 200 OK
[DEBUG] http-outgoing-0 << Connection: keep-alive
[DEBUG] http-outgoing-0 << Content-Length: 723
[DEBUG] http-outgoing-0 << Cache-Control: max-age=300
[DEBUG] http-outgoing-0 << Content-Security-Policy: default-src 'none'; style-src 'unsafe-inline'; sandbox
[DEBUG] http-outgoing-0 << Content-Type: text/plain; charset=utf-8
[DEBUG] http-outgoing-0 << ETag: W/"e82b438271e9e8680c688b0b680efd0bdd22faa6d6f0a32fc1fd8accc486b67e"
[DEBUG] http-outgoing-0 << Strict-Transport-Security: max-age=31536000
[DEBUG] http-outgoing-0 << X-Content-Type-Options: nosniff
[DEBUG] http-outgoing-0 << X-Frame-Options: deny
[DEBUG] http-outgoing-0 << X-XSS-Protection: 1; mode=block
[DEBUG] http-outgoing-0 << X-GitHub-Request-Id: 314C:A0BB:6E9758:720980:65386041
[DEBUG] http-outgoing-0 << Content-Encoding: gzip
[DEBUG] http-outgoing-0 << Accept-Ranges: bytes
[DEBUG] http-outgoing-0 << Date: Thu, 26 Oct 2023 14:31:34 GMT
[DEBUG] http-outgoing-0 << Via: 1.1 varnish
[DEBUG] http-outgoing-0 << X-Served-By: cache-lcy-eglc8600069-LCY
[DEBUG] http-outgoing-0 << X-Cache: HIT
[DEBUG] http-outgoing-0 << X-Cache-Hits: 2
[DEBUG] http-outgoing-0 << X-Timer: S1698330695.662867,VS0,VE0
[DEBUG] http-outgoing-0 << Vary: Authorization,Accept-Encoding,Origin
[DEBUG] http-outgoing-0 << Access-Control-Allow-Origin: *
[DEBUG] http-outgoing-0 << Cross-Origin-Resource-Policy: cross-origin
[DEBUG] http-outgoing-0 << X-Fastly-Request-ID: 17f00b31f5189cd9e5c62e5a992c13cf28502d32
[DEBUG] http-outgoing-0 << Expires: Thu, 26 Oct 2023 14:36:34 GMT
[DEBUG] http-outgoing-0 << Source-Age: 173
[DEBUG] ex-0000000001 connection can be kept alive for 3 MINUTES
[DEBUG] http-outgoing-0 << "[0x1f][0xffffff8b][0x8][0x0][0x0][0x0][0x0][0x0][0x0][0x3][0xffffffb5]V]o[0xffffffda]0[0x14]}[0xffffffe7]W\[0xffffff81]*[0xffffffb5][0x12][0x1f][[M[0xffffffd3]$[0x1e]hF[0xffffffbb]i [0x18][0xffffffb4][0xffffffdd]&[0xfffffff9][0xffffffc5]$7[0xffffffc1]R[0x12]#;[0xffffff94]v[0xffffffbf]~[0xffffffb6][0xfffffff3]1[0xffffff92][0xffffff9a][0xffffffc1][0x1a]x[0xffffffcb][0xffffffb5][0xffffffaf][0xffffffcf]9[0xffffffbe][0xfffffff7]8v[0xb][0x1c][0x1e]E4[0xfffffff6]$x4[0xffffffa1][0xb]*[0xffffffb1][0xffffffd1][0xffffff82][0xfffffffb]%[0xffffff93][0xffffffe0][0xffffffb3][0x10][0xffffffc1][0xffffffe5]qBY,!Y[0xffffffea] KM8,[0x10][0xfffffff0][0x19][0xffffffdd]u[0xffffff82][0x1e][0xffffffb0][0xffffffd8]L[0xffffffcb]%[0xffffff86][0xffffffa1][0xe][0xffffffb8][0xfffffff0]P[0xffffffe8]$[0xf][0x13]t[0x13]3[0xfffffff9][0xffffff84]B2[0xffffffae][0xffffffe6]|@[0xfffffff5][0x1d][0x8][0xffffffc4][0x18][0x16][0xffffff82]o[0xffffffa4][0xffffff9a]P[0xffffff94][0xffffffe7][0xffffffce]R[0xfffffff0][0x8][0xffffffdb]p[0xffffffcb][0x4][0xfffffffa][0xfffffffc][0xffffffb9][\r][0xffffff93][0x15][\n]"
[DEBUG] http-outgoing-0 << "[0xffffffda][0xffffff86][0xffffffa1][0x17][0xffffffa8]Q3[0xffffffcb][0xffffffd6][0xffffffd1][0xffffff85][0xffffffc6][0xfffffff7][0xffffff98][0xffffffef][0xffffffa3][0xffffffc0]8[0x1][0xffffffae]s[0x12][0x16][0x7] _d[0xffffff82][0xffffff91][0xffffff84][0xfffffff3][0x1f],[0xfffffff6][0x14]j[0x1b]F,^+[0xffffff98]1ua2[0xffffffbf]h([0xffffff8e][0xffffff94][0xffffffa2][0xffffff91]m[0xffffffa3][0xffffffeb][0xffffff9a][0xffffffb0][0xffffffbb]I[0x17]t[0xffffffdf][0xffffffbd][0xffffffef][0xffffffbb][0xffffff91][0xffffffd7]U[0xffffffbb][0xffffff82][0xffffff9e][0x3][0xffffff9b][0xffffff88][0xffffffb9][0xffffffa6]$[0xffffffa6][0xc][0xffffff9b][0xffffffa5][0xffffffe2][0xffffff83][0xffffff98]F[0xffffffd8]o[0xffffff9e]Mg[0xffffff93][0xffffffbb][0xffffffd9]`|[0xfffffffb]u4[0xffffff9c][0x7f]"}B[0xffffffce][0x8][0xffffffb9][0xffffffe3]<[0x8][0xffffff91][0xffffff90][0xffffff94][0xffffff82][0xffffff90][0xffffffc1]j[0x15]2WI[0xffffffe3]1![0x19][0xffffff91]BnB[0xffffff80][0x9]<f[0xffffffb5][0xffffffe8]=[0xffffffd1]p[0xffffffbd][[0xffffffcf][0xffffffe5][0x1b][0xfffffff4][0xffffff9c][0xffffffff][0xfffffffc][0xfffffff8][0xffffffe1][0xffffffe2][0xffffff94][0xffffffa2][0xffffffae][0xe][0x14]5[0xffffff9a]8[0xffffff83][0xffffffd1]`:[0xfffffffd]<[0xffffffb8][0x1f][0xffffff9c]R[0xffffffcf]u[0x7f]6[0xffffffbc][0xffffff83][0xffffffef][0xf][0xffffffc3][0xffffffd9]/[0xfffffff8][0xfffffff2][0xffffffcd]y s[0xffffffee]'[0x1b]*0g[0xffffffcb][0xffffffc8]nF7H][0xffffff83][0xffffff97]{[0xffffffb1]Q[0x5][\r][0xffffffb5]c[0xffffffb4][0xf][0x2][0xffffffb3][0xffffffb4][0xffffff93][0xe]C[0xffffffa7][0xffffffb3]kAD][0xffffff9d][0xffffffde][0xffffffdb][0xffffffda][0xffffff88][0xffffffec][0xffffffa5][0xffffffbc][0xffffff99][0xffffffd9][0xffffffba]t[0xffffffb5][0xffffffea]9[0xffffffea][0x10])[0xffffffb7][0xffffffca][0xffffff9e][0xfffffff2][0xffffffe2]d^N[0xffffffd8]FW[0x16][0xffffffcd][0xffffffdc]_[0x10][0xfffffff9]i|[0x1c][0xffffff93][0xffffff8e][0xfffffff9]o[0x16][0xffffff86]4'!$G[0xffffffdf]W[0xfffffff4]W*j[[0xfffffff3]xR[0xffffffae][0xffffffb6][0xc][0xffffffd0],; #[0xffffffa9][0xffffff92]5[0xffffffb5][0x7][0xffffff9c][0xffffffb5][0xffffffd0][0x7f][0xffffff90][0xffffffc7]jgs[0xfffffffc][0xffffffc2][0xb][0xffffffd9][0x0]t[0xffffff9e]^'Y[0xfffffffb][0xffffff9f][0xffffffb1][0xffffffd8]:[0xffffffbf][0xffffff8d][0xffffffa5][0xffffff9a][0xffffffad][0x7f]m[0x5]&[0xffffffaa][0xffffffa0]^[0xffffff9b][0xffffffcb][0x5]f[0xffffffae][0xffffffe0]RU[0xffffff82][0x10]MS9l[0xffffff91]4t[0xfffffffb][0xffffff8a]][0xffffffd6][0xfffffff4][0xffffff96][0xffffffa6][0xffffff9f]P[0xffffffce][0xffffffd5][0xffffffce][0xffffff93][0xffffffff][0xffffff97][0xffffffcc]p[0xfffffffd][0xfffffff3][0xffffffe8][0x1b][0xffffffcc][0xffffffa2][0xffffffd9]Q[0xffffffbe][0xffffffb2][0xffffffa3][0xffffffc7]m'[0xffffffdf][0xffffffe4][[0xfffffffb]^[0xffffffb0][0xffffff9a][0xffffffbe][0xffffffda][0xffffffda]_[0xffffffce][0xffffff80][0xffffffd2][0xffffffc1]7[0xffffffb7]][0xffffffc1]b[0xffffffee][0xffffffb5][0xffffffff]w[0xffffff83][0xffffffed][0xffffffa7];[0x15]<[0x10]4[0xffffff92][0xffffff84][0x18][\n]"
[DEBUG] http-outgoing-0 << "BB[0xffffffba][0xffffff8e]][0xffffffb5]jo[0xffffffb9]+"[0xffffffea][0xffffffb4][0xffffffff]h"[0xffffffea]\?5[0xffffffa9][0xffffffaf]k[0xffffffec][0xffffffff]P[0xffffffea][\n]"
[DEBUG] http-outgoing-0 << "w[0xffffffe1]K[0x13][0xffffffda][0xffffffec][0xffffff98][0xffffffe6]Y[0xfffffffd]h8m6[0xffffff9c]T[0xffffffc1][0xfffffff2][0xffffffa7][0xffffff91]z_[0xffffff95]o85p[0x1c][0x13][0xffffffe6][0xfffffff0]5[0xffffffee][0xfffffffc][0xffffff92][0xffffff96][0xffffffda][0xfffffff7][0xffffffcf][0xffffffb1][0x5][0x1d][0xffffffea]K[0xffffff9b]9[0xffffff8e][0xffffffad]e[0xfffffff7][0xffffff93][0xffffffa8]`[0xffffffda][0xffffffff][0x1a][0xffffffd2][0xffffff88][0xffffff85][0xfffffffd][0xfffffff2][0xffffff91]N[0xfffffff6]`[0xffffffdf]2[0xffffffcf][0xffffffae]E[0xffffff97][0xffffffc5][0xffffffa2][0xffffff9d][0xffffffef]'[0xffffff9d]mun.[0xffffffd3]f^[0xffffffc7][0xffffff82][0xffffffda][0xffffff82]9[0xfffffff5][0xffffffa9]`[0x5][0xffffffbc]4[0xffffffa1][0x1d]<M[0xffffffb5]A[0xffffffa7]3[[0xffffffc0][0x7f][0x0][0xffffffc1][0xffffffd0]$[0xffffff85][0x1d][\r][0x0][0x0]"
[DEBUG] ep-0000000001 releasing valid endpoint
[DEBUG] ep-0000000001 releasing endpoint
[DEBUG] ep-0000000001 connection http-outgoing-0 can be kept alive for 3 MINUTES
[DEBUG] ep-0000000001 connection released [route: {s}->https://raw.githubusercontent.com:443][total available: 1; route allocated: 1 of 5; total allocated: 1 of 25]
[DEBUG] Detecting chrome version using online commands.properties
[DEBUG] Running command on the shell: [cmd.exe, /C, wmic, datafile, where, name="%PROGRAMFILES:\=\\%\\Google\\Chrome\\Application\\chrome.exe", get, Version, /value]
[DEBUG] Result: Version=118.0.5993.89
[DEBUG] Resolution chrome118=118.0.5993.70 in cache (valid until 22:39:57 26/10/2023 BST)
[INFO] Using chromedriver 118.0.5993.70 (resolved driver for Chrome 118)
[DEBUG] Storing resolution chrome=118 in cache (valid until 16:31:37 26/10/2023 BST)
[DEBUG] Driver chromedriver 118.0.5993.70 found in cache
[INFO] Exporting webdriver.chrome.driver as C:\Users\sindh\.cache\selenium\chromedriver\win64\118.0.5993.70\chromedriver.exe
[DEBUG] Using new Channel '[id: 0xfb16e8dd, L:/127.0.0.1:64857 - R:localhost/127.0.0.1:36961]' for 'POST' to '/session'
[DEBUG] 

Request DefaultHttpRequest(decodeResult: success, version: HTTP/1.1)
POST /session HTTP/1.1
User-Agent: selenium/4.6.0 (java windows)
Content-Length: 1721
Content-Type: application/json; charset=utf-8
host: localhost:36961
accept: */*

Response DefaultHttpResponse(decodeResult: success, version: HTTP/1.1)
HTTP/1.1 200 OK
Content-Type: application/json; charset=utf-8
cache-control: no-cache
content-length: 870

[DEBUG] Adding key: http://localhost:36961 for channel [id: 0xfb16e8dd, L:/127.0.0.1:64857 - R:localhost/127.0.0.1:36961]
[DEBUG] Using new Channel '[id: 0x025bf8b9, L:/127.0.0.1:64866 - R:localhost/127.0.0.1:64858]' for 'GET' to '/json/version'
[DEBUG] 

Request DefaultFullHttpRequest(decodeResult: success, version: HTTP/1.1, content: EmptyByteBufBE)
GET /json/version HTTP/1.1
User-Agent: selenium/4.6.0 (java windows)
host: localhost:64858
accept: */*

Response DefaultHttpResponse(decodeResult: success, version: HTTP/1.1)
HTTP/1.1 200 OK
Content-Security-Policy: frame-ancestors 'none'
Content-Type: application/json; charset=UTF-8
content-length: 423

[DEBUG] Adding key: http://localhost:64858 for channel [id: 0x025bf8b9, L:/127.0.0.1:64866 - R:localhost/127.0.0.1:64858]
[DEBUG] Using new Channel '[id: 0x66014563, L:/127.0.0.1:64867 - R:localhost/127.0.0.1:64858]' for 'GET' to '/devtools/browser/4ac56314-6eea-4993-95c5-d54aeb7bc931'
[DEBUG] 

Request DefaultFullHttpRequest(decodeResult: success, version: HTTP/1.1, content: EmptyByteBufBE)
GET /devtools/browser/4ac56314-6eea-4993-95c5-d54aeb7bc931 HTTP/1.1
upgrade: websocket
connection: upgrade
sec-websocket-key: bZn+qoyglkHafnMtpva2AA==
sec-websocket-version: 13
origin: http://localhost:64858
host: localhost:64858
accept: */*
user-agent: AHC/2.1

Response DefaultHttpResponse(decodeResult: success, version: HTTP/1.1)
HTTP/1.1 101 WebSocket Protocol Handshake
Upgrade: WebSocket
Connection: Upgrade
Sec-WebSocket-Accept: KKO++xP0nWqfX799AjQhnQM5dkM=

[DEBUG] Using pooled Channel '[id: 0xfb16e8dd, L:/127.0.0.1:64857 - R:localhost/127.0.0.1:36961]' for 'POST' to 'http://localhost:36961/session/9231cb0df414646c67da5505a3746327/window/maximize'
[DEBUG] Using open Channel [id: 0xfb16e8dd, L:/127.0.0.1:64857 - R:localhost/127.0.0.1:36961] for POST '/session/9231cb0df414646c67da5505a3746327/window/maximize'
[DEBUG] Entry count for : http://localhost:64858 : 1
[DEBUG] 

Request DefaultHttpRequest(decodeResult: success, version: HTTP/1.1)
POST /session/9231cb0df414646c67da5505a3746327/window/maximize HTTP/1.1
User-Agent: selenium/4.6.0 (java windows)
Content-Length: 3
Content-Type: application/json; charset=utf-8
host: localhost:36961
accept: */*

Response DefaultHttpResponse(decodeResult: success, version: HTTP/1.1)
HTTP/1.1 200 OK
Content-Type: application/json; charset=utf-8
cache-control: no-cache
content-length: 51

[DEBUG] Adding key: http://localhost:36961 for channel [id: 0xfb16e8dd, L:/127.0.0.1:64857 - R:localhost/127.0.0.1:36961]
Browser Launched
[DEBUG] Using pooled Channel '[id: 0xfb16e8dd, L:/127.0.0.1:64857 - R:localhost/127.0.0.1:36961]' for 'POST' to 'http://localhost:36961/session/9231cb0df414646c67da5505a3746327/url'
[DEBUG] Using open Channel [id: 0xfb16e8dd, L:/127.0.0.1:64857 - R:localhost/127.0.0.1:36961] for POST '/session/9231cb0df414646c67da5505a3746327/url'
[DEBUG] Entry count for : http://localhost:64858 : 1
[DEBUG] Entry count for : http://localhost:64858 : 1
[DEBUG] Entry count for : http://localhost:64858 : 1
[DEBUG] Entry count for : http://localhost:64858 : 1
[DEBUG] 

Request DefaultHttpRequest(decodeResult: success, version: HTTP/1.1)
POST /session/9231cb0df414646c67da5505a3746327/url HTTP/1.1
User-Agent: selenium/4.6.0 (java windows)
Content-Length: 45
Content-Type: application/json; charset=utf-8
host: localhost:36961
accept: */*

Response DefaultHttpResponse(decodeResult: success, version: HTTP/1.1)
HTTP/1.1 200 OK
Content-Type: application/json; charset=utf-8
cache-control: no-cache
content-length: 14

[DEBUG] Adding key: http://localhost:36961 for channel [id: 0xfb16e8dd, L:/127.0.0.1:64857 - R:localhost/127.0.0.1:36961]
[DEBUG] Using pooled Channel '[id: 0xfb16e8dd, L:/127.0.0.1:64857 - R:localhost/127.0.0.1:36961]' for 'POST' to 'http://localhost:36961/session/9231cb0df414646c67da5505a3746327/timeouts'
[DEBUG] Using open Channel [id: 0xfb16e8dd, L:/127.0.0.1:64857 - R:localhost/127.0.0.1:36961] for POST '/session/9231cb0df414646c67da5505a3746327/timeouts'
[DEBUG] 

Request DefaultHttpRequest(decodeResult: success, version: HTTP/1.1)
POST /session/9231cb0df414646c67da5505a3746327/timeouts HTTP/1.1
User-Agent: selenium/4.6.0 (java windows)
Content-Length: 23
Content-Type: application/json; charset=utf-8
host: localhost:36961
accept: */*

Response DefaultHttpResponse(decodeResult: success, version: HTTP/1.1)
HTTP/1.1 200 OK
Content-Type: application/json; charset=utf-8
cache-control: no-cache
content-length: 14

[DEBUG] Adding key: http://localhost:36961 for channel [id: 0xfb16e8dd, L:/127.0.0.1:64857 - R:localhost/127.0.0.1:36961]
[INFO] SkyNews Displayed.............
[DEBUG] Using pooled Channel '[id: 0xfb16e8dd, L:/127.0.0.1:64857 - R:localhost/127.0.0.1:36961]' for 'GET' to 'http://localhost:36961/session/9231cb0df414646c67da5505a3746327/screenshot'
[DEBUG] Using open Channel [id: 0xfb16e8dd, L:/127.0.0.1:64857 - R:localhost/127.0.0.1:36961] for GET '/session/9231cb0df414646c67da5505a3746327/screenshot'
[DEBUG] Entry count for : http://localhost:64858 : 1
[DEBUG] Entry count for : http://localhost:64858 : 1
[DEBUG] 

Request DefaultFullHttpRequest(decodeResult: success, version: HTTP/1.1, content: EmptyByteBufBE)
GET /session/9231cb0df414646c67da5505a3746327/screenshot HTTP/1.1
User-Agent: selenium/4.6.0 (java windows)
Cache-Control: no-cache
Content-Type: application/json; charset=utf-8
host: localhost:36961
accept: */*

Response DefaultHttpResponse(decodeResult: success, version: HTTP/1.1)
HTTP/1.1 200 OK
Content-Type: application/json; charset=utf-8
cache-control: no-cache
content-length: 1220248

[DEBUG] Adding key: http://localhost:36961 for channel [id: 0xfb16e8dd, L:/127.0.0.1:64857 - R:localhost/127.0.0.1:36961]
[DEBUG] Using pooled Channel '[id: 0xfb16e8dd, L:/127.0.0.1:64857 - R:localhost/127.0.0.1:36961]' for 'POST' to 'http://localhost:36961/session/9231cb0df414646c67da5505a3746327/elements'
[DEBUG] Using open Channel [id: 0xfb16e8dd, L:/127.0.0.1:64857 - R:localhost/127.0.0.1:36961] for POST '/session/9231cb0df414646c67da5505a3746327/elements'
[DEBUG] Entry count for : http://localhost:64858 : 1
[DEBUG] Entry count for : http://localhost:64858 : 1
[DEBUG] Entry count for : http://localhost:64858 : 1
[DEBUG] Entry count for : http://localhost:64858 : 1
[DEBUG] Entry count for : http://localhost:64858 : 1
[DEBUG] Entry count for : http://localhost:64858 : 1
[DEBUG] Entry count for : http://localhost:64858 : 1
[DEBUG] Entry count for : http://localhost:64858 : 1
[DEBUG] Entry count for : http://localhost:64858 : 1
[DEBUG] Entry count for : http://localhost:64858 : 1
[DEBUG] 

Request DefaultHttpRequest(decodeResult: success, version: HTTP/1.1)
POST /session/9231cb0df414646c67da5505a3746327/elements HTTP/1.1
User-Agent: selenium/4.6.0 (java windows)
Content-Length: 122
Content-Type: application/json; charset=utf-8
host: localhost:36961
accept: */*

Response DefaultHttpResponse(decodeResult: success, version: HTTP/1.1)
HTTP/1.1 200 OK
Content-Type: application/json; charset=utf-8
cache-control: no-cache
content-length: 12

[DEBUG] Adding key: http://localhost:36961 for channel [id: 0xfb16e8dd, L:/127.0.0.1:64857 - R:localhost/127.0.0.1:36961]
[DEBUG] Using pooled Channel '[id: 0xfb16e8dd, L:/127.0.0.1:64857 - R:localhost/127.0.0.1:36961]' for 'POST' to 'http://localhost:36961/session/9231cb0df414646c67da5505a3746327/elements'
[DEBUG] Using open Channel [id: 0xfb16e8dd, L:/127.0.0.1:64857 - R:localhost/127.0.0.1:36961] for POST '/session/9231cb0df414646c67da5505a3746327/elements'
[DEBUG] 

Request DefaultHttpRequest(decodeResult: success, version: HTTP/1.1)
POST /session/9231cb0df414646c67da5505a3746327/elements HTTP/1.1
User-Agent: selenium/4.6.0 (java windows)
Content-Length: 106
Content-Type: application/json; charset=utf-8
host: localhost:36961
accept: */*

Response DefaultHttpResponse(decodeResult: success, version: HTTP/1.1)
HTTP/1.1 200 OK
Content-Type: application/json; charset=utf-8
cache-control: no-cache
content-length: 97

[DEBUG] Adding key: http://localhost:36961 for channel [id: 0xfb16e8dd, L:/127.0.0.1:64857 - R:localhost/127.0.0.1:36961]
[DEBUG] Using pooled Channel '[id: 0xfb16e8dd, L:/127.0.0.1:64857 - R:localhost/127.0.0.1:36961]' for 'POST' to 'http://localhost:36961/session/9231cb0df414646c67da5505a3746327/frame'
[DEBUG] Using open Channel [id: 0xfb16e8dd, L:/127.0.0.1:64857 - R:localhost/127.0.0.1:36961] for POST '/session/9231cb0df414646c67da5505a3746327/frame'
[DEBUG] 

Request DefaultHttpRequest(decodeResult: success, version: HTTP/1.1)
POST /session/9231cb0df414646c67da5505a3746327/frame HTTP/1.1
User-Agent: selenium/4.6.0 (java windows)
Content-Length: 168
Content-Type: application/json; charset=utf-8
host: localhost:36961
accept: */*

Response DefaultHttpResponse(decodeResult: success, version: HTTP/1.1)
HTTP/1.1 200 OK
Content-Type: application/json; charset=utf-8
cache-control: no-cache
content-length: 14

[DEBUG] Adding key: http://localhost:36961 for channel [id: 0xfb16e8dd, L:/127.0.0.1:64857 - R:localhost/127.0.0.1:36961]
[DEBUG] Using pooled Channel '[id: 0xfb16e8dd, L:/127.0.0.1:64857 - R:localhost/127.0.0.1:36961]' for 'POST' to 'http://localhost:36961/session/9231cb0df414646c67da5505a3746327/element'
[DEBUG] Using open Channel [id: 0xfb16e8dd, L:/127.0.0.1:64857 - R:localhost/127.0.0.1:36961] for POST '/session/9231cb0df414646c67da5505a3746327/element'
[DEBUG] 

Request DefaultHttpRequest(decodeResult: success, version: HTTP/1.1)
POST /session/9231cb0df414646c67da5505a3746327/element HTTP/1.1
User-Agent: selenium/4.6.0 (java windows)
Content-Length: 88
Content-Type: application/json; charset=utf-8
host: localhost:36961
accept: */*

Response DefaultHttpResponse(decodeResult: success, version: HTTP/1.1)
HTTP/1.1 200 OK
Content-Type: application/json; charset=utf-8
cache-control: no-cache
content-length: 94

[DEBUG] Adding key: http://localhost:36961 for channel [id: 0xfb16e8dd, L:/127.0.0.1:64857 - R:localhost/127.0.0.1:36961]
[DEBUG] Using pooled Channel '[id: 0xfb16e8dd, L:/127.0.0.1:64857 - R:localhost/127.0.0.1:36961]' for 'POST' to 'http://localhost:36961/session/9231cb0df414646c67da5505a3746327/element/BDCAA0B0412730C3B092A8588359C5EC_element_2/click'
[DEBUG] Using open Channel [id: 0xfb16e8dd, L:/127.0.0.1:64857 - R:localhost/127.0.0.1:36961] for POST '/session/9231cb0df414646c67da5505a3746327/element/BDCAA0B0412730C3B092A8588359C5EC_element_2/click'
[DEBUG] 

Request DefaultHttpRequest(decodeResult: success, version: HTTP/1.1)
POST /session/9231cb0df414646c67da5505a3746327/element/BDCAA0B0412730C3B092A8588359C5EC_element_2/click HTTP/1.1
User-Agent: selenium/4.6.0 (java windows)
Content-Length: 56
Content-Type: application/json; charset=utf-8
host: localhost:36961
accept: */*

Response DefaultHttpResponse(decodeResult: success, version: HTTP/1.1)
HTTP/1.1 200 OK
Content-Type: application/json; charset=utf-8
cache-control: no-cache
content-length: 14

[DEBUG] Adding key: http://localhost:36961 for channel [id: 0xfb16e8dd, L:/127.0.0.1:64857 - R:localhost/127.0.0.1:36961]
  Given I navigate to Sky News Website home page                             # stepdefinitions.Steps.loadHomePage()
[DEBUG] Using pooled Channel '[id: 0xfb16e8dd, L:/127.0.0.1:64857 - R:localhost/127.0.0.1:36961]' for 'POST' to 'http://localhost:36961/session/9231cb0df414646c67da5505a3746327/element'
[DEBUG] Using open Channel [id: 0xfb16e8dd, L:/127.0.0.1:64857 - R:localhost/127.0.0.1:36961] for POST '/session/9231cb0df414646c67da5505a3746327/element'
[DEBUG] Entry count for : http://localhost:64858 : 1
[DEBUG] Entry count for : http://localhost:64858 : 1
[DEBUG] Entry count for : http://localhost:64858 : 1
[DEBUG] 

Request DefaultHttpRequest(decodeResult: success, version: HTTP/1.1)
POST /session/9231cb0df414646c67da5505a3746327/element HTTP/1.1
User-Agent: selenium/4.6.0 (java windows)
Content-Length: 123
Content-Type: application/json; charset=utf-8
host: localhost:36961
accept: */*

Response DefaultHttpResponse(decodeResult: success, version: HTTP/1.1)
HTTP/1.1 200 OK
Content-Type: application/json; charset=utf-8
cache-control: no-cache
content-length: 95

[DEBUG] Adding key: http://localhost:36961 for channel [id: 0xfb16e8dd, L:/127.0.0.1:64857 - R:localhost/127.0.0.1:36961]
[DEBUG] Using pooled Channel '[id: 0xfb16e8dd, L:/127.0.0.1:64857 - R:localhost/127.0.0.1:36961]' for 'POST' to 'http://localhost:36961/session/9231cb0df414646c67da5505a3746327/element/A897D950AB8EB17065802944A4A91972_element_51/click'
[DEBUG] Using open Channel [id: 0xfb16e8dd, L:/127.0.0.1:64857 - R:localhost/127.0.0.1:36961] for POST '/session/9231cb0df414646c67da5505a3746327/element/A897D950AB8EB17065802944A4A91972_element_51/click'
[DEBUG] Entry count for : http://localhost:64858 : 1
[DEBUG] Entry count for : http://localhost:64858 : 1
[DEBUG] Entry count for : http://localhost:64858 : 1
[DEBUG] Entry count for : http://localhost:64858 : 1
[DEBUG] 

Request DefaultHttpRequest(decodeResult: success, version: HTTP/1.1)
POST /session/9231cb0df414646c67da5505a3746327/element/A897D950AB8EB17065802944A4A91972_element_51/click HTTP/1.1
User-Agent: selenium/4.6.0 (java windows)
Content-Length: 57
Content-Type: application/json; charset=utf-8
host: localhost:36961
accept: */*

Response DefaultHttpResponse(decodeResult: success, version: HTTP/1.1)
HTTP/1.1 200 OK
Content-Type: application/json; charset=utf-8
cache-control: no-cache
content-length: 14

[DEBUG] Adding key: http://localhost:36961 for channel [id: 0xfb16e8dd, L:/127.0.0.1:64857 - R:localhost/127.0.0.1:36961]
  When I click the "Science & Tech" tab                                      # stepdefinitions.Steps.selectTab(java.lang.String)
[DEBUG] Using pooled Channel '[id: 0xfb16e8dd, L:/127.0.0.1:64857 - R:localhost/127.0.0.1:36961]' for 'GET' to 'http://localhost:36961/session/9231cb0df414646c67da5505a3746327/title'
[DEBUG] Using open Channel [id: 0xfb16e8dd, L:/127.0.0.1:64857 - R:localhost/127.0.0.1:36961] for GET '/session/9231cb0df414646c67da5505a3746327/title'
[DEBUG] 

Request DefaultFullHttpRequest(decodeResult: success, version: HTTP/1.1, content: EmptyByteBufBE)
GET /session/9231cb0df414646c67da5505a3746327/title HTTP/1.1
User-Agent: selenium/4.6.0 (java windows)
Cache-Control: no-cache
Content-Type: application/json; charset=utf-8
host: localhost:36961
accept: */*

Response DefaultHttpResponse(decodeResult: success, version: HTTP/1.1)
HTTP/1.1 200 OK
Content-Type: application/json; charset=utf-8
cache-control: no-cache
content-length: 68

[DEBUG] Adding key: http://localhost:36961 for channel [id: 0xfb16e8dd, L:/127.0.0.1:64857 - R:localhost/127.0.0.1:36961]
[DEBUG] Using pooled Channel '[id: 0xfb16e8dd, L:/127.0.0.1:64857 - R:localhost/127.0.0.1:36961]' for 'GET' to 'http://localhost:36961/session/9231cb0df414646c67da5505a3746327/screenshot'
[DEBUG] Using open Channel [id: 0xfb16e8dd, L:/127.0.0.1:64857 - R:localhost/127.0.0.1:36961] for GET '/session/9231cb0df414646c67da5505a3746327/screenshot'
[DEBUG] Entry count for : http://localhost:64858 : 1
[DEBUG] Entry count for : http://localhost:64858 : 1
[DEBUG] 

Request DefaultFullHttpRequest(decodeResult: success, version: HTTP/1.1, content: EmptyByteBufBE)
GET /session/9231cb0df414646c67da5505a3746327/screenshot HTTP/1.1
User-Agent: selenium/4.6.0 (java windows)
Cache-Control: no-cache
Content-Type: application/json; charset=utf-8
host: localhost:36961
accept: */*

Response DefaultHttpResponse(decodeResult: success, version: HTTP/1.1)
HTTP/1.1 200 OK
Content-Type: application/json; charset=utf-8
cache-control: no-cache
content-length: 726692

[DEBUG] Adding key: http://localhost:36961 for channel [id: 0xfb16e8dd, L:/127.0.0.1:64857 - R:localhost/127.0.0.1:36961]
[INFO] ***********Tab Title displayed*************
[DEBUG] Channel Closed: [id: 0x66014563, L:/127.0.0.1:64867 ! R:localhost/127.0.0.1:64858] with attribute NettyResponseFuture{currentRetry=0,
	isDone=1,
	isCancelled=0,
	asyncHandler=org.asynchttpclient.ws.WebSocketUpgradeHandler@6842fdf0,
	nettyRequest=org.asynchttpclient.netty.request.NettyRequest@45d0e2c3,
	future=java.util.concurrent.CompletableFuture@10165632[Completed normally],
	uri=ws://localhost:64858/devtools/browser/4ac56314-6eea-4993-95c5-d54aeb7bc931,
	keepAlive=true,
	redirectCount=0,
	timeoutsHolder=null,
	inAuth=0,
	touch=1698330702632}
[DEBUG] Closing Channel [id: 0x66014563, L:/127.0.0.1:64867 ! R:localhost/127.0.0.1:64858] 
[DEBUG] Using pooled Channel '[id: 0xfb16e8dd, L:/127.0.0.1:64857 - R:localhost/127.0.0.1:36961]' for 'DELETE' to 'http://localhost:36961/session/9231cb0df414646c67da5505a3746327'
[DEBUG] Using open Channel [id: 0xfb16e8dd, L:/127.0.0.1:64857 - R:localhost/127.0.0.1:36961] for DELETE '/session/9231cb0df414646c67da5505a3746327'
[DEBUG] Entry count for : http://localhost:64858 : 1
[DEBUG] Unexpected I/O exception on channel [id: 0x025bf8b9, L:/127.0.0.1:64866 - R:localhost/127.0.0.1:64858]
java.io.IOException: An existing connection was forcibly closed by the remote host
	at java.base/sun.nio.ch.SocketDispatcher.read0(Native Method) ~[na:na]
	at java.base/sun.nio.ch.SocketDispatcher.read(SocketDispatcher.java:43) ~[na:na]
	at java.base/sun.nio.ch.IOUtil.readIntoNativeBuffer(IOUtil.java:276) ~[na:na]
	at java.base/sun.nio.ch.IOUtil.read(IOUtil.java:233) ~[na:na]
	at java.base/sun.nio.ch.IOUtil.read(IOUtil.java:223) ~[na:na]
	at java.base/sun.nio.ch.SocketChannelImpl.read(SocketChannelImpl.java:358) ~[na:na]
	at io.netty.buffer.PooledByteBuf.setBytes(PooledByteBuf.java:259) ~[netty-buffer-4.1.84.Final.jar:4.1.84.Final]
	at io.netty.buffer.AbstractByteBuf.writeBytes(AbstractByteBuf.java:1132) ~[netty-buffer-4.1.84.Final.jar:4.1.84.Final]
	at io.netty.channel.socket.nio.NioSocketChannel.doReadBytes(NioSocketChannel.java:357) ~[netty-transport-4.1.84.Final.jar:4.1.84.Final]
	at io.netty.channel.nio.AbstractNioByteChannel$NioByteUnsafe.read(AbstractNioByteChannel.java:151) ~[netty-transport-4.1.84.Final.jar:4.1.84.Final]
	at io.netty.channel.nio.NioEventLoop.processSelectedKey(NioEventLoop.java:788) ~[netty-transport-4.1.84.Final.jar:4.1.84.Final]
	at io.netty.channel.nio.NioEventLoop.processSelectedKeysOptimized(NioEventLoop.java:724) ~[netty-transport-4.1.84.Final.jar:4.1.84.Final]
	at io.netty.channel.nio.NioEventLoop.processSelectedKeys(NioEventLoop.java:650) ~[netty-transport-4.1.84.Final.jar:4.1.84.Final]
	at io.netty.channel.nio.NioEventLoop.run(NioEventLoop.java:562) ~[netty-transport-4.1.84.Final.jar:4.1.84.Final]
	at io.netty.util.concurrent.SingleThreadEventExecutor$4.run(SingleThreadEventExecutor.java:997) ~[netty-common-4.1.84.Final.jar:4.1.84.Final]
	at io.netty.util.internal.ThreadExecutorMap$2.run(ThreadExecutorMap.java:74) ~[netty-common-4.1.84.Final.jar:4.1.84.Final]
	at io.netty.util.concurrent.FastThreadLocalRunnable.run(FastThreadLocalRunnable.java:30) ~[netty-common-4.1.84.Final.jar:4.1.84.Final]
	at java.base/java.lang.Thread.run(Thread.java:834) ~[na:na]
[DEBUG] Closing Channel [id: 0x025bf8b9, L:/127.0.0.1:64866 - R:localhost/127.0.0.1:64858] 
[DEBUG] Channel Closed: [id: 0x025bf8b9, L:/127.0.0.1:64866 ! R:localhost/127.0.0.1:64858] with attribute DISCARD
[DEBUG] 

Request DefaultFullHttpRequest(decodeResult: success, version: HTTP/1.1, content: EmptyByteBufBE)
DELETE /session/9231cb0df414646c67da5505a3746327 HTTP/1.1
User-Agent: selenium/4.6.0 (java windows)
Content-Type: application/json; charset=utf-8
host: localhost:36961
accept: */*

Response DefaultHttpResponse(decodeResult: success, version: HTTP/1.1)
HTTP/1.1 200 OK
Content-Type: application/json; charset=utf-8
cache-control: no-cache
content-length: 14

[DEBUG] Adding key: http://localhost:36961 for channel [id: 0xfb16e8dd, L:/127.0.0.1:64857 - R:localhost/127.0.0.1:36961]
[DEBUG] Entry count for : http://localhost:64858 : 1
[DEBUG] Entry count for : http://localhost:36961 : 1
[DEBUG] Adding Candidate expired Channel [id: 0x025bf8b9, L:/127.0.0.1:64866 ! R:localhost/127.0.0.1:64858] isIdleTimeoutExpired=false isRemotelyClosed=true isTtlExpired=false
[DEBUG] Closing Idle Channel [id: 0x025bf8b9, L:/127.0.0.1:64866 ! R:localhost/127.0.0.1:64858]
[DEBUG] Closed 1 connections out of 2 in 0 ms
[DEBUG] Channel Closed: [id: 0xfb16e8dd, L:/127.0.0.1:64857 ! R:localhost/127.0.0.1:36961] with attribute DISCARD
  Then I should see the appropriate title "Tech News" displayed              # stepdefinitions.Steps.verifyPageTitle(java.lang.String)
]]></system-out>
    <system-err><![CDATA[Oct 26, 2023 3:31:37 PM org.openqa.selenium.remote.RemoteWebDriver checkNonW3CCapabilities
WARNING: Support for Legacy Capabilities is deprecated; You are sending the following invalid capabilities: [unexpectedAlertBehaviour]; Please update to W3C Syntax: https://www.selenium.dev/blog/2022/legacy-protocol-support/
Starting ChromeDriver 118.0.5993.70 (e52f33f30b91b4ddfad649acddc39ab570473b86-refs/branch-heads/5993@{#1216}) on port 36961
Only local connections are allowed.
Please see https://chromedriver.chromium.org/security-considerations for suggestions on keeping ChromeDriver safe.
ChromeDriver was started successfully.
Oct 26, 2023 3:31:42 PM org.openqa.selenium.remote.ProtocolHandshake createSession
WARNING: Support for Legacy Capabilities is deprecated; You are sending the following invalid capabilities: [unexpectedAlertBehaviour]; Please update to W3C Syntax: https://www.selenium.dev/blog/2022/legacy-protocol-support/
Oct 26, 2023 3:31:42 PM org.openqa.selenium.devtools.CdpVersionFinder findNearestMatch
WARNING: Unable to find CDP implementation matching 118
Oct 26, 2023 3:31:42 PM org.openqa.selenium.chromium.ChromiumDriver lambda$new$3
WARNING: Unable to find version of CDP to use for . You may need to include a dependency on a specific version of the CDP using something similar to `org.seleniumhq.selenium:selenium-devtools-v86:4.6.0` where the version ("v86") matches the version of the chromium-based browser you're using and the version number of the artifact is the same as Selenium's.
]]></system-err>
  </testcase>
  <testcase name="Verify the number of categories displayed and their names. #8" classname="Sky News website tests" time="25.524">
    <system-out><![CDATA[
Scenario Outline: Verify the number of categories displayed and their names. # src/test/resources/features/skyNews.feature:21
[DEBUG] Using WebDriverManager 5.5.3
[DEBUG] Resolution chrome=118 in cache (valid until 16:31:37 26/10/2023 BST)
[DEBUG] Resolution chrome118=118.0.5993.70 in cache (valid until 22:39:57 26/10/2023 BST)
[INFO] Using chromedriver 118.0.5993.70 (resolved driver for Chrome 118)
[DEBUG] Driver chromedriver 118.0.5993.70 found in cache
[INFO] Exporting webdriver.chrome.driver as C:\Users\sindh\.cache\selenium\chromedriver\win64\118.0.5993.70\chromedriver.exe
[DEBUG] Using new Channel '[id: 0xc43e6405, L:/127.0.0.1:64966 - R:localhost/127.0.0.1:15521]' for 'POST' to '/session'
[DEBUG] Entry count for : http://localhost:36961 : 1
[DEBUG] Adding Candidate expired Channel [id: 0xfb16e8dd, L:/127.0.0.1:64857 ! R:localhost/127.0.0.1:36961] isIdleTimeoutExpired=false isRemotelyClosed=true isTtlExpired=false
[DEBUG] Closing Idle Channel [id: 0xfb16e8dd, L:/127.0.0.1:64857 ! R:localhost/127.0.0.1:36961]
[DEBUG] Closed 1 connections out of 1 in 0 ms
[DEBUG] 

Request DefaultHttpRequest(decodeResult: success, version: HTTP/1.1)
POST /session HTTP/1.1
User-Agent: selenium/4.6.0 (java windows)
Content-Length: 1721
Content-Type: application/json; charset=utf-8
host: localhost:15521
accept: */*

Response DefaultHttpResponse(decodeResult: success, version: HTTP/1.1)
HTTP/1.1 200 OK
Content-Type: application/json; charset=utf-8
cache-control: no-cache
content-length: 870

[DEBUG] Adding key: http://localhost:15521 for channel [id: 0xc43e6405, L:/127.0.0.1:64966 - R:localhost/127.0.0.1:15521]
[DEBUG] Using new Channel '[id: 0xabf69c92, L:/127.0.0.1:64975 - R:localhost/127.0.0.1:64967]' for 'GET' to '/json/version'
[DEBUG] 

Request DefaultFullHttpRequest(decodeResult: success, version: HTTP/1.1, content: EmptyByteBufBE)
GET /json/version HTTP/1.1
User-Agent: selenium/4.6.0 (java windows)
host: localhost:64967
accept: */*

Response DefaultHttpResponse(decodeResult: success, version: HTTP/1.1)
HTTP/1.1 200 OK
Content-Security-Policy: frame-ancestors 'none'
Content-Type: application/json; charset=UTF-8
content-length: 423

[DEBUG] Adding key: http://localhost:64967 for channel [id: 0xabf69c92, L:/127.0.0.1:64975 - R:localhost/127.0.0.1:64967]
[DEBUG] Using new Channel '[id: 0x55199295, L:/127.0.0.1:64976 - R:localhost/127.0.0.1:64967]' for 'GET' to '/devtools/browser/2946bf56-e607-4621-8307-93fbdfaa35b9'
[DEBUG] 

Request DefaultFullHttpRequest(decodeResult: success, version: HTTP/1.1, content: EmptyByteBufBE)
GET /devtools/browser/2946bf56-e607-4621-8307-93fbdfaa35b9 HTTP/1.1
upgrade: websocket
connection: upgrade
sec-websocket-key: 8Nad7tL/BcR8KCO7aD3DUA==
sec-websocket-version: 13
origin: http://localhost:64967
host: localhost:64967
accept: */*
user-agent: AHC/2.1

Response DefaultHttpResponse(decodeResult: success, version: HTTP/1.1)
HTTP/1.1 101 WebSocket Protocol Handshake
Upgrade: WebSocket
Connection: Upgrade
Sec-WebSocket-Accept: /Jgbx4jlspbBFctgL+KNC66KW9E=

[DEBUG] Using pooled Channel '[id: 0xc43e6405, L:/127.0.0.1:64966 - R:localhost/127.0.0.1:15521]' for 'POST' to 'http://localhost:15521/session/0e989f1f8366c656228ee39655b5bc85/window/maximize'
[DEBUG] Using open Channel [id: 0xc43e6405, L:/127.0.0.1:64966 - R:localhost/127.0.0.1:15521] for POST '/session/0e989f1f8366c656228ee39655b5bc85/window/maximize'
[DEBUG] 

Request DefaultHttpRequest(decodeResult: success, version: HTTP/1.1)
POST /session/0e989f1f8366c656228ee39655b5bc85/window/maximize HTTP/1.1
User-Agent: selenium/4.6.0 (java windows)
Content-Length: 3
Content-Type: application/json; charset=utf-8
host: localhost:15521
accept: */*

Response DefaultHttpResponse(decodeResult: success, version: HTTP/1.1)
HTTP/1.1 200 OK
Content-Type: application/json; charset=utf-8
cache-control: no-cache
content-length: 51

[DEBUG] Adding key: http://localhost:15521 for channel [id: 0xc43e6405, L:/127.0.0.1:64966 - R:localhost/127.0.0.1:15521]
Browser Launched
[DEBUG] Using pooled Channel '[id: 0xc43e6405, L:/127.0.0.1:64966 - R:localhost/127.0.0.1:15521]' for 'POST' to 'http://localhost:15521/session/0e989f1f8366c656228ee39655b5bc85/url'
[DEBUG] Using open Channel [id: 0xc43e6405, L:/127.0.0.1:64966 - R:localhost/127.0.0.1:15521] for POST '/session/0e989f1f8366c656228ee39655b5bc85/url'
[DEBUG] Entry count for : http://localhost:64967 : 1
[DEBUG] Entry count for : http://localhost:64967 : 1
[DEBUG] 

Request DefaultHttpRequest(decodeResult: success, version: HTTP/1.1)
POST /session/0e989f1f8366c656228ee39655b5bc85/url HTTP/1.1
User-Agent: selenium/4.6.0 (java windows)
Content-Length: 45
Content-Type: application/json; charset=utf-8
host: localhost:15521
accept: */*

Response DefaultHttpResponse(decodeResult: success, version: HTTP/1.1)
HTTP/1.1 200 OK
Content-Type: application/json; charset=utf-8
cache-control: no-cache
content-length: 14

[DEBUG] Adding key: http://localhost:15521 for channel [id: 0xc43e6405, L:/127.0.0.1:64966 - R:localhost/127.0.0.1:15521]
[DEBUG] Using pooled Channel '[id: 0xc43e6405, L:/127.0.0.1:64966 - R:localhost/127.0.0.1:15521]' for 'POST' to 'http://localhost:15521/session/0e989f1f8366c656228ee39655b5bc85/timeouts'
[DEBUG] Using open Channel [id: 0xc43e6405, L:/127.0.0.1:64966 - R:localhost/127.0.0.1:15521] for POST '/session/0e989f1f8366c656228ee39655b5bc85/timeouts'
[DEBUG] 

Request DefaultHttpRequest(decodeResult: success, version: HTTP/1.1)
POST /session/0e989f1f8366c656228ee39655b5bc85/timeouts HTTP/1.1
User-Agent: selenium/4.6.0 (java windows)
Content-Length: 23
Content-Type: application/json; charset=utf-8
host: localhost:15521
accept: */*

Response DefaultHttpResponse(decodeResult: success, version: HTTP/1.1)
HTTP/1.1 200 OK
Content-Type: application/json; charset=utf-8
cache-control: no-cache
content-length: 14

[DEBUG] Adding key: http://localhost:15521 for channel [id: 0xc43e6405, L:/127.0.0.1:64966 - R:localhost/127.0.0.1:15521]
[INFO] SkyNews Displayed.............
[DEBUG] Using pooled Channel '[id: 0xc43e6405, L:/127.0.0.1:64966 - R:localhost/127.0.0.1:15521]' for 'GET' to 'http://localhost:15521/session/0e989f1f8366c656228ee39655b5bc85/screenshot'
[DEBUG] Using open Channel [id: 0xc43e6405, L:/127.0.0.1:64966 - R:localhost/127.0.0.1:15521] for GET '/session/0e989f1f8366c656228ee39655b5bc85/screenshot'
[DEBUG] Entry count for : http://localhost:64967 : 1
[DEBUG] Entry count for : http://localhost:64967 : 1
[DEBUG] Entry count for : http://localhost:64967 : 1
[DEBUG] 

Request DefaultFullHttpRequest(decodeResult: success, version: HTTP/1.1, content: EmptyByteBufBE)
GET /session/0e989f1f8366c656228ee39655b5bc85/screenshot HTTP/1.1
User-Agent: selenium/4.6.0 (java windows)
Cache-Control: no-cache
Content-Type: application/json; charset=utf-8
host: localhost:15521
accept: */*

Response DefaultHttpResponse(decodeResult: success, version: HTTP/1.1)
HTTP/1.1 200 OK
Content-Type: application/json; charset=utf-8
cache-control: no-cache
content-length: 1220248

[DEBUG] Adding key: http://localhost:15521 for channel [id: 0xc43e6405, L:/127.0.0.1:64966 - R:localhost/127.0.0.1:15521]
[DEBUG] Using pooled Channel '[id: 0xc43e6405, L:/127.0.0.1:64966 - R:localhost/127.0.0.1:15521]' for 'POST' to 'http://localhost:15521/session/0e989f1f8366c656228ee39655b5bc85/elements'
[DEBUG] Using open Channel [id: 0xc43e6405, L:/127.0.0.1:64966 - R:localhost/127.0.0.1:15521] for POST '/session/0e989f1f8366c656228ee39655b5bc85/elements'
[DEBUG] Entry count for : http://localhost:64967 : 1
[DEBUG] Entry count for : http://localhost:64967 : 1
[DEBUG] Entry count for : http://localhost:64967 : 1
[DEBUG] Entry count for : http://localhost:64967 : 1
[DEBUG] Entry count for : http://localhost:64967 : 1
[DEBUG] Entry count for : http://localhost:64967 : 1
[DEBUG] Entry count for : http://localhost:64967 : 1
[DEBUG] Entry count for : http://localhost:64967 : 1
[DEBUG] Entry count for : http://localhost:64967 : 1
[DEBUG] 

Request DefaultHttpRequest(decodeResult: success, version: HTTP/1.1)
POST /session/0e989f1f8366c656228ee39655b5bc85/elements HTTP/1.1
User-Agent: selenium/4.6.0 (java windows)
Content-Length: 122
Content-Type: application/json; charset=utf-8
host: localhost:15521
accept: */*

Response DefaultHttpResponse(decodeResult: success, version: HTTP/1.1)
HTTP/1.1 200 OK
Content-Type: application/json; charset=utf-8
cache-control: no-cache
content-length: 12

[DEBUG] Adding key: http://localhost:15521 for channel [id: 0xc43e6405, L:/127.0.0.1:64966 - R:localhost/127.0.0.1:15521]
[DEBUG] Using pooled Channel '[id: 0xc43e6405, L:/127.0.0.1:64966 - R:localhost/127.0.0.1:15521]' for 'POST' to 'http://localhost:15521/session/0e989f1f8366c656228ee39655b5bc85/elements'
[DEBUG] Using open Channel [id: 0xc43e6405, L:/127.0.0.1:64966 - R:localhost/127.0.0.1:15521] for POST '/session/0e989f1f8366c656228ee39655b5bc85/elements'
[DEBUG] 

Request DefaultHttpRequest(decodeResult: success, version: HTTP/1.1)
POST /session/0e989f1f8366c656228ee39655b5bc85/elements HTTP/1.1
User-Agent: selenium/4.6.0 (java windows)
Content-Length: 106
Content-Type: application/json; charset=utf-8
host: localhost:15521
accept: */*

Response DefaultHttpResponse(decodeResult: success, version: HTTP/1.1)
HTTP/1.1 200 OK
Content-Type: application/json; charset=utf-8
cache-control: no-cache
content-length: 97

[DEBUG] Adding key: http://localhost:15521 for channel [id: 0xc43e6405, L:/127.0.0.1:64966 - R:localhost/127.0.0.1:15521]
[DEBUG] Using pooled Channel '[id: 0xc43e6405, L:/127.0.0.1:64966 - R:localhost/127.0.0.1:15521]' for 'POST' to 'http://localhost:15521/session/0e989f1f8366c656228ee39655b5bc85/frame'
[DEBUG] Using open Channel [id: 0xc43e6405, L:/127.0.0.1:64966 - R:localhost/127.0.0.1:15521] for POST '/session/0e989f1f8366c656228ee39655b5bc85/frame'
[DEBUG] 

Request DefaultHttpRequest(decodeResult: success, version: HTTP/1.1)
POST /session/0e989f1f8366c656228ee39655b5bc85/frame HTTP/1.1
User-Agent: selenium/4.6.0 (java windows)
Content-Length: 168
Content-Type: application/json; charset=utf-8
host: localhost:15521
accept: */*

Response DefaultHttpResponse(decodeResult: success, version: HTTP/1.1)
HTTP/1.1 200 OK
Content-Type: application/json; charset=utf-8
cache-control: no-cache
content-length: 14

[DEBUG] Adding key: http://localhost:15521 for channel [id: 0xc43e6405, L:/127.0.0.1:64966 - R:localhost/127.0.0.1:15521]
[DEBUG] Using pooled Channel '[id: 0xc43e6405, L:/127.0.0.1:64966 - R:localhost/127.0.0.1:15521]' for 'POST' to 'http://localhost:15521/session/0e989f1f8366c656228ee39655b5bc85/element'
[DEBUG] Using open Channel [id: 0xc43e6405, L:/127.0.0.1:64966 - R:localhost/127.0.0.1:15521] for POST '/session/0e989f1f8366c656228ee39655b5bc85/element'
[DEBUG] 

Request DefaultHttpRequest(decodeResult: success, version: HTTP/1.1)
POST /session/0e989f1f8366c656228ee39655b5bc85/element HTTP/1.1
User-Agent: selenium/4.6.0 (java windows)
Content-Length: 88
Content-Type: application/json; charset=utf-8
host: localhost:15521
accept: */*

Response DefaultHttpResponse(decodeResult: success, version: HTTP/1.1)
HTTP/1.1 200 OK
Content-Type: application/json; charset=utf-8
cache-control: no-cache
content-length: 94

[DEBUG] Adding key: http://localhost:15521 for channel [id: 0xc43e6405, L:/127.0.0.1:64966 - R:localhost/127.0.0.1:15521]
[DEBUG] Using pooled Channel '[id: 0xc43e6405, L:/127.0.0.1:64966 - R:localhost/127.0.0.1:15521]' for 'POST' to 'http://localhost:15521/session/0e989f1f8366c656228ee39655b5bc85/element/57349AE5BB04010433898B62B5AC9D5A_element_7/click'
[DEBUG] Using open Channel [id: 0xc43e6405, L:/127.0.0.1:64966 - R:localhost/127.0.0.1:15521] for POST '/session/0e989f1f8366c656228ee39655b5bc85/element/57349AE5BB04010433898B62B5AC9D5A_element_7/click'
[DEBUG] 

Request DefaultHttpRequest(decodeResult: success, version: HTTP/1.1)
POST /session/0e989f1f8366c656228ee39655b5bc85/element/57349AE5BB04010433898B62B5AC9D5A_element_7/click HTTP/1.1
User-Agent: selenium/4.6.0 (java windows)
Content-Length: 56
Content-Type: application/json; charset=utf-8
host: localhost:15521
accept: */*

Response DefaultHttpResponse(decodeResult: success, version: HTTP/1.1)
HTTP/1.1 200 OK
Content-Type: application/json; charset=utf-8
cache-control: no-cache
content-length: 14

[DEBUG] Adding key: http://localhost:15521 for channel [id: 0xc43e6405, L:/127.0.0.1:64966 - R:localhost/127.0.0.1:15521]
[DEBUG] Entry count for : http://localhost:64967 : 1
[DEBUG] Entry count for : http://localhost:15521 : 1
  Given I navigate to Sky News Website home page                             # stepdefinitions.Steps.loadHomePage()
[DEBUG] Using pooled Channel '[id: 0xc43e6405, L:/127.0.0.1:64966 - R:localhost/127.0.0.1:15521]' for 'POST' to 'http://localhost:15521/session/0e989f1f8366c656228ee39655b5bc85/element'
[DEBUG] Using open Channel [id: 0xc43e6405, L:/127.0.0.1:64966 - R:localhost/127.0.0.1:15521] for POST '/session/0e989f1f8366c656228ee39655b5bc85/element'
[DEBUG] Entry count for : http://localhost:64967 : 1
[DEBUG] Entry count for : http://localhost:64967 : 1
[DEBUG] 

Request DefaultHttpRequest(decodeResult: success, version: HTTP/1.1)
POST /session/0e989f1f8366c656228ee39655b5bc85/element HTTP/1.1
User-Agent: selenium/4.6.0 (java windows)
Content-Length: 123
Content-Type: application/json; charset=utf-8
host: localhost:15521
accept: */*

Response DefaultHttpResponse(decodeResult: success, version: HTTP/1.1)
HTTP/1.1 200 OK
Content-Type: application/json; charset=utf-8
cache-control: no-cache
content-length: 95

[DEBUG] Adding key: http://localhost:15521 for channel [id: 0xc43e6405, L:/127.0.0.1:64966 - R:localhost/127.0.0.1:15521]
[DEBUG] Using pooled Channel '[id: 0xc43e6405, L:/127.0.0.1:64966 - R:localhost/127.0.0.1:15521]' for 'POST' to 'http://localhost:15521/session/0e989f1f8366c656228ee39655b5bc85/element/C7807A6C7F7F6DE0DEBA6F96F1E431B5_element_47/click'
[DEBUG] Using open Channel [id: 0xc43e6405, L:/127.0.0.1:64966 - R:localhost/127.0.0.1:15521] for POST '/session/0e989f1f8366c656228ee39655b5bc85/element/C7807A6C7F7F6DE0DEBA6F96F1E431B5_element_47/click'
[DEBUG] Entry count for : http://localhost:64967 : 1
[DEBUG] 

Request DefaultHttpRequest(decodeResult: success, version: HTTP/1.1)
POST /session/0e989f1f8366c656228ee39655b5bc85/element/C7807A6C7F7F6DE0DEBA6F96F1E431B5_element_47/click HTTP/1.1
User-Agent: selenium/4.6.0 (java windows)
Content-Length: 57
Content-Type: application/json; charset=utf-8
host: localhost:15521
accept: */*

Response DefaultHttpResponse(decodeResult: success, version: HTTP/1.1)
HTTP/1.1 200 OK
Content-Type: application/json; charset=utf-8
cache-control: no-cache
content-length: 14

[DEBUG] Adding key: http://localhost:15521 for channel [id: 0xc43e6405, L:/127.0.0.1:64966 - R:localhost/127.0.0.1:15521]
  When I click the "Business" tab                                            # stepdefinitions.Steps.selectTab(java.lang.String)
[DEBUG] Using pooled Channel '[id: 0xc43e6405, L:/127.0.0.1:64966 - R:localhost/127.0.0.1:15521]' for 'GET' to 'http://localhost:15521/session/0e989f1f8366c656228ee39655b5bc85/title'
[DEBUG] Using open Channel [id: 0xc43e6405, L:/127.0.0.1:64966 - R:localhost/127.0.0.1:15521] for GET '/session/0e989f1f8366c656228ee39655b5bc85/title'
[DEBUG] 

Request DefaultFullHttpRequest(decodeResult: success, version: HTTP/1.1, content: EmptyByteBufBE)
GET /session/0e989f1f8366c656228ee39655b5bc85/title HTTP/1.1
User-Agent: selenium/4.6.0 (java windows)
Cache-Control: no-cache
Content-Type: application/json; charset=utf-8
host: localhost:15521
accept: */*

Response DefaultHttpResponse(decodeResult: success, version: HTTP/1.1)
HTTP/1.1 200 OK
Content-Type: application/json; charset=utf-8
cache-control: no-cache
content-length: 82

[DEBUG] Adding key: http://localhost:15521 for channel [id: 0xc43e6405, L:/127.0.0.1:64966 - R:localhost/127.0.0.1:15521]
[DEBUG] Using pooled Channel '[id: 0xc43e6405, L:/127.0.0.1:64966 - R:localhost/127.0.0.1:15521]' for 'GET' to 'http://localhost:15521/session/0e989f1f8366c656228ee39655b5bc85/screenshot'
[DEBUG] Using open Channel [id: 0xc43e6405, L:/127.0.0.1:64966 - R:localhost/127.0.0.1:15521] for GET '/session/0e989f1f8366c656228ee39655b5bc85/screenshot'
[DEBUG] Entry count for : http://localhost:64967 : 1
[DEBUG] 

Request DefaultFullHttpRequest(decodeResult: success, version: HTTP/1.1, content: EmptyByteBufBE)
GET /session/0e989f1f8366c656228ee39655b5bc85/screenshot HTTP/1.1
User-Agent: selenium/4.6.0 (java windows)
Cache-Control: no-cache
Content-Type: application/json; charset=utf-8
host: localhost:15521
accept: */*

Response DefaultHttpResponse(decodeResult: success, version: HTTP/1.1)
HTTP/1.1 200 OK
Content-Type: application/json; charset=utf-8
cache-control: no-cache
content-length: 1029152

[DEBUG] Adding key: http://localhost:15521 for channel [id: 0xc43e6405, L:/127.0.0.1:64966 - R:localhost/127.0.0.1:15521]
[INFO] ***********Tab Title displayed*************
[DEBUG] Channel Closed: [id: 0x55199295, L:/127.0.0.1:64976 ! R:localhost/127.0.0.1:64967] with attribute NettyResponseFuture{currentRetry=0,
	isDone=1,
	isCancelled=0,
	asyncHandler=org.asynchttpclient.ws.WebSocketUpgradeHandler@3afd6e42,
	nettyRequest=org.asynchttpclient.netty.request.NettyRequest@79d6b113,
	future=java.util.concurrent.CompletableFuture@4295dbef[Completed normally],
	uri=ws://localhost:64967/devtools/browser/2946bf56-e607-4621-8307-93fbdfaa35b9,
	keepAlive=true,
	redirectCount=0,
	timeoutsHolder=null,
	inAuth=0,
	touch=1698330736325}
[DEBUG] Closing Channel [id: 0x55199295, L:/127.0.0.1:64976 ! R:localhost/127.0.0.1:64967] 
[DEBUG] Using pooled Channel '[id: 0xc43e6405, L:/127.0.0.1:64966 - R:localhost/127.0.0.1:15521]' for 'DELETE' to 'http://localhost:15521/session/0e989f1f8366c656228ee39655b5bc85'
[DEBUG] Using open Channel [id: 0xc43e6405, L:/127.0.0.1:64966 - R:localhost/127.0.0.1:15521] for DELETE '/session/0e989f1f8366c656228ee39655b5bc85'
[DEBUG] Entry count for : http://localhost:64967 : 1
[DEBUG] Unexpected I/O exception on channel [id: 0xabf69c92, L:/127.0.0.1:64975 - R:localhost/127.0.0.1:64967]
java.io.IOException: An existing connection was forcibly closed by the remote host
	at java.base/sun.nio.ch.SocketDispatcher.read0(Native Method) ~[na:na]
	at java.base/sun.nio.ch.SocketDispatcher.read(SocketDispatcher.java:43) ~[na:na]
	at java.base/sun.nio.ch.IOUtil.readIntoNativeBuffer(IOUtil.java:276) ~[na:na]
	at java.base/sun.nio.ch.IOUtil.read(IOUtil.java:233) ~[na:na]
	at java.base/sun.nio.ch.IOUtil.read(IOUtil.java:223) ~[na:na]
	at java.base/sun.nio.ch.SocketChannelImpl.read(SocketChannelImpl.java:358) ~[na:na]
	at io.netty.buffer.PooledByteBuf.setBytes(PooledByteBuf.java:259) ~[netty-buffer-4.1.84.Final.jar:4.1.84.Final]
	at io.netty.buffer.AbstractByteBuf.writeBytes(AbstractByteBuf.java:1132) ~[netty-buffer-4.1.84.Final.jar:4.1.84.Final]
	at io.netty.channel.socket.nio.NioSocketChannel.doReadBytes(NioSocketChannel.java:357) ~[netty-transport-4.1.84.Final.jar:4.1.84.Final]
	at io.netty.channel.nio.AbstractNioByteChannel$NioByteUnsafe.read(AbstractNioByteChannel.java:151) ~[netty-transport-4.1.84.Final.jar:4.1.84.Final]
	at io.netty.channel.nio.NioEventLoop.processSelectedKey(NioEventLoop.java:788) ~[netty-transport-4.1.84.Final.jar:4.1.84.Final]
	at io.netty.channel.nio.NioEventLoop.processSelectedKeysOptimized(NioEventLoop.java:724) ~[netty-transport-4.1.84.Final.jar:4.1.84.Final]
	at io.netty.channel.nio.NioEventLoop.processSelectedKeys(NioEventLoop.java:650) ~[netty-transport-4.1.84.Final.jar:4.1.84.Final]
	at io.netty.channel.nio.NioEventLoop.run(NioEventLoop.java:562) ~[netty-transport-4.1.84.Final.jar:4.1.84.Final]
	at io.netty.util.concurrent.SingleThreadEventExecutor$4.run(SingleThreadEventExecutor.java:997) ~[netty-common-4.1.84.Final.jar:4.1.84.Final]
	at io.netty.util.internal.ThreadExecutorMap$2.run(ThreadExecutorMap.java:74) ~[netty-common-4.1.84.Final.jar:4.1.84.Final]
	at io.netty.util.concurrent.FastThreadLocalRunnable.run(FastThreadLocalRunnable.java:30) ~[netty-common-4.1.84.Final.jar:4.1.84.Final]
	at java.base/java.lang.Thread.run(Thread.java:834) ~[na:na]
[DEBUG] Closing Channel [id: 0xabf69c92, L:/127.0.0.1:64975 - R:localhost/127.0.0.1:64967] 
[DEBUG] Channel Closed: [id: 0xabf69c92, L:/127.0.0.1:64975 ! R:localhost/127.0.0.1:64967] with attribute DISCARD
[DEBUG] 

Request DefaultFullHttpRequest(decodeResult: success, version: HTTP/1.1, content: EmptyByteBufBE)
DELETE /session/0e989f1f8366c656228ee39655b5bc85 HTTP/1.1
User-Agent: selenium/4.6.0 (java windows)
Content-Type: application/json; charset=utf-8
host: localhost:15521
accept: */*

Response DefaultHttpResponse(decodeResult: success, version: HTTP/1.1)
HTTP/1.1 200 OK
Content-Type: application/json; charset=utf-8
cache-control: no-cache
content-length: 14

[DEBUG] Adding key: http://localhost:15521 for channel [id: 0xc43e6405, L:/127.0.0.1:64966 - R:localhost/127.0.0.1:15521]
[DEBUG] Channel Closed: [id: 0xc43e6405, L:/127.0.0.1:64966 ! R:localhost/127.0.0.1:15521] with attribute DISCARD
  Then I should see the appropriate title "Business News" displayed          # stepdefinitions.Steps.verifyPageTitle(java.lang.String)
]]></system-out>
    <system-err><![CDATA[Oct 26, 2023 3:32:13 PM org.openqa.selenium.remote.RemoteWebDriver checkNonW3CCapabilities
WARNING: Support for Legacy Capabilities is deprecated; You are sending the following invalid capabilities: [unexpectedAlertBehaviour]; Please update to W3C Syntax: https://www.selenium.dev/blog/2022/legacy-protocol-support/
Starting ChromeDriver 118.0.5993.70 (e52f33f30b91b4ddfad649acddc39ab570473b86-refs/branch-heads/5993@{#1216}) on port 15521
Only local connections are allowed.
Please see https://chromedriver.chromium.org/security-considerations for suggestions on keeping ChromeDriver safe.
ChromeDriver was started successfully.
Oct 26, 2023 3:32:16 PM org.openqa.selenium.remote.ProtocolHandshake createSession
WARNING: Support for Legacy Capabilities is deprecated; You are sending the following invalid capabilities: [unexpectedAlertBehaviour]; Please update to W3C Syntax: https://www.selenium.dev/blog/2022/legacy-protocol-support/
Oct 26, 2023 3:32:16 PM org.openqa.selenium.devtools.CdpVersionFinder findNearestMatch
WARNING: Unable to find CDP implementation matching 118
Oct 26, 2023 3:32:16 PM org.openqa.selenium.chromium.ChromiumDriver lambda$new$3
WARNING: Unable to find version of CDP to use for . You may need to include a dependency on a specific version of the CDP using something similar to `org.seleniumhq.selenium:selenium-devtools-v86:4.6.0` where the version ("v86") matches the version of the chromium-based browser you're using and the version number of the artifact is the same as Selenium's.
]]></system-err>
  </testcase>
  <testcase name="Verify the number of categories displayed and their names. #9" classname="Sky News website tests" time="39.303">
    <system-out><![CDATA[
Scenario Outline: Verify the number of categories displayed and their names. # src/test/resources/features/skyNews.feature:22
[DEBUG] Using WebDriverManager 5.5.3
[DEBUG] Resolution chrome=118 in cache (valid until 16:31:37 26/10/2023 BST)
[DEBUG] Resolution chrome118=118.0.5993.70 in cache (valid until 22:39:57 26/10/2023 BST)
[INFO] Using chromedriver 118.0.5993.70 (resolved driver for Chrome 118)
[DEBUG] Driver chromedriver 118.0.5993.70 found in cache
[INFO] Exporting webdriver.chrome.driver as C:\Users\sindh\.cache\selenium\chromedriver\win64\118.0.5993.70\chromedriver.exe
[DEBUG] Entry count for : http://localhost:64967 : 1
[DEBUG] Entry count for : http://localhost:15521 : 1
[DEBUG] Adding Candidate expired Channel [id: 0xabf69c92, L:/127.0.0.1:64975 ! R:localhost/127.0.0.1:64967] isIdleTimeoutExpired=false isRemotelyClosed=true isTtlExpired=false
[DEBUG] Closing Idle Channel [id: 0xabf69c92, L:/127.0.0.1:64975 ! R:localhost/127.0.0.1:64967]
[DEBUG] Adding Candidate expired Channel [id: 0xc43e6405, L:/127.0.0.1:64966 ! R:localhost/127.0.0.1:15521] isIdleTimeoutExpired=false isRemotelyClosed=true isTtlExpired=false
[DEBUG] Closing Idle Channel [id: 0xc43e6405, L:/127.0.0.1:64966 ! R:localhost/127.0.0.1:15521]
[DEBUG] Closed 2 connections out of 2 in 1 ms
[DEBUG] Using new Channel '[id: 0x8a73c25a, L:/127.0.0.1:65114 - R:localhost/127.0.0.1:42607]' for 'POST' to '/session'
[DEBUG] 

Request DefaultHttpRequest(decodeResult: success, version: HTTP/1.1)
POST /session HTTP/1.1
User-Agent: selenium/4.6.0 (java windows)
Content-Length: 1721
Content-Type: application/json; charset=utf-8
host: localhost:42607
accept: */*

Response DefaultHttpResponse(decodeResult: success, version: HTTP/1.1)
HTTP/1.1 200 OK
Content-Type: application/json; charset=utf-8
cache-control: no-cache
content-length: 870

[DEBUG] Adding key: http://localhost:42607 for channel [id: 0x8a73c25a, L:/127.0.0.1:65114 - R:localhost/127.0.0.1:42607]
[DEBUG] Using new Channel '[id: 0xa0dfe20e, L:/127.0.0.1:65122 - R:localhost/127.0.0.1:65115]' for 'GET' to '/json/version'
[DEBUG] 

Request DefaultFullHttpRequest(decodeResult: success, version: HTTP/1.1, content: EmptyByteBufBE)
GET /json/version HTTP/1.1
User-Agent: selenium/4.6.0 (java windows)
host: localhost:65115
accept: */*

Response DefaultHttpResponse(decodeResult: success, version: HTTP/1.1)
HTTP/1.1 200 OK
Content-Security-Policy: frame-ancestors 'none'
Content-Type: application/json; charset=UTF-8
content-length: 423

[DEBUG] Adding key: http://localhost:65115 for channel [id: 0xa0dfe20e, L:/127.0.0.1:65122 - R:localhost/127.0.0.1:65115]
[DEBUG] Using new Channel '[id: 0xac42428a, L:/127.0.0.1:65123 - R:localhost/127.0.0.1:65115]' for 'GET' to '/devtools/browser/e9d43799-2b58-4249-b323-8e7ec13b0241'
[DEBUG] 

Request DefaultFullHttpRequest(decodeResult: success, version: HTTP/1.1, content: EmptyByteBufBE)
GET /devtools/browser/e9d43799-2b58-4249-b323-8e7ec13b0241 HTTP/1.1
upgrade: websocket
connection: upgrade
sec-websocket-key: lXWJBlh9/REjk1anq0sCXA==
sec-websocket-version: 13
origin: http://localhost:65115
host: localhost:65115
accept: */*
user-agent: AHC/2.1

Response DefaultHttpResponse(decodeResult: success, version: HTTP/1.1)
HTTP/1.1 101 WebSocket Protocol Handshake
Upgrade: WebSocket
Connection: Upgrade
Sec-WebSocket-Accept: GOlFqK8xyR0qSQ1VFrNfCHw10FE=

[DEBUG] Using pooled Channel '[id: 0x8a73c25a, L:/127.0.0.1:65114 - R:localhost/127.0.0.1:42607]' for 'POST' to 'http://localhost:42607/session/ea7b5d7d14df01c70d4256cee538b872/window/maximize'
[DEBUG] Using open Channel [id: 0x8a73c25a, L:/127.0.0.1:65114 - R:localhost/127.0.0.1:42607] for POST '/session/ea7b5d7d14df01c70d4256cee538b872/window/maximize'
[DEBUG] 

Request DefaultHttpRequest(decodeResult: success, version: HTTP/1.1)
POST /session/ea7b5d7d14df01c70d4256cee538b872/window/maximize HTTP/1.1
User-Agent: selenium/4.6.0 (java windows)
Content-Length: 3
Content-Type: application/json; charset=utf-8
host: localhost:42607
accept: */*

Response DefaultHttpResponse(decodeResult: success, version: HTTP/1.1)
HTTP/1.1 200 OK
Content-Type: application/json; charset=utf-8
cache-control: no-cache
content-length: 51

[DEBUG] Adding key: http://localhost:42607 for channel [id: 0x8a73c25a, L:/127.0.0.1:65114 - R:localhost/127.0.0.1:42607]
Browser Launched
[DEBUG] Using pooled Channel '[id: 0x8a73c25a, L:/127.0.0.1:65114 - R:localhost/127.0.0.1:42607]' for 'POST' to 'http://localhost:42607/session/ea7b5d7d14df01c70d4256cee538b872/url'
[DEBUG] Using open Channel [id: 0x8a73c25a, L:/127.0.0.1:65114 - R:localhost/127.0.0.1:42607] for POST '/session/ea7b5d7d14df01c70d4256cee538b872/url'
[DEBUG] Entry count for : http://localhost:65115 : 1
[DEBUG] Entry count for : http://localhost:65115 : 1
[DEBUG] 

Request DefaultHttpRequest(decodeResult: success, version: HTTP/1.1)
POST /session/ea7b5d7d14df01c70d4256cee538b872/url HTTP/1.1
User-Agent: selenium/4.6.0 (java windows)
Content-Length: 45
Content-Type: application/json; charset=utf-8
host: localhost:42607
accept: */*

Response DefaultHttpResponse(decodeResult: success, version: HTTP/1.1)
HTTP/1.1 200 OK
Content-Type: application/json; charset=utf-8
cache-control: no-cache
content-length: 14

[DEBUG] Adding key: http://localhost:42607 for channel [id: 0x8a73c25a, L:/127.0.0.1:65114 - R:localhost/127.0.0.1:42607]
[DEBUG] Using pooled Channel '[id: 0x8a73c25a, L:/127.0.0.1:65114 - R:localhost/127.0.0.1:42607]' for 'POST' to 'http://localhost:42607/session/ea7b5d7d14df01c70d4256cee538b872/timeouts'
[DEBUG] Using open Channel [id: 0x8a73c25a, L:/127.0.0.1:65114 - R:localhost/127.0.0.1:42607] for POST '/session/ea7b5d7d14df01c70d4256cee538b872/timeouts'
[DEBUG] 

Request DefaultHttpRequest(decodeResult: success, version: HTTP/1.1)
POST /session/ea7b5d7d14df01c70d4256cee538b872/timeouts HTTP/1.1
User-Agent: selenium/4.6.0 (java windows)
Content-Length: 23
Content-Type: application/json; charset=utf-8
host: localhost:42607
accept: */*

Response DefaultHttpResponse(decodeResult: success, version: HTTP/1.1)
HTTP/1.1 200 OK
Content-Type: application/json; charset=utf-8
cache-control: no-cache
content-length: 14

[DEBUG] Adding key: http://localhost:42607 for channel [id: 0x8a73c25a, L:/127.0.0.1:65114 - R:localhost/127.0.0.1:42607]
[INFO] SkyNews Displayed.............
[DEBUG] Using pooled Channel '[id: 0x8a73c25a, L:/127.0.0.1:65114 - R:localhost/127.0.0.1:42607]' for 'GET' to 'http://localhost:42607/session/ea7b5d7d14df01c70d4256cee538b872/screenshot'
[DEBUG] Using open Channel [id: 0x8a73c25a, L:/127.0.0.1:65114 - R:localhost/127.0.0.1:42607] for GET '/session/ea7b5d7d14df01c70d4256cee538b872/screenshot'
[DEBUG] Entry count for : http://localhost:65115 : 1
[DEBUG] Entry count for : http://localhost:65115 : 1
[DEBUG] Entry count for : http://localhost:65115 : 1
[DEBUG] 

Request DefaultFullHttpRequest(decodeResult: success, version: HTTP/1.1, content: EmptyByteBufBE)
GET /session/ea7b5d7d14df01c70d4256cee538b872/screenshot HTTP/1.1
User-Agent: selenium/4.6.0 (java windows)
Cache-Control: no-cache
Content-Type: application/json; charset=utf-8
host: localhost:42607
accept: */*

Response DefaultHttpResponse(decodeResult: success, version: HTTP/1.1)
HTTP/1.1 200 OK
Content-Type: application/json; charset=utf-8
cache-control: no-cache
content-length: 1219516

[DEBUG] Adding key: http://localhost:42607 for channel [id: 0x8a73c25a, L:/127.0.0.1:65114 - R:localhost/127.0.0.1:42607]
[DEBUG] Using pooled Channel '[id: 0x8a73c25a, L:/127.0.0.1:65114 - R:localhost/127.0.0.1:42607]' for 'POST' to 'http://localhost:42607/session/ea7b5d7d14df01c70d4256cee538b872/elements'
[DEBUG] Using open Channel [id: 0x8a73c25a, L:/127.0.0.1:65114 - R:localhost/127.0.0.1:42607] for POST '/session/ea7b5d7d14df01c70d4256cee538b872/elements'
[DEBUG] Entry count for : http://localhost:65115 : 1
[DEBUG] Entry count for : http://localhost:65115 : 1
[DEBUG] Entry count for : http://localhost:65115 : 1
[DEBUG] Entry count for : http://localhost:65115 : 1
[DEBUG] Entry count for : http://localhost:65115 : 1
[DEBUG] Entry count for : http://localhost:65115 : 1
[DEBUG] Entry count for : http://localhost:65115 : 1
[DEBUG] Entry count for : http://localhost:65115 : 1
[DEBUG] Entry count for : http://localhost:65115 : 1
[DEBUG] Entry count for : http://localhost:65115 : 1
[DEBUG] 

Request DefaultHttpRequest(decodeResult: success, version: HTTP/1.1)
POST /session/ea7b5d7d14df01c70d4256cee538b872/elements HTTP/1.1
User-Agent: selenium/4.6.0 (java windows)
Content-Length: 122
Content-Type: application/json; charset=utf-8
host: localhost:42607
accept: */*

Response DefaultHttpResponse(decodeResult: success, version: HTTP/1.1)
HTTP/1.1 200 OK
Content-Type: application/json; charset=utf-8
cache-control: no-cache
content-length: 12

[DEBUG] Adding key: http://localhost:42607 for channel [id: 0x8a73c25a, L:/127.0.0.1:65114 - R:localhost/127.0.0.1:42607]
[DEBUG] Using pooled Channel '[id: 0x8a73c25a, L:/127.0.0.1:65114 - R:localhost/127.0.0.1:42607]' for 'POST' to 'http://localhost:42607/session/ea7b5d7d14df01c70d4256cee538b872/elements'
[DEBUG] Using open Channel [id: 0x8a73c25a, L:/127.0.0.1:65114 - R:localhost/127.0.0.1:42607] for POST '/session/ea7b5d7d14df01c70d4256cee538b872/elements'
[DEBUG] 

Request DefaultHttpRequest(decodeResult: success, version: HTTP/1.1)
POST /session/ea7b5d7d14df01c70d4256cee538b872/elements HTTP/1.1
User-Agent: selenium/4.6.0 (java windows)
Content-Length: 106
Content-Type: application/json; charset=utf-8
host: localhost:42607
accept: */*

Response DefaultHttpResponse(decodeResult: success, version: HTTP/1.1)
HTTP/1.1 200 OK
Content-Type: application/json; charset=utf-8
cache-control: no-cache
content-length: 97

[DEBUG] Adding key: http://localhost:42607 for channel [id: 0x8a73c25a, L:/127.0.0.1:65114 - R:localhost/127.0.0.1:42607]
[DEBUG] Using pooled Channel '[id: 0x8a73c25a, L:/127.0.0.1:65114 - R:localhost/127.0.0.1:42607]' for 'POST' to 'http://localhost:42607/session/ea7b5d7d14df01c70d4256cee538b872/frame'
[DEBUG] Using open Channel [id: 0x8a73c25a, L:/127.0.0.1:65114 - R:localhost/127.0.0.1:42607] for POST '/session/ea7b5d7d14df01c70d4256cee538b872/frame'
[DEBUG] 

Request DefaultHttpRequest(decodeResult: success, version: HTTP/1.1)
POST /session/ea7b5d7d14df01c70d4256cee538b872/frame HTTP/1.1
User-Agent: selenium/4.6.0 (java windows)
Content-Length: 168
Content-Type: application/json; charset=utf-8
host: localhost:42607
accept: */*

Response DefaultHttpResponse(decodeResult: success, version: HTTP/1.1)
HTTP/1.1 200 OK
Content-Type: application/json; charset=utf-8
cache-control: no-cache
content-length: 14

[DEBUG] Adding key: http://localhost:42607 for channel [id: 0x8a73c25a, L:/127.0.0.1:65114 - R:localhost/127.0.0.1:42607]
[DEBUG] Using pooled Channel '[id: 0x8a73c25a, L:/127.0.0.1:65114 - R:localhost/127.0.0.1:42607]' for 'POST' to 'http://localhost:42607/session/ea7b5d7d14df01c70d4256cee538b872/element'
[DEBUG] Using open Channel [id: 0x8a73c25a, L:/127.0.0.1:65114 - R:localhost/127.0.0.1:42607] for POST '/session/ea7b5d7d14df01c70d4256cee538b872/element'
[DEBUG] 

Request DefaultHttpRequest(decodeResult: success, version: HTTP/1.1)
POST /session/ea7b5d7d14df01c70d4256cee538b872/element HTTP/1.1
User-Agent: selenium/4.6.0 (java windows)
Content-Length: 88
Content-Type: application/json; charset=utf-8
host: localhost:42607
accept: */*

Response DefaultHttpResponse(decodeResult: success, version: HTTP/1.1)
HTTP/1.1 200 OK
Content-Type: application/json; charset=utf-8
cache-control: no-cache
content-length: 94

[DEBUG] Adding key: http://localhost:42607 for channel [id: 0x8a73c25a, L:/127.0.0.1:65114 - R:localhost/127.0.0.1:42607]
[DEBUG] Using pooled Channel '[id: 0x8a73c25a, L:/127.0.0.1:65114 - R:localhost/127.0.0.1:42607]' for 'POST' to 'http://localhost:42607/session/ea7b5d7d14df01c70d4256cee538b872/element/B7C67E9801D66D3DC350636DD882846C_element_7/click'
[DEBUG] Using open Channel [id: 0x8a73c25a, L:/127.0.0.1:65114 - R:localhost/127.0.0.1:42607] for POST '/session/ea7b5d7d14df01c70d4256cee538b872/element/B7C67E9801D66D3DC350636DD882846C_element_7/click'
[DEBUG] Entry count for : http://localhost:65115 : 1
[DEBUG] 

Request DefaultHttpRequest(decodeResult: success, version: HTTP/1.1)
POST /session/ea7b5d7d14df01c70d4256cee538b872/element/B7C67E9801D66D3DC350636DD882846C_element_7/click HTTP/1.1
User-Agent: selenium/4.6.0 (java windows)
Content-Length: 56
Content-Type: application/json; charset=utf-8
host: localhost:42607
accept: */*

Response DefaultHttpResponse(decodeResult: success, version: HTTP/1.1)
HTTP/1.1 200 OK
Content-Type: application/json; charset=utf-8
cache-control: no-cache
content-length: 14

[DEBUG] Adding key: http://localhost:42607 for channel [id: 0x8a73c25a, L:/127.0.0.1:65114 - R:localhost/127.0.0.1:42607]
[DEBUG] Entry count for : http://localhost:42607 : 1
[DEBUG] Entry count for : http://localhost:65115 : 1
  Given I navigate to Sky News Website home page                             # stepdefinitions.Steps.loadHomePage()
[DEBUG] Using pooled Channel '[id: 0x8a73c25a, L:/127.0.0.1:65114 - R:localhost/127.0.0.1:42607]' for 'POST' to 'http://localhost:42607/session/ea7b5d7d14df01c70d4256cee538b872/element'
[DEBUG] Using open Channel [id: 0x8a73c25a, L:/127.0.0.1:65114 - R:localhost/127.0.0.1:42607] for POST '/session/ea7b5d7d14df01c70d4256cee538b872/element'
[DEBUG] Entry count for : http://localhost:65115 : 1
[DEBUG] Entry count for : http://localhost:65115 : 1
[DEBUG] Entry count for : http://localhost:65115 : 1
[DEBUG] Entry count for : http://localhost:65115 : 1
[DEBUG] 

Request DefaultHttpRequest(decodeResult: success, version: HTTP/1.1)
POST /session/ea7b5d7d14df01c70d4256cee538b872/element HTTP/1.1
User-Agent: selenium/4.6.0 (java windows)
Content-Length: 124
Content-Type: application/json; charset=utf-8
host: localhost:42607
accept: */*

Response DefaultHttpResponse(decodeResult: success, version: HTTP/1.1)
HTTP/1.1 200 OK
Content-Type: application/json; charset=utf-8
cache-control: no-cache
content-length: 95

[DEBUG] Adding key: http://localhost:42607 for channel [id: 0x8a73c25a, L:/127.0.0.1:65114 - R:localhost/127.0.0.1:42607]
[DEBUG] Using pooled Channel '[id: 0x8a73c25a, L:/127.0.0.1:65114 - R:localhost/127.0.0.1:42607]' for 'POST' to 'http://localhost:42607/session/ea7b5d7d14df01c70d4256cee538b872/element/3AB00364FA1434EC0593E4B6726E28FC_element_47/click'
[DEBUG] Using open Channel [id: 0x8a73c25a, L:/127.0.0.1:65114 - R:localhost/127.0.0.1:42607] for POST '/session/ea7b5d7d14df01c70d4256cee538b872/element/3AB00364FA1434EC0593E4B6726E28FC_element_47/click'
[DEBUG] Entry count for : http://localhost:65115 : 1
[DEBUG] Entry count for : http://localhost:65115 : 1
[DEBUG] 

Request DefaultHttpRequest(decodeResult: success, version: HTTP/1.1)
POST /session/ea7b5d7d14df01c70d4256cee538b872/element/3AB00364FA1434EC0593E4B6726E28FC_element_47/click HTTP/1.1
User-Agent: selenium/4.6.0 (java windows)
Content-Length: 57
Content-Type: application/json; charset=utf-8
host: localhost:42607
accept: */*

Response DefaultHttpResponse(decodeResult: success, version: HTTP/1.1)
HTTP/1.1 200 OK
Content-Type: application/json; charset=utf-8
cache-control: no-cache
content-length: 14

[DEBUG] Adding key: http://localhost:42607 for channel [id: 0x8a73c25a, L:/127.0.0.1:65114 - R:localhost/127.0.0.1:42607]
  When I click the "Ents & Arts" tab                                         # stepdefinitions.Steps.selectTab(java.lang.String)
[DEBUG] Using pooled Channel '[id: 0x8a73c25a, L:/127.0.0.1:65114 - R:localhost/127.0.0.1:42607]' for 'GET' to 'http://localhost:42607/session/ea7b5d7d14df01c70d4256cee538b872/title'
[DEBUG] Using open Channel [id: 0x8a73c25a, L:/127.0.0.1:65114 - R:localhost/127.0.0.1:42607] for GET '/session/ea7b5d7d14df01c70d4256cee538b872/title'
[DEBUG] Entry count for : http://localhost:65115 : 1
[DEBUG] Entry count for : http://localhost:65115 : 1
[DEBUG] 

Request DefaultFullHttpRequest(decodeResult: success, version: HTTP/1.1, content: EmptyByteBufBE)
GET /session/ea7b5d7d14df01c70d4256cee538b872/title HTTP/1.1
User-Agent: selenium/4.6.0 (java windows)
Cache-Control: no-cache
Content-Type: application/json; charset=utf-8
host: localhost:42607
accept: */*

Response DefaultHttpResponse(decodeResult: success, version: HTTP/1.1)
HTTP/1.1 200 OK
Content-Type: application/json; charset=utf-8
cache-control: no-cache
content-length: 75

[DEBUG] Adding key: http://localhost:42607 for channel [id: 0x8a73c25a, L:/127.0.0.1:65114 - R:localhost/127.0.0.1:42607]
[DEBUG] Using pooled Channel '[id: 0x8a73c25a, L:/127.0.0.1:65114 - R:localhost/127.0.0.1:42607]' for 'GET' to 'http://localhost:42607/session/ea7b5d7d14df01c70d4256cee538b872/screenshot'
[DEBUG] Using open Channel [id: 0x8a73c25a, L:/127.0.0.1:65114 - R:localhost/127.0.0.1:42607] for GET '/session/ea7b5d7d14df01c70d4256cee538b872/screenshot'
[DEBUG] Entry count for : http://localhost:65115 : 1
[DEBUG] 

Request DefaultFullHttpRequest(decodeResult: success, version: HTTP/1.1, content: EmptyByteBufBE)
GET /session/ea7b5d7d14df01c70d4256cee538b872/screenshot HTTP/1.1
User-Agent: selenium/4.6.0 (java windows)
Cache-Control: no-cache
Content-Type: application/json; charset=utf-8
host: localhost:42607
accept: */*

Response DefaultHttpResponse(decodeResult: success, version: HTTP/1.1)
HTTP/1.1 200 OK
Content-Type: application/json; charset=utf-8
cache-control: no-cache
content-length: 1138096

[DEBUG] Adding key: http://localhost:42607 for channel [id: 0x8a73c25a, L:/127.0.0.1:65114 - R:localhost/127.0.0.1:42607]
[INFO] ***********Tab Title displayed*************
[DEBUG] Channel Closed: [id: 0xac42428a, L:/127.0.0.1:65123 ! R:localhost/127.0.0.1:65115] with attribute NettyResponseFuture{currentRetry=0,
	isDone=1,
	isCancelled=0,
	asyncHandler=org.asynchttpclient.ws.WebSocketUpgradeHandler@40726911,
	nettyRequest=org.asynchttpclient.netty.request.NettyRequest@14a49574,
	future=java.util.concurrent.CompletableFuture@38f7b675[Completed normally],
	uri=ws://localhost:65115/devtools/browser/e9d43799-2b58-4249-b323-8e7ec13b0241,
	keepAlive=true,
	redirectCount=0,
	timeoutsHolder=null,
	inAuth=0,
	touch=1698330761502}
[DEBUG] Closing Channel [id: 0xac42428a, L:/127.0.0.1:65123 ! R:localhost/127.0.0.1:65115] 
[DEBUG] Using pooled Channel '[id: 0x8a73c25a, L:/127.0.0.1:65114 - R:localhost/127.0.0.1:42607]' for 'DELETE' to 'http://localhost:42607/session/ea7b5d7d14df01c70d4256cee538b872'
[DEBUG] Using open Channel [id: 0x8a73c25a, L:/127.0.0.1:65114 - R:localhost/127.0.0.1:42607] for DELETE '/session/ea7b5d7d14df01c70d4256cee538b872'
[DEBUG] Entry count for : http://localhost:65115 : 1
[DEBUG] Entry count for : http://localhost:65115 : 1
[DEBUG] Entry count for : http://localhost:65115 : 1
[DEBUG] Entry count for : http://localhost:65115 : 1
[DEBUG] Entry count for : http://localhost:65115 : 1
[DEBUG] Entry count for : http://localhost:65115 : 1
[DEBUG] Unexpected I/O exception on channel [id: 0xa0dfe20e, L:/127.0.0.1:65122 - R:localhost/127.0.0.1:65115]
java.io.IOException: An existing connection was forcibly closed by the remote host
	at java.base/sun.nio.ch.SocketDispatcher.read0(Native Method) ~[na:na]
	at java.base/sun.nio.ch.SocketDispatcher.read(SocketDispatcher.java:43) ~[na:na]
	at java.base/sun.nio.ch.IOUtil.readIntoNativeBuffer(IOUtil.java:276) ~[na:na]
	at java.base/sun.nio.ch.IOUtil.read(IOUtil.java:233) ~[na:na]
	at java.base/sun.nio.ch.IOUtil.read(IOUtil.java:223) ~[na:na]
	at java.base/sun.nio.ch.SocketChannelImpl.read(SocketChannelImpl.java:358) ~[na:na]
	at io.netty.buffer.PooledByteBuf.setBytes(PooledByteBuf.java:259) ~[netty-buffer-4.1.84.Final.jar:4.1.84.Final]
	at io.netty.buffer.AbstractByteBuf.writeBytes(AbstractByteBuf.java:1132) ~[netty-buffer-4.1.84.Final.jar:4.1.84.Final]
	at io.netty.channel.socket.nio.NioSocketChannel.doReadBytes(NioSocketChannel.java:357) ~[netty-transport-4.1.84.Final.jar:4.1.84.Final]
	at io.netty.channel.nio.AbstractNioByteChannel$NioByteUnsafe.read(AbstractNioByteChannel.java:151) ~[netty-transport-4.1.84.Final.jar:4.1.84.Final]
	at io.netty.channel.nio.NioEventLoop.processSelectedKey(NioEventLoop.java:788) ~[netty-transport-4.1.84.Final.jar:4.1.84.Final]
	at io.netty.channel.nio.NioEventLoop.processSelectedKeysOptimized(NioEventLoop.java:724) ~[netty-transport-4.1.84.Final.jar:4.1.84.Final]
	at io.netty.channel.nio.NioEventLoop.processSelectedKeys(NioEventLoop.java:650) ~[netty-transport-4.1.84.Final.jar:4.1.84.Final]
	at io.netty.channel.nio.NioEventLoop.run(NioEventLoop.java:562) ~[netty-transport-4.1.84.Final.jar:4.1.84.Final]
	at io.netty.util.concurrent.SingleThreadEventExecutor$4.run(SingleThreadEventExecutor.java:997) ~[netty-common-4.1.84.Final.jar:4.1.84.Final]
	at io.netty.util.internal.ThreadExecutorMap$2.run(ThreadExecutorMap.java:74) ~[netty-common-4.1.84.Final.jar:4.1.84.Final]
	at io.netty.util.concurrent.FastThreadLocalRunnable.run(FastThreadLocalRunnable.java:30) ~[netty-common-4.1.84.Final.jar:4.1.84.Final]
	at java.base/java.lang.Thread.run(Thread.java:834) ~[na:na]
[DEBUG] Closing Channel [id: 0xa0dfe20e, L:/127.0.0.1:65122 - R:localhost/127.0.0.1:65115] 
[DEBUG] Channel Closed: [id: 0xa0dfe20e, L:/127.0.0.1:65122 ! R:localhost/127.0.0.1:65115] with attribute DISCARD
[DEBUG] 

Request DefaultFullHttpRequest(decodeResult: success, version: HTTP/1.1, content: EmptyByteBufBE)
DELETE /session/ea7b5d7d14df01c70d4256cee538b872 HTTP/1.1
User-Agent: selenium/4.6.0 (java windows)
Content-Type: application/json; charset=utf-8
host: localhost:42607
accept: */*

Response DefaultHttpResponse(decodeResult: success, version: HTTP/1.1)
HTTP/1.1 200 OK
Content-Type: application/json; charset=utf-8
cache-control: no-cache
content-length: 14

[DEBUG] Adding key: http://localhost:42607 for channel [id: 0x8a73c25a, L:/127.0.0.1:65114 - R:localhost/127.0.0.1:42607]
[DEBUG] Entry count for : http://localhost:42607 : 1
[DEBUG] Entry count for : http://localhost:65115 : 1
[DEBUG] Adding Candidate expired Channel [id: 0xa0dfe20e, L:/127.0.0.1:65122 ! R:localhost/127.0.0.1:65115] isIdleTimeoutExpired=false isRemotelyClosed=true isTtlExpired=false
[DEBUG] Closing Idle Channel [id: 0xa0dfe20e, L:/127.0.0.1:65122 ! R:localhost/127.0.0.1:65115]
[DEBUG] Closed 1 connections out of 2 in 2 ms
[DEBUG] Channel Closed: [id: 0x8a73c25a, L:/127.0.0.1:65114 ! R:localhost/127.0.0.1:42607] with attribute DISCARD
  Then I should see the appropriate title "Entertainment News" displayed     # stepdefinitions.Steps.verifyPageTitle(java.lang.String)
]]></system-out>
    <system-err><![CDATA[Oct 26, 2023 3:32:38 PM org.openqa.selenium.remote.RemoteWebDriver checkNonW3CCapabilities
WARNING: Support for Legacy Capabilities is deprecated; You are sending the following invalid capabilities: [unexpectedAlertBehaviour]; Please update to W3C Syntax: https://www.selenium.dev/blog/2022/legacy-protocol-support/
Starting ChromeDriver 118.0.5993.70 (e52f33f30b91b4ddfad649acddc39ab570473b86-refs/branch-heads/5993@{#1216}) on port 42607
Only local connections are allowed.
Please see https://chromedriver.chromium.org/security-considerations for suggestions on keeping ChromeDriver safe.
ChromeDriver was started successfully.
Oct 26, 2023 3:32:41 PM org.openqa.selenium.remote.ProtocolHandshake createSession
WARNING: Support for Legacy Capabilities is deprecated; You are sending the following invalid capabilities: [unexpectedAlertBehaviour]; Please update to W3C Syntax: https://www.selenium.dev/blog/2022/legacy-protocol-support/
Oct 26, 2023 3:32:41 PM org.openqa.selenium.devtools.CdpVersionFinder findNearestMatch
WARNING: Unable to find CDP implementation matching 118
Oct 26, 2023 3:32:41 PM org.openqa.selenium.chromium.ChromiumDriver lambda$new$3
WARNING: Unable to find version of CDP to use for . You may need to include a dependency on a specific version of the CDP using something similar to `org.seleniumhq.selenium:selenium-devtools-v86:4.6.0` where the version ("v86") matches the version of the chromium-based browser you're using and the version number of the artifact is the same as Selenium's.
]]></system-err>
  </testcase>
  <testcase name="Verify the number of categories displayed and their names. #10" classname="Sky News website tests" time="34.434">
    <system-out><![CDATA[
Scenario Outline: Verify the number of categories displayed and their names. # src/test/resources/features/skyNews.feature:23
[DEBUG] Using WebDriverManager 5.5.3
[DEBUG] Resolution chrome=118 in cache (valid until 16:31:37 26/10/2023 BST)
[DEBUG] Resolution chrome118=118.0.5993.70 in cache (valid until 22:39:57 26/10/2023 BST)
[INFO] Using chromedriver 118.0.5993.70 (resolved driver for Chrome 118)
[DEBUG] Driver chromedriver 118.0.5993.70 found in cache
[INFO] Exporting webdriver.chrome.driver as C:\Users\sindh\.cache\selenium\chromedriver\win64\118.0.5993.70\chromedriver.exe
[DEBUG] Entry count for : http://localhost:42607 : 1
[DEBUG] Adding Candidate expired Channel [id: 0x8a73c25a, L:/127.0.0.1:65114 ! R:localhost/127.0.0.1:42607] isIdleTimeoutExpired=false isRemotelyClosed=true isTtlExpired=false
[DEBUG] Closing Idle Channel [id: 0x8a73c25a, L:/127.0.0.1:65114 ! R:localhost/127.0.0.1:42607]
[DEBUG] Closed 1 connections out of 1 in 1 ms
[DEBUG] Using new Channel '[id: 0xa736ae41, L:/127.0.0.1:65260 - R:localhost/127.0.0.1:27988]' for 'POST' to '/session'
[DEBUG] 

Request DefaultHttpRequest(decodeResult: success, version: HTTP/1.1)
POST /session HTTP/1.1
User-Agent: selenium/4.6.0 (java windows)
Content-Length: 1721
Content-Type: application/json; charset=utf-8
host: localhost:27988
accept: */*

Response DefaultHttpResponse(decodeResult: success, version: HTTP/1.1)
HTTP/1.1 200 OK
Content-Type: application/json; charset=utf-8
cache-control: no-cache
content-length: 870

[DEBUG] Adding key: http://localhost:27988 for channel [id: 0xa736ae41, L:/127.0.0.1:65260 - R:localhost/127.0.0.1:27988]
[DEBUG] Using new Channel '[id: 0x91b19dcd, L:/127.0.0.1:65278 - R:localhost/127.0.0.1:65269]' for 'GET' to '/json/version'
[DEBUG] 

Request DefaultFullHttpRequest(decodeResult: success, version: HTTP/1.1, content: EmptyByteBufBE)
GET /json/version HTTP/1.1
User-Agent: selenium/4.6.0 (java windows)
host: localhost:65269
accept: */*

Response DefaultHttpResponse(decodeResult: success, version: HTTP/1.1)
HTTP/1.1 200 OK
Content-Security-Policy: frame-ancestors 'none'
Content-Type: application/json; charset=UTF-8
content-length: 423

[DEBUG] Adding key: http://localhost:65269 for channel [id: 0x91b19dcd, L:/127.0.0.1:65278 - R:localhost/127.0.0.1:65269]
[DEBUG] Using new Channel '[id: 0x5a38a2c6, L:/127.0.0.1:65279 - R:localhost/127.0.0.1:65269]' for 'GET' to '/devtools/browser/1884ea4e-66b6-4a11-a952-20eaef26d8b8'
[DEBUG] 

Request DefaultFullHttpRequest(decodeResult: success, version: HTTP/1.1, content: EmptyByteBufBE)
GET /devtools/browser/1884ea4e-66b6-4a11-a952-20eaef26d8b8 HTTP/1.1
upgrade: websocket
connection: upgrade
sec-websocket-key: YrwDfh8wmLFBYFSE1xiCuQ==
sec-websocket-version: 13
origin: http://localhost:65269
host: localhost:65269
accept: */*
user-agent: AHC/2.1

Response DefaultHttpResponse(decodeResult: success, version: HTTP/1.1)
HTTP/1.1 101 WebSocket Protocol Handshake
Upgrade: WebSocket
Connection: Upgrade
Sec-WebSocket-Accept: 0c4h/x6y40oe3lcUr3SpKST40Ng=

[DEBUG] Using pooled Channel '[id: 0xa736ae41, L:/127.0.0.1:65260 - R:localhost/127.0.0.1:27988]' for 'POST' to 'http://localhost:27988/session/00ec2f7ed6910595feebda5ef6fa3492/window/maximize'
[DEBUG] Using open Channel [id: 0xa736ae41, L:/127.0.0.1:65260 - R:localhost/127.0.0.1:27988] for POST '/session/00ec2f7ed6910595feebda5ef6fa3492/window/maximize'
[DEBUG] 

Request DefaultHttpRequest(decodeResult: success, version: HTTP/1.1)
POST /session/00ec2f7ed6910595feebda5ef6fa3492/window/maximize HTTP/1.1
User-Agent: selenium/4.6.0 (java windows)
Content-Length: 3
Content-Type: application/json; charset=utf-8
host: localhost:27988
accept: */*

Response DefaultHttpResponse(decodeResult: success, version: HTTP/1.1)
HTTP/1.1 200 OK
Content-Type: application/json; charset=utf-8
cache-control: no-cache
content-length: 51

[DEBUG] Adding key: http://localhost:27988 for channel [id: 0xa736ae41, L:/127.0.0.1:65260 - R:localhost/127.0.0.1:27988]
Browser Launched
[DEBUG] Using pooled Channel '[id: 0xa736ae41, L:/127.0.0.1:65260 - R:localhost/127.0.0.1:27988]' for 'POST' to 'http://localhost:27988/session/00ec2f7ed6910595feebda5ef6fa3492/url'
[DEBUG] Using open Channel [id: 0xa736ae41, L:/127.0.0.1:65260 - R:localhost/127.0.0.1:27988] for POST '/session/00ec2f7ed6910595feebda5ef6fa3492/url'
[DEBUG] Entry count for : http://localhost:65269 : 1
[DEBUG] 

Request DefaultHttpRequest(decodeResult: success, version: HTTP/1.1)
POST /session/00ec2f7ed6910595feebda5ef6fa3492/url HTTP/1.1
User-Agent: selenium/4.6.0 (java windows)
Content-Length: 45
Content-Type: application/json; charset=utf-8
host: localhost:27988
accept: */*

Response DefaultHttpResponse(decodeResult: success, version: HTTP/1.1)
HTTP/1.1 200 OK
Content-Type: application/json; charset=utf-8
cache-control: no-cache
content-length: 14

[DEBUG] Adding key: http://localhost:27988 for channel [id: 0xa736ae41, L:/127.0.0.1:65260 - R:localhost/127.0.0.1:27988]
[DEBUG] Using pooled Channel '[id: 0xa736ae41, L:/127.0.0.1:65260 - R:localhost/127.0.0.1:27988]' for 'POST' to 'http://localhost:27988/session/00ec2f7ed6910595feebda5ef6fa3492/timeouts'
[DEBUG] Using open Channel [id: 0xa736ae41, L:/127.0.0.1:65260 - R:localhost/127.0.0.1:27988] for POST '/session/00ec2f7ed6910595feebda5ef6fa3492/timeouts'
[DEBUG] 

Request DefaultHttpRequest(decodeResult: success, version: HTTP/1.1)
POST /session/00ec2f7ed6910595feebda5ef6fa3492/timeouts HTTP/1.1
User-Agent: selenium/4.6.0 (java windows)
Content-Length: 23
Content-Type: application/json; charset=utf-8
host: localhost:27988
accept: */*

Response DefaultHttpResponse(decodeResult: success, version: HTTP/1.1)
HTTP/1.1 200 OK
Content-Type: application/json; charset=utf-8
cache-control: no-cache
content-length: 14

[DEBUG] Adding key: http://localhost:27988 for channel [id: 0xa736ae41, L:/127.0.0.1:65260 - R:localhost/127.0.0.1:27988]
[INFO] SkyNews Displayed.............
[DEBUG] Using pooled Channel '[id: 0xa736ae41, L:/127.0.0.1:65260 - R:localhost/127.0.0.1:27988]' for 'GET' to 'http://localhost:27988/session/00ec2f7ed6910595feebda5ef6fa3492/screenshot'
[DEBUG] Using open Channel [id: 0xa736ae41, L:/127.0.0.1:65260 - R:localhost/127.0.0.1:27988] for GET '/session/00ec2f7ed6910595feebda5ef6fa3492/screenshot'
[DEBUG] Entry count for : http://localhost:65269 : 1
[DEBUG] Entry count for : http://localhost:65269 : 1
[DEBUG] Entry count for : http://localhost:65269 : 1
[DEBUG] Entry count for : http://localhost:65269 : 1
[DEBUG] Entry count for : http://localhost:65269 : 1
[DEBUG] Entry count for : http://localhost:65269 : 1
[DEBUG] Entry count for : http://localhost:65269 : 1
[DEBUG] 

Request DefaultFullHttpRequest(decodeResult: success, version: HTTP/1.1, content: EmptyByteBufBE)
GET /session/00ec2f7ed6910595feebda5ef6fa3492/screenshot HTTP/1.1
User-Agent: selenium/4.6.0 (java windows)
Cache-Control: no-cache
Content-Type: application/json; charset=utf-8
host: localhost:27988
accept: */*

Response DefaultHttpResponse(decodeResult: success, version: HTTP/1.1)
HTTP/1.1 200 OK
Content-Type: application/json; charset=utf-8
cache-control: no-cache
content-length: 732812

[DEBUG] Adding key: http://localhost:27988 for channel [id: 0xa736ae41, L:/127.0.0.1:65260 - R:localhost/127.0.0.1:27988]
[DEBUG] Using pooled Channel '[id: 0xa736ae41, L:/127.0.0.1:65260 - R:localhost/127.0.0.1:27988]' for 'POST' to 'http://localhost:27988/session/00ec2f7ed6910595feebda5ef6fa3492/elements'
[DEBUG] Using open Channel [id: 0xa736ae41, L:/127.0.0.1:65260 - R:localhost/127.0.0.1:27988] for POST '/session/00ec2f7ed6910595feebda5ef6fa3492/elements'
[DEBUG] Entry count for : http://localhost:65269 : 1
[DEBUG] Entry count for : http://localhost:65269 : 1
[DEBUG] Entry count for : http://localhost:65269 : 1
[DEBUG] Entry count for : http://localhost:65269 : 1
[DEBUG] Entry count for : http://localhost:65269 : 1
[DEBUG] Entry count for : http://localhost:65269 : 1
[DEBUG] Entry count for : http://localhost:65269 : 1
[DEBUG] Entry count for : http://localhost:65269 : 1
[DEBUG] Entry count for : http://localhost:65269 : 1
[DEBUG] 

Request DefaultHttpRequest(decodeResult: success, version: HTTP/1.1)
POST /session/00ec2f7ed6910595feebda5ef6fa3492/elements HTTP/1.1
User-Agent: selenium/4.6.0 (java windows)
Content-Length: 122
Content-Type: application/json; charset=utf-8
host: localhost:27988
accept: */*

Response DefaultHttpResponse(decodeResult: success, version: HTTP/1.1)
HTTP/1.1 200 OK
Content-Type: application/json; charset=utf-8
cache-control: no-cache
content-length: 12

[DEBUG] Adding key: http://localhost:27988 for channel [id: 0xa736ae41, L:/127.0.0.1:65260 - R:localhost/127.0.0.1:27988]
[DEBUG] Using pooled Channel '[id: 0xa736ae41, L:/127.0.0.1:65260 - R:localhost/127.0.0.1:27988]' for 'POST' to 'http://localhost:27988/session/00ec2f7ed6910595feebda5ef6fa3492/elements'
[DEBUG] Using open Channel [id: 0xa736ae41, L:/127.0.0.1:65260 - R:localhost/127.0.0.1:27988] for POST '/session/00ec2f7ed6910595feebda5ef6fa3492/elements'
[DEBUG] 

Request DefaultHttpRequest(decodeResult: success, version: HTTP/1.1)
POST /session/00ec2f7ed6910595feebda5ef6fa3492/elements HTTP/1.1
User-Agent: selenium/4.6.0 (java windows)
Content-Length: 106
Content-Type: application/json; charset=utf-8
host: localhost:27988
accept: */*

Response DefaultHttpResponse(decodeResult: success, version: HTTP/1.1)
HTTP/1.1 200 OK
Content-Type: application/json; charset=utf-8
cache-control: no-cache
content-length: 97

[DEBUG] Adding key: http://localhost:27988 for channel [id: 0xa736ae41, L:/127.0.0.1:65260 - R:localhost/127.0.0.1:27988]
[DEBUG] Using pooled Channel '[id: 0xa736ae41, L:/127.0.0.1:65260 - R:localhost/127.0.0.1:27988]' for 'POST' to 'http://localhost:27988/session/00ec2f7ed6910595feebda5ef6fa3492/frame'
[DEBUG] Using open Channel [id: 0xa736ae41, L:/127.0.0.1:65260 - R:localhost/127.0.0.1:27988] for POST '/session/00ec2f7ed6910595feebda5ef6fa3492/frame'
[DEBUG] 

Request DefaultHttpRequest(decodeResult: success, version: HTTP/1.1)
POST /session/00ec2f7ed6910595feebda5ef6fa3492/frame HTTP/1.1
User-Agent: selenium/4.6.0 (java windows)
Content-Length: 168
Content-Type: application/json; charset=utf-8
host: localhost:27988
accept: */*

Response DefaultHttpResponse(decodeResult: success, version: HTTP/1.1)
HTTP/1.1 200 OK
Content-Type: application/json; charset=utf-8
cache-control: no-cache
content-length: 14

[DEBUG] Adding key: http://localhost:27988 for channel [id: 0xa736ae41, L:/127.0.0.1:65260 - R:localhost/127.0.0.1:27988]
[DEBUG] Using pooled Channel '[id: 0xa736ae41, L:/127.0.0.1:65260 - R:localhost/127.0.0.1:27988]' for 'POST' to 'http://localhost:27988/session/00ec2f7ed6910595feebda5ef6fa3492/element'
[DEBUG] Using open Channel [id: 0xa736ae41, L:/127.0.0.1:65260 - R:localhost/127.0.0.1:27988] for POST '/session/00ec2f7ed6910595feebda5ef6fa3492/element'
[DEBUG] 

Request DefaultHttpRequest(decodeResult: success, version: HTTP/1.1)
POST /session/00ec2f7ed6910595feebda5ef6fa3492/element HTTP/1.1
User-Agent: selenium/4.6.0 (java windows)
Content-Length: 88
Content-Type: application/json; charset=utf-8
host: localhost:27988
accept: */*

Response DefaultHttpResponse(decodeResult: success, version: HTTP/1.1)
HTTP/1.1 200 OK
Content-Type: application/json; charset=utf-8
cache-control: no-cache
content-length: 94

[DEBUG] Adding key: http://localhost:27988 for channel [id: 0xa736ae41, L:/127.0.0.1:65260 - R:localhost/127.0.0.1:27988]
[DEBUG] Using pooled Channel '[id: 0xa736ae41, L:/127.0.0.1:65260 - R:localhost/127.0.0.1:27988]' for 'POST' to 'http://localhost:27988/session/00ec2f7ed6910595feebda5ef6fa3492/element/732C159D9C441B51F77734B96384FAAE_element_7/click'
[DEBUG] Using open Channel [id: 0xa736ae41, L:/127.0.0.1:65260 - R:localhost/127.0.0.1:27988] for POST '/session/00ec2f7ed6910595feebda5ef6fa3492/element/732C159D9C441B51F77734B96384FAAE_element_7/click'
[DEBUG] Entry count for : http://localhost:65269 : 1
[DEBUG] 

Request DefaultHttpRequest(decodeResult: success, version: HTTP/1.1)
POST /session/00ec2f7ed6910595feebda5ef6fa3492/element/732C159D9C441B51F77734B96384FAAE_element_7/click HTTP/1.1
User-Agent: selenium/4.6.0 (java windows)
Content-Length: 56
Content-Type: application/json; charset=utf-8
host: localhost:27988
accept: */*

Response DefaultHttpResponse(decodeResult: success, version: HTTP/1.1)
HTTP/1.1 200 OK
Content-Type: application/json; charset=utf-8
cache-control: no-cache
content-length: 14

[DEBUG] Adding key: http://localhost:27988 for channel [id: 0xa736ae41, L:/127.0.0.1:65260 - R:localhost/127.0.0.1:27988]
  Given I navigate to Sky News Website home page                             # stepdefinitions.Steps.loadHomePage()
[DEBUG] Using pooled Channel '[id: 0xa736ae41, L:/127.0.0.1:65260 - R:localhost/127.0.0.1:27988]' for 'POST' to 'http://localhost:27988/session/00ec2f7ed6910595feebda5ef6fa3492/element'
[DEBUG] Using open Channel [id: 0xa736ae41, L:/127.0.0.1:65260 - R:localhost/127.0.0.1:27988] for POST '/session/00ec2f7ed6910595feebda5ef6fa3492/element'
[DEBUG] Entry count for : http://localhost:65269 : 1
[DEBUG] 

Request DefaultHttpRequest(decodeResult: success, version: HTTP/1.1)
POST /session/00ec2f7ed6910595feebda5ef6fa3492/element HTTP/1.1
User-Agent: selenium/4.6.0 (java windows)
Content-Length: 106
Content-Type: application/json; charset=utf-8
host: localhost:27988
accept: */*

Response DefaultHttpResponse(decodeResult: success, version: HTTP/1.1)
HTTP/1.1 200 OK
Content-Type: application/json; charset=utf-8
cache-control: no-cache
content-length: 95

[DEBUG] Adding key: http://localhost:27988 for channel [id: 0xa736ae41, L:/127.0.0.1:65260 - R:localhost/127.0.0.1:27988]
[DEBUG] Using pooled Channel '[id: 0xa736ae41, L:/127.0.0.1:65260 - R:localhost/127.0.0.1:27988]' for 'POST' to 'http://localhost:27988/session/00ec2f7ed6910595feebda5ef6fa3492/element/44EBFBBE086A5674BC08AE0AE5EA0EAA_element_44/click'
[DEBUG] Using open Channel [id: 0xa736ae41, L:/127.0.0.1:65260 - R:localhost/127.0.0.1:27988] for POST '/session/00ec2f7ed6910595feebda5ef6fa3492/element/44EBFBBE086A5674BC08AE0AE5EA0EAA_element_44/click'
[DEBUG] Entry count for : http://localhost:65269 : 1
[DEBUG] Entry count for : http://localhost:65269 : 1
[DEBUG] 

Request DefaultHttpRequest(decodeResult: success, version: HTTP/1.1)
POST /session/00ec2f7ed6910595feebda5ef6fa3492/element/44EBFBBE086A5674BC08AE0AE5EA0EAA_element_44/click HTTP/1.1
User-Agent: selenium/4.6.0 (java windows)
Content-Length: 57
Content-Type: application/json; charset=utf-8
host: localhost:27988
accept: */*

Response DefaultHttpResponse(decodeResult: success, version: HTTP/1.1)
HTTP/1.1 200 OK
Content-Type: application/json; charset=utf-8
cache-control: no-cache
content-length: 14

[DEBUG] Adding key: http://localhost:27988 for channel [id: 0xa736ae41, L:/127.0.0.1:65260 - R:localhost/127.0.0.1:27988]
[DEBUG] Using pooled Channel '[id: 0xa736ae41, L:/127.0.0.1:65260 - R:localhost/127.0.0.1:27988]' for 'POST' to 'http://localhost:27988/session/00ec2f7ed6910595feebda5ef6fa3492/element'
[DEBUG] Using open Channel [id: 0xa736ae41, L:/127.0.0.1:65260 - R:localhost/127.0.0.1:27988] for POST '/session/00ec2f7ed6910595feebda5ef6fa3492/element'
[DEBUG] 

Request DefaultHttpRequest(decodeResult: success, version: HTTP/1.1)
POST /session/00ec2f7ed6910595feebda5ef6fa3492/element HTTP/1.1
User-Agent: selenium/4.6.0 (java windows)
Content-Length: 112
Content-Type: application/json; charset=utf-8
host: localhost:27988
accept: */*

Response DefaultHttpResponse(decodeResult: success, version: HTTP/1.1)
HTTP/1.1 200 OK
Content-Type: application/json; charset=utf-8
cache-control: no-cache
content-length: 95

[DEBUG] Adding key: http://localhost:27988 for channel [id: 0xa736ae41, L:/127.0.0.1:65260 - R:localhost/127.0.0.1:27988]
[DEBUG] Using pooled Channel '[id: 0xa736ae41, L:/127.0.0.1:65260 - R:localhost/127.0.0.1:27988]' for 'POST' to 'http://localhost:27988/session/00ec2f7ed6910595feebda5ef6fa3492/execute/sync'
[DEBUG] Using open Channel [id: 0xa736ae41, L:/127.0.0.1:65260 - R:localhost/127.0.0.1:27988] for POST '/session/00ec2f7ed6910595feebda5ef6fa3492/execute/sync'
[DEBUG] 

Request DefaultHttpRequest(decodeResult: success, version: HTTP/1.1)
POST /session/00ec2f7ed6910595feebda5ef6fa3492/execute/sync HTTP/1.1
User-Agent: selenium/4.6.0 (java windows)
Content-Length: 48787
Content-Type: application/json; charset=utf-8
host: localhost:27988
accept: */*

Response DefaultHttpResponse(decodeResult: success, version: HTTP/1.1)
HTTP/1.1 200 OK
Content-Type: application/json; charset=utf-8
cache-control: no-cache
content-length: 14

[DEBUG] Adding key: http://localhost:27988 for channel [id: 0xa736ae41, L:/127.0.0.1:65260 - R:localhost/127.0.0.1:27988]
[DEBUG] Using pooled Channel '[id: 0xa736ae41, L:/127.0.0.1:65260 - R:localhost/127.0.0.1:27988]' for 'POST' to 'http://localhost:27988/session/00ec2f7ed6910595feebda5ef6fa3492/element/44EBFBBE086A5674BC08AE0AE5EA0EAA_element_48/click'
[DEBUG] Using open Channel [id: 0xa736ae41, L:/127.0.0.1:65260 - R:localhost/127.0.0.1:27988] for POST '/session/00ec2f7ed6910595feebda5ef6fa3492/element/44EBFBBE086A5674BC08AE0AE5EA0EAA_element_48/click'
[DEBUG] Entry count for : http://localhost:65269 : 1
[DEBUG] Entry count for : http://localhost:65269 : 1
[DEBUG] 

Request DefaultHttpRequest(decodeResult: success, version: HTTP/1.1)
POST /session/00ec2f7ed6910595feebda5ef6fa3492/element/44EBFBBE086A5674BC08AE0AE5EA0EAA_element_48/click HTTP/1.1
User-Agent: selenium/4.6.0 (java windows)
Content-Length: 57
Content-Type: application/json; charset=utf-8
host: localhost:27988
accept: */*

Response DefaultHttpResponse(decodeResult: success, version: HTTP/1.1)
HTTP/1.1 200 OK
Content-Type: application/json; charset=utf-8
cache-control: no-cache
content-length: 14

[DEBUG] Adding key: http://localhost:27988 for channel [id: 0xa736ae41, L:/127.0.0.1:65260 - R:localhost/127.0.0.1:27988]
  When I click the "Travel" tab                                              # stepdefinitions.Steps.selectTab(java.lang.String)
[DEBUG] Using pooled Channel '[id: 0xa736ae41, L:/127.0.0.1:65260 - R:localhost/127.0.0.1:27988]' for 'GET' to 'http://localhost:27988/session/00ec2f7ed6910595feebda5ef6fa3492/title'
[DEBUG] Using open Channel [id: 0xa736ae41, L:/127.0.0.1:65260 - R:localhost/127.0.0.1:27988] for GET '/session/00ec2f7ed6910595feebda5ef6fa3492/title'
[DEBUG] 

Request DefaultFullHttpRequest(decodeResult: success, version: HTTP/1.1, content: EmptyByteBufBE)
GET /session/00ec2f7ed6910595feebda5ef6fa3492/title HTTP/1.1
User-Agent: selenium/4.6.0 (java windows)
Cache-Control: no-cache
Content-Type: application/json; charset=utf-8
host: localhost:27988
accept: */*

Response DefaultHttpResponse(decodeResult: success, version: HTTP/1.1)
HTTP/1.1 200 OK
Content-Type: application/json; charset=utf-8
cache-control: no-cache
content-length: 71

[DEBUG] Adding key: http://localhost:27988 for channel [id: 0xa736ae41, L:/127.0.0.1:65260 - R:localhost/127.0.0.1:27988]
[DEBUG] Using pooled Channel '[id: 0xa736ae41, L:/127.0.0.1:65260 - R:localhost/127.0.0.1:27988]' for 'GET' to 'http://localhost:27988/session/00ec2f7ed6910595feebda5ef6fa3492/screenshot'
[DEBUG] Using open Channel [id: 0xa736ae41, L:/127.0.0.1:65260 - R:localhost/127.0.0.1:27988] for GET '/session/00ec2f7ed6910595feebda5ef6fa3492/screenshot'
[DEBUG] Entry count for : http://localhost:65269 : 1
[DEBUG] 

Request DefaultFullHttpRequest(decodeResult: success, version: HTTP/1.1, content: EmptyByteBufBE)
GET /session/00ec2f7ed6910595feebda5ef6fa3492/screenshot HTTP/1.1
User-Agent: selenium/4.6.0 (java windows)
Cache-Control: no-cache
Content-Type: application/json; charset=utf-8
host: localhost:27988
accept: */*

Response DefaultHttpResponse(decodeResult: success, version: HTTP/1.1)
HTTP/1.1 200 OK
Content-Type: application/json; charset=utf-8
cache-control: no-cache
content-length: 788660

[DEBUG] Adding key: http://localhost:27988 for channel [id: 0xa736ae41, L:/127.0.0.1:65260 - R:localhost/127.0.0.1:27988]
[INFO] ***********Tab Title displayed*************
[DEBUG] Channel Closed: [id: 0x5a38a2c6, L:/127.0.0.1:65279 ! R:localhost/127.0.0.1:65269] with attribute NettyResponseFuture{currentRetry=0,
	isDone=1,
	isCancelled=0,
	asyncHandler=org.asynchttpclient.ws.WebSocketUpgradeHandler@451b4807,
	nettyRequest=org.asynchttpclient.netty.request.NettyRequest@641281cb,
	future=java.util.concurrent.CompletableFuture@e81104c[Completed normally],
	uri=ws://localhost:65269/devtools/browser/1884ea4e-66b6-4a11-a952-20eaef26d8b8,
	keepAlive=true,
	redirectCount=0,
	timeoutsHolder=null,
	inAuth=0,
	touch=1698330804633}
[DEBUG] Closing Channel [id: 0x5a38a2c6, L:/127.0.0.1:65279 ! R:localhost/127.0.0.1:65269] 
[DEBUG] Using pooled Channel '[id: 0xa736ae41, L:/127.0.0.1:65260 - R:localhost/127.0.0.1:27988]' for 'DELETE' to 'http://localhost:27988/session/00ec2f7ed6910595feebda5ef6fa3492'
[DEBUG] Using open Channel [id: 0xa736ae41, L:/127.0.0.1:65260 - R:localhost/127.0.0.1:27988] for DELETE '/session/00ec2f7ed6910595feebda5ef6fa3492'
[DEBUG] Entry count for : http://localhost:65269 : 1
[DEBUG] Unexpected I/O exception on channel [id: 0x91b19dcd, L:/127.0.0.1:65278 - R:localhost/127.0.0.1:65269]
java.io.IOException: An existing connection was forcibly closed by the remote host
	at java.base/sun.nio.ch.SocketDispatcher.read0(Native Method) ~[na:na]
	at java.base/sun.nio.ch.SocketDispatcher.read(SocketDispatcher.java:43) ~[na:na]
	at java.base/sun.nio.ch.IOUtil.readIntoNativeBuffer(IOUtil.java:276) ~[na:na]
	at java.base/sun.nio.ch.IOUtil.read(IOUtil.java:233) ~[na:na]
	at java.base/sun.nio.ch.IOUtil.read(IOUtil.java:223) ~[na:na]
	at java.base/sun.nio.ch.SocketChannelImpl.read(SocketChannelImpl.java:358) ~[na:na]
	at io.netty.buffer.PooledByteBuf.setBytes(PooledByteBuf.java:259) ~[netty-buffer-4.1.84.Final.jar:4.1.84.Final]
	at io.netty.buffer.AbstractByteBuf.writeBytes(AbstractByteBuf.java:1132) ~[netty-buffer-4.1.84.Final.jar:4.1.84.Final]
	at io.netty.channel.socket.nio.NioSocketChannel.doReadBytes(NioSocketChannel.java:357) ~[netty-transport-4.1.84.Final.jar:4.1.84.Final]
	at io.netty.channel.nio.AbstractNioByteChannel$NioByteUnsafe.read(AbstractNioByteChannel.java:151) ~[netty-transport-4.1.84.Final.jar:4.1.84.Final]
	at io.netty.channel.nio.NioEventLoop.processSelectedKey(NioEventLoop.java:788) ~[netty-transport-4.1.84.Final.jar:4.1.84.Final]
	at io.netty.channel.nio.NioEventLoop.processSelectedKeysOptimized(NioEventLoop.java:724) ~[netty-transport-4.1.84.Final.jar:4.1.84.Final]
	at io.netty.channel.nio.NioEventLoop.processSelectedKeys(NioEventLoop.java:650) ~[netty-transport-4.1.84.Final.jar:4.1.84.Final]
	at io.netty.channel.nio.NioEventLoop.run(NioEventLoop.java:562) ~[netty-transport-4.1.84.Final.jar:4.1.84.Final]
	at io.netty.util.concurrent.SingleThreadEventExecutor$4.run(SingleThreadEventExecutor.java:997) ~[netty-common-4.1.84.Final.jar:4.1.84.Final]
	at io.netty.util.internal.ThreadExecutorMap$2.run(ThreadExecutorMap.java:74) ~[netty-common-4.1.84.Final.jar:4.1.84.Final]
	at io.netty.util.concurrent.FastThreadLocalRunnable.run(FastThreadLocalRunnable.java:30) ~[netty-common-4.1.84.Final.jar:4.1.84.Final]
	at java.base/java.lang.Thread.run(Thread.java:834) ~[na:na]
[DEBUG] Closing Channel [id: 0x91b19dcd, L:/127.0.0.1:65278 - R:localhost/127.0.0.1:65269] 
[DEBUG] Channel Closed: [id: 0x91b19dcd, L:/127.0.0.1:65278 ! R:localhost/127.0.0.1:65269] with attribute DISCARD
[DEBUG] 

Request DefaultFullHttpRequest(decodeResult: success, version: HTTP/1.1, content: EmptyByteBufBE)
DELETE /session/00ec2f7ed6910595feebda5ef6fa3492 HTTP/1.1
User-Agent: selenium/4.6.0 (java windows)
Content-Type: application/json; charset=utf-8
host: localhost:27988
accept: */*

Response DefaultHttpResponse(decodeResult: success, version: HTTP/1.1)
HTTP/1.1 200 OK
Content-Type: application/json; charset=utf-8
cache-control: no-cache
content-length: 14

[DEBUG] Adding key: http://localhost:27988 for channel [id: 0xa736ae41, L:/127.0.0.1:65260 - R:localhost/127.0.0.1:27988]
[DEBUG] Channel Closed: [id: 0xa736ae41, L:/127.0.0.1:65260 ! R:localhost/127.0.0.1:27988] with attribute DISCARD
  Then I should see the appropriate title "The Latest News" displayed        # stepdefinitions.Steps.verifyPageTitle(java.lang.String)
]]></system-out>
    <system-err><![CDATA[Oct 26, 2023 3:33:18 PM org.openqa.selenium.remote.RemoteWebDriver checkNonW3CCapabilities
WARNING: Support for Legacy Capabilities is deprecated; You are sending the following invalid capabilities: [unexpectedAlertBehaviour]; Please update to W3C Syntax: https://www.selenium.dev/blog/2022/legacy-protocol-support/
Starting ChromeDriver 118.0.5993.70 (e52f33f30b91b4ddfad649acddc39ab570473b86-refs/branch-heads/5993@{#1216}) on port 27988
Only local connections are allowed.
Please see https://chromedriver.chromium.org/security-considerations for suggestions on keeping ChromeDriver safe.
ChromeDriver was started successfully.
Oct 26, 2023 3:33:24 PM org.openqa.selenium.remote.ProtocolHandshake createSession
WARNING: Support for Legacy Capabilities is deprecated; You are sending the following invalid capabilities: [unexpectedAlertBehaviour]; Please update to W3C Syntax: https://www.selenium.dev/blog/2022/legacy-protocol-support/
Oct 26, 2023 3:33:24 PM org.openqa.selenium.devtools.CdpVersionFinder findNearestMatch
WARNING: Unable to find CDP implementation matching 118
Oct 26, 2023 3:33:24 PM org.openqa.selenium.chromium.ChromiumDriver lambda$new$3
WARNING: Unable to find version of CDP to use for . You may need to include a dependency on a specific version of the CDP using something similar to `org.seleniumhq.selenium:selenium-devtools-v86:4.6.0` where the version ("v86") matches the version of the chromium-based browser you're using and the version number of the artifact is the same as Selenium's.
]]></system-err>
  </testcase>
  <testcase name="Verify the number of categories displayed and their names. #11" classname="Sky News website tests" time="36.358">
    <system-out><![CDATA[
Scenario Outline: Verify the number of categories displayed and their names. # src/test/resources/features/skyNews.feature:24
[DEBUG] Using WebDriverManager 5.5.3
[DEBUG] Resolution chrome=118 in cache (valid until 16:31:37 26/10/2023 BST)
[DEBUG] Resolution chrome118=118.0.5993.70 in cache (valid until 22:39:57 26/10/2023 BST)
[INFO] Using chromedriver 118.0.5993.70 (resolved driver for Chrome 118)
[DEBUG] Driver chromedriver 118.0.5993.70 found in cache
[INFO] Exporting webdriver.chrome.driver as C:\Users\sindh\.cache\selenium\chromedriver\win64\118.0.5993.70\chromedriver.exe
[DEBUG] Entry count for : http://localhost:27988 : 1
[DEBUG] Entry count for : http://localhost:65269 : 1
[DEBUG] Adding Candidate expired Channel [id: 0xa736ae41, L:/127.0.0.1:65260 ! R:localhost/127.0.0.1:27988] isIdleTimeoutExpired=false isRemotelyClosed=true isTtlExpired=false
[DEBUG] Closing Idle Channel [id: 0xa736ae41, L:/127.0.0.1:65260 ! R:localhost/127.0.0.1:27988]
[DEBUG] Adding Candidate expired Channel [id: 0x91b19dcd, L:/127.0.0.1:65278 ! R:localhost/127.0.0.1:65269] isIdleTimeoutExpired=false isRemotelyClosed=true isTtlExpired=false
[DEBUG] Closing Idle Channel [id: 0x91b19dcd, L:/127.0.0.1:65278 ! R:localhost/127.0.0.1:65269]
[DEBUG] Closed 2 connections out of 2 in 0 ms
[DEBUG] Using new Channel '[id: 0x14d85e5a, L:/127.0.0.1:65375 - R:localhost/127.0.0.1:38032]' for 'POST' to '/session'
[DEBUG] 

Request DefaultHttpRequest(decodeResult: success, version: HTTP/1.1)
POST /session HTTP/1.1
User-Agent: selenium/4.6.0 (java windows)
Content-Length: 1721
Content-Type: application/json; charset=utf-8
host: localhost:38032
accept: */*

Response DefaultHttpResponse(decodeResult: success, version: HTTP/1.1)
HTTP/1.1 200 OK
Content-Type: application/json; charset=utf-8
cache-control: no-cache
content-length: 869

[DEBUG] Adding key: http://localhost:38032 for channel [id: 0x14d85e5a, L:/127.0.0.1:65375 - R:localhost/127.0.0.1:38032]
[DEBUG] Using new Channel '[id: 0x944a9926, L:/127.0.0.1:65384 - R:localhost/127.0.0.1:65376]' for 'GET' to '/json/version'
[DEBUG] 

Request DefaultFullHttpRequest(decodeResult: success, version: HTTP/1.1, content: EmptyByteBufBE)
GET /json/version HTTP/1.1
User-Agent: selenium/4.6.0 (java windows)
host: localhost:65376
accept: */*

Response DefaultHttpResponse(decodeResult: success, version: HTTP/1.1)
HTTP/1.1 200 OK
Content-Security-Policy: frame-ancestors 'none'
Content-Type: application/json; charset=UTF-8
content-length: 423

[DEBUG] Adding key: http://localhost:65376 for channel [id: 0x944a9926, L:/127.0.0.1:65384 - R:localhost/127.0.0.1:65376]
[DEBUG] Using new Channel '[id: 0x25277d8c, L:/127.0.0.1:65385 - R:localhost/127.0.0.1:65376]' for 'GET' to '/devtools/browser/a09853ad-79c1-43f2-92fe-4c3bedc6e63a'
[DEBUG] 

Request DefaultFullHttpRequest(decodeResult: success, version: HTTP/1.1, content: EmptyByteBufBE)
GET /devtools/browser/a09853ad-79c1-43f2-92fe-4c3bedc6e63a HTTP/1.1
upgrade: websocket
connection: upgrade
sec-websocket-key: zoIxh0i1EzmjsLlTRwWjCg==
sec-websocket-version: 13
origin: http://localhost:65376
host: localhost:65376
accept: */*
user-agent: AHC/2.1

Response DefaultHttpResponse(decodeResult: success, version: HTTP/1.1)
HTTP/1.1 101 WebSocket Protocol Handshake
Upgrade: WebSocket
Connection: Upgrade
Sec-WebSocket-Accept: nD62q/6pWhudmNbUvmjQtybypBE=

[DEBUG] Using pooled Channel '[id: 0x14d85e5a, L:/127.0.0.1:65375 - R:localhost/127.0.0.1:38032]' for 'POST' to 'http://localhost:38032/session/7ee096a37df8a648553d97927cc8c917/window/maximize'
[DEBUG] Using open Channel [id: 0x14d85e5a, L:/127.0.0.1:65375 - R:localhost/127.0.0.1:38032] for POST '/session/7ee096a37df8a648553d97927cc8c917/window/maximize'
[DEBUG] 

Request DefaultHttpRequest(decodeResult: success, version: HTTP/1.1)
POST /session/7ee096a37df8a648553d97927cc8c917/window/maximize HTTP/1.1
User-Agent: selenium/4.6.0 (java windows)
Content-Length: 3
Content-Type: application/json; charset=utf-8
host: localhost:38032
accept: */*

Response DefaultHttpResponse(decodeResult: success, version: HTTP/1.1)
HTTP/1.1 200 OK
Content-Type: application/json; charset=utf-8
cache-control: no-cache
content-length: 51

[DEBUG] Adding key: http://localhost:38032 for channel [id: 0x14d85e5a, L:/127.0.0.1:65375 - R:localhost/127.0.0.1:38032]
Browser Launched
[DEBUG] Using pooled Channel '[id: 0x14d85e5a, L:/127.0.0.1:65375 - R:localhost/127.0.0.1:38032]' for 'POST' to 'http://localhost:38032/session/7ee096a37df8a648553d97927cc8c917/url'
[DEBUG] Using open Channel [id: 0x14d85e5a, L:/127.0.0.1:65375 - R:localhost/127.0.0.1:38032] for POST '/session/7ee096a37df8a648553d97927cc8c917/url'
[DEBUG] Entry count for : http://localhost:65376 : 1
[DEBUG] 

Request DefaultHttpRequest(decodeResult: success, version: HTTP/1.1)
POST /session/7ee096a37df8a648553d97927cc8c917/url HTTP/1.1
User-Agent: selenium/4.6.0 (java windows)
Content-Length: 45
Content-Type: application/json; charset=utf-8
host: localhost:38032
accept: */*

Response DefaultHttpResponse(decodeResult: success, version: HTTP/1.1)
HTTP/1.1 200 OK
Content-Type: application/json; charset=utf-8
cache-control: no-cache
content-length: 14

[DEBUG] Adding key: http://localhost:38032 for channel [id: 0x14d85e5a, L:/127.0.0.1:65375 - R:localhost/127.0.0.1:38032]
[DEBUG] Using pooled Channel '[id: 0x14d85e5a, L:/127.0.0.1:65375 - R:localhost/127.0.0.1:38032]' for 'POST' to 'http://localhost:38032/session/7ee096a37df8a648553d97927cc8c917/timeouts'
[DEBUG] Using open Channel [id: 0x14d85e5a, L:/127.0.0.1:65375 - R:localhost/127.0.0.1:38032] for POST '/session/7ee096a37df8a648553d97927cc8c917/timeouts'
[DEBUG] 

Request DefaultHttpRequest(decodeResult: success, version: HTTP/1.1)
POST /session/7ee096a37df8a648553d97927cc8c917/timeouts HTTP/1.1
User-Agent: selenium/4.6.0 (java windows)
Content-Length: 23
Content-Type: application/json; charset=utf-8
host: localhost:38032
accept: */*

Response DefaultHttpResponse(decodeResult: success, version: HTTP/1.1)
HTTP/1.1 200 OK
Content-Type: application/json; charset=utf-8
cache-control: no-cache
content-length: 14

[DEBUG] Adding key: http://localhost:38032 for channel [id: 0x14d85e5a, L:/127.0.0.1:65375 - R:localhost/127.0.0.1:38032]
[INFO] SkyNews Displayed.............
[DEBUG] Using pooled Channel '[id: 0x14d85e5a, L:/127.0.0.1:65375 - R:localhost/127.0.0.1:38032]' for 'GET' to 'http://localhost:38032/session/7ee096a37df8a648553d97927cc8c917/screenshot'
[DEBUG] Using open Channel [id: 0x14d85e5a, L:/127.0.0.1:65375 - R:localhost/127.0.0.1:38032] for GET '/session/7ee096a37df8a648553d97927cc8c917/screenshot'
[DEBUG] Entry count for : http://localhost:65376 : 1
[DEBUG] Entry count for : http://localhost:65376 : 1
[DEBUG] Entry count for : http://localhost:65376 : 1
[DEBUG] Entry count for : http://localhost:65376 : 1
[DEBUG] Entry count for : http://localhost:65376 : 1
[DEBUG] 

Request DefaultFullHttpRequest(decodeResult: success, version: HTTP/1.1, content: EmptyByteBufBE)
GET /session/7ee096a37df8a648553d97927cc8c917/screenshot HTTP/1.1
User-Agent: selenium/4.6.0 (java windows)
Cache-Control: no-cache
Content-Type: application/json; charset=utf-8
host: localhost:38032
accept: */*

Response DefaultHttpResponse(decodeResult: success, version: HTTP/1.1)
HTTP/1.1 200 OK
Content-Type: application/json; charset=utf-8
cache-control: no-cache
content-length: 1220248

[DEBUG] Adding key: http://localhost:38032 for channel [id: 0x14d85e5a, L:/127.0.0.1:65375 - R:localhost/127.0.0.1:38032]
[DEBUG] Using pooled Channel '[id: 0x14d85e5a, L:/127.0.0.1:65375 - R:localhost/127.0.0.1:38032]' for 'POST' to 'http://localhost:38032/session/7ee096a37df8a648553d97927cc8c917/elements'
[DEBUG] Using open Channel [id: 0x14d85e5a, L:/127.0.0.1:65375 - R:localhost/127.0.0.1:38032] for POST '/session/7ee096a37df8a648553d97927cc8c917/elements'
[DEBUG] Entry count for : http://localhost:65376 : 1
[DEBUG] Entry count for : http://localhost:65376 : 1
[DEBUG] Entry count for : http://localhost:65376 : 1
[DEBUG] Entry count for : http://localhost:65376 : 1
[DEBUG] Entry count for : http://localhost:65376 : 1
[DEBUG] Entry count for : http://localhost:65376 : 1
[DEBUG] Entry count for : http://localhost:65376 : 1
[DEBUG] Entry count for : http://localhost:65376 : 1
[DEBUG] Entry count for : http://localhost:65376 : 1
[DEBUG] 

Request DefaultHttpRequest(decodeResult: success, version: HTTP/1.1)
POST /session/7ee096a37df8a648553d97927cc8c917/elements HTTP/1.1
User-Agent: selenium/4.6.0 (java windows)
Content-Length: 122
Content-Type: application/json; charset=utf-8
host: localhost:38032
accept: */*

Response DefaultHttpResponse(decodeResult: success, version: HTTP/1.1)
HTTP/1.1 200 OK
Content-Type: application/json; charset=utf-8
cache-control: no-cache
content-length: 12

[DEBUG] Adding key: http://localhost:38032 for channel [id: 0x14d85e5a, L:/127.0.0.1:65375 - R:localhost/127.0.0.1:38032]
[DEBUG] Using pooled Channel '[id: 0x14d85e5a, L:/127.0.0.1:65375 - R:localhost/127.0.0.1:38032]' for 'POST' to 'http://localhost:38032/session/7ee096a37df8a648553d97927cc8c917/elements'
[DEBUG] Using open Channel [id: 0x14d85e5a, L:/127.0.0.1:65375 - R:localhost/127.0.0.1:38032] for POST '/session/7ee096a37df8a648553d97927cc8c917/elements'
[DEBUG] 

Request DefaultHttpRequest(decodeResult: success, version: HTTP/1.1)
POST /session/7ee096a37df8a648553d97927cc8c917/elements HTTP/1.1
User-Agent: selenium/4.6.0 (java windows)
Content-Length: 106
Content-Type: application/json; charset=utf-8
host: localhost:38032
accept: */*

Response DefaultHttpResponse(decodeResult: success, version: HTTP/1.1)
HTTP/1.1 200 OK
Content-Type: application/json; charset=utf-8
cache-control: no-cache
content-length: 97

[DEBUG] Adding key: http://localhost:38032 for channel [id: 0x14d85e5a, L:/127.0.0.1:65375 - R:localhost/127.0.0.1:38032]
[DEBUG] Using pooled Channel '[id: 0x14d85e5a, L:/127.0.0.1:65375 - R:localhost/127.0.0.1:38032]' for 'POST' to 'http://localhost:38032/session/7ee096a37df8a648553d97927cc8c917/frame'
[DEBUG] Using open Channel [id: 0x14d85e5a, L:/127.0.0.1:65375 - R:localhost/127.0.0.1:38032] for POST '/session/7ee096a37df8a648553d97927cc8c917/frame'
[DEBUG] Entry count for : http://localhost:65376 : 1
[DEBUG] 

Request DefaultHttpRequest(decodeResult: success, version: HTTP/1.1)
POST /session/7ee096a37df8a648553d97927cc8c917/frame HTTP/1.1
User-Agent: selenium/4.6.0 (java windows)
Content-Length: 168
Content-Type: application/json; charset=utf-8
host: localhost:38032
accept: */*

Response DefaultHttpResponse(decodeResult: success, version: HTTP/1.1)
HTTP/1.1 200 OK
Content-Type: application/json; charset=utf-8
cache-control: no-cache
content-length: 14

[DEBUG] Adding key: http://localhost:38032 for channel [id: 0x14d85e5a, L:/127.0.0.1:65375 - R:localhost/127.0.0.1:38032]
[DEBUG] Using pooled Channel '[id: 0x14d85e5a, L:/127.0.0.1:65375 - R:localhost/127.0.0.1:38032]' for 'POST' to 'http://localhost:38032/session/7ee096a37df8a648553d97927cc8c917/element'
[DEBUG] Using open Channel [id: 0x14d85e5a, L:/127.0.0.1:65375 - R:localhost/127.0.0.1:38032] for POST '/session/7ee096a37df8a648553d97927cc8c917/element'
[DEBUG] 

Request DefaultHttpRequest(decodeResult: success, version: HTTP/1.1)
POST /session/7ee096a37df8a648553d97927cc8c917/element HTTP/1.1
User-Agent: selenium/4.6.0 (java windows)
Content-Length: 88
Content-Type: application/json; charset=utf-8
host: localhost:38032
accept: */*

Response DefaultHttpResponse(decodeResult: success, version: HTTP/1.1)
HTTP/1.1 200 OK
Content-Type: application/json; charset=utf-8
cache-control: no-cache
content-length: 94

[DEBUG] Adding key: http://localhost:38032 for channel [id: 0x14d85e5a, L:/127.0.0.1:65375 - R:localhost/127.0.0.1:38032]
[DEBUG] Using pooled Channel '[id: 0x14d85e5a, L:/127.0.0.1:65375 - R:localhost/127.0.0.1:38032]' for 'POST' to 'http://localhost:38032/session/7ee096a37df8a648553d97927cc8c917/element/980FA90AE515A47EBD3FB392AB0ADEC1_element_7/click'
[DEBUG] Using open Channel [id: 0x14d85e5a, L:/127.0.0.1:65375 - R:localhost/127.0.0.1:38032] for POST '/session/7ee096a37df8a648553d97927cc8c917/element/980FA90AE515A47EBD3FB392AB0ADEC1_element_7/click'
[DEBUG] Entry count for : http://localhost:65376 : 1
[DEBUG] 

Request DefaultHttpRequest(decodeResult: success, version: HTTP/1.1)
POST /session/7ee096a37df8a648553d97927cc8c917/element/980FA90AE515A47EBD3FB392AB0ADEC1_element_7/click HTTP/1.1
User-Agent: selenium/4.6.0 (java windows)
Content-Length: 56
Content-Type: application/json; charset=utf-8
host: localhost:38032
accept: */*

Response DefaultHttpResponse(decodeResult: success, version: HTTP/1.1)
HTTP/1.1 200 OK
Content-Type: application/json; charset=utf-8
cache-control: no-cache
content-length: 14

[DEBUG] Adding key: http://localhost:38032 for channel [id: 0x14d85e5a, L:/127.0.0.1:65375 - R:localhost/127.0.0.1:38032]
[DEBUG] Entry count for : http://localhost:38032 : 1
[DEBUG] Entry count for : http://localhost:65376 : 1
  Given I navigate to Sky News Website home page                             # stepdefinitions.Steps.loadHomePage()
[DEBUG] Using pooled Channel '[id: 0x14d85e5a, L:/127.0.0.1:65375 - R:localhost/127.0.0.1:38032]' for 'POST' to 'http://localhost:38032/session/7ee096a37df8a648553d97927cc8c917/element'
[DEBUG] Using open Channel [id: 0x14d85e5a, L:/127.0.0.1:65375 - R:localhost/127.0.0.1:38032] for POST '/session/7ee096a37df8a648553d97927cc8c917/element'
[DEBUG] Entry count for : http://localhost:65376 : 1
[DEBUG] Entry count for : http://localhost:65376 : 1
[DEBUG] Entry count for : http://localhost:65376 : 1
[DEBUG] Entry count for : http://localhost:65376 : 1
[DEBUG] 

Request DefaultHttpRequest(decodeResult: success, version: HTTP/1.1)
POST /session/7ee096a37df8a648553d97927cc8c917/element HTTP/1.1
User-Agent: selenium/4.6.0 (java windows)
Content-Length: 106
Content-Type: application/json; charset=utf-8
host: localhost:38032
accept: */*

Response DefaultHttpResponse(decodeResult: success, version: HTTP/1.1)
HTTP/1.1 200 OK
Content-Type: application/json; charset=utf-8
cache-control: no-cache
content-length: 95

[DEBUG] Adding key: http://localhost:38032 for channel [id: 0x14d85e5a, L:/127.0.0.1:65375 - R:localhost/127.0.0.1:38032]
[DEBUG] Using pooled Channel '[id: 0x14d85e5a, L:/127.0.0.1:65375 - R:localhost/127.0.0.1:38032]' for 'POST' to 'http://localhost:38032/session/7ee096a37df8a648553d97927cc8c917/element/07CD6C7D32FF526DAC0C5456203620E9_element_47/click'
[DEBUG] Using open Channel [id: 0x14d85e5a, L:/127.0.0.1:65375 - R:localhost/127.0.0.1:38032] for POST '/session/7ee096a37df8a648553d97927cc8c917/element/07CD6C7D32FF526DAC0C5456203620E9_element_47/click'
[DEBUG] 

Request DefaultHttpRequest(decodeResult: success, version: HTTP/1.1)
POST /session/7ee096a37df8a648553d97927cc8c917/element/07CD6C7D32FF526DAC0C5456203620E9_element_47/click HTTP/1.1
User-Agent: selenium/4.6.0 (java windows)
Content-Length: 57
Content-Type: application/json; charset=utf-8
host: localhost:38032
accept: */*

Response DefaultHttpResponse(decodeResult: success, version: HTTP/1.1)
HTTP/1.1 200 OK
Content-Type: application/json; charset=utf-8
cache-control: no-cache
content-length: 14

[DEBUG] Adding key: http://localhost:38032 for channel [id: 0x14d85e5a, L:/127.0.0.1:65375 - R:localhost/127.0.0.1:38032]
[DEBUG] Using pooled Channel '[id: 0x14d85e5a, L:/127.0.0.1:65375 - R:localhost/127.0.0.1:38032]' for 'POST' to 'http://localhost:38032/session/7ee096a37df8a648553d97927cc8c917/element'
[DEBUG] Using open Channel [id: 0x14d85e5a, L:/127.0.0.1:65375 - R:localhost/127.0.0.1:38032] for POST '/session/7ee096a37df8a648553d97927cc8c917/element'
[DEBUG] 

Request DefaultHttpRequest(decodeResult: success, version: HTTP/1.1)
POST /session/7ee096a37df8a648553d97927cc8c917/element HTTP/1.1
User-Agent: selenium/4.6.0 (java windows)
Content-Length: 113
Content-Type: application/json; charset=utf-8
host: localhost:38032
accept: */*

Response DefaultHttpResponse(decodeResult: success, version: HTTP/1.1)
HTTP/1.1 200 OK
Content-Type: application/json; charset=utf-8
cache-control: no-cache
content-length: 95

[DEBUG] Adding key: http://localhost:38032 for channel [id: 0x14d85e5a, L:/127.0.0.1:65375 - R:localhost/127.0.0.1:38032]
[DEBUG] Using pooled Channel '[id: 0x14d85e5a, L:/127.0.0.1:65375 - R:localhost/127.0.0.1:38032]' for 'POST' to 'http://localhost:38032/session/7ee096a37df8a648553d97927cc8c917/execute/sync'
[DEBUG] Using open Channel [id: 0x14d85e5a, L:/127.0.0.1:65375 - R:localhost/127.0.0.1:38032] for POST '/session/7ee096a37df8a648553d97927cc8c917/execute/sync'
[DEBUG] 

Request DefaultHttpRequest(decodeResult: success, version: HTTP/1.1)
POST /session/7ee096a37df8a648553d97927cc8c917/execute/sync HTTP/1.1
User-Agent: selenium/4.6.0 (java windows)
Content-Length: 48787
Content-Type: application/json; charset=utf-8
host: localhost:38032
accept: */*

Response DefaultHttpResponse(decodeResult: success, version: HTTP/1.1)
HTTP/1.1 200 OK
Content-Type: application/json; charset=utf-8
cache-control: no-cache
content-length: 14

[DEBUG] Adding key: http://localhost:38032 for channel [id: 0x14d85e5a, L:/127.0.0.1:65375 - R:localhost/127.0.0.1:38032]
[DEBUG] Using pooled Channel '[id: 0x14d85e5a, L:/127.0.0.1:65375 - R:localhost/127.0.0.1:38032]' for 'POST' to 'http://localhost:38032/session/7ee096a37df8a648553d97927cc8c917/element/07CD6C7D32FF526DAC0C5456203620E9_element_48/click'
[DEBUG] Using open Channel [id: 0x14d85e5a, L:/127.0.0.1:65375 - R:localhost/127.0.0.1:38032] for POST '/session/7ee096a37df8a648553d97927cc8c917/element/07CD6C7D32FF526DAC0C5456203620E9_element_48/click'
[DEBUG] Entry count for : http://localhost:65376 : 1
[DEBUG] Entry count for : http://localhost:65376 : 1
[DEBUG] Entry count for : http://localhost:65376 : 1
[DEBUG] Entry count for : http://localhost:65376 : 1
[DEBUG] 

Request DefaultHttpRequest(decodeResult: success, version: HTTP/1.1)
POST /session/7ee096a37df8a648553d97927cc8c917/element/07CD6C7D32FF526DAC0C5456203620E9_element_48/click HTTP/1.1
User-Agent: selenium/4.6.0 (java windows)
Content-Length: 57
Content-Type: application/json; charset=utf-8
host: localhost:38032
accept: */*

Response DefaultHttpResponse(decodeResult: success, version: HTTP/1.1)
HTTP/1.1 200 OK
Content-Type: application/json; charset=utf-8
cache-control: no-cache
content-length: 14

[DEBUG] Adding key: http://localhost:38032 for channel [id: 0x14d85e5a, L:/127.0.0.1:65375 - R:localhost/127.0.0.1:38032]
  When I click the "Offbeat" tab                                             # stepdefinitions.Steps.selectTab(java.lang.String)
[DEBUG] Using pooled Channel '[id: 0x14d85e5a, L:/127.0.0.1:65375 - R:localhost/127.0.0.1:38032]' for 'GET' to 'http://localhost:38032/session/7ee096a37df8a648553d97927cc8c917/title'
[DEBUG] Using open Channel [id: 0x14d85e5a, L:/127.0.0.1:65375 - R:localhost/127.0.0.1:38032] for GET '/session/7ee096a37df8a648553d97927cc8c917/title'
[DEBUG] 

Request DefaultFullHttpRequest(decodeResult: success, version: HTTP/1.1, content: EmptyByteBufBE)
GET /session/7ee096a37df8a648553d97927cc8c917/title HTTP/1.1
User-Agent: selenium/4.6.0 (java windows)
Cache-Control: no-cache
Content-Type: application/json; charset=utf-8
host: localhost:38032
accept: */*

Response DefaultHttpResponse(decodeResult: success, version: HTTP/1.1)
HTTP/1.1 200 OK
Content-Type: application/json; charset=utf-8
cache-control: no-cache
content-length: 64

[DEBUG] Adding key: http://localhost:38032 for channel [id: 0x14d85e5a, L:/127.0.0.1:65375 - R:localhost/127.0.0.1:38032]
[DEBUG] Using pooled Channel '[id: 0x14d85e5a, L:/127.0.0.1:65375 - R:localhost/127.0.0.1:38032]' for 'GET' to 'http://localhost:38032/session/7ee096a37df8a648553d97927cc8c917/screenshot'
[DEBUG] Using open Channel [id: 0x14d85e5a, L:/127.0.0.1:65375 - R:localhost/127.0.0.1:38032] for GET '/session/7ee096a37df8a648553d97927cc8c917/screenshot'
[DEBUG] Entry count for : http://localhost:65376 : 1
[DEBUG] Entry count for : http://localhost:65376 : 1
[DEBUG] 

Request DefaultFullHttpRequest(decodeResult: success, version: HTTP/1.1, content: EmptyByteBufBE)
GET /session/7ee096a37df8a648553d97927cc8c917/screenshot HTTP/1.1
User-Agent: selenium/4.6.0 (java windows)
Cache-Control: no-cache
Content-Type: application/json; charset=utf-8
host: localhost:38032
accept: */*

Response DefaultHttpResponse(decodeResult: success, version: HTTP/1.1)
HTTP/1.1 200 OK
Content-Type: application/json; charset=utf-8
cache-control: no-cache
content-length: 960336

[DEBUG] Adding key: http://localhost:38032 for channel [id: 0x14d85e5a, L:/127.0.0.1:65375 - R:localhost/127.0.0.1:38032]
[INFO] ***********Tab Title displayed*************
[DEBUG] Channel Closed: [id: 0x25277d8c, L:/127.0.0.1:65385 ! R:localhost/127.0.0.1:65376] with attribute NettyResponseFuture{currentRetry=0,
	isDone=1,
	isCancelled=0,
	asyncHandler=org.asynchttpclient.ws.WebSocketUpgradeHandler@4d7ea104,
	nettyRequest=org.asynchttpclient.netty.request.NettyRequest@3e0a5b07,
	future=java.util.concurrent.CompletableFuture@ca186a3[Completed normally],
	uri=ws://localhost:65376/devtools/browser/a09853ad-79c1-43f2-92fe-4c3bedc6e63a,
	keepAlive=true,
	redirectCount=0,
	timeoutsHolder=null,
	inAuth=0,
	touch=1698330835626}
[DEBUG] Closing Channel [id: 0x25277d8c, L:/127.0.0.1:65385 ! R:localhost/127.0.0.1:65376] 
[DEBUG] Using pooled Channel '[id: 0x14d85e5a, L:/127.0.0.1:65375 - R:localhost/127.0.0.1:38032]' for 'DELETE' to 'http://localhost:38032/session/7ee096a37df8a648553d97927cc8c917'
[DEBUG] Using open Channel [id: 0x14d85e5a, L:/127.0.0.1:65375 - R:localhost/127.0.0.1:38032] for DELETE '/session/7ee096a37df8a648553d97927cc8c917'
[DEBUG] Entry count for : http://localhost:65376 : 1
[DEBUG] Unexpected I/O exception on channel [id: 0x944a9926, L:/127.0.0.1:65384 - R:localhost/127.0.0.1:65376]
java.io.IOException: An existing connection was forcibly closed by the remote host
	at java.base/sun.nio.ch.SocketDispatcher.read0(Native Method) ~[na:na]
	at java.base/sun.nio.ch.SocketDispatcher.read(SocketDispatcher.java:43) ~[na:na]
	at java.base/sun.nio.ch.IOUtil.readIntoNativeBuffer(IOUtil.java:276) ~[na:na]
	at java.base/sun.nio.ch.IOUtil.read(IOUtil.java:233) ~[na:na]
	at java.base/sun.nio.ch.IOUtil.read(IOUtil.java:223) ~[na:na]
	at java.base/sun.nio.ch.SocketChannelImpl.read(SocketChannelImpl.java:358) ~[na:na]
	at io.netty.buffer.PooledByteBuf.setBytes(PooledByteBuf.java:259) ~[netty-buffer-4.1.84.Final.jar:4.1.84.Final]
	at io.netty.buffer.AbstractByteBuf.writeBytes(AbstractByteBuf.java:1132) ~[netty-buffer-4.1.84.Final.jar:4.1.84.Final]
	at io.netty.channel.socket.nio.NioSocketChannel.doReadBytes(NioSocketChannel.java:357) ~[netty-transport-4.1.84.Final.jar:4.1.84.Final]
	at io.netty.channel.nio.AbstractNioByteChannel$NioByteUnsafe.read(AbstractNioByteChannel.java:151) ~[netty-transport-4.1.84.Final.jar:4.1.84.Final]
	at io.netty.channel.nio.NioEventLoop.processSelectedKey(NioEventLoop.java:788) ~[netty-transport-4.1.84.Final.jar:4.1.84.Final]
	at io.netty.channel.nio.NioEventLoop.processSelectedKeysOptimized(NioEventLoop.java:724) ~[netty-transport-4.1.84.Final.jar:4.1.84.Final]
	at io.netty.channel.nio.NioEventLoop.processSelectedKeys(NioEventLoop.java:650) ~[netty-transport-4.1.84.Final.jar:4.1.84.Final]
	at io.netty.channel.nio.NioEventLoop.run(NioEventLoop.java:562) ~[netty-transport-4.1.84.Final.jar:4.1.84.Final]
	at io.netty.util.concurrent.SingleThreadEventExecutor$4.run(SingleThreadEventExecutor.java:997) ~[netty-common-4.1.84.Final.jar:4.1.84.Final]
	at io.netty.util.internal.ThreadExecutorMap$2.run(ThreadExecutorMap.java:74) ~[netty-common-4.1.84.Final.jar:4.1.84.Final]
	at io.netty.util.concurrent.FastThreadLocalRunnable.run(FastThreadLocalRunnable.java:30) ~[netty-common-4.1.84.Final.jar:4.1.84.Final]
	at java.base/java.lang.Thread.run(Thread.java:834) ~[na:na]
[DEBUG] Closing Channel [id: 0x944a9926, L:/127.0.0.1:65384 - R:localhost/127.0.0.1:65376] 
[DEBUG] Channel Closed: [id: 0x944a9926, L:/127.0.0.1:65384 ! R:localhost/127.0.0.1:65376] with attribute DISCARD
[DEBUG] 

Request DefaultFullHttpRequest(decodeResult: success, version: HTTP/1.1, content: EmptyByteBufBE)
DELETE /session/7ee096a37df8a648553d97927cc8c917 HTTP/1.1
User-Agent: selenium/4.6.0 (java windows)
Content-Type: application/json; charset=utf-8
host: localhost:38032
accept: */*

Response DefaultHttpResponse(decodeResult: success, version: HTTP/1.1)
HTTP/1.1 200 OK
Content-Type: application/json; charset=utf-8
cache-control: no-cache
content-length: 14

[DEBUG] Adding key: http://localhost:38032 for channel [id: 0x14d85e5a, L:/127.0.0.1:65375 - R:localhost/127.0.0.1:38032]
[DEBUG] Entry count for : http://localhost:38032 : 1
[DEBUG] Entry count for : http://localhost:65376 : 1
[DEBUG] Adding Candidate expired Channel [id: 0x944a9926, L:/127.0.0.1:65384 ! R:localhost/127.0.0.1:65376] isIdleTimeoutExpired=false isRemotelyClosed=true isTtlExpired=false
[DEBUG] Closing Idle Channel [id: 0x944a9926, L:/127.0.0.1:65384 ! R:localhost/127.0.0.1:65376]
[DEBUG] Closed 1 connections out of 2 in 0 ms
[DEBUG] Channel Closed: [id: 0x14d85e5a, L:/127.0.0.1:65375 ! R:localhost/127.0.0.1:38032] with attribute DISCARD
  Then I should see the appropriate title "Weird News" displayed             # stepdefinitions.Steps.verifyPageTitle(java.lang.String)
]]></system-out>
    <system-err><![CDATA[Oct 26, 2023 3:33:52 PM org.openqa.selenium.remote.RemoteWebDriver checkNonW3CCapabilities
WARNING: Support for Legacy Capabilities is deprecated; You are sending the following invalid capabilities: [unexpectedAlertBehaviour]; Please update to W3C Syntax: https://www.selenium.dev/blog/2022/legacy-protocol-support/
Starting ChromeDriver 118.0.5993.70 (e52f33f30b91b4ddfad649acddc39ab570473b86-refs/branch-heads/5993@{#1216}) on port 38032
Only local connections are allowed.
Please see https://chromedriver.chromium.org/security-considerations for suggestions on keeping ChromeDriver safe.
ChromeDriver was started successfully.
Oct 26, 2023 3:33:55 PM org.openqa.selenium.remote.ProtocolHandshake createSession
WARNING: Support for Legacy Capabilities is deprecated; You are sending the following invalid capabilities: [unexpectedAlertBehaviour]; Please update to W3C Syntax: https://www.selenium.dev/blog/2022/legacy-protocol-support/
Oct 26, 2023 3:33:55 PM org.openqa.selenium.devtools.CdpVersionFinder findNearestMatch
WARNING: Unable to find CDP implementation matching 118
Oct 26, 2023 3:33:55 PM org.openqa.selenium.chromium.ChromiumDriver lambda$new$3
WARNING: Unable to find version of CDP to use for . You may need to include a dependency on a specific version of the CDP using something similar to `org.seleniumhq.selenium:selenium-devtools-v86:4.6.0` where the version ("v86") matches the version of the chromium-based browser you're using and the version number of the artifact is the same as Selenium's.
]]></system-err>
  </testcase>
  <testcase name="Verify the number of categories displayed and their names. #12" classname="Sky News website tests" time="53.795">
    <system-out><![CDATA[
Scenario Outline: Verify the number of categories displayed and their names. # src/test/resources/features/skyNews.feature:25
[DEBUG] Using WebDriverManager 5.5.3
[DEBUG] Entry count for : http://localhost:38032 : 1
[DEBUG] Adding Candidate expired Channel [id: 0x14d85e5a, L:/127.0.0.1:65375 ! R:localhost/127.0.0.1:38032] isIdleTimeoutExpired=false isRemotelyClosed=true isTtlExpired=false
[DEBUG] Closing Idle Channel [id: 0x14d85e5a, L:/127.0.0.1:65375 ! R:localhost/127.0.0.1:38032]
[DEBUG] Closed 1 connections out of 1 in 7 ms
[DEBUG] Resolution chrome=118 in cache (valid until 16:31:37 26/10/2023 BST)
[DEBUG] Resolution chrome118=118.0.5993.70 in cache (valid until 22:39:57 26/10/2023 BST)
[INFO] Using chromedriver 118.0.5993.70 (resolved driver for Chrome 118)
[DEBUG] Driver chromedriver 118.0.5993.70 found in cache
[INFO] Exporting webdriver.chrome.driver as C:\Users\sindh\.cache\selenium\chromedriver\win64\118.0.5993.70\chromedriver.exe
[DEBUG] Using new Channel '[id: 0xe367fe6d, L:/127.0.0.1:65479 - R:localhost/127.0.0.1:15335]' for 'POST' to '/session'
[DEBUG] 

Request DefaultHttpRequest(decodeResult: success, version: HTTP/1.1)
POST /session HTTP/1.1
User-Agent: selenium/4.6.0 (java windows)
Content-Length: 1721
Content-Type: application/json; charset=utf-8
host: localhost:15335
accept: */*

Response DefaultHttpResponse(decodeResult: success, version: HTTP/1.1)
HTTP/1.1 200 OK
Content-Type: application/json; charset=utf-8
cache-control: no-cache
content-length: 869

[DEBUG] Adding key: http://localhost:15335 for channel [id: 0xe367fe6d, L:/127.0.0.1:65479 - R:localhost/127.0.0.1:15335]
[DEBUG] Using new Channel '[id: 0x549d6e12, L:/127.0.0.1:65488 - R:localhost/127.0.0.1:65480]' for 'GET' to '/json/version'
[DEBUG] 

Request DefaultFullHttpRequest(decodeResult: success, version: HTTP/1.1, content: EmptyByteBufBE)
GET /json/version HTTP/1.1
User-Agent: selenium/4.6.0 (java windows)
host: localhost:65480
accept: */*

Response DefaultHttpResponse(decodeResult: success, version: HTTP/1.1)
HTTP/1.1 200 OK
Content-Security-Policy: frame-ancestors 'none'
Content-Type: application/json; charset=UTF-8
content-length: 423

[DEBUG] Adding key: http://localhost:65480 for channel [id: 0x549d6e12, L:/127.0.0.1:65488 - R:localhost/127.0.0.1:65480]
[DEBUG] Using new Channel '[id: 0x7d39abf0, L:/127.0.0.1:65489 - R:localhost/127.0.0.1:65480]' for 'GET' to '/devtools/browser/e43b0204-a426-4126-82ee-baf47bbf361d'
[DEBUG] 

Request DefaultFullHttpRequest(decodeResult: success, version: HTTP/1.1, content: EmptyByteBufBE)
GET /devtools/browser/e43b0204-a426-4126-82ee-baf47bbf361d HTTP/1.1
upgrade: websocket
connection: upgrade
sec-websocket-key: tueYcaKZqioYeAidf55KYA==
sec-websocket-version: 13
origin: http://localhost:65480
host: localhost:65480
accept: */*
user-agent: AHC/2.1

Response DefaultHttpResponse(decodeResult: success, version: HTTP/1.1)
HTTP/1.1 101 WebSocket Protocol Handshake
Upgrade: WebSocket
Connection: Upgrade
Sec-WebSocket-Accept: Evg3gkV11UmIzQ++6JtjEaHdOvg=

[DEBUG] Using pooled Channel '[id: 0xe367fe6d, L:/127.0.0.1:65479 - R:localhost/127.0.0.1:15335]' for 'POST' to 'http://localhost:15335/session/c46f5609e21ff4d6b23a837c9fcb6340/window/maximize'
[DEBUG] Using open Channel [id: 0xe367fe6d, L:/127.0.0.1:65479 - R:localhost/127.0.0.1:15335] for POST '/session/c46f5609e21ff4d6b23a837c9fcb6340/window/maximize'
[DEBUG] 

Request DefaultHttpRequest(decodeResult: success, version: HTTP/1.1)
POST /session/c46f5609e21ff4d6b23a837c9fcb6340/window/maximize HTTP/1.1
User-Agent: selenium/4.6.0 (java windows)
Content-Length: 3
Content-Type: application/json; charset=utf-8
host: localhost:15335
accept: */*

Response DefaultHttpResponse(decodeResult: success, version: HTTP/1.1)
HTTP/1.1 200 OK
Content-Type: application/json; charset=utf-8
cache-control: no-cache
content-length: 51

[DEBUG] Adding key: http://localhost:15335 for channel [id: 0xe367fe6d, L:/127.0.0.1:65479 - R:localhost/127.0.0.1:15335]
Browser Launched
[DEBUG] Using pooled Channel '[id: 0xe367fe6d, L:/127.0.0.1:65479 - R:localhost/127.0.0.1:15335]' for 'POST' to 'http://localhost:15335/session/c46f5609e21ff4d6b23a837c9fcb6340/url'
[DEBUG] Using open Channel [id: 0xe367fe6d, L:/127.0.0.1:65479 - R:localhost/127.0.0.1:15335] for POST '/session/c46f5609e21ff4d6b23a837c9fcb6340/url'
[DEBUG] Entry count for : http://localhost:65480 : 1
[DEBUG] Entry count for : http://localhost:65480 : 1
[DEBUG] Entry count for : http://localhost:65480 : 1
[DEBUG] Entry count for : http://localhost:65480 : 1
[DEBUG] Entry count for : http://localhost:65480 : 1
[DEBUG] Entry count for : http://localhost:65480 : 1
[DEBUG] Entry count for : http://localhost:65480 : 1
[DEBUG] Entry count for : http://localhost:65480 : 1
[DEBUG] Entry count for : http://localhost:65480 : 1
[DEBUG] Entry count for : http://localhost:65480 : 1
[DEBUG] Entry count for : http://localhost:65480 : 1
[DEBUG] Entry count for : http://localhost:65480 : 1
[DEBUG] Entry count for : http://localhost:65480 : 1
[DEBUG] Entry count for : http://localhost:65480 : 1
[DEBUG] Entry count for : http://localhost:65480 : 1
[DEBUG] Entry count for : http://localhost:65480 : 1
[DEBUG] Entry count for : http://localhost:65480 : 1
[DEBUG] Entry count for : http://localhost:65480 : 1
[DEBUG] Entry count for : http://localhost:65480 : 1
[DEBUG] Entry count for : http://localhost:65480 : 1
[DEBUG] Entry count for : http://localhost:65480 : 1
[DEBUG] 

Request DefaultHttpRequest(decodeResult: success, version: HTTP/1.1)
POST /session/c46f5609e21ff4d6b23a837c9fcb6340/url HTTP/1.1
User-Agent: selenium/4.6.0 (java windows)
Content-Length: 45
Content-Type: application/json; charset=utf-8
host: localhost:15335
accept: */*

Response DefaultHttpResponse(decodeResult: success, version: HTTP/1.1)
HTTP/1.1 200 OK
Content-Type: application/json; charset=utf-8
cache-control: no-cache
content-length: 14

[DEBUG] Adding key: http://localhost:15335 for channel [id: 0xe367fe6d, L:/127.0.0.1:65479 - R:localhost/127.0.0.1:15335]
[DEBUG] Using pooled Channel '[id: 0xe367fe6d, L:/127.0.0.1:65479 - R:localhost/127.0.0.1:15335]' for 'POST' to 'http://localhost:15335/session/c46f5609e21ff4d6b23a837c9fcb6340/timeouts'
[DEBUG] Using open Channel [id: 0xe367fe6d, L:/127.0.0.1:65479 - R:localhost/127.0.0.1:15335] for POST '/session/c46f5609e21ff4d6b23a837c9fcb6340/timeouts'
[DEBUG] 

Request DefaultHttpRequest(decodeResult: success, version: HTTP/1.1)
POST /session/c46f5609e21ff4d6b23a837c9fcb6340/timeouts HTTP/1.1
User-Agent: selenium/4.6.0 (java windows)
Content-Length: 23
Content-Type: application/json; charset=utf-8
host: localhost:15335
accept: */*

Response DefaultHttpResponse(decodeResult: success, version: HTTP/1.1)
HTTP/1.1 200 OK
Content-Type: application/json; charset=utf-8
cache-control: no-cache
content-length: 14

[DEBUG] Adding key: http://localhost:15335 for channel [id: 0xe367fe6d, L:/127.0.0.1:65479 - R:localhost/127.0.0.1:15335]
[INFO] SkyNews Displayed.............
[DEBUG] Using pooled Channel '[id: 0xe367fe6d, L:/127.0.0.1:65479 - R:localhost/127.0.0.1:15335]' for 'GET' to 'http://localhost:15335/session/c46f5609e21ff4d6b23a837c9fcb6340/screenshot'
[DEBUG] Using open Channel [id: 0xe367fe6d, L:/127.0.0.1:65479 - R:localhost/127.0.0.1:15335] for GET '/session/c46f5609e21ff4d6b23a837c9fcb6340/screenshot'
[DEBUG] Entry count for : http://localhost:65480 : 1
[DEBUG] 

Request DefaultFullHttpRequest(decodeResult: success, version: HTTP/1.1, content: EmptyByteBufBE)
GET /session/c46f5609e21ff4d6b23a837c9fcb6340/screenshot HTTP/1.1
User-Agent: selenium/4.6.0 (java windows)
Cache-Control: no-cache
Content-Type: application/json; charset=utf-8
host: localhost:15335
accept: */*

Response DefaultHttpResponse(decodeResult: success, version: HTTP/1.1)
HTTP/1.1 200 OK
Content-Type: application/json; charset=utf-8
cache-control: no-cache
content-length: 1220224

[DEBUG] Adding key: http://localhost:15335 for channel [id: 0xe367fe6d, L:/127.0.0.1:65479 - R:localhost/127.0.0.1:15335]
[DEBUG] Entry count for : http://localhost:15335 : 1
[DEBUG] Entry count for : http://localhost:65480 : 1
[DEBUG] Using pooled Channel '[id: 0xe367fe6d, L:/127.0.0.1:65479 - R:localhost/127.0.0.1:15335]' for 'POST' to 'http://localhost:15335/session/c46f5609e21ff4d6b23a837c9fcb6340/elements'
[DEBUG] Using open Channel [id: 0xe367fe6d, L:/127.0.0.1:65479 - R:localhost/127.0.0.1:15335] for POST '/session/c46f5609e21ff4d6b23a837c9fcb6340/elements'
[DEBUG] Entry count for : http://localhost:65480 : 1
[DEBUG] Entry count for : http://localhost:65480 : 1
[DEBUG] Entry count for : http://localhost:65480 : 1
[DEBUG] Entry count for : http://localhost:65480 : 1
[DEBUG] Entry count for : http://localhost:65480 : 1
[DEBUG] Entry count for : http://localhost:65480 : 1
[DEBUG] Entry count for : http://localhost:65480 : 1
[DEBUG] Entry count for : http://localhost:65480 : 1
[DEBUG] Entry count for : http://localhost:65480 : 1
[DEBUG] 

Request DefaultHttpRequest(decodeResult: success, version: HTTP/1.1)
POST /session/c46f5609e21ff4d6b23a837c9fcb6340/elements HTTP/1.1
User-Agent: selenium/4.6.0 (java windows)
Content-Length: 122
Content-Type: application/json; charset=utf-8
host: localhost:15335
accept: */*

Response DefaultHttpResponse(decodeResult: success, version: HTTP/1.1)
HTTP/1.1 200 OK
Content-Type: application/json; charset=utf-8
cache-control: no-cache
content-length: 12

[DEBUG] Adding key: http://localhost:15335 for channel [id: 0xe367fe6d, L:/127.0.0.1:65479 - R:localhost/127.0.0.1:15335]
[DEBUG] Using pooled Channel '[id: 0xe367fe6d, L:/127.0.0.1:65479 - R:localhost/127.0.0.1:15335]' for 'POST' to 'http://localhost:15335/session/c46f5609e21ff4d6b23a837c9fcb6340/elements'
[DEBUG] Using open Channel [id: 0xe367fe6d, L:/127.0.0.1:65479 - R:localhost/127.0.0.1:15335] for POST '/session/c46f5609e21ff4d6b23a837c9fcb6340/elements'
[DEBUG] 

Request DefaultHttpRequest(decodeResult: success, version: HTTP/1.1)
POST /session/c46f5609e21ff4d6b23a837c9fcb6340/elements HTTP/1.1
User-Agent: selenium/4.6.0 (java windows)
Content-Length: 106
Content-Type: application/json; charset=utf-8
host: localhost:15335
accept: */*

Response DefaultHttpResponse(decodeResult: success, version: HTTP/1.1)
HTTP/1.1 200 OK
Content-Type: application/json; charset=utf-8
cache-control: no-cache
content-length: 97

[DEBUG] Adding key: http://localhost:15335 for channel [id: 0xe367fe6d, L:/127.0.0.1:65479 - R:localhost/127.0.0.1:15335]
[DEBUG] Using pooled Channel '[id: 0xe367fe6d, L:/127.0.0.1:65479 - R:localhost/127.0.0.1:15335]' for 'POST' to 'http://localhost:15335/session/c46f5609e21ff4d6b23a837c9fcb6340/frame'
[DEBUG] Using open Channel [id: 0xe367fe6d, L:/127.0.0.1:65479 - R:localhost/127.0.0.1:15335] for POST '/session/c46f5609e21ff4d6b23a837c9fcb6340/frame'
[DEBUG] Entry count for : http://localhost:65480 : 1
[DEBUG] 

Request DefaultHttpRequest(decodeResult: success, version: HTTP/1.1)
POST /session/c46f5609e21ff4d6b23a837c9fcb6340/frame HTTP/1.1
User-Agent: selenium/4.6.0 (java windows)
Content-Length: 168
Content-Type: application/json; charset=utf-8
host: localhost:15335
accept: */*

Response DefaultHttpResponse(decodeResult: success, version: HTTP/1.1)
HTTP/1.1 200 OK
Content-Type: application/json; charset=utf-8
cache-control: no-cache
content-length: 14

[DEBUG] Adding key: http://localhost:15335 for channel [id: 0xe367fe6d, L:/127.0.0.1:65479 - R:localhost/127.0.0.1:15335]
[DEBUG] Using pooled Channel '[id: 0xe367fe6d, L:/127.0.0.1:65479 - R:localhost/127.0.0.1:15335]' for 'POST' to 'http://localhost:15335/session/c46f5609e21ff4d6b23a837c9fcb6340/element'
[DEBUG] Using open Channel [id: 0xe367fe6d, L:/127.0.0.1:65479 - R:localhost/127.0.0.1:15335] for POST '/session/c46f5609e21ff4d6b23a837c9fcb6340/element'
[DEBUG] 

Request DefaultHttpRequest(decodeResult: success, version: HTTP/1.1)
POST /session/c46f5609e21ff4d6b23a837c9fcb6340/element HTTP/1.1
User-Agent: selenium/4.6.0 (java windows)
Content-Length: 88
Content-Type: application/json; charset=utf-8
host: localhost:15335
accept: */*

Response DefaultHttpResponse(decodeResult: success, version: HTTP/1.1)
HTTP/1.1 200 OK
Content-Type: application/json; charset=utf-8
cache-control: no-cache
content-length: 94

[DEBUG] Adding key: http://localhost:15335 for channel [id: 0xe367fe6d, L:/127.0.0.1:65479 - R:localhost/127.0.0.1:15335]
[DEBUG] Using pooled Channel '[id: 0xe367fe6d, L:/127.0.0.1:65479 - R:localhost/127.0.0.1:15335]' for 'POST' to 'http://localhost:15335/session/c46f5609e21ff4d6b23a837c9fcb6340/element/5ED83840913C41D164FB96C124EC4731_element_6/click'
[DEBUG] Using open Channel [id: 0xe367fe6d, L:/127.0.0.1:65479 - R:localhost/127.0.0.1:15335] for POST '/session/c46f5609e21ff4d6b23a837c9fcb6340/element/5ED83840913C41D164FB96C124EC4731_element_6/click'
[DEBUG] 

Request DefaultHttpRequest(decodeResult: success, version: HTTP/1.1)
POST /session/c46f5609e21ff4d6b23a837c9fcb6340/element/5ED83840913C41D164FB96C124EC4731_element_6/click HTTP/1.1
User-Agent: selenium/4.6.0 (java windows)
Content-Length: 56
Content-Type: application/json; charset=utf-8
host: localhost:15335
accept: */*

Response DefaultHttpResponse(decodeResult: success, version: HTTP/1.1)
HTTP/1.1 200 OK
Content-Type: application/json; charset=utf-8
cache-control: no-cache
content-length: 14

[DEBUG] Adding key: http://localhost:15335 for channel [id: 0xe367fe6d, L:/127.0.0.1:65479 - R:localhost/127.0.0.1:15335]
[DEBUG] Entry count for : http://localhost:15335 : 1
[DEBUG] Entry count for : http://localhost:65480 : 1
  Given I navigate to Sky News Website home page                             # stepdefinitions.Steps.loadHomePage()
[DEBUG] Using pooled Channel '[id: 0xe367fe6d, L:/127.0.0.1:65479 - R:localhost/127.0.0.1:15335]' for 'POST' to 'http://localhost:15335/session/c46f5609e21ff4d6b23a837c9fcb6340/element'
[DEBUG] Using open Channel [id: 0xe367fe6d, L:/127.0.0.1:65479 - R:localhost/127.0.0.1:15335] for POST '/session/c46f5609e21ff4d6b23a837c9fcb6340/element'
[DEBUG] Entry count for : http://localhost:65480 : 1
[DEBUG] Entry count for : http://localhost:65480 : 1
[DEBUG] Entry count for : http://localhost:65480 : 1
[DEBUG] 

Request DefaultHttpRequest(decodeResult: success, version: HTTP/1.1)
POST /session/c46f5609e21ff4d6b23a837c9fcb6340/element HTTP/1.1
User-Agent: selenium/4.6.0 (java windows)
Content-Length: 106
Content-Type: application/json; charset=utf-8
host: localhost:15335
accept: */*

Response DefaultHttpResponse(decodeResult: success, version: HTTP/1.1)
HTTP/1.1 200 OK
Content-Type: application/json; charset=utf-8
cache-control: no-cache
content-length: 95

[DEBUG] Adding key: http://localhost:15335 for channel [id: 0xe367fe6d, L:/127.0.0.1:65479 - R:localhost/127.0.0.1:15335]
[DEBUG] Using pooled Channel '[id: 0xe367fe6d, L:/127.0.0.1:65479 - R:localhost/127.0.0.1:15335]' for 'POST' to 'http://localhost:15335/session/c46f5609e21ff4d6b23a837c9fcb6340/element/16C767ECA401E5A2DB0CF55504021F62_element_49/click'
[DEBUG] Using open Channel [id: 0xe367fe6d, L:/127.0.0.1:65479 - R:localhost/127.0.0.1:15335] for POST '/session/c46f5609e21ff4d6b23a837c9fcb6340/element/16C767ECA401E5A2DB0CF55504021F62_element_49/click'
[DEBUG] 

Request DefaultHttpRequest(decodeResult: success, version: HTTP/1.1)
POST /session/c46f5609e21ff4d6b23a837c9fcb6340/element/16C767ECA401E5A2DB0CF55504021F62_element_49/click HTTP/1.1
User-Agent: selenium/4.6.0 (java windows)
Content-Length: 57
Content-Type: application/json; charset=utf-8
host: localhost:15335
accept: */*

Response DefaultHttpResponse(decodeResult: success, version: HTTP/1.1)
HTTP/1.1 200 OK
Content-Type: application/json; charset=utf-8
cache-control: no-cache
content-length: 14

[DEBUG] Adding key: http://localhost:15335 for channel [id: 0xe367fe6d, L:/127.0.0.1:65479 - R:localhost/127.0.0.1:15335]
[DEBUG] Using pooled Channel '[id: 0xe367fe6d, L:/127.0.0.1:65479 - R:localhost/127.0.0.1:15335]' for 'POST' to 'http://localhost:15335/session/c46f5609e21ff4d6b23a837c9fcb6340/element'
[DEBUG] Using open Channel [id: 0xe367fe6d, L:/127.0.0.1:65479 - R:localhost/127.0.0.1:15335] for POST '/session/c46f5609e21ff4d6b23a837c9fcb6340/element'
[DEBUG] 

Request DefaultHttpRequest(decodeResult: success, version: HTTP/1.1)
POST /session/c46f5609e21ff4d6b23a837c9fcb6340/element HTTP/1.1
User-Agent: selenium/4.6.0 (java windows)
Content-Length: 114
Content-Type: application/json; charset=utf-8
host: localhost:15335
accept: */*

Response DefaultHttpResponse(decodeResult: success, version: HTTP/1.1)
HTTP/1.1 200 OK
Content-Type: application/json; charset=utf-8
cache-control: no-cache
content-length: 95

[DEBUG] Adding key: http://localhost:15335 for channel [id: 0xe367fe6d, L:/127.0.0.1:65479 - R:localhost/127.0.0.1:15335]
[DEBUG] Using pooled Channel '[id: 0xe367fe6d, L:/127.0.0.1:65479 - R:localhost/127.0.0.1:15335]' for 'POST' to 'http://localhost:15335/session/c46f5609e21ff4d6b23a837c9fcb6340/execute/sync'
[DEBUG] Using open Channel [id: 0xe367fe6d, L:/127.0.0.1:65479 - R:localhost/127.0.0.1:15335] for POST '/session/c46f5609e21ff4d6b23a837c9fcb6340/execute/sync'
[DEBUG] 

Request DefaultHttpRequest(decodeResult: success, version: HTTP/1.1)
POST /session/c46f5609e21ff4d6b23a837c9fcb6340/execute/sync HTTP/1.1
User-Agent: selenium/4.6.0 (java windows)
Content-Length: 48787
Content-Type: application/json; charset=utf-8
host: localhost:15335
accept: */*

Response DefaultHttpResponse(decodeResult: success, version: HTTP/1.1)
HTTP/1.1 200 OK
Content-Type: application/json; charset=utf-8
cache-control: no-cache
content-length: 14

[DEBUG] Adding key: http://localhost:15335 for channel [id: 0xe367fe6d, L:/127.0.0.1:65479 - R:localhost/127.0.0.1:15335]
[DEBUG] Using pooled Channel '[id: 0xe367fe6d, L:/127.0.0.1:65479 - R:localhost/127.0.0.1:15335]' for 'POST' to 'http://localhost:15335/session/c46f5609e21ff4d6b23a837c9fcb6340/element/16C767ECA401E5A2DB0CF55504021F62_element_50/click'
[DEBUG] Using open Channel [id: 0xe367fe6d, L:/127.0.0.1:65479 - R:localhost/127.0.0.1:15335] for POST '/session/c46f5609e21ff4d6b23a837c9fcb6340/element/16C767ECA401E5A2DB0CF55504021F62_element_50/click'
[DEBUG] Entry count for : http://localhost:65480 : 1
[DEBUG] Entry count for : http://localhost:65480 : 1
[DEBUG] 

Request DefaultHttpRequest(decodeResult: success, version: HTTP/1.1)
POST /session/c46f5609e21ff4d6b23a837c9fcb6340/element/16C767ECA401E5A2DB0CF55504021F62_element_50/click HTTP/1.1
User-Agent: selenium/4.6.0 (java windows)
Content-Length: 57
Content-Type: application/json; charset=utf-8
host: localhost:15335
accept: */*

Response DefaultHttpResponse(decodeResult: success, version: HTTP/1.1)
HTTP/1.1 200 OK
Content-Type: application/json; charset=utf-8
cache-control: no-cache
content-length: 14

[DEBUG] Adding key: http://localhost:15335 for channel [id: 0xe367fe6d, L:/127.0.0.1:65479 - R:localhost/127.0.0.1:15335]
  When I click the "Analysis" tab                                            # stepdefinitions.Steps.selectTab(java.lang.String)
[DEBUG] Using pooled Channel '[id: 0xe367fe6d, L:/127.0.0.1:65479 - R:localhost/127.0.0.1:15335]' for 'GET' to 'http://localhost:15335/session/c46f5609e21ff4d6b23a837c9fcb6340/title'
[DEBUG] Using open Channel [id: 0xe367fe6d, L:/127.0.0.1:65479 - R:localhost/127.0.0.1:15335] for GET '/session/c46f5609e21ff4d6b23a837c9fcb6340/title'
[DEBUG] Entry count for : http://localhost:65480 : 1
[DEBUG] 

Request DefaultFullHttpRequest(decodeResult: success, version: HTTP/1.1, content: EmptyByteBufBE)
GET /session/c46f5609e21ff4d6b23a837c9fcb6340/title HTTP/1.1
User-Agent: selenium/4.6.0 (java windows)
Cache-Control: no-cache
Content-Type: application/json; charset=utf-8
host: localhost:15335
accept: */*

Response DefaultHttpResponse(decodeResult: success, version: HTTP/1.1)
HTTP/1.1 200 OK
Content-Type: application/json; charset=utf-8
cache-control: no-cache
content-length: 43

[DEBUG] Adding key: http://localhost:15335 for channel [id: 0xe367fe6d, L:/127.0.0.1:65479 - R:localhost/127.0.0.1:15335]
[DEBUG] Using pooled Channel '[id: 0xe367fe6d, L:/127.0.0.1:65479 - R:localhost/127.0.0.1:15335]' for 'GET' to 'http://localhost:15335/session/c46f5609e21ff4d6b23a837c9fcb6340/screenshot'
[DEBUG] Using open Channel [id: 0xe367fe6d, L:/127.0.0.1:65479 - R:localhost/127.0.0.1:15335] for GET '/session/c46f5609e21ff4d6b23a837c9fcb6340/screenshot'
[DEBUG] Entry count for : http://localhost:65480 : 1
[DEBUG] 

Request DefaultFullHttpRequest(decodeResult: success, version: HTTP/1.1, content: EmptyByteBufBE)
GET /session/c46f5609e21ff4d6b23a837c9fcb6340/screenshot HTTP/1.1
User-Agent: selenium/4.6.0 (java windows)
Cache-Control: no-cache
Content-Type: application/json; charset=utf-8
host: localhost:15335
accept: */*

Response DefaultHttpResponse(decodeResult: success, version: HTTP/1.1)
HTTP/1.1 200 OK
Content-Type: application/json; charset=utf-8
cache-control: no-cache
content-length: 798168

[DEBUG] Adding key: http://localhost:15335 for channel [id: 0xe367fe6d, L:/127.0.0.1:65479 - R:localhost/127.0.0.1:15335]
[INFO] ***********Tab Title displayed*************
[DEBUG] Channel Closed: [id: 0x7d39abf0, L:/127.0.0.1:65489 ! R:localhost/127.0.0.1:65480] with attribute NettyResponseFuture{currentRetry=0,
	isDone=1,
	isCancelled=0,
	asyncHandler=org.asynchttpclient.ws.WebSocketUpgradeHandler@64f97846,
	nettyRequest=org.asynchttpclient.netty.request.NettyRequest@415f612e,
	future=java.util.concurrent.CompletableFuture@19ff49d6[Completed normally],
	uri=ws://localhost:65480/devtools/browser/e43b0204-a426-4126-82ee-baf47bbf361d,
	keepAlive=true,
	redirectCount=0,
	timeoutsHolder=null,
	inAuth=0,
	touch=1698330875905}
[DEBUG] Using pooled Channel '[id: 0xe367fe6d, L:/127.0.0.1:65479 - R:localhost/127.0.0.1:15335]' for 'DELETE' to 'http://localhost:15335/session/c46f5609e21ff4d6b23a837c9fcb6340'
[DEBUG] Closing Channel [id: 0x7d39abf0, L:/127.0.0.1:65489 ! R:localhost/127.0.0.1:65480] 
[DEBUG] Using open Channel [id: 0xe367fe6d, L:/127.0.0.1:65479 - R:localhost/127.0.0.1:15335] for DELETE '/session/c46f5609e21ff4d6b23a837c9fcb6340'
[DEBUG] Entry count for : http://localhost:65480 : 1
[DEBUG] Unexpected I/O exception on channel [id: 0x549d6e12, L:/127.0.0.1:65488 - R:localhost/127.0.0.1:65480]
java.io.IOException: An existing connection was forcibly closed by the remote host
	at java.base/sun.nio.ch.SocketDispatcher.read0(Native Method) ~[na:na]
	at java.base/sun.nio.ch.SocketDispatcher.read(SocketDispatcher.java:43) ~[na:na]
	at java.base/sun.nio.ch.IOUtil.readIntoNativeBuffer(IOUtil.java:276) ~[na:na]
	at java.base/sun.nio.ch.IOUtil.read(IOUtil.java:233) ~[na:na]
	at java.base/sun.nio.ch.IOUtil.read(IOUtil.java:223) ~[na:na]
	at java.base/sun.nio.ch.SocketChannelImpl.read(SocketChannelImpl.java:358) ~[na:na]
	at io.netty.buffer.PooledByteBuf.setBytes(PooledByteBuf.java:259) ~[netty-buffer-4.1.84.Final.jar:4.1.84.Final]
	at io.netty.buffer.AbstractByteBuf.writeBytes(AbstractByteBuf.java:1132) ~[netty-buffer-4.1.84.Final.jar:4.1.84.Final]
	at io.netty.channel.socket.nio.NioSocketChannel.doReadBytes(NioSocketChannel.java:357) ~[netty-transport-4.1.84.Final.jar:4.1.84.Final]
	at io.netty.channel.nio.AbstractNioByteChannel$NioByteUnsafe.read(AbstractNioByteChannel.java:151) ~[netty-transport-4.1.84.Final.jar:4.1.84.Final]
	at io.netty.channel.nio.NioEventLoop.processSelectedKey(NioEventLoop.java:788) ~[netty-transport-4.1.84.Final.jar:4.1.84.Final]
	at io.netty.channel.nio.NioEventLoop.processSelectedKeysOptimized(NioEventLoop.java:724) ~[netty-transport-4.1.84.Final.jar:4.1.84.Final]
	at io.netty.channel.nio.NioEventLoop.processSelectedKeys(NioEventLoop.java:650) ~[netty-transport-4.1.84.Final.jar:4.1.84.Final]
	at io.netty.channel.nio.NioEventLoop.run(NioEventLoop.java:562) ~[netty-transport-4.1.84.Final.jar:4.1.84.Final]
	at io.netty.util.concurrent.SingleThreadEventExecutor$4.run(SingleThreadEventExecutor.java:997) ~[netty-common-4.1.84.Final.jar:4.1.84.Final]
	at io.netty.util.internal.ThreadExecutorMap$2.run(ThreadExecutorMap.java:74) ~[netty-common-4.1.84.Final.jar:4.1.84.Final]
	at io.netty.util.concurrent.FastThreadLocalRunnable.run(FastThreadLocalRunnable.java:30) ~[netty-common-4.1.84.Final.jar:4.1.84.Final]
	at java.base/java.lang.Thread.run(Thread.java:834) ~[na:na]
[DEBUG] Closing Channel [id: 0x549d6e12, L:/127.0.0.1:65488 - R:localhost/127.0.0.1:65480] 
[DEBUG] Channel Closed: [id: 0x549d6e12, L:/127.0.0.1:65488 ! R:localhost/127.0.0.1:65480] with attribute DISCARD
[DEBUG] 

Request DefaultFullHttpRequest(decodeResult: success, version: HTTP/1.1, content: EmptyByteBufBE)
DELETE /session/c46f5609e21ff4d6b23a837c9fcb6340 HTTP/1.1
User-Agent: selenium/4.6.0 (java windows)
Content-Type: application/json; charset=utf-8
host: localhost:15335
accept: */*

Response DefaultHttpResponse(decodeResult: success, version: HTTP/1.1)
HTTP/1.1 200 OK
Content-Type: application/json; charset=utf-8
cache-control: no-cache
content-length: 14

[DEBUG] Adding key: http://localhost:15335 for channel [id: 0xe367fe6d, L:/127.0.0.1:65479 - R:localhost/127.0.0.1:15335]
[DEBUG] Channel Closed: [id: 0xe367fe6d, L:/127.0.0.1:65479 ! R:localhost/127.0.0.1:15335] with attribute DISCARD
  Then I should see the appropriate title "Latest News Analysis" displayed   # stepdefinitions.Steps.verifyPageTitle(java.lang.String)
]]></system-out>
    <system-err><![CDATA[Oct 26, 2023 3:34:29 PM org.openqa.selenium.remote.RemoteWebDriver checkNonW3CCapabilities
WARNING: Support for Legacy Capabilities is deprecated; You are sending the following invalid capabilities: [unexpectedAlertBehaviour]; Please update to W3C Syntax: https://www.selenium.dev/blog/2022/legacy-protocol-support/
Starting ChromeDriver 118.0.5993.70 (e52f33f30b91b4ddfad649acddc39ab570473b86-refs/branch-heads/5993@{#1216}) on port 15335
Only local connections are allowed.
Please see https://chromedriver.chromium.org/security-considerations for suggestions on keeping ChromeDriver safe.
ChromeDriver was started successfully.
Oct 26, 2023 3:34:35 PM org.openqa.selenium.remote.ProtocolHandshake createSession
WARNING: Support for Legacy Capabilities is deprecated; You are sending the following invalid capabilities: [unexpectedAlertBehaviour]; Please update to W3C Syntax: https://www.selenium.dev/blog/2022/legacy-protocol-support/
Oct 26, 2023 3:34:35 PM org.openqa.selenium.devtools.CdpVersionFinder findNearestMatch
WARNING: Unable to find CDP implementation matching 118
Oct 26, 2023 3:34:35 PM org.openqa.selenium.chromium.ChromiumDriver lambda$new$3
WARNING: Unable to find version of CDP to use for . You may need to include a dependency on a specific version of the CDP using something similar to `org.seleniumhq.selenium:selenium-devtools-v86:4.6.0` where the version ("v86") matches the version of the chromium-based browser you're using and the version number of the artifact is the same as Selenium's.
]]></system-err>
  </testcase>
  <testcase name="Verify the number of categories displayed and their names. #13" classname="Sky News website tests" time="39.794">
    <system-out><![CDATA[
Scenario Outline: Verify the number of categories displayed and their names.    # src/test/resources/features/skyNews.feature:26
[DEBUG] Using WebDriverManager 5.5.3
[DEBUG] Resolution chrome=118 in cache (valid until 16:31:37 26/10/2023 BST)
[DEBUG] Resolution chrome118=118.0.5993.70 in cache (valid until 22:39:57 26/10/2023 BST)
[INFO] Using chromedriver 118.0.5993.70 (resolved driver for Chrome 118)
[DEBUG] Driver chromedriver 118.0.5993.70 found in cache
[INFO] Exporting webdriver.chrome.driver as C:\Users\sindh\.cache\selenium\chromedriver\win64\118.0.5993.70\chromedriver.exe
[DEBUG] Entry count for : http://localhost:15335 : 1
[DEBUG] Entry count for : http://localhost:65480 : 1
[DEBUG] Adding Candidate expired Channel [id: 0xe367fe6d, L:/127.0.0.1:65479 ! R:localhost/127.0.0.1:15335] isIdleTimeoutExpired=false isRemotelyClosed=true isTtlExpired=false
[DEBUG] Closing Idle Channel [id: 0xe367fe6d, L:/127.0.0.1:65479 ! R:localhost/127.0.0.1:15335]
[DEBUG] Adding Candidate expired Channel [id: 0x549d6e12, L:/127.0.0.1:65488 ! R:localhost/127.0.0.1:65480] isIdleTimeoutExpired=false isRemotelyClosed=true isTtlExpired=false
[DEBUG] Closing Idle Channel [id: 0x549d6e12, L:/127.0.0.1:65488 ! R:localhost/127.0.0.1:65480]
[DEBUG] Closed 2 connections out of 2 in 0 ms
[DEBUG] Using new Channel '[id: 0x2d46065f, L:/127.0.0.1:49214 - R:localhost/127.0.0.1:24819]' for 'POST' to '/session'
[DEBUG] 

Request DefaultHttpRequest(decodeResult: success, version: HTTP/1.1)
POST /session HTTP/1.1
User-Agent: selenium/4.6.0 (java windows)
Content-Length: 1721
Content-Type: application/json; charset=utf-8
host: localhost:24819
accept: */*

Response DefaultHttpResponse(decodeResult: success, version: HTTP/1.1)
HTTP/1.1 200 OK
Content-Type: application/json; charset=utf-8
cache-control: no-cache
content-length: 869

[DEBUG] Adding key: http://localhost:24819 for channel [id: 0x2d46065f, L:/127.0.0.1:49214 - R:localhost/127.0.0.1:24819]
[DEBUG] Using new Channel '[id: 0x6876f03f, L:/127.0.0.1:49224 - R:localhost/127.0.0.1:49215]' for 'GET' to '/json/version'
[DEBUG] 

Request DefaultFullHttpRequest(decodeResult: success, version: HTTP/1.1, content: EmptyByteBufBE)
GET /json/version HTTP/1.1
User-Agent: selenium/4.6.0 (java windows)
host: localhost:49215
accept: */*

Response DefaultHttpResponse(decodeResult: success, version: HTTP/1.1)
HTTP/1.1 200 OK
Content-Security-Policy: frame-ancestors 'none'
Content-Type: application/json; charset=UTF-8
content-length: 423

[DEBUG] Adding key: http://localhost:49215 for channel [id: 0x6876f03f, L:/127.0.0.1:49224 - R:localhost/127.0.0.1:49215]
[DEBUG] Using new Channel '[id: 0x7806100b, L:/127.0.0.1:49225 - R:localhost/127.0.0.1:49215]' for 'GET' to '/devtools/browser/3a8d21e8-a79f-4335-ad3b-d743e4b54de3'
[DEBUG] 

Request DefaultFullHttpRequest(decodeResult: success, version: HTTP/1.1, content: EmptyByteBufBE)
GET /devtools/browser/3a8d21e8-a79f-4335-ad3b-d743e4b54de3 HTTP/1.1
upgrade: websocket
connection: upgrade
sec-websocket-key: 73MgENovsZR13CJWd/Sg5Q==
sec-websocket-version: 13
origin: http://localhost:49215
host: localhost:49215
accept: */*
user-agent: AHC/2.1

Response DefaultHttpResponse(decodeResult: success, version: HTTP/1.1)
HTTP/1.1 101 WebSocket Protocol Handshake
Upgrade: WebSocket
Connection: Upgrade
Sec-WebSocket-Accept: cgGXqpDzVYgcoHOxwlCMX7ylpY8=

[DEBUG] Using pooled Channel '[id: 0x2d46065f, L:/127.0.0.1:49214 - R:localhost/127.0.0.1:24819]' for 'POST' to 'http://localhost:24819/session/32674be7e4a86368ff82c58b545c29ab/window/maximize'
[DEBUG] Using open Channel [id: 0x2d46065f, L:/127.0.0.1:49214 - R:localhost/127.0.0.1:24819] for POST '/session/32674be7e4a86368ff82c58b545c29ab/window/maximize'
[DEBUG] 

Request DefaultHttpRequest(decodeResult: success, version: HTTP/1.1)
POST /session/32674be7e4a86368ff82c58b545c29ab/window/maximize HTTP/1.1
User-Agent: selenium/4.6.0 (java windows)
Content-Length: 3
Content-Type: application/json; charset=utf-8
host: localhost:24819
accept: */*

Response DefaultHttpResponse(decodeResult: success, version: HTTP/1.1)
HTTP/1.1 200 OK
Content-Type: application/json; charset=utf-8
cache-control: no-cache
content-length: 51

[DEBUG] Adding key: http://localhost:24819 for channel [id: 0x2d46065f, L:/127.0.0.1:49214 - R:localhost/127.0.0.1:24819]
Browser Launched
[DEBUG] Using pooled Channel '[id: 0x2d46065f, L:/127.0.0.1:49214 - R:localhost/127.0.0.1:24819]' for 'POST' to 'http://localhost:24819/session/32674be7e4a86368ff82c58b545c29ab/url'
[DEBUG] Using open Channel [id: 0x2d46065f, L:/127.0.0.1:49214 - R:localhost/127.0.0.1:24819] for POST '/session/32674be7e4a86368ff82c58b545c29ab/url'
[DEBUG] Entry count for : http://localhost:49215 : 1
[DEBUG] Entry count for : http://localhost:49215 : 1
[DEBUG] Entry count for : http://localhost:49215 : 1
[DEBUG] Entry count for : http://localhost:49215 : 1
[DEBUG] Entry count for : http://localhost:49215 : 1
[DEBUG] Entry count for : http://localhost:49215 : 1
[DEBUG] 

Request DefaultHttpRequest(decodeResult: success, version: HTTP/1.1)
POST /session/32674be7e4a86368ff82c58b545c29ab/url HTTP/1.1
User-Agent: selenium/4.6.0 (java windows)
Content-Length: 45
Content-Type: application/json; charset=utf-8
host: localhost:24819
accept: */*

Response DefaultHttpResponse(decodeResult: success, version: HTTP/1.1)
HTTP/1.1 200 OK
Content-Type: application/json; charset=utf-8
cache-control: no-cache
content-length: 14

[DEBUG] Adding key: http://localhost:24819 for channel [id: 0x2d46065f, L:/127.0.0.1:49214 - R:localhost/127.0.0.1:24819]
[DEBUG] Using pooled Channel '[id: 0x2d46065f, L:/127.0.0.1:49214 - R:localhost/127.0.0.1:24819]' for 'POST' to 'http://localhost:24819/session/32674be7e4a86368ff82c58b545c29ab/timeouts'
[DEBUG] Using open Channel [id: 0x2d46065f, L:/127.0.0.1:49214 - R:localhost/127.0.0.1:24819] for POST '/session/32674be7e4a86368ff82c58b545c29ab/timeouts'
[DEBUG] 

Request DefaultHttpRequest(decodeResult: success, version: HTTP/1.1)
POST /session/32674be7e4a86368ff82c58b545c29ab/timeouts HTTP/1.1
User-Agent: selenium/4.6.0 (java windows)
Content-Length: 23
Content-Type: application/json; charset=utf-8
host: localhost:24819
accept: */*

Response DefaultHttpResponse(decodeResult: success, version: HTTP/1.1)
HTTP/1.1 200 OK
Content-Type: application/json; charset=utf-8
cache-control: no-cache
content-length: 14

[DEBUG] Adding key: http://localhost:24819 for channel [id: 0x2d46065f, L:/127.0.0.1:49214 - R:localhost/127.0.0.1:24819]
[INFO] SkyNews Displayed.............
[DEBUG] Using pooled Channel '[id: 0x2d46065f, L:/127.0.0.1:49214 - R:localhost/127.0.0.1:24819]' for 'GET' to 'http://localhost:24819/session/32674be7e4a86368ff82c58b545c29ab/screenshot'
[DEBUG] Using open Channel [id: 0x2d46065f, L:/127.0.0.1:49214 - R:localhost/127.0.0.1:24819] for GET '/session/32674be7e4a86368ff82c58b545c29ab/screenshot'
[DEBUG] Entry count for : http://localhost:49215 : 1
[DEBUG] Entry count for : http://localhost:49215 : 1
[DEBUG] 

Request DefaultFullHttpRequest(decodeResult: success, version: HTTP/1.1, content: EmptyByteBufBE)
GET /session/32674be7e4a86368ff82c58b545c29ab/screenshot HTTP/1.1
User-Agent: selenium/4.6.0 (java windows)
Cache-Control: no-cache
Content-Type: application/json; charset=utf-8
host: localhost:24819
accept: */*

Response DefaultHttpResponse(decodeResult: success, version: HTTP/1.1)
HTTP/1.1 200 OK
Content-Type: application/json; charset=utf-8
cache-control: no-cache
content-length: 1220248

[DEBUG] Adding key: http://localhost:24819 for channel [id: 0x2d46065f, L:/127.0.0.1:49214 - R:localhost/127.0.0.1:24819]
[DEBUG] Using pooled Channel '[id: 0x2d46065f, L:/127.0.0.1:49214 - R:localhost/127.0.0.1:24819]' for 'POST' to 'http://localhost:24819/session/32674be7e4a86368ff82c58b545c29ab/elements'
[DEBUG] Using open Channel [id: 0x2d46065f, L:/127.0.0.1:49214 - R:localhost/127.0.0.1:24819] for POST '/session/32674be7e4a86368ff82c58b545c29ab/elements'
[DEBUG] Entry count for : http://localhost:49215 : 1
[DEBUG] Entry count for : http://localhost:49215 : 1
[DEBUG] Entry count for : http://localhost:49215 : 1
[DEBUG] Entry count for : http://localhost:49215 : 1
[DEBUG] Entry count for : http://localhost:49215 : 1
[DEBUG] Entry count for : http://localhost:49215 : 1
[DEBUG] Entry count for : http://localhost:49215 : 1
[DEBUG] Entry count for : http://localhost:49215 : 1
[DEBUG] Entry count for : http://localhost:49215 : 1
[DEBUG] 

Request DefaultHttpRequest(decodeResult: success, version: HTTP/1.1)
POST /session/32674be7e4a86368ff82c58b545c29ab/elements HTTP/1.1
User-Agent: selenium/4.6.0 (java windows)
Content-Length: 122
Content-Type: application/json; charset=utf-8
host: localhost:24819
accept: */*

Response DefaultHttpResponse(decodeResult: success, version: HTTP/1.1)
HTTP/1.1 200 OK
Content-Type: application/json; charset=utf-8
cache-control: no-cache
content-length: 12

[DEBUG] Adding key: http://localhost:24819 for channel [id: 0x2d46065f, L:/127.0.0.1:49214 - R:localhost/127.0.0.1:24819]
[DEBUG] Using pooled Channel '[id: 0x2d46065f, L:/127.0.0.1:49214 - R:localhost/127.0.0.1:24819]' for 'POST' to 'http://localhost:24819/session/32674be7e4a86368ff82c58b545c29ab/elements'
[DEBUG] Using open Channel [id: 0x2d46065f, L:/127.0.0.1:49214 - R:localhost/127.0.0.1:24819] for POST '/session/32674be7e4a86368ff82c58b545c29ab/elements'
[DEBUG] 

Request DefaultHttpRequest(decodeResult: success, version: HTTP/1.1)
POST /session/32674be7e4a86368ff82c58b545c29ab/elements HTTP/1.1
User-Agent: selenium/4.6.0 (java windows)
Content-Length: 106
Content-Type: application/json; charset=utf-8
host: localhost:24819
accept: */*

Response DefaultHttpResponse(decodeResult: success, version: HTTP/1.1)
HTTP/1.1 200 OK
Content-Type: application/json; charset=utf-8
cache-control: no-cache
content-length: 97

[DEBUG] Adding key: http://localhost:24819 for channel [id: 0x2d46065f, L:/127.0.0.1:49214 - R:localhost/127.0.0.1:24819]
[DEBUG] Using pooled Channel '[id: 0x2d46065f, L:/127.0.0.1:49214 - R:localhost/127.0.0.1:24819]' for 'POST' to 'http://localhost:24819/session/32674be7e4a86368ff82c58b545c29ab/frame'
[DEBUG] Using open Channel [id: 0x2d46065f, L:/127.0.0.1:49214 - R:localhost/127.0.0.1:24819] for POST '/session/32674be7e4a86368ff82c58b545c29ab/frame'
[DEBUG] Entry count for : http://localhost:49215 : 1
[DEBUG] 

Request DefaultHttpRequest(decodeResult: success, version: HTTP/1.1)
POST /session/32674be7e4a86368ff82c58b545c29ab/frame HTTP/1.1
User-Agent: selenium/4.6.0 (java windows)
Content-Length: 168
Content-Type: application/json; charset=utf-8
host: localhost:24819
accept: */*

Response DefaultHttpResponse(decodeResult: success, version: HTTP/1.1)
HTTP/1.1 200 OK
Content-Type: application/json; charset=utf-8
cache-control: no-cache
content-length: 14

[DEBUG] Adding key: http://localhost:24819 for channel [id: 0x2d46065f, L:/127.0.0.1:49214 - R:localhost/127.0.0.1:24819]
[DEBUG] Using pooled Channel '[id: 0x2d46065f, L:/127.0.0.1:49214 - R:localhost/127.0.0.1:24819]' for 'POST' to 'http://localhost:24819/session/32674be7e4a86368ff82c58b545c29ab/element'
[DEBUG] Using open Channel [id: 0x2d46065f, L:/127.0.0.1:49214 - R:localhost/127.0.0.1:24819] for POST '/session/32674be7e4a86368ff82c58b545c29ab/element'
[DEBUG] 

Request DefaultHttpRequest(decodeResult: success, version: HTTP/1.1)
POST /session/32674be7e4a86368ff82c58b545c29ab/element HTTP/1.1
User-Agent: selenium/4.6.0 (java windows)
Content-Length: 88
Content-Type: application/json; charset=utf-8
host: localhost:24819
accept: */*

Response DefaultHttpResponse(decodeResult: success, version: HTTP/1.1)
HTTP/1.1 200 OK
Content-Type: application/json; charset=utf-8
cache-control: no-cache
content-length: 94

[DEBUG] Adding key: http://localhost:24819 for channel [id: 0x2d46065f, L:/127.0.0.1:49214 - R:localhost/127.0.0.1:24819]
[DEBUG] Using pooled Channel '[id: 0x2d46065f, L:/127.0.0.1:49214 - R:localhost/127.0.0.1:24819]' for 'POST' to 'http://localhost:24819/session/32674be7e4a86368ff82c58b545c29ab/element/2B1E505C2E8C74DAED8EE16EB8F48E6A_element_9/click'
[DEBUG] Using open Channel [id: 0x2d46065f, L:/127.0.0.1:49214 - R:localhost/127.0.0.1:24819] for POST '/session/32674be7e4a86368ff82c58b545c29ab/element/2B1E505C2E8C74DAED8EE16EB8F48E6A_element_9/click'
[DEBUG] 

Request DefaultHttpRequest(decodeResult: success, version: HTTP/1.1)
POST /session/32674be7e4a86368ff82c58b545c29ab/element/2B1E505C2E8C74DAED8EE16EB8F48E6A_element_9/click HTTP/1.1
User-Agent: selenium/4.6.0 (java windows)
Content-Length: 56
Content-Type: application/json; charset=utf-8
host: localhost:24819
accept: */*

Response DefaultHttpResponse(decodeResult: success, version: HTTP/1.1)
HTTP/1.1 200 OK
Content-Type: application/json; charset=utf-8
cache-control: no-cache
content-length: 14

[DEBUG] Adding key: http://localhost:24819 for channel [id: 0x2d46065f, L:/127.0.0.1:49214 - R:localhost/127.0.0.1:24819]
[DEBUG] Entry count for : http://localhost:49215 : 1
[DEBUG] Entry count for : http://localhost:24819 : 1
  Given I navigate to Sky News Website home page                                # stepdefinitions.Steps.loadHomePage()
[DEBUG] Using pooled Channel '[id: 0x2d46065f, L:/127.0.0.1:49214 - R:localhost/127.0.0.1:24819]' for 'POST' to 'http://localhost:24819/session/32674be7e4a86368ff82c58b545c29ab/element'
[DEBUG] Using open Channel [id: 0x2d46065f, L:/127.0.0.1:49214 - R:localhost/127.0.0.1:24819] for POST '/session/32674be7e4a86368ff82c58b545c29ab/element'
[DEBUG] Entry count for : http://localhost:49215 : 1
[DEBUG] Entry count for : http://localhost:49215 : 1
[DEBUG] Entry count for : http://localhost:49215 : 1
[DEBUG] 

Request DefaultHttpRequest(decodeResult: success, version: HTTP/1.1)
POST /session/32674be7e4a86368ff82c58b545c29ab/element HTTP/1.1
User-Agent: selenium/4.6.0 (java windows)
Content-Length: 106
Content-Type: application/json; charset=utf-8
host: localhost:24819
accept: */*

Response DefaultHttpResponse(decodeResult: success, version: HTTP/1.1)
HTTP/1.1 200 OK
Content-Type: application/json; charset=utf-8
cache-control: no-cache
content-length: 95

[DEBUG] Adding key: http://localhost:24819 for channel [id: 0x2d46065f, L:/127.0.0.1:49214 - R:localhost/127.0.0.1:24819]
[DEBUG] Using pooled Channel '[id: 0x2d46065f, L:/127.0.0.1:49214 - R:localhost/127.0.0.1:24819]' for 'POST' to 'http://localhost:24819/session/32674be7e4a86368ff82c58b545c29ab/element/9026F493938BFAFF2F9E7CB6A91ABCC5_element_45/click'
[DEBUG] Using open Channel [id: 0x2d46065f, L:/127.0.0.1:49214 - R:localhost/127.0.0.1:24819] for POST '/session/32674be7e4a86368ff82c58b545c29ab/element/9026F493938BFAFF2F9E7CB6A91ABCC5_element_45/click'
[DEBUG] 

Request DefaultHttpRequest(decodeResult: success, version: HTTP/1.1)
POST /session/32674be7e4a86368ff82c58b545c29ab/element/9026F493938BFAFF2F9E7CB6A91ABCC5_element_45/click HTTP/1.1
User-Agent: selenium/4.6.0 (java windows)
Content-Length: 57
Content-Type: application/json; charset=utf-8
host: localhost:24819
accept: */*

Response DefaultHttpResponse(decodeResult: success, version: HTTP/1.1)
HTTP/1.1 200 OK
Content-Type: application/json; charset=utf-8
cache-control: no-cache
content-length: 14

[DEBUG] Adding key: http://localhost:24819 for channel [id: 0x2d46065f, L:/127.0.0.1:49214 - R:localhost/127.0.0.1:24819]
[DEBUG] Using pooled Channel '[id: 0x2d46065f, L:/127.0.0.1:49214 - R:localhost/127.0.0.1:24819]' for 'POST' to 'http://localhost:24819/session/32674be7e4a86368ff82c58b545c29ab/element'
[DEBUG] Using open Channel [id: 0x2d46065f, L:/127.0.0.1:49214 - R:localhost/127.0.0.1:24819] for POST '/session/32674be7e4a86368ff82c58b545c29ab/element'
[DEBUG] 

Request DefaultHttpRequest(decodeResult: success, version: HTTP/1.1)
POST /session/32674be7e4a86368ff82c58b545c29ab/element HTTP/1.1
User-Agent: selenium/4.6.0 (java windows)
Content-Length: 110
Content-Type: application/json; charset=utf-8
host: localhost:24819
accept: */*

Response DefaultHttpResponse(decodeResult: success, version: HTTP/1.1)
HTTP/1.1 200 OK
Content-Type: application/json; charset=utf-8
cache-control: no-cache
content-length: 95

[DEBUG] Adding key: http://localhost:24819 for channel [id: 0x2d46065f, L:/127.0.0.1:49214 - R:localhost/127.0.0.1:24819]
[DEBUG] Using pooled Channel '[id: 0x2d46065f, L:/127.0.0.1:49214 - R:localhost/127.0.0.1:24819]' for 'POST' to 'http://localhost:24819/session/32674be7e4a86368ff82c58b545c29ab/execute/sync'
[DEBUG] Using open Channel [id: 0x2d46065f, L:/127.0.0.1:49214 - R:localhost/127.0.0.1:24819] for POST '/session/32674be7e4a86368ff82c58b545c29ab/execute/sync'
[DEBUG] 

Request DefaultHttpRequest(decodeResult: success, version: HTTP/1.1)
POST /session/32674be7e4a86368ff82c58b545c29ab/execute/sync HTTP/1.1
User-Agent: selenium/4.6.0 (java windows)
Content-Length: 48787
Content-Type: application/json; charset=utf-8
host: localhost:24819
accept: */*

Response DefaultHttpResponse(decodeResult: success, version: HTTP/1.1)
HTTP/1.1 200 OK
Content-Type: application/json; charset=utf-8
cache-control: no-cache
content-length: 14

[DEBUG] Adding key: http://localhost:24819 for channel [id: 0x2d46065f, L:/127.0.0.1:49214 - R:localhost/127.0.0.1:24819]
[DEBUG] Using pooled Channel '[id: 0x2d46065f, L:/127.0.0.1:49214 - R:localhost/127.0.0.1:24819]' for 'POST' to 'http://localhost:24819/session/32674be7e4a86368ff82c58b545c29ab/element/9026F493938BFAFF2F9E7CB6A91ABCC5_element_46/click'
[DEBUG] Using open Channel [id: 0x2d46065f, L:/127.0.0.1:49214 - R:localhost/127.0.0.1:24819] for POST '/session/32674be7e4a86368ff82c58b545c29ab/element/9026F493938BFAFF2F9E7CB6A91ABCC5_element_46/click'
[DEBUG] Entry count for : http://localhost:49215 : 1
[DEBUG] Entry count for : http://localhost:49215 : 1
[DEBUG] Entry count for : http://localhost:49215 : 1
[DEBUG] 

Request DefaultHttpRequest(decodeResult: success, version: HTTP/1.1)
POST /session/32674be7e4a86368ff82c58b545c29ab/element/9026F493938BFAFF2F9E7CB6A91ABCC5_element_46/click HTTP/1.1
User-Agent: selenium/4.6.0 (java windows)
Content-Length: 57
Content-Type: application/json; charset=utf-8
host: localhost:24819
accept: */*

Response DefaultHttpResponse(decodeResult: success, version: HTTP/1.1)
HTTP/1.1 200 OK
Content-Type: application/json; charset=utf-8
cache-control: no-cache
content-length: 14

[DEBUG] Adding key: http://localhost:24819 for channel [id: 0x2d46065f, L:/127.0.0.1:49214 - R:localhost/127.0.0.1:24819]
  When I click the "Data & Forensics" tab                                       # stepdefinitions.Steps.selectTab(java.lang.String)
[DEBUG] Using pooled Channel '[id: 0x2d46065f, L:/127.0.0.1:49214 - R:localhost/127.0.0.1:24819]' for 'GET' to 'http://localhost:24819/session/32674be7e4a86368ff82c58b545c29ab/title'
[DEBUG] Using open Channel [id: 0x2d46065f, L:/127.0.0.1:49214 - R:localhost/127.0.0.1:24819] for GET '/session/32674be7e4a86368ff82c58b545c29ab/title'
[DEBUG] 

Request DefaultFullHttpRequest(decodeResult: success, version: HTTP/1.1, content: EmptyByteBufBE)
GET /session/32674be7e4a86368ff82c58b545c29ab/title HTTP/1.1
User-Agent: selenium/4.6.0 (java windows)
Cache-Control: no-cache
Content-Type: application/json; charset=utf-8
host: localhost:24819
accept: */*

Response DefaultHttpResponse(decodeResult: success, version: HTTP/1.1)
HTTP/1.1 200 OK
Content-Type: application/json; charset=utf-8
cache-control: no-cache
content-length: 48

[DEBUG] Adding key: http://localhost:24819 for channel [id: 0x2d46065f, L:/127.0.0.1:49214 - R:localhost/127.0.0.1:24819]
[DEBUG] Using pooled Channel '[id: 0x2d46065f, L:/127.0.0.1:49214 - R:localhost/127.0.0.1:24819]' for 'GET' to 'http://localhost:24819/session/32674be7e4a86368ff82c58b545c29ab/screenshot'
[DEBUG] Using open Channel [id: 0x2d46065f, L:/127.0.0.1:49214 - R:localhost/127.0.0.1:24819] for GET '/session/32674be7e4a86368ff82c58b545c29ab/screenshot'
[DEBUG] Entry count for : http://localhost:49215 : 1
[DEBUG] 

Request DefaultFullHttpRequest(decodeResult: success, version: HTTP/1.1, content: EmptyByteBufBE)
GET /session/32674be7e4a86368ff82c58b545c29ab/screenshot HTTP/1.1
User-Agent: selenium/4.6.0 (java windows)
Cache-Control: no-cache
Content-Type: application/json; charset=utf-8
host: localhost:24819
accept: */*

Response DefaultHttpResponse(decodeResult: success, version: HTTP/1.1)
HTTP/1.1 200 OK
Content-Type: application/json; charset=utf-8
cache-control: no-cache
content-length: 974664

[DEBUG] Adding key: http://localhost:24819 for channel [id: 0x2d46065f, L:/127.0.0.1:49214 - R:localhost/127.0.0.1:24819]
[DEBUG] Entry count for : http://localhost:49215 : 1
[DEBUG] Entry count for : http://localhost:24819 : 1
[INFO] ***********Tab Title displayed*************
[DEBUG] Channel Closed: [id: 0x7806100b, L:/127.0.0.1:49225 ! R:localhost/127.0.0.1:49215] with attribute NettyResponseFuture{currentRetry=0,
	isDone=1,
	isCancelled=0,
	asyncHandler=org.asynchttpclient.ws.WebSocketUpgradeHandler@655ba2bf,
	nettyRequest=org.asynchttpclient.netty.request.NettyRequest@3a8b5f1,
	future=java.util.concurrent.CompletableFuture@3ad8ec70[Completed normally],
	uri=ws://localhost:49215/devtools/browser/3a8d21e8-a79f-4335-ad3b-d743e4b54de3,
	keepAlive=true,
	redirectCount=0,
	timeoutsHolder=null,
	inAuth=0,
	touch=1698330927686}
[DEBUG] Closing Channel [id: 0x7806100b, L:/127.0.0.1:49225 ! R:localhost/127.0.0.1:49215] 
[DEBUG] Using pooled Channel '[id: 0x2d46065f, L:/127.0.0.1:49214 - R:localhost/127.0.0.1:24819]' for 'DELETE' to 'http://localhost:24819/session/32674be7e4a86368ff82c58b545c29ab'
[DEBUG] Using open Channel [id: 0x2d46065f, L:/127.0.0.1:49214 - R:localhost/127.0.0.1:24819] for DELETE '/session/32674be7e4a86368ff82c58b545c29ab'
[DEBUG] Entry count for : http://localhost:49215 : 1
[DEBUG] Entry count for : http://localhost:49215 : 1
[DEBUG] Entry count for : http://localhost:49215 : 1
[DEBUG] Unexpected I/O exception on channel [id: 0x6876f03f, L:/127.0.0.1:49224 - R:localhost/127.0.0.1:49215]
java.io.IOException: An existing connection was forcibly closed by the remote host
	at java.base/sun.nio.ch.SocketDispatcher.read0(Native Method) ~[na:na]
	at java.base/sun.nio.ch.SocketDispatcher.read(SocketDispatcher.java:43) ~[na:na]
	at java.base/sun.nio.ch.IOUtil.readIntoNativeBuffer(IOUtil.java:276) ~[na:na]
	at java.base/sun.nio.ch.IOUtil.read(IOUtil.java:233) ~[na:na]
	at java.base/sun.nio.ch.IOUtil.read(IOUtil.java:223) ~[na:na]
	at java.base/sun.nio.ch.SocketChannelImpl.read(SocketChannelImpl.java:358) ~[na:na]
	at io.netty.buffer.PooledByteBuf.setBytes(PooledByteBuf.java:259) ~[netty-buffer-4.1.84.Final.jar:4.1.84.Final]
	at io.netty.buffer.AbstractByteBuf.writeBytes(AbstractByteBuf.java:1132) ~[netty-buffer-4.1.84.Final.jar:4.1.84.Final]
	at io.netty.channel.socket.nio.NioSocketChannel.doReadBytes(NioSocketChannel.java:357) ~[netty-transport-4.1.84.Final.jar:4.1.84.Final]
	at io.netty.channel.nio.AbstractNioByteChannel$NioByteUnsafe.read(AbstractNioByteChannel.java:151) ~[netty-transport-4.1.84.Final.jar:4.1.84.Final]
	at io.netty.channel.nio.NioEventLoop.processSelectedKey(NioEventLoop.java:788) ~[netty-transport-4.1.84.Final.jar:4.1.84.Final]
	at io.netty.channel.nio.NioEventLoop.processSelectedKeysOptimized(NioEventLoop.java:724) ~[netty-transport-4.1.84.Final.jar:4.1.84.Final]
	at io.netty.channel.nio.NioEventLoop.processSelectedKeys(NioEventLoop.java:650) ~[netty-transport-4.1.84.Final.jar:4.1.84.Final]
	at io.netty.channel.nio.NioEventLoop.run(NioEventLoop.java:562) ~[netty-transport-4.1.84.Final.jar:4.1.84.Final]
	at io.netty.util.concurrent.SingleThreadEventExecutor$4.run(SingleThreadEventExecutor.java:997) ~[netty-common-4.1.84.Final.jar:4.1.84.Final]
	at io.netty.util.internal.ThreadExecutorMap$2.run(ThreadExecutorMap.java:74) ~[netty-common-4.1.84.Final.jar:4.1.84.Final]
	at io.netty.util.concurrent.FastThreadLocalRunnable.run(FastThreadLocalRunnable.java:30) ~[netty-common-4.1.84.Final.jar:4.1.84.Final]
	at java.base/java.lang.Thread.run(Thread.java:834) ~[na:na]
[DEBUG] Closing Channel [id: 0x6876f03f, L:/127.0.0.1:49224 - R:localhost/127.0.0.1:49215] 
[DEBUG] Channel Closed: [id: 0x6876f03f, L:/127.0.0.1:49224 ! R:localhost/127.0.0.1:49215] with attribute DISCARD
[DEBUG] 

Request DefaultFullHttpRequest(decodeResult: success, version: HTTP/1.1, content: EmptyByteBufBE)
DELETE /session/32674be7e4a86368ff82c58b545c29ab HTTP/1.1
User-Agent: selenium/4.6.0 (java windows)
Content-Type: application/json; charset=utf-8
host: localhost:24819
accept: */*

Response DefaultHttpResponse(decodeResult: success, version: HTTP/1.1)
HTTP/1.1 200 OK
Content-Type: application/json; charset=utf-8
cache-control: no-cache
content-length: 14

[DEBUG] Adding key: http://localhost:24819 for channel [id: 0x2d46065f, L:/127.0.0.1:49214 - R:localhost/127.0.0.1:24819]
[DEBUG] Entry count for : http://localhost:49215 : 1
[DEBUG] Entry count for : http://localhost:24819 : 1
[DEBUG] Adding Candidate expired Channel [id: 0x6876f03f, L:/127.0.0.1:49224 ! R:localhost/127.0.0.1:49215] isIdleTimeoutExpired=false isRemotelyClosed=true isTtlExpired=false
[DEBUG] Closing Idle Channel [id: 0x6876f03f, L:/127.0.0.1:49224 ! R:localhost/127.0.0.1:49215]
[DEBUG] Closed 1 connections out of 2 in 1 ms
[DEBUG] Unexpected I/O exception on channel [id: 0x2d46065f, L:/127.0.0.1:49214 - R:localhost/127.0.0.1:24819]
java.io.IOException: An existing connection was forcibly closed by the remote host
	at java.base/sun.nio.ch.SocketDispatcher.read0(Native Method) ~[na:na]
	at java.base/sun.nio.ch.SocketDispatcher.read(SocketDispatcher.java:43) ~[na:na]
	at java.base/sun.nio.ch.IOUtil.readIntoNativeBuffer(IOUtil.java:276) ~[na:na]
	at java.base/sun.nio.ch.IOUtil.read(IOUtil.java:233) ~[na:na]
	at java.base/sun.nio.ch.IOUtil.read(IOUtil.java:223) ~[na:na]
	at java.base/sun.nio.ch.SocketChannelImpl.read(SocketChannelImpl.java:358) ~[na:na]
	at io.netty.buffer.PooledByteBuf.setBytes(PooledByteBuf.java:259) ~[netty-buffer-4.1.84.Final.jar:4.1.84.Final]
	at io.netty.buffer.AbstractByteBuf.writeBytes(AbstractByteBuf.java:1132) ~[netty-buffer-4.1.84.Final.jar:4.1.84.Final]
	at io.netty.channel.socket.nio.NioSocketChannel.doReadBytes(NioSocketChannel.java:357) ~[netty-transport-4.1.84.Final.jar:4.1.84.Final]
	at io.netty.channel.nio.AbstractNioByteChannel$NioByteUnsafe.read(AbstractNioByteChannel.java:151) ~[netty-transport-4.1.84.Final.jar:4.1.84.Final]
	at io.netty.channel.nio.NioEventLoop.processSelectedKey(NioEventLoop.java:788) ~[netty-transport-4.1.84.Final.jar:4.1.84.Final]
	at io.netty.channel.nio.NioEventLoop.processSelectedKeysOptimized(NioEventLoop.java:724) ~[netty-transport-4.1.84.Final.jar:4.1.84.Final]
	at io.netty.channel.nio.NioEventLoop.processSelectedKeys(NioEventLoop.java:650) ~[netty-transport-4.1.84.Final.jar:4.1.84.Final]
	at io.netty.channel.nio.NioEventLoop.run(NioEventLoop.java:562) ~[netty-transport-4.1.84.Final.jar:4.1.84.Final]
	at io.netty.util.concurrent.SingleThreadEventExecutor$4.run(SingleThreadEventExecutor.java:997) ~[netty-common-4.1.84.Final.jar:4.1.84.Final]
	at io.netty.util.internal.ThreadExecutorMap$2.run(ThreadExecutorMap.java:74) ~[netty-common-4.1.84.Final.jar:4.1.84.Final]
	at io.netty.util.concurrent.FastThreadLocalRunnable.run(FastThreadLocalRunnable.java:30) ~[netty-common-4.1.84.Final.jar:4.1.84.Final]
	at java.base/java.lang.Thread.run(Thread.java:834) ~[na:na]
[DEBUG] Closing Channel [id: 0x2d46065f, L:/127.0.0.1:49214 - R:localhost/127.0.0.1:24819] 
[DEBUG] Channel Closed: [id: 0x2d46065f, L:/127.0.0.1:49214 ! R:localhost/127.0.0.1:24819] with attribute DISCARD
  Then I should see the appropriate title "Latest Data and Forensics" displayed # stepdefinitions.Steps.verifyPageTitle(java.lang.String)
[DEBUG] Entry count for : http://localhost:24819 : 1
[DEBUG] Adding Candidate expired Channel [id: 0x2d46065f, L:/127.0.0.1:49214 ! R:localhost/127.0.0.1:24819] isIdleTimeoutExpired=false isRemotelyClosed=true isTtlExpired=false
[DEBUG] Closing Idle Channel [id: 0x2d46065f, L:/127.0.0.1:49214 ! R:localhost/127.0.0.1:24819]
[DEBUG] Closed 1 connections out of 1 in 0 ms
]]></system-out>
    <system-err><![CDATA[Oct 26, 2023 3:35:22 PM org.openqa.selenium.remote.RemoteWebDriver checkNonW3CCapabilities
WARNING: Support for Legacy Capabilities is deprecated; You are sending the following invalid capabilities: [unexpectedAlertBehaviour]; Please update to W3C Syntax: https://www.selenium.dev/blog/2022/legacy-protocol-support/
Starting ChromeDriver 118.0.5993.70 (e52f33f30b91b4ddfad649acddc39ab570473b86-refs/branch-heads/5993@{#1216}) on port 24819
Only local connections are allowed.
Please see https://chromedriver.chromium.org/security-considerations for suggestions on keeping ChromeDriver safe.
ChromeDriver was started successfully.
Oct 26, 2023 3:35:27 PM org.openqa.selenium.remote.ProtocolHandshake createSession
WARNING: Support for Legacy Capabilities is deprecated; You are sending the following invalid capabilities: [unexpectedAlertBehaviour]; Please update to W3C Syntax: https://www.selenium.dev/blog/2022/legacy-protocol-support/
Oct 26, 2023 3:35:27 PM org.openqa.selenium.devtools.CdpVersionFinder findNearestMatch
WARNING: Unable to find CDP implementation matching 118
Oct 26, 2023 3:35:27 PM org.openqa.selenium.chromium.ChromiumDriver lambda$new$3
WARNING: Unable to find version of CDP to use for . You may need to include a dependency on a specific version of the CDP using something similar to `org.seleniumhq.selenium:selenium-devtools-v86:4.6.0` where the version ("v86") matches the version of the chromium-based browser you're using and the version number of the artifact is the same as Selenium's.
]]></system-err>
  </testcase>
  <testcase name="Verify the number of categories displayed and their names. #14" classname="Sky News website tests" time="41.095">
    <system-out><![CDATA[
Scenario Outline: Verify the number of categories displayed and their names. # src/test/resources/features/skyNews.feature:27
[DEBUG] Using WebDriverManager 5.5.3
[DEBUG] Resolution chrome=118 in cache (valid until 16:31:37 26/10/2023 BST)
[DEBUG] Resolution chrome118=118.0.5993.70 in cache (valid until 22:39:57 26/10/2023 BST)
[INFO] Using chromedriver 118.0.5993.70 (resolved driver for Chrome 118)
[DEBUG] Driver chromedriver 118.0.5993.70 found in cache
[INFO] Exporting webdriver.chrome.driver as C:\Users\sindh\.cache\selenium\chromedriver\win64\118.0.5993.70\chromedriver.exe
[DEBUG] Using new Channel '[id: 0x95c1b67e, L:/127.0.0.1:49328 - R:localhost/127.0.0.1:23767]' for 'POST' to '/session'
[DEBUG] 

Request DefaultHttpRequest(decodeResult: success, version: HTTP/1.1)
POST /session HTTP/1.1
User-Agent: selenium/4.6.0 (java windows)
Content-Length: 1721
Content-Type: application/json; charset=utf-8
host: localhost:23767
accept: */*

Response DefaultHttpResponse(decodeResult: success, version: HTTP/1.1)
HTTP/1.1 200 OK
Content-Type: application/json; charset=utf-8
cache-control: no-cache
content-length: 870

[DEBUG] Adding key: http://localhost:23767 for channel [id: 0x95c1b67e, L:/127.0.0.1:49328 - R:localhost/127.0.0.1:23767]
[DEBUG] Using new Channel '[id: 0x4d69d1f4, L:/127.0.0.1:49342 - R:localhost/127.0.0.1:49332]' for 'GET' to '/json/version'
[DEBUG] 

Request DefaultFullHttpRequest(decodeResult: success, version: HTTP/1.1, content: EmptyByteBufBE)
GET /json/version HTTP/1.1
User-Agent: selenium/4.6.0 (java windows)
host: localhost:49332
accept: */*

Response DefaultHttpResponse(decodeResult: success, version: HTTP/1.1)
HTTP/1.1 200 OK
Content-Security-Policy: frame-ancestors 'none'
Content-Type: application/json; charset=UTF-8
content-length: 423

[DEBUG] Adding key: http://localhost:49332 for channel [id: 0x4d69d1f4, L:/127.0.0.1:49342 - R:localhost/127.0.0.1:49332]
[DEBUG] Entry count for : http://localhost:49332 : 1
[DEBUG] Entry count for : http://localhost:23767 : 1
[DEBUG] Using new Channel '[id: 0x3b65da93, L:/127.0.0.1:49343 - R:localhost/127.0.0.1:49332]' for 'GET' to '/devtools/browser/5fd53254-9e7d-41ea-af36-75571592e578'
[DEBUG] 

Request DefaultFullHttpRequest(decodeResult: success, version: HTTP/1.1, content: EmptyByteBufBE)
GET /devtools/browser/5fd53254-9e7d-41ea-af36-75571592e578 HTTP/1.1
upgrade: websocket
connection: upgrade
sec-websocket-key: w3Cj0/+l1LANkTZiaYLHUQ==
sec-websocket-version: 13
origin: http://localhost:49332
host: localhost:49332
accept: */*
user-agent: AHC/2.1

Response DefaultHttpResponse(decodeResult: success, version: HTTP/1.1)
HTTP/1.1 101 WebSocket Protocol Handshake
Upgrade: WebSocket
Connection: Upgrade
Sec-WebSocket-Accept: 2/QAq5FFRY73W2/cTBBChIMjt+0=

[DEBUG] Using pooled Channel '[id: 0x95c1b67e, L:/127.0.0.1:49328 - R:localhost/127.0.0.1:23767]' for 'POST' to 'http://localhost:23767/session/59052829aea03d0a366a53573b364087/window/maximize'
[DEBUG] Using open Channel [id: 0x95c1b67e, L:/127.0.0.1:49328 - R:localhost/127.0.0.1:23767] for POST '/session/59052829aea03d0a366a53573b364087/window/maximize'
[DEBUG] 

Request DefaultHttpRequest(decodeResult: success, version: HTTP/1.1)
POST /session/59052829aea03d0a366a53573b364087/window/maximize HTTP/1.1
User-Agent: selenium/4.6.0 (java windows)
Content-Length: 3
Content-Type: application/json; charset=utf-8
host: localhost:23767
accept: */*

Response DefaultHttpResponse(decodeResult: success, version: HTTP/1.1)
HTTP/1.1 200 OK
Content-Type: application/json; charset=utf-8
cache-control: no-cache
content-length: 51

[DEBUG] Adding key: http://localhost:23767 for channel [id: 0x95c1b67e, L:/127.0.0.1:49328 - R:localhost/127.0.0.1:23767]
Browser Launched
[DEBUG] Using pooled Channel '[id: 0x95c1b67e, L:/127.0.0.1:49328 - R:localhost/127.0.0.1:23767]' for 'POST' to 'http://localhost:23767/session/59052829aea03d0a366a53573b364087/url'
[DEBUG] Using open Channel [id: 0x95c1b67e, L:/127.0.0.1:49328 - R:localhost/127.0.0.1:23767] for POST '/session/59052829aea03d0a366a53573b364087/url'
[DEBUG] Entry count for : http://localhost:49332 : 1
[DEBUG] Entry count for : http://localhost:49332 : 1
[DEBUG] Entry count for : http://localhost:49332 : 1
[DEBUG] Entry count for : http://localhost:49332 : 1
[DEBUG] Entry count for : http://localhost:49332 : 1
[DEBUG] Entry count for : http://localhost:49332 : 1
[DEBUG] 

Request DefaultHttpRequest(decodeResult: success, version: HTTP/1.1)
POST /session/59052829aea03d0a366a53573b364087/url HTTP/1.1
User-Agent: selenium/4.6.0 (java windows)
Content-Length: 45
Content-Type: application/json; charset=utf-8
host: localhost:23767
accept: */*

Response DefaultHttpResponse(decodeResult: success, version: HTTP/1.1)
HTTP/1.1 200 OK
Content-Type: application/json; charset=utf-8
cache-control: no-cache
content-length: 14

[DEBUG] Adding key: http://localhost:23767 for channel [id: 0x95c1b67e, L:/127.0.0.1:49328 - R:localhost/127.0.0.1:23767]
[DEBUG] Using pooled Channel '[id: 0x95c1b67e, L:/127.0.0.1:49328 - R:localhost/127.0.0.1:23767]' for 'POST' to 'http://localhost:23767/session/59052829aea03d0a366a53573b364087/timeouts'
[DEBUG] Using open Channel [id: 0x95c1b67e, L:/127.0.0.1:49328 - R:localhost/127.0.0.1:23767] for POST '/session/59052829aea03d0a366a53573b364087/timeouts'
[DEBUG] 

Request DefaultHttpRequest(decodeResult: success, version: HTTP/1.1)
POST /session/59052829aea03d0a366a53573b364087/timeouts HTTP/1.1
User-Agent: selenium/4.6.0 (java windows)
Content-Length: 23
Content-Type: application/json; charset=utf-8
host: localhost:23767
accept: */*

Response DefaultHttpResponse(decodeResult: success, version: HTTP/1.1)
HTTP/1.1 200 OK
Content-Type: application/json; charset=utf-8
cache-control: no-cache
content-length: 14

[DEBUG] Adding key: http://localhost:23767 for channel [id: 0x95c1b67e, L:/127.0.0.1:49328 - R:localhost/127.0.0.1:23767]
[INFO] SkyNews Displayed.............
[DEBUG] Using pooled Channel '[id: 0x95c1b67e, L:/127.0.0.1:49328 - R:localhost/127.0.0.1:23767]' for 'GET' to 'http://localhost:23767/session/59052829aea03d0a366a53573b364087/screenshot'
[DEBUG] Using open Channel [id: 0x95c1b67e, L:/127.0.0.1:49328 - R:localhost/127.0.0.1:23767] for GET '/session/59052829aea03d0a366a53573b364087/screenshot'
[DEBUG] Entry count for : http://localhost:49332 : 1
[DEBUG] 

Request DefaultFullHttpRequest(decodeResult: success, version: HTTP/1.1, content: EmptyByteBufBE)
GET /session/59052829aea03d0a366a53573b364087/screenshot HTTP/1.1
User-Agent: selenium/4.6.0 (java windows)
Cache-Control: no-cache
Content-Type: application/json; charset=utf-8
host: localhost:23767
accept: */*

Response DefaultHttpResponse(decodeResult: success, version: HTTP/1.1)
HTTP/1.1 200 OK
Content-Type: application/json; charset=utf-8
cache-control: no-cache
content-length: 1220248

[DEBUG] Adding key: http://localhost:23767 for channel [id: 0x95c1b67e, L:/127.0.0.1:49328 - R:localhost/127.0.0.1:23767]
[DEBUG] Entry count for : http://localhost:49332 : 1
[DEBUG] Entry count for : http://localhost:23767 : 1
[DEBUG] Using pooled Channel '[id: 0x95c1b67e, L:/127.0.0.1:49328 - R:localhost/127.0.0.1:23767]' for 'POST' to 'http://localhost:23767/session/59052829aea03d0a366a53573b364087/elements'
[DEBUG] Using open Channel [id: 0x95c1b67e, L:/127.0.0.1:49328 - R:localhost/127.0.0.1:23767] for POST '/session/59052829aea03d0a366a53573b364087/elements'
[DEBUG] Entry count for : http://localhost:49332 : 1
[DEBUG] Entry count for : http://localhost:49332 : 1
[DEBUG] Entry count for : http://localhost:49332 : 1
[DEBUG] Entry count for : http://localhost:49332 : 1
[DEBUG] Entry count for : http://localhost:49332 : 1
[DEBUG] Entry count for : http://localhost:49332 : 1
[DEBUG] Entry count for : http://localhost:49332 : 1
[DEBUG] Entry count for : http://localhost:49332 : 1
[DEBUG] Entry count for : http://localhost:49332 : 1
[DEBUG] 

Request DefaultHttpRequest(decodeResult: success, version: HTTP/1.1)
POST /session/59052829aea03d0a366a53573b364087/elements HTTP/1.1
User-Agent: selenium/4.6.0 (java windows)
Content-Length: 122
Content-Type: application/json; charset=utf-8
host: localhost:23767
accept: */*

Response DefaultHttpResponse(decodeResult: success, version: HTTP/1.1)
HTTP/1.1 200 OK
Content-Type: application/json; charset=utf-8
cache-control: no-cache
content-length: 12

[DEBUG] Adding key: http://localhost:23767 for channel [id: 0x95c1b67e, L:/127.0.0.1:49328 - R:localhost/127.0.0.1:23767]
[DEBUG] Using pooled Channel '[id: 0x95c1b67e, L:/127.0.0.1:49328 - R:localhost/127.0.0.1:23767]' for 'POST' to 'http://localhost:23767/session/59052829aea03d0a366a53573b364087/elements'
[DEBUG] Using open Channel [id: 0x95c1b67e, L:/127.0.0.1:49328 - R:localhost/127.0.0.1:23767] for POST '/session/59052829aea03d0a366a53573b364087/elements'
[DEBUG] 

Request DefaultHttpRequest(decodeResult: success, version: HTTP/1.1)
POST /session/59052829aea03d0a366a53573b364087/elements HTTP/1.1
User-Agent: selenium/4.6.0 (java windows)
Content-Length: 106
Content-Type: application/json; charset=utf-8
host: localhost:23767
accept: */*

Response DefaultHttpResponse(decodeResult: success, version: HTTP/1.1)
HTTP/1.1 200 OK
Content-Type: application/json; charset=utf-8
cache-control: no-cache
content-length: 97

[DEBUG] Adding key: http://localhost:23767 for channel [id: 0x95c1b67e, L:/127.0.0.1:49328 - R:localhost/127.0.0.1:23767]
[DEBUG] Using pooled Channel '[id: 0x95c1b67e, L:/127.0.0.1:49328 - R:localhost/127.0.0.1:23767]' for 'POST' to 'http://localhost:23767/session/59052829aea03d0a366a53573b364087/frame'
[DEBUG] Using open Channel [id: 0x95c1b67e, L:/127.0.0.1:49328 - R:localhost/127.0.0.1:23767] for POST '/session/59052829aea03d0a366a53573b364087/frame'
[DEBUG] 

Request DefaultHttpRequest(decodeResult: success, version: HTTP/1.1)
POST /session/59052829aea03d0a366a53573b364087/frame HTTP/1.1
User-Agent: selenium/4.6.0 (java windows)
Content-Length: 168
Content-Type: application/json; charset=utf-8
host: localhost:23767
accept: */*

Response DefaultHttpResponse(decodeResult: success, version: HTTP/1.1)
HTTP/1.1 200 OK
Content-Type: application/json; charset=utf-8
cache-control: no-cache
content-length: 14

[DEBUG] Adding key: http://localhost:23767 for channel [id: 0x95c1b67e, L:/127.0.0.1:49328 - R:localhost/127.0.0.1:23767]
[DEBUG] Using pooled Channel '[id: 0x95c1b67e, L:/127.0.0.1:49328 - R:localhost/127.0.0.1:23767]' for 'POST' to 'http://localhost:23767/session/59052829aea03d0a366a53573b364087/element'
[DEBUG] Using open Channel [id: 0x95c1b67e, L:/127.0.0.1:49328 - R:localhost/127.0.0.1:23767] for POST '/session/59052829aea03d0a366a53573b364087/element'
[DEBUG] 

Request DefaultHttpRequest(decodeResult: success, version: HTTP/1.1)
POST /session/59052829aea03d0a366a53573b364087/element HTTP/1.1
User-Agent: selenium/4.6.0 (java windows)
Content-Length: 88
Content-Type: application/json; charset=utf-8
host: localhost:23767
accept: */*

Response DefaultHttpResponse(decodeResult: success, version: HTTP/1.1)
HTTP/1.1 200 OK
Content-Type: application/json; charset=utf-8
cache-control: no-cache
content-length: 94

[DEBUG] Adding key: http://localhost:23767 for channel [id: 0x95c1b67e, L:/127.0.0.1:49328 - R:localhost/127.0.0.1:23767]
[DEBUG] Using pooled Channel '[id: 0x95c1b67e, L:/127.0.0.1:49328 - R:localhost/127.0.0.1:23767]' for 'POST' to 'http://localhost:23767/session/59052829aea03d0a366a53573b364087/element/726EB8C27DA180DAFFA962E7451EE2C8_element_9/click'
[DEBUG] Using open Channel [id: 0x95c1b67e, L:/127.0.0.1:49328 - R:localhost/127.0.0.1:23767] for POST '/session/59052829aea03d0a366a53573b364087/element/726EB8C27DA180DAFFA962E7451EE2C8_element_9/click'
[DEBUG] Entry count for : http://localhost:49332 : 1
[DEBUG] 

Request DefaultHttpRequest(decodeResult: success, version: HTTP/1.1)
POST /session/59052829aea03d0a366a53573b364087/element/726EB8C27DA180DAFFA962E7451EE2C8_element_9/click HTTP/1.1
User-Agent: selenium/4.6.0 (java windows)
Content-Length: 56
Content-Type: application/json; charset=utf-8
host: localhost:23767
accept: */*

Response DefaultHttpResponse(decodeResult: success, version: HTTP/1.1)
HTTP/1.1 200 OK
Content-Type: application/json; charset=utf-8
cache-control: no-cache
content-length: 14

[DEBUG] Adding key: http://localhost:23767 for channel [id: 0x95c1b67e, L:/127.0.0.1:49328 - R:localhost/127.0.0.1:23767]
[DEBUG] Entry count for : http://localhost:49332 : 1
[DEBUG] Entry count for : http://localhost:23767 : 1
  Given I navigate to Sky News Website home page                             # stepdefinitions.Steps.loadHomePage()
[DEBUG] Using pooled Channel '[id: 0x95c1b67e, L:/127.0.0.1:49328 - R:localhost/127.0.0.1:23767]' for 'POST' to 'http://localhost:23767/session/59052829aea03d0a366a53573b364087/element'
[DEBUG] Using open Channel [id: 0x95c1b67e, L:/127.0.0.1:49328 - R:localhost/127.0.0.1:23767] for POST '/session/59052829aea03d0a366a53573b364087/element'
[DEBUG] Entry count for : http://localhost:49332 : 1
[DEBUG] Entry count for : http://localhost:49332 : 1
[DEBUG] Entry count for : http://localhost:49332 : 1
[DEBUG] 

Request DefaultHttpRequest(decodeResult: success, version: HTTP/1.1)
POST /session/59052829aea03d0a366a53573b364087/element HTTP/1.1
User-Agent: selenium/4.6.0 (java windows)
Content-Length: 106
Content-Type: application/json; charset=utf-8
host: localhost:23767
accept: */*

Response DefaultHttpResponse(decodeResult: success, version: HTTP/1.1)
HTTP/1.1 200 OK
Content-Type: application/json; charset=utf-8
cache-control: no-cache
content-length: 95

[DEBUG] Adding key: http://localhost:23767 for channel [id: 0x95c1b67e, L:/127.0.0.1:49328 - R:localhost/127.0.0.1:23767]
[DEBUG] Using pooled Channel '[id: 0x95c1b67e, L:/127.0.0.1:49328 - R:localhost/127.0.0.1:23767]' for 'POST' to 'http://localhost:23767/session/59052829aea03d0a366a53573b364087/element/2B005C2E9C7E5A8C414A2D9228FF71AA_element_36/click'
[DEBUG] Using open Channel [id: 0x95c1b67e, L:/127.0.0.1:49328 - R:localhost/127.0.0.1:23767] for POST '/session/59052829aea03d0a366a53573b364087/element/2B005C2E9C7E5A8C414A2D9228FF71AA_element_36/click'
[DEBUG] Entry count for : http://localhost:49332 : 1
[DEBUG] 

Request DefaultHttpRequest(decodeResult: success, version: HTTP/1.1)
POST /session/59052829aea03d0a366a53573b364087/element/2B005C2E9C7E5A8C414A2D9228FF71AA_element_36/click HTTP/1.1
User-Agent: selenium/4.6.0 (java windows)
Content-Length: 57
Content-Type: application/json; charset=utf-8
host: localhost:23767
accept: */*

Response DefaultHttpResponse(decodeResult: success, version: HTTP/1.1)
HTTP/1.1 200 OK
Content-Type: application/json; charset=utf-8
cache-control: no-cache
content-length: 14

[DEBUG] Adding key: http://localhost:23767 for channel [id: 0x95c1b67e, L:/127.0.0.1:49328 - R:localhost/127.0.0.1:23767]
[DEBUG] Using pooled Channel '[id: 0x95c1b67e, L:/127.0.0.1:49328 - R:localhost/127.0.0.1:23767]' for 'POST' to 'http://localhost:23767/session/59052829aea03d0a366a53573b364087/element'
[DEBUG] Using open Channel [id: 0x95c1b67e, L:/127.0.0.1:49328 - R:localhost/127.0.0.1:23767] for POST '/session/59052829aea03d0a366a53573b364087/element'
[DEBUG] 

Request DefaultHttpRequest(decodeResult: success, version: HTTP/1.1)
POST /session/59052829aea03d0a366a53573b364087/element HTTP/1.1
User-Agent: selenium/4.6.0 (java windows)
Content-Length: 112
Content-Type: application/json; charset=utf-8
host: localhost:23767
accept: */*

Response DefaultHttpResponse(decodeResult: success, version: HTTP/1.1)
HTTP/1.1 200 OK
Content-Type: application/json; charset=utf-8
cache-control: no-cache
content-length: 95

[DEBUG] Adding key: http://localhost:23767 for channel [id: 0x95c1b67e, L:/127.0.0.1:49328 - R:localhost/127.0.0.1:23767]
[DEBUG] Using pooled Channel '[id: 0x95c1b67e, L:/127.0.0.1:49328 - R:localhost/127.0.0.1:23767]' for 'POST' to 'http://localhost:23767/session/59052829aea03d0a366a53573b364087/execute/sync'
[DEBUG] Using open Channel [id: 0x95c1b67e, L:/127.0.0.1:49328 - R:localhost/127.0.0.1:23767] for POST '/session/59052829aea03d0a366a53573b364087/execute/sync'
[DEBUG] 

Request DefaultHttpRequest(decodeResult: success, version: HTTP/1.1)
POST /session/59052829aea03d0a366a53573b364087/execute/sync HTTP/1.1
User-Agent: selenium/4.6.0 (java windows)
Content-Length: 48787
Content-Type: application/json; charset=utf-8
host: localhost:23767
accept: */*

Response DefaultHttpResponse(decodeResult: success, version: HTTP/1.1)
HTTP/1.1 200 OK
Content-Type: application/json; charset=utf-8
cache-control: no-cache
content-length: 14

[DEBUG] Adding key: http://localhost:23767 for channel [id: 0x95c1b67e, L:/127.0.0.1:49328 - R:localhost/127.0.0.1:23767]
[DEBUG] Using pooled Channel '[id: 0x95c1b67e, L:/127.0.0.1:49328 - R:localhost/127.0.0.1:23767]' for 'POST' to 'http://localhost:23767/session/59052829aea03d0a366a53573b364087/element/2B005C2E9C7E5A8C414A2D9228FF71AA_element_37/click'
[DEBUG] Using open Channel [id: 0x95c1b67e, L:/127.0.0.1:49328 - R:localhost/127.0.0.1:23767] for POST '/session/59052829aea03d0a366a53573b364087/element/2B005C2E9C7E5A8C414A2D9228FF71AA_element_37/click'
[DEBUG] Entry count for : http://localhost:49332 : 1
[DEBUG] Entry count for : http://localhost:49332 : 1
[DEBUG] Entry count for : http://localhost:49332 : 1
[DEBUG] 

Request DefaultHttpRequest(decodeResult: success, version: HTTP/1.1)
POST /session/59052829aea03d0a366a53573b364087/element/2B005C2E9C7E5A8C414A2D9228FF71AA_element_37/click HTTP/1.1
User-Agent: selenium/4.6.0 (java windows)
Content-Length: 57
Content-Type: application/json; charset=utf-8
host: localhost:23767
accept: */*

Response DefaultHttpResponse(decodeResult: success, version: HTTP/1.1)
HTTP/1.1 200 OK
Content-Type: application/json; charset=utf-8
cache-control: no-cache
content-length: 14

[DEBUG] Adding key: http://localhost:23767 for channel [id: 0x95c1b67e, L:/127.0.0.1:49328 - R:localhost/127.0.0.1:23767]
  When I click the "Videos" tab                                              # stepdefinitions.Steps.selectTab(java.lang.String)
[DEBUG] Using pooled Channel '[id: 0x95c1b67e, L:/127.0.0.1:49328 - R:localhost/127.0.0.1:23767]' for 'GET' to 'http://localhost:23767/session/59052829aea03d0a366a53573b364087/title'
[DEBUG] Using open Channel [id: 0x95c1b67e, L:/127.0.0.1:49328 - R:localhost/127.0.0.1:23767] for GET '/session/59052829aea03d0a366a53573b364087/title'
[DEBUG] 

Request DefaultFullHttpRequest(decodeResult: success, version: HTTP/1.1, content: EmptyByteBufBE)
GET /session/59052829aea03d0a366a53573b364087/title HTTP/1.1
User-Agent: selenium/4.6.0 (java windows)
Cache-Control: no-cache
Content-Type: application/json; charset=utf-8
host: localhost:23767
accept: */*

Response DefaultHttpResponse(decodeResult: success, version: HTTP/1.1)
HTTP/1.1 200 OK
Content-Type: application/json; charset=utf-8
cache-control: no-cache
content-length: 40

[DEBUG] Adding key: http://localhost:23767 for channel [id: 0x95c1b67e, L:/127.0.0.1:49328 - R:localhost/127.0.0.1:23767]
[DEBUG] Using pooled Channel '[id: 0x95c1b67e, L:/127.0.0.1:49328 - R:localhost/127.0.0.1:23767]' for 'GET' to 'http://localhost:23767/session/59052829aea03d0a366a53573b364087/screenshot'
[DEBUG] Using open Channel [id: 0x95c1b67e, L:/127.0.0.1:49328 - R:localhost/127.0.0.1:23767] for GET '/session/59052829aea03d0a366a53573b364087/screenshot'
[DEBUG] Entry count for : http://localhost:49332 : 1
[DEBUG] 

Request DefaultFullHttpRequest(decodeResult: success, version: HTTP/1.1, content: EmptyByteBufBE)
GET /session/59052829aea03d0a366a53573b364087/screenshot HTTP/1.1
User-Agent: selenium/4.6.0 (java windows)
Cache-Control: no-cache
Content-Type: application/json; charset=utf-8
host: localhost:23767
accept: */*

Response DefaultHttpResponse(decodeResult: success, version: HTTP/1.1)
HTTP/1.1 200 OK
Content-Type: application/json; charset=utf-8
cache-control: no-cache
content-length: 932744

[DEBUG] Adding key: http://localhost:23767 for channel [id: 0x95c1b67e, L:/127.0.0.1:49328 - R:localhost/127.0.0.1:23767]
[INFO] ***********Tab Title displayed*************
[DEBUG] Channel Closed: [id: 0x3b65da93, L:/127.0.0.1:49343 ! R:localhost/127.0.0.1:49332] with attribute NettyResponseFuture{currentRetry=0,
	isDone=1,
	isCancelled=0,
	asyncHandler=org.asynchttpclient.ws.WebSocketUpgradeHandler@418d6c73,
	nettyRequest=org.asynchttpclient.netty.request.NettyRequest@4f4b0218,
	future=java.util.concurrent.CompletableFuture@4f3e17e4[Completed normally],
	uri=ws://localhost:49332/devtools/browser/5fd53254-9e7d-41ea-af36-75571592e578,
	keepAlive=true,
	redirectCount=0,
	timeoutsHolder=null,
	inAuth=0,
	touch=1698330969145}
[DEBUG] Closing Channel [id: 0x3b65da93, L:/127.0.0.1:49343 ! R:localhost/127.0.0.1:49332] 
[DEBUG] Using pooled Channel '[id: 0x95c1b67e, L:/127.0.0.1:49328 - R:localhost/127.0.0.1:23767]' for 'DELETE' to 'http://localhost:23767/session/59052829aea03d0a366a53573b364087'
[DEBUG] Using open Channel [id: 0x95c1b67e, L:/127.0.0.1:49328 - R:localhost/127.0.0.1:23767] for DELETE '/session/59052829aea03d0a366a53573b364087'
[DEBUG] Entry count for : http://localhost:49332 : 1
[DEBUG] Entry count for : http://localhost:49332 : 1
[DEBUG] Entry count for : http://localhost:49332 : 1
[DEBUG] Unexpected I/O exception on channel [id: 0x4d69d1f4, L:/127.0.0.1:49342 - R:localhost/127.0.0.1:49332]
java.io.IOException: An existing connection was forcibly closed by the remote host
	at java.base/sun.nio.ch.SocketDispatcher.read0(Native Method) ~[na:na]
	at java.base/sun.nio.ch.SocketDispatcher.read(SocketDispatcher.java:43) ~[na:na]
	at java.base/sun.nio.ch.IOUtil.readIntoNativeBuffer(IOUtil.java:276) ~[na:na]
	at java.base/sun.nio.ch.IOUtil.read(IOUtil.java:233) ~[na:na]
	at java.base/sun.nio.ch.IOUtil.read(IOUtil.java:223) ~[na:na]
	at java.base/sun.nio.ch.SocketChannelImpl.read(SocketChannelImpl.java:358) ~[na:na]
	at io.netty.buffer.PooledByteBuf.setBytes(PooledByteBuf.java:259) ~[netty-buffer-4.1.84.Final.jar:4.1.84.Final]
	at io.netty.buffer.AbstractByteBuf.writeBytes(AbstractByteBuf.java:1132) ~[netty-buffer-4.1.84.Final.jar:4.1.84.Final]
	at io.netty.channel.socket.nio.NioSocketChannel.doReadBytes(NioSocketChannel.java:357) ~[netty-transport-4.1.84.Final.jar:4.1.84.Final]
	at io.netty.channel.nio.AbstractNioByteChannel$NioByteUnsafe.read(AbstractNioByteChannel.java:151) ~[netty-transport-4.1.84.Final.jar:4.1.84.Final]
	at io.netty.channel.nio.NioEventLoop.processSelectedKey(NioEventLoop.java:788) ~[netty-transport-4.1.84.Final.jar:4.1.84.Final]
	at io.netty.channel.nio.NioEventLoop.processSelectedKeysOptimized(NioEventLoop.java:724) ~[netty-transport-4.1.84.Final.jar:4.1.84.Final]
	at io.netty.channel.nio.NioEventLoop.processSelectedKeys(NioEventLoop.java:650) ~[netty-transport-4.1.84.Final.jar:4.1.84.Final]
	at io.netty.channel.nio.NioEventLoop.run(NioEventLoop.java:562) ~[netty-transport-4.1.84.Final.jar:4.1.84.Final]
	at io.netty.util.concurrent.SingleThreadEventExecutor$4.run(SingleThreadEventExecutor.java:997) ~[netty-common-4.1.84.Final.jar:4.1.84.Final]
	at io.netty.util.internal.ThreadExecutorMap$2.run(ThreadExecutorMap.java:74) ~[netty-common-4.1.84.Final.jar:4.1.84.Final]
	at io.netty.util.concurrent.FastThreadLocalRunnable.run(FastThreadLocalRunnable.java:30) ~[netty-common-4.1.84.Final.jar:4.1.84.Final]
	at java.base/java.lang.Thread.run(Thread.java:834) ~[na:na]
[DEBUG] Closing Channel [id: 0x4d69d1f4, L:/127.0.0.1:49342 - R:localhost/127.0.0.1:49332] 
[DEBUG] Channel Closed: [id: 0x4d69d1f4, L:/127.0.0.1:49342 ! R:localhost/127.0.0.1:49332] with attribute DISCARD
[DEBUG] 

Request DefaultFullHttpRequest(decodeResult: success, version: HTTP/1.1, content: EmptyByteBufBE)
DELETE /session/59052829aea03d0a366a53573b364087 HTTP/1.1
User-Agent: selenium/4.6.0 (java windows)
Content-Type: application/json; charset=utf-8
host: localhost:23767
accept: */*

Response DefaultHttpResponse(decodeResult: success, version: HTTP/1.1)
HTTP/1.1 200 OK
Content-Type: application/json; charset=utf-8
cache-control: no-cache
content-length: 14

[DEBUG] Adding key: http://localhost:23767 for channel [id: 0x95c1b67e, L:/127.0.0.1:49328 - R:localhost/127.0.0.1:23767]
[DEBUG] Entry count for : http://localhost:49332 : 1
[DEBUG] Entry count for : http://localhost:23767 : 1
[DEBUG] Adding Candidate expired Channel [id: 0x4d69d1f4, L:/127.0.0.1:49342 ! R:localhost/127.0.0.1:49332] isIdleTimeoutExpired=false isRemotelyClosed=true isTtlExpired=false
[DEBUG] Closing Idle Channel [id: 0x4d69d1f4, L:/127.0.0.1:49342 ! R:localhost/127.0.0.1:49332]
[DEBUG] Closed 1 connections out of 2 in 0 ms
[DEBUG] Channel Closed: [id: 0x95c1b67e, L:/127.0.0.1:49328 ! R:localhost/127.0.0.1:23767] with attribute DISCARD
  Then I should see the appropriate title "Latest Video News" displayed      # stepdefinitions.Steps.verifyPageTitle(java.lang.String)
]]></system-out>
    <system-err><![CDATA[Oct 26, 2023 3:36:02 PM org.openqa.selenium.remote.RemoteWebDriver checkNonW3CCapabilities
WARNING: Support for Legacy Capabilities is deprecated; You are sending the following invalid capabilities: [unexpectedAlertBehaviour]; Please update to W3C Syntax: https://www.selenium.dev/blog/2022/legacy-protocol-support/
Starting ChromeDriver 118.0.5993.70 (e52f33f30b91b4ddfad649acddc39ab570473b86-refs/branch-heads/5993@{#1216}) on port 23767
Only local connections are allowed.
Please see https://chromedriver.chromium.org/security-considerations for suggestions on keeping ChromeDriver safe.
ChromeDriver was started successfully.
Oct 26, 2023 3:36:08 PM org.openqa.selenium.remote.ProtocolHandshake createSession
WARNING: Support for Legacy Capabilities is deprecated; You are sending the following invalid capabilities: [unexpectedAlertBehaviour]; Please update to W3C Syntax: https://www.selenium.dev/blog/2022/legacy-protocol-support/
Oct 26, 2023 3:36:09 PM org.openqa.selenium.devtools.CdpVersionFinder findNearestMatch
WARNING: Unable to find CDP implementation matching 118
Oct 26, 2023 3:36:09 PM org.openqa.selenium.chromium.ChromiumDriver lambda$new$3
WARNING: Unable to find version of CDP to use for . You may need to include a dependency on a specific version of the CDP using something similar to `org.seleniumhq.selenium:selenium-devtools-v86:4.6.0` where the version ("v86") matches the version of the chromium-based browser you're using and the version number of the artifact is the same as Selenium's.
]]></system-err>
  </testcase>
  <testcase name="Verify the number of categories displayed and their names. #15" classname="Sky News website tests" time="48.454">
    <system-out><![CDATA[
Scenario Outline: Verify the number of categories displayed and their names. # src/test/resources/features/skyNews.feature:28
[DEBUG] Using WebDriverManager 5.5.3
[DEBUG] Resolution chrome=118 in cache (valid until 16:31:37 26/10/2023 BST)
[DEBUG] Resolution chrome118=118.0.5993.70 in cache (valid until 22:39:57 26/10/2023 BST)
[INFO] Using chromedriver 118.0.5993.70 (resolved driver for Chrome 118)
[DEBUG] Driver chromedriver 118.0.5993.70 found in cache
[INFO] Exporting webdriver.chrome.driver as C:\Users\sindh\.cache\selenium\chromedriver\win64\118.0.5993.70\chromedriver.exe
[DEBUG] Using new Channel '[id: 0x5b547c4f, L:/127.0.0.1:49724 - R:localhost/127.0.0.1:33397]' for 'POST' to '/session'
[DEBUG] Entry count for : http://localhost:23767 : 1
[DEBUG] Adding Candidate expired Channel [id: 0x95c1b67e, L:/127.0.0.1:49328 ! R:localhost/127.0.0.1:23767] isIdleTimeoutExpired=false isRemotelyClosed=true isTtlExpired=false
[DEBUG] Closing Idle Channel [id: 0x95c1b67e, L:/127.0.0.1:49328 ! R:localhost/127.0.0.1:23767]
[DEBUG] Closed 1 connections out of 1 in 0 ms
[DEBUG] 

Request DefaultHttpRequest(decodeResult: success, version: HTTP/1.1)
POST /session HTTP/1.1
User-Agent: selenium/4.6.0 (java windows)
Content-Length: 1721
Content-Type: application/json; charset=utf-8
host: localhost:33397
accept: */*

Response DefaultHttpResponse(decodeResult: success, version: HTTP/1.1)
HTTP/1.1 200 OK
Content-Type: application/json; charset=utf-8
cache-control: no-cache
content-length: 870

[DEBUG] Adding key: http://localhost:33397 for channel [id: 0x5b547c4f, L:/127.0.0.1:49724 - R:localhost/127.0.0.1:33397]
[DEBUG] Using new Channel '[id: 0x83bcaff5, L:/127.0.0.1:49734 - R:localhost/127.0.0.1:49726]' for 'GET' to '/json/version'
[DEBUG] 

Request DefaultFullHttpRequest(decodeResult: success, version: HTTP/1.1, content: EmptyByteBufBE)
GET /json/version HTTP/1.1
User-Agent: selenium/4.6.0 (java windows)
host: localhost:49726
accept: */*

Response DefaultHttpResponse(decodeResult: success, version: HTTP/1.1)
HTTP/1.1 200 OK
Content-Security-Policy: frame-ancestors 'none'
Content-Type: application/json; charset=UTF-8
content-length: 423

[DEBUG] Adding key: http://localhost:49726 for channel [id: 0x83bcaff5, L:/127.0.0.1:49734 - R:localhost/127.0.0.1:49726]
[DEBUG] Using new Channel '[id: 0x57b42ee7, L:/127.0.0.1:49737 - R:localhost/127.0.0.1:49726]' for 'GET' to '/devtools/browser/14c0ffe6-e5f8-4724-815f-24bc449750a7'
[DEBUG] 

Request DefaultFullHttpRequest(decodeResult: success, version: HTTP/1.1, content: EmptyByteBufBE)
GET /devtools/browser/14c0ffe6-e5f8-4724-815f-24bc449750a7 HTTP/1.1
upgrade: websocket
connection: upgrade
sec-websocket-key: OZI3dXaRbg72XwvLtu0xwA==
sec-websocket-version: 13
origin: http://localhost:49726
host: localhost:49726
accept: */*
user-agent: AHC/2.1

Response DefaultHttpResponse(decodeResult: success, version: HTTP/1.1)
HTTP/1.1 101 WebSocket Protocol Handshake
Upgrade: WebSocket
Connection: Upgrade
Sec-WebSocket-Accept: 8CTUYeB8511ntQRaN3oko9wCbME=

[DEBUG] Using pooled Channel '[id: 0x5b547c4f, L:/127.0.0.1:49724 - R:localhost/127.0.0.1:33397]' for 'POST' to 'http://localhost:33397/session/d5799a1c5a03f1ec47b929ab7877ef2d/window/maximize'
[DEBUG] Using open Channel [id: 0x5b547c4f, L:/127.0.0.1:49724 - R:localhost/127.0.0.1:33397] for POST '/session/d5799a1c5a03f1ec47b929ab7877ef2d/window/maximize'
[DEBUG] 

Request DefaultHttpRequest(decodeResult: success, version: HTTP/1.1)
POST /session/d5799a1c5a03f1ec47b929ab7877ef2d/window/maximize HTTP/1.1
User-Agent: selenium/4.6.0 (java windows)
Content-Length: 3
Content-Type: application/json; charset=utf-8
host: localhost:33397
accept: */*

Response DefaultHttpResponse(decodeResult: success, version: HTTP/1.1)
HTTP/1.1 200 OK
Content-Type: application/json; charset=utf-8
cache-control: no-cache
content-length: 51

[DEBUG] Adding key: http://localhost:33397 for channel [id: 0x5b547c4f, L:/127.0.0.1:49724 - R:localhost/127.0.0.1:33397]
Browser Launched
[DEBUG] Using pooled Channel '[id: 0x5b547c4f, L:/127.0.0.1:49724 - R:localhost/127.0.0.1:33397]' for 'POST' to 'http://localhost:33397/session/d5799a1c5a03f1ec47b929ab7877ef2d/url'
[DEBUG] Using open Channel [id: 0x5b547c4f, L:/127.0.0.1:49724 - R:localhost/127.0.0.1:33397] for POST '/session/d5799a1c5a03f1ec47b929ab7877ef2d/url'
[DEBUG] Entry count for : http://localhost:49726 : 1
[DEBUG] 

Request DefaultHttpRequest(decodeResult: success, version: HTTP/1.1)
POST /session/d5799a1c5a03f1ec47b929ab7877ef2d/url HTTP/1.1
User-Agent: selenium/4.6.0 (java windows)
Content-Length: 45
Content-Type: application/json; charset=utf-8
host: localhost:33397
accept: */*

Response DefaultHttpResponse(decodeResult: success, version: HTTP/1.1)
HTTP/1.1 200 OK
Content-Type: application/json; charset=utf-8
cache-control: no-cache
content-length: 14

[DEBUG] Adding key: http://localhost:33397 for channel [id: 0x5b547c4f, L:/127.0.0.1:49724 - R:localhost/127.0.0.1:33397]
[DEBUG] Using pooled Channel '[id: 0x5b547c4f, L:/127.0.0.1:49724 - R:localhost/127.0.0.1:33397]' for 'POST' to 'http://localhost:33397/session/d5799a1c5a03f1ec47b929ab7877ef2d/timeouts'
[DEBUG] Using open Channel [id: 0x5b547c4f, L:/127.0.0.1:49724 - R:localhost/127.0.0.1:33397] for POST '/session/d5799a1c5a03f1ec47b929ab7877ef2d/timeouts'
[DEBUG] 

Request DefaultHttpRequest(decodeResult: success, version: HTTP/1.1)
POST /session/d5799a1c5a03f1ec47b929ab7877ef2d/timeouts HTTP/1.1
User-Agent: selenium/4.6.0 (java windows)
Content-Length: 23
Content-Type: application/json; charset=utf-8
host: localhost:33397
accept: */*

Response DefaultHttpResponse(decodeResult: success, version: HTTP/1.1)
HTTP/1.1 200 OK
Content-Type: application/json; charset=utf-8
cache-control: no-cache
content-length: 14

[DEBUG] Adding key: http://localhost:33397 for channel [id: 0x5b547c4f, L:/127.0.0.1:49724 - R:localhost/127.0.0.1:33397]
[INFO] SkyNews Displayed.............
[DEBUG] Using pooled Channel '[id: 0x5b547c4f, L:/127.0.0.1:49724 - R:localhost/127.0.0.1:33397]' for 'GET' to 'http://localhost:33397/session/d5799a1c5a03f1ec47b929ab7877ef2d/screenshot'
[DEBUG] Using open Channel [id: 0x5b547c4f, L:/127.0.0.1:49724 - R:localhost/127.0.0.1:33397] for GET '/session/d5799a1c5a03f1ec47b929ab7877ef2d/screenshot'
[DEBUG] Entry count for : http://localhost:49726 : 1
[DEBUG] Entry count for : http://localhost:49726 : 1
[DEBUG] Entry count for : http://localhost:49726 : 1
[DEBUG] Entry count for : http://localhost:49726 : 1
[DEBUG] Entry count for : http://localhost:49726 : 1
[DEBUG] 

Request DefaultFullHttpRequest(decodeResult: success, version: HTTP/1.1, content: EmptyByteBufBE)
GET /session/d5799a1c5a03f1ec47b929ab7877ef2d/screenshot HTTP/1.1
User-Agent: selenium/4.6.0 (java windows)
Cache-Control: no-cache
Content-Type: application/json; charset=utf-8
host: localhost:33397
accept: */*

Response DefaultHttpResponse(decodeResult: success, version: HTTP/1.1)
HTTP/1.1 200 OK
Content-Type: application/json; charset=utf-8
cache-control: no-cache
content-length: 1238784

[DEBUG] Adding key: http://localhost:33397 for channel [id: 0x5b547c4f, L:/127.0.0.1:49724 - R:localhost/127.0.0.1:33397]
[DEBUG] Using pooled Channel '[id: 0x5b547c4f, L:/127.0.0.1:49724 - R:localhost/127.0.0.1:33397]' for 'POST' to 'http://localhost:33397/session/d5799a1c5a03f1ec47b929ab7877ef2d/elements'
[DEBUG] Using open Channel [id: 0x5b547c4f, L:/127.0.0.1:49724 - R:localhost/127.0.0.1:33397] for POST '/session/d5799a1c5a03f1ec47b929ab7877ef2d/elements'
[DEBUG] Entry count for : http://localhost:49726 : 1
[DEBUG] Entry count for : http://localhost:49726 : 1
[DEBUG] Entry count for : http://localhost:49726 : 1
[DEBUG] Entry count for : http://localhost:49726 : 1
[DEBUG] Entry count for : http://localhost:49726 : 1
[DEBUG] Entry count for : http://localhost:49726 : 1
[DEBUG] Entry count for : http://localhost:49726 : 1
[DEBUG] Entry count for : http://localhost:49726 : 1
[DEBUG] Entry count for : http://localhost:49726 : 1
[DEBUG] Entry count for : http://localhost:49726 : 1
[DEBUG] 

Request DefaultHttpRequest(decodeResult: success, version: HTTP/1.1)
POST /session/d5799a1c5a03f1ec47b929ab7877ef2d/elements HTTP/1.1
User-Agent: selenium/4.6.0 (java windows)
Content-Length: 122
Content-Type: application/json; charset=utf-8
host: localhost:33397
accept: */*

Response DefaultHttpResponse(decodeResult: success, version: HTTP/1.1)
HTTP/1.1 200 OK
Content-Type: application/json; charset=utf-8
cache-control: no-cache
content-length: 12

[DEBUG] Adding key: http://localhost:33397 for channel [id: 0x5b547c4f, L:/127.0.0.1:49724 - R:localhost/127.0.0.1:33397]
[DEBUG] Using pooled Channel '[id: 0x5b547c4f, L:/127.0.0.1:49724 - R:localhost/127.0.0.1:33397]' for 'POST' to 'http://localhost:33397/session/d5799a1c5a03f1ec47b929ab7877ef2d/elements'
[DEBUG] Using open Channel [id: 0x5b547c4f, L:/127.0.0.1:49724 - R:localhost/127.0.0.1:33397] for POST '/session/d5799a1c5a03f1ec47b929ab7877ef2d/elements'
[DEBUG] 

Request DefaultHttpRequest(decodeResult: success, version: HTTP/1.1)
POST /session/d5799a1c5a03f1ec47b929ab7877ef2d/elements HTTP/1.1
User-Agent: selenium/4.6.0 (java windows)
Content-Length: 106
Content-Type: application/json; charset=utf-8
host: localhost:33397
accept: */*

Response DefaultHttpResponse(decodeResult: success, version: HTTP/1.1)
HTTP/1.1 200 OK
Content-Type: application/json; charset=utf-8
cache-control: no-cache
content-length: 97

[DEBUG] Adding key: http://localhost:33397 for channel [id: 0x5b547c4f, L:/127.0.0.1:49724 - R:localhost/127.0.0.1:33397]
[DEBUG] Using pooled Channel '[id: 0x5b547c4f, L:/127.0.0.1:49724 - R:localhost/127.0.0.1:33397]' for 'POST' to 'http://localhost:33397/session/d5799a1c5a03f1ec47b929ab7877ef2d/frame'
[DEBUG] Using open Channel [id: 0x5b547c4f, L:/127.0.0.1:49724 - R:localhost/127.0.0.1:33397] for POST '/session/d5799a1c5a03f1ec47b929ab7877ef2d/frame'
[DEBUG] 

Request DefaultHttpRequest(decodeResult: success, version: HTTP/1.1)
POST /session/d5799a1c5a03f1ec47b929ab7877ef2d/frame HTTP/1.1
User-Agent: selenium/4.6.0 (java windows)
Content-Length: 168
Content-Type: application/json; charset=utf-8
host: localhost:33397
accept: */*

Response DefaultHttpResponse(decodeResult: success, version: HTTP/1.1)
HTTP/1.1 200 OK
Content-Type: application/json; charset=utf-8
cache-control: no-cache
content-length: 14

[DEBUG] Adding key: http://localhost:33397 for channel [id: 0x5b547c4f, L:/127.0.0.1:49724 - R:localhost/127.0.0.1:33397]
[DEBUG] Using pooled Channel '[id: 0x5b547c4f, L:/127.0.0.1:49724 - R:localhost/127.0.0.1:33397]' for 'POST' to 'http://localhost:33397/session/d5799a1c5a03f1ec47b929ab7877ef2d/element'
[DEBUG] Using open Channel [id: 0x5b547c4f, L:/127.0.0.1:49724 - R:localhost/127.0.0.1:33397] for POST '/session/d5799a1c5a03f1ec47b929ab7877ef2d/element'
[DEBUG] 

Request DefaultHttpRequest(decodeResult: success, version: HTTP/1.1)
POST /session/d5799a1c5a03f1ec47b929ab7877ef2d/element HTTP/1.1
User-Agent: selenium/4.6.0 (java windows)
Content-Length: 88
Content-Type: application/json; charset=utf-8
host: localhost:33397
accept: */*

Response DefaultHttpResponse(decodeResult: success, version: HTTP/1.1)
HTTP/1.1 200 OK
Content-Type: application/json; charset=utf-8
cache-control: no-cache
content-length: 94

[DEBUG] Adding key: http://localhost:33397 for channel [id: 0x5b547c4f, L:/127.0.0.1:49724 - R:localhost/127.0.0.1:33397]
[DEBUG] Using pooled Channel '[id: 0x5b547c4f, L:/127.0.0.1:49724 - R:localhost/127.0.0.1:33397]' for 'POST' to 'http://localhost:33397/session/d5799a1c5a03f1ec47b929ab7877ef2d/element/1070639A229020DE76A882C91AA61AE4_element_9/click'
[DEBUG] Using open Channel [id: 0x5b547c4f, L:/127.0.0.1:49724 - R:localhost/127.0.0.1:33397] for POST '/session/d5799a1c5a03f1ec47b929ab7877ef2d/element/1070639A229020DE76A882C91AA61AE4_element_9/click'
[DEBUG] Entry count for : http://localhost:49726 : 1
[DEBUG] 

Request DefaultHttpRequest(decodeResult: success, version: HTTP/1.1)
POST /session/d5799a1c5a03f1ec47b929ab7877ef2d/element/1070639A229020DE76A882C91AA61AE4_element_9/click HTTP/1.1
User-Agent: selenium/4.6.0 (java windows)
Content-Length: 56
Content-Type: application/json; charset=utf-8
host: localhost:33397
accept: */*

Response DefaultHttpResponse(decodeResult: success, version: HTTP/1.1)
HTTP/1.1 200 OK
Content-Type: application/json; charset=utf-8
cache-control: no-cache
content-length: 14

[DEBUG] Adding key: http://localhost:33397 for channel [id: 0x5b547c4f, L:/127.0.0.1:49724 - R:localhost/127.0.0.1:33397]
  Given I navigate to Sky News Website home page                             # stepdefinitions.Steps.loadHomePage()
[DEBUG] Using pooled Channel '[id: 0x5b547c4f, L:/127.0.0.1:49724 - R:localhost/127.0.0.1:33397]' for 'POST' to 'http://localhost:33397/session/d5799a1c5a03f1ec47b929ab7877ef2d/element'
[DEBUG] Using open Channel [id: 0x5b547c4f, L:/127.0.0.1:49724 - R:localhost/127.0.0.1:33397] for POST '/session/d5799a1c5a03f1ec47b929ab7877ef2d/element'
[DEBUG] Entry count for : http://localhost:49726 : 1
[DEBUG] Entry count for : http://localhost:49726 : 1
[DEBUG] 

Request DefaultHttpRequest(decodeResult: success, version: HTTP/1.1)
POST /session/d5799a1c5a03f1ec47b929ab7877ef2d/element HTTP/1.1
User-Agent: selenium/4.6.0 (java windows)
Content-Length: 106
Content-Type: application/json; charset=utf-8
host: localhost:33397
accept: */*

Response DefaultHttpResponse(decodeResult: success, version: HTTP/1.1)
HTTP/1.1 200 OK
Content-Type: application/json; charset=utf-8
cache-control: no-cache
content-length: 95

[DEBUG] Adding key: http://localhost:33397 for channel [id: 0x5b547c4f, L:/127.0.0.1:49724 - R:localhost/127.0.0.1:33397]
[DEBUG] Using pooled Channel '[id: 0x5b547c4f, L:/127.0.0.1:49724 - R:localhost/127.0.0.1:33397]' for 'POST' to 'http://localhost:33397/session/d5799a1c5a03f1ec47b929ab7877ef2d/element/5B37CCF1048C63157835F221EACD4921_element_42/click'
[DEBUG] Using open Channel [id: 0x5b547c4f, L:/127.0.0.1:49724 - R:localhost/127.0.0.1:33397] for POST '/session/d5799a1c5a03f1ec47b929ab7877ef2d/element/5B37CCF1048C63157835F221EACD4921_element_42/click'
[DEBUG] 

Request DefaultHttpRequest(decodeResult: success, version: HTTP/1.1)
POST /session/d5799a1c5a03f1ec47b929ab7877ef2d/element/5B37CCF1048C63157835F221EACD4921_element_42/click HTTP/1.1
User-Agent: selenium/4.6.0 (java windows)
Content-Length: 57
Content-Type: application/json; charset=utf-8
host: localhost:33397
accept: */*

Response DefaultHttpResponse(decodeResult: success, version: HTTP/1.1)
HTTP/1.1 200 OK
Content-Type: application/json; charset=utf-8
cache-control: no-cache
content-length: 14

[DEBUG] Adding key: http://localhost:33397 for channel [id: 0x5b547c4f, L:/127.0.0.1:49724 - R:localhost/127.0.0.1:33397]
[DEBUG] Using pooled Channel '[id: 0x5b547c4f, L:/127.0.0.1:49724 - R:localhost/127.0.0.1:33397]' for 'POST' to 'http://localhost:33397/session/d5799a1c5a03f1ec47b929ab7877ef2d/element'
[DEBUG] Using open Channel [id: 0x5b547c4f, L:/127.0.0.1:49724 - R:localhost/127.0.0.1:33397] for POST '/session/d5799a1c5a03f1ec47b929ab7877ef2d/element'
[DEBUG] 

Request DefaultHttpRequest(decodeResult: success, version: HTTP/1.1)
POST /session/d5799a1c5a03f1ec47b929ab7877ef2d/element HTTP/1.1
User-Agent: selenium/4.6.0 (java windows)
Content-Length: 113
Content-Type: application/json; charset=utf-8
host: localhost:33397
accept: */*

Response DefaultHttpResponse(decodeResult: success, version: HTTP/1.1)
HTTP/1.1 200 OK
Content-Type: application/json; charset=utf-8
cache-control: no-cache
content-length: 95

[DEBUG] Adding key: http://localhost:33397 for channel [id: 0x5b547c4f, L:/127.0.0.1:49724 - R:localhost/127.0.0.1:33397]
[DEBUG] Using pooled Channel '[id: 0x5b547c4f, L:/127.0.0.1:49724 - R:localhost/127.0.0.1:33397]' for 'POST' to 'http://localhost:33397/session/d5799a1c5a03f1ec47b929ab7877ef2d/execute/sync'
[DEBUG] Using open Channel [id: 0x5b547c4f, L:/127.0.0.1:49724 - R:localhost/127.0.0.1:33397] for POST '/session/d5799a1c5a03f1ec47b929ab7877ef2d/execute/sync'
[DEBUG] 

Request DefaultHttpRequest(decodeResult: success, version: HTTP/1.1)
POST /session/d5799a1c5a03f1ec47b929ab7877ef2d/execute/sync HTTP/1.1
User-Agent: selenium/4.6.0 (java windows)
Content-Length: 48787
Content-Type: application/json; charset=utf-8
host: localhost:33397
accept: */*

Response DefaultHttpResponse(decodeResult: success, version: HTTP/1.1)
HTTP/1.1 200 OK
Content-Type: application/json; charset=utf-8
cache-control: no-cache
content-length: 14

[DEBUG] Adding key: http://localhost:33397 for channel [id: 0x5b547c4f, L:/127.0.0.1:49724 - R:localhost/127.0.0.1:33397]
[DEBUG] Using pooled Channel '[id: 0x5b547c4f, L:/127.0.0.1:49724 - R:localhost/127.0.0.1:33397]' for 'POST' to 'http://localhost:33397/session/d5799a1c5a03f1ec47b929ab7877ef2d/element/5B37CCF1048C63157835F221EACD4921_element_45/click'
[DEBUG] Using open Channel [id: 0x5b547c4f, L:/127.0.0.1:49724 - R:localhost/127.0.0.1:33397] for POST '/session/d5799a1c5a03f1ec47b929ab7877ef2d/element/5B37CCF1048C63157835F221EACD4921_element_45/click'
[DEBUG] Entry count for : http://localhost:49726 : 1
[DEBUG] Entry count for : http://localhost:49726 : 1
[DEBUG] Entry count for : http://localhost:49726 : 1
[DEBUG] Entry count for : http://localhost:49726 : 1
[DEBUG] Entry count for : http://localhost:49726 : 1
[DEBUG] Entry count for : http://localhost:49726 : 1
[DEBUG] Entry count for : http://localhost:49726 : 1
[DEBUG] Entry count for : http://localhost:49726 : 1
[DEBUG] Entry count for : http://localhost:49726 : 1
[DEBUG] Entry count for : http://localhost:49726 : 1
[DEBUG] Entry count for : http://localhost:49726 : 1
[DEBUG] Entry count for : http://localhost:49726 : 1
[DEBUG] Entry count for : http://localhost:49726 : 1
[DEBUG] Entry count for : http://localhost:49726 : 1
[DEBUG] Entry count for : http://localhost:49726 : 1
[DEBUG] Entry count for : http://localhost:49726 : 1
[DEBUG] Entry count for : http://localhost:49726 : 1
[DEBUG] 

Request DefaultHttpRequest(decodeResult: success, version: HTTP/1.1)
POST /session/d5799a1c5a03f1ec47b929ab7877ef2d/element/5B37CCF1048C63157835F221EACD4921_element_45/click HTTP/1.1
User-Agent: selenium/4.6.0 (java windows)
Content-Length: 57
Content-Type: application/json; charset=utf-8
host: localhost:33397
accept: */*

Response DefaultHttpResponse(decodeResult: success, version: HTTP/1.1)
HTTP/1.1 200 OK
Content-Type: application/json; charset=utf-8
cache-control: no-cache
content-length: 14

[DEBUG] Adding key: http://localhost:33397 for channel [id: 0x5b547c4f, L:/127.0.0.1:49724 - R:localhost/127.0.0.1:33397]
  When I click the "Weather" tab                                             # stepdefinitions.Steps.selectTab(java.lang.String)
[DEBUG] Using pooled Channel '[id: 0x5b547c4f, L:/127.0.0.1:49724 - R:localhost/127.0.0.1:33397]' for 'GET' to 'http://localhost:33397/session/d5799a1c5a03f1ec47b929ab7877ef2d/title'
[DEBUG] Using open Channel [id: 0x5b547c4f, L:/127.0.0.1:49724 - R:localhost/127.0.0.1:33397] for GET '/session/d5799a1c5a03f1ec47b929ab7877ef2d/title'
[DEBUG] 

Request DefaultFullHttpRequest(decodeResult: success, version: HTTP/1.1, content: EmptyByteBufBE)
GET /session/d5799a1c5a03f1ec47b929ab7877ef2d/title HTTP/1.1
User-Agent: selenium/4.6.0 (java windows)
Cache-Control: no-cache
Content-Type: application/json; charset=utf-8
host: localhost:33397
accept: */*

Response DefaultHttpResponse(decodeResult: success, version: HTTP/1.1)
HTTP/1.1 200 OK
Content-Type: application/json; charset=utf-8
cache-control: no-cache
content-length: 77

[DEBUG] Adding key: http://localhost:33397 for channel [id: 0x5b547c4f, L:/127.0.0.1:49724 - R:localhost/127.0.0.1:33397]
[DEBUG] Using pooled Channel '[id: 0x5b547c4f, L:/127.0.0.1:49724 - R:localhost/127.0.0.1:33397]' for 'GET' to 'http://localhost:33397/session/d5799a1c5a03f1ec47b929ab7877ef2d/screenshot'
[DEBUG] Using open Channel [id: 0x5b547c4f, L:/127.0.0.1:49724 - R:localhost/127.0.0.1:33397] for GET '/session/d5799a1c5a03f1ec47b929ab7877ef2d/screenshot'
[DEBUG] Entry count for : http://localhost:49726 : 1
[DEBUG] 

Request DefaultFullHttpRequest(decodeResult: success, version: HTTP/1.1, content: EmptyByteBufBE)
GET /session/d5799a1c5a03f1ec47b929ab7877ef2d/screenshot HTTP/1.1
User-Agent: selenium/4.6.0 (java windows)
Cache-Control: no-cache
Content-Type: application/json; charset=utf-8
host: localhost:33397
accept: */*

Response DefaultHttpResponse(decodeResult: success, version: HTTP/1.1)
HTTP/1.1 200 OK
Content-Type: application/json; charset=utf-8
cache-control: no-cache
content-length: 413728

[DEBUG] Adding key: http://localhost:33397 for channel [id: 0x5b547c4f, L:/127.0.0.1:49724 - R:localhost/127.0.0.1:33397]
[INFO] ***********Tab Title displayed*************
[DEBUG] Channel Closed: [id: 0x57b42ee7, L:/127.0.0.1:49737 ! R:localhost/127.0.0.1:49726] with attribute NettyResponseFuture{currentRetry=0,
	isDone=1,
	isCancelled=0,
	asyncHandler=org.asynchttpclient.ws.WebSocketUpgradeHandler@41d8c12c,
	nettyRequest=org.asynchttpclient.netty.request.NettyRequest@6f0a5df4,
	future=java.util.concurrent.CompletableFuture@38da04ff[Completed normally],
	uri=ws://localhost:49726/devtools/browser/14c0ffe6-e5f8-4724-815f-24bc449750a7,
	keepAlive=true,
	redirectCount=0,
	timeoutsHolder=null,
	inAuth=0,
	touch=1698331008235}
[DEBUG] Closing Channel [id: 0x57b42ee7, L:/127.0.0.1:49737 ! R:localhost/127.0.0.1:49726] 
[DEBUG] Using pooled Channel '[id: 0x5b547c4f, L:/127.0.0.1:49724 - R:localhost/127.0.0.1:33397]' for 'DELETE' to 'http://localhost:33397/session/d5799a1c5a03f1ec47b929ab7877ef2d'
[DEBUG] Using open Channel [id: 0x5b547c4f, L:/127.0.0.1:49724 - R:localhost/127.0.0.1:33397] for DELETE '/session/d5799a1c5a03f1ec47b929ab7877ef2d'
[DEBUG] Entry count for : http://localhost:49726 : 1
[DEBUG] Entry count for : http://localhost:49726 : 1
[DEBUG] Unexpected I/O exception on channel [id: 0x83bcaff5, L:/127.0.0.1:49734 - R:localhost/127.0.0.1:49726]
java.io.IOException: An existing connection was forcibly closed by the remote host
	at java.base/sun.nio.ch.SocketDispatcher.read0(Native Method) ~[na:na]
	at java.base/sun.nio.ch.SocketDispatcher.read(SocketDispatcher.java:43) ~[na:na]
	at java.base/sun.nio.ch.IOUtil.readIntoNativeBuffer(IOUtil.java:276) ~[na:na]
	at java.base/sun.nio.ch.IOUtil.read(IOUtil.java:233) ~[na:na]
	at java.base/sun.nio.ch.IOUtil.read(IOUtil.java:223) ~[na:na]
	at java.base/sun.nio.ch.SocketChannelImpl.read(SocketChannelImpl.java:358) ~[na:na]
	at io.netty.buffer.PooledByteBuf.setBytes(PooledByteBuf.java:259) ~[netty-buffer-4.1.84.Final.jar:4.1.84.Final]
	at io.netty.buffer.AbstractByteBuf.writeBytes(AbstractByteBuf.java:1132) ~[netty-buffer-4.1.84.Final.jar:4.1.84.Final]
	at io.netty.channel.socket.nio.NioSocketChannel.doReadBytes(NioSocketChannel.java:357) ~[netty-transport-4.1.84.Final.jar:4.1.84.Final]
	at io.netty.channel.nio.AbstractNioByteChannel$NioByteUnsafe.read(AbstractNioByteChannel.java:151) ~[netty-transport-4.1.84.Final.jar:4.1.84.Final]
	at io.netty.channel.nio.NioEventLoop.processSelectedKey(NioEventLoop.java:788) ~[netty-transport-4.1.84.Final.jar:4.1.84.Final]
	at io.netty.channel.nio.NioEventLoop.processSelectedKeysOptimized(NioEventLoop.java:724) ~[netty-transport-4.1.84.Final.jar:4.1.84.Final]
	at io.netty.channel.nio.NioEventLoop.processSelectedKeys(NioEventLoop.java:650) ~[netty-transport-4.1.84.Final.jar:4.1.84.Final]
	at io.netty.channel.nio.NioEventLoop.run(NioEventLoop.java:562) ~[netty-transport-4.1.84.Final.jar:4.1.84.Final]
	at io.netty.util.concurrent.SingleThreadEventExecutor$4.run(SingleThreadEventExecutor.java:997) ~[netty-common-4.1.84.Final.jar:4.1.84.Final]
	at io.netty.util.internal.ThreadExecutorMap$2.run(ThreadExecutorMap.java:74) ~[netty-common-4.1.84.Final.jar:4.1.84.Final]
	at io.netty.util.concurrent.FastThreadLocalRunnable.run(FastThreadLocalRunnable.java:30) ~[netty-common-4.1.84.Final.jar:4.1.84.Final]
	at java.base/java.lang.Thread.run(Thread.java:834) ~[na:na]
[DEBUG] Closing Channel [id: 0x83bcaff5, L:/127.0.0.1:49734 - R:localhost/127.0.0.1:49726] 
[DEBUG] Channel Closed: [id: 0x83bcaff5, L:/127.0.0.1:49734 ! R:localhost/127.0.0.1:49726] with attribute DISCARD
[DEBUG] 

Request DefaultFullHttpRequest(decodeResult: success, version: HTTP/1.1, content: EmptyByteBufBE)
DELETE /session/d5799a1c5a03f1ec47b929ab7877ef2d HTTP/1.1
User-Agent: selenium/4.6.0 (java windows)
Content-Type: application/json; charset=utf-8
host: localhost:33397
accept: */*

Response DefaultHttpResponse(decodeResult: success, version: HTTP/1.1)
HTTP/1.1 200 OK
Content-Type: application/json; charset=utf-8
cache-control: no-cache
content-length: 14

[DEBUG] Adding key: http://localhost:33397 for channel [id: 0x5b547c4f, L:/127.0.0.1:49724 - R:localhost/127.0.0.1:33397]
[DEBUG] Entry count for : http://localhost:33397 : 1
[DEBUG] Entry count for : http://localhost:49726 : 1
[DEBUG] Adding Candidate expired Channel [id: 0x83bcaff5, L:/127.0.0.1:49734 ! R:localhost/127.0.0.1:49726] isIdleTimeoutExpired=false isRemotelyClosed=true isTtlExpired=false
[DEBUG] Closing Idle Channel [id: 0x83bcaff5, L:/127.0.0.1:49734 ! R:localhost/127.0.0.1:49726]
[DEBUG] Closed 1 connections out of 2 in 1 ms
[DEBUG] Channel Closed: [id: 0x5b547c4f, L:/127.0.0.1:49724 ! R:localhost/127.0.0.1:33397] with attribute DISCARD
  Then I should see the appropriate title "Weather Forecast" displayed       # stepdefinitions.Steps.verifyPageTitle(java.lang.String)
]]></system-out>
    <system-err><![CDATA[Oct 26, 2023 3:36:43 PM org.openqa.selenium.remote.RemoteWebDriver checkNonW3CCapabilities
WARNING: Support for Legacy Capabilities is deprecated; You are sending the following invalid capabilities: [unexpectedAlertBehaviour]; Please update to W3C Syntax: https://www.selenium.dev/blog/2022/legacy-protocol-support/
Starting ChromeDriver 118.0.5993.70 (e52f33f30b91b4ddfad649acddc39ab570473b86-refs/branch-heads/5993@{#1216}) on port 33397
Only local connections are allowed.
Please see https://chromedriver.chromium.org/security-considerations for suggestions on keeping ChromeDriver safe.
ChromeDriver was started successfully.
Oct 26, 2023 3:36:48 PM org.openqa.selenium.remote.ProtocolHandshake createSession
WARNING: Support for Legacy Capabilities is deprecated; You are sending the following invalid capabilities: [unexpectedAlertBehaviour]; Please update to W3C Syntax: https://www.selenium.dev/blog/2022/legacy-protocol-support/
Oct 26, 2023 3:36:48 PM org.openqa.selenium.devtools.CdpVersionFinder findNearestMatch
WARNING: Unable to find CDP implementation matching 118
Oct 26, 2023 3:36:48 PM org.openqa.selenium.chromium.ChromiumDriver lambda$new$3
WARNING: Unable to find version of CDP to use for . You may need to include a dependency on a specific version of the CDP using something similar to `org.seleniumhq.selenium:selenium-devtools-v86:4.6.0` where the version ("v86") matches the version of the chromium-based browser you're using and the version number of the artifact is the same as Selenium's.
]]></system-err>
  </testcase>
  <testcase name="Verify the default focus point is on the Home category." classname="Sky News website tests" time="31.632">
    <system-out><![CDATA[
Scenario: Verify the default focus point is on the Home category. # src/test/resources/features/skyNews.feature:30
[DEBUG] Using WebDriverManager 5.5.3
[DEBUG] Resolution chrome=118 in cache (valid until 16:31:37 26/10/2023 BST)
[DEBUG] Resolution chrome118=118.0.5993.70 in cache (valid until 22:39:57 26/10/2023 BST)
[INFO] Using chromedriver 118.0.5993.70 (resolved driver for Chrome 118)
[DEBUG] Driver chromedriver 118.0.5993.70 found in cache
[INFO] Exporting webdriver.chrome.driver as C:\Users\sindh\.cache\selenium\chromedriver\win64\118.0.5993.70\chromedriver.exe
[DEBUG] Entry count for : http://localhost:33397 : 1
[DEBUG] Adding Candidate expired Channel [id: 0x5b547c4f, L:/127.0.0.1:49724 ! R:localhost/127.0.0.1:33397] isIdleTimeoutExpired=false isRemotelyClosed=true isTtlExpired=false
[DEBUG] Closing Idle Channel [id: 0x5b547c4f, L:/127.0.0.1:49724 ! R:localhost/127.0.0.1:33397]
[DEBUG] Closed 1 connections out of 1 in 2 ms
[DEBUG] Using new Channel '[id: 0x9c4f4cfe, L:/127.0.0.1:50058 - R:localhost/127.0.0.1:8849]' for 'POST' to '/session'
[DEBUG] 

Request DefaultHttpRequest(decodeResult: success, version: HTTP/1.1)
POST /session HTTP/1.1
User-Agent: selenium/4.6.0 (java windows)
Content-Length: 1721
Content-Type: application/json; charset=utf-8
host: localhost:8849
accept: */*

Response DefaultHttpResponse(decodeResult: success, version: HTTP/1.1)
HTTP/1.1 200 OK
Content-Type: application/json; charset=utf-8
cache-control: no-cache
content-length: 869

[DEBUG] Adding key: http://localhost:8849 for channel [id: 0x9c4f4cfe, L:/127.0.0.1:50058 - R:localhost/127.0.0.1:8849]
[DEBUG] Using new Channel '[id: 0x2456458b, L:/127.0.0.1:50069 - R:localhost/127.0.0.1:50060]' for 'GET' to '/json/version'
[DEBUG] 

Request DefaultFullHttpRequest(decodeResult: success, version: HTTP/1.1, content: EmptyByteBufBE)
GET /json/version HTTP/1.1
User-Agent: selenium/4.6.0 (java windows)
host: localhost:50060
accept: */*

Response DefaultHttpResponse(decodeResult: success, version: HTTP/1.1)
HTTP/1.1 200 OK
Content-Security-Policy: frame-ancestors 'none'
Content-Type: application/json; charset=UTF-8
content-length: 423

[DEBUG] Adding key: http://localhost:50060 for channel [id: 0x2456458b, L:/127.0.0.1:50069 - R:localhost/127.0.0.1:50060]
[DEBUG] Entry count for : http://localhost:8849 : 1
[DEBUG] Entry count for : http://localhost:50060 : 1
[DEBUG] Using new Channel '[id: 0x0a2178c8, L:/127.0.0.1:50070 - R:localhost/127.0.0.1:50060]' for 'GET' to '/devtools/browser/deb9618a-c4b1-4945-9917-e3a4305edcd0'
[DEBUG] 

Request DefaultFullHttpRequest(decodeResult: success, version: HTTP/1.1, content: EmptyByteBufBE)
GET /devtools/browser/deb9618a-c4b1-4945-9917-e3a4305edcd0 HTTP/1.1
upgrade: websocket
connection: upgrade
sec-websocket-key: +zzDlJQ+WBOnRMYG1g6H2w==
sec-websocket-version: 13
origin: http://localhost:50060
host: localhost:50060
accept: */*
user-agent: AHC/2.1

Response DefaultHttpResponse(decodeResult: success, version: HTTP/1.1)
HTTP/1.1 101 WebSocket Protocol Handshake
Upgrade: WebSocket
Connection: Upgrade
Sec-WebSocket-Accept: g1uILmW3KVXbKW39tEqkqTO7+Z4=

[DEBUG] Using pooled Channel '[id: 0x9c4f4cfe, L:/127.0.0.1:50058 - R:localhost/127.0.0.1:8849]' for 'POST' to 'http://localhost:8849/session/34326db6c27a056a281507a2534fc11f/window/maximize'
[DEBUG] Using open Channel [id: 0x9c4f4cfe, L:/127.0.0.1:50058 - R:localhost/127.0.0.1:8849] for POST '/session/34326db6c27a056a281507a2534fc11f/window/maximize'
[DEBUG] 

Request DefaultHttpRequest(decodeResult: success, version: HTTP/1.1)
POST /session/34326db6c27a056a281507a2534fc11f/window/maximize HTTP/1.1
User-Agent: selenium/4.6.0 (java windows)
Content-Length: 3
Content-Type: application/json; charset=utf-8
host: localhost:8849
accept: */*

Response DefaultHttpResponse(decodeResult: success, version: HTTP/1.1)
HTTP/1.1 200 OK
Content-Type: application/json; charset=utf-8
cache-control: no-cache
content-length: 51

[DEBUG] Adding key: http://localhost:8849 for channel [id: 0x9c4f4cfe, L:/127.0.0.1:50058 - R:localhost/127.0.0.1:8849]
Browser Launched
[DEBUG] Using pooled Channel '[id: 0x9c4f4cfe, L:/127.0.0.1:50058 - R:localhost/127.0.0.1:8849]' for 'POST' to 'http://localhost:8849/session/34326db6c27a056a281507a2534fc11f/url'
[DEBUG] Using open Channel [id: 0x9c4f4cfe, L:/127.0.0.1:50058 - R:localhost/127.0.0.1:8849] for POST '/session/34326db6c27a056a281507a2534fc11f/url'
[DEBUG] Entry count for : http://localhost:50060 : 1
[DEBUG] Entry count for : http://localhost:50060 : 1
[DEBUG] 

Request DefaultHttpRequest(decodeResult: success, version: HTTP/1.1)
POST /session/34326db6c27a056a281507a2534fc11f/url HTTP/1.1
User-Agent: selenium/4.6.0 (java windows)
Content-Length: 45
Content-Type: application/json; charset=utf-8
host: localhost:8849
accept: */*

Response DefaultHttpResponse(decodeResult: success, version: HTTP/1.1)
HTTP/1.1 200 OK
Content-Type: application/json; charset=utf-8
cache-control: no-cache
content-length: 14

[DEBUG] Adding key: http://localhost:8849 for channel [id: 0x9c4f4cfe, L:/127.0.0.1:50058 - R:localhost/127.0.0.1:8849]
[DEBUG] Using pooled Channel '[id: 0x9c4f4cfe, L:/127.0.0.1:50058 - R:localhost/127.0.0.1:8849]' for 'POST' to 'http://localhost:8849/session/34326db6c27a056a281507a2534fc11f/timeouts'
[DEBUG] Using open Channel [id: 0x9c4f4cfe, L:/127.0.0.1:50058 - R:localhost/127.0.0.1:8849] for POST '/session/34326db6c27a056a281507a2534fc11f/timeouts'
[DEBUG] 

Request DefaultHttpRequest(decodeResult: success, version: HTTP/1.1)
POST /session/34326db6c27a056a281507a2534fc11f/timeouts HTTP/1.1
User-Agent: selenium/4.6.0 (java windows)
Content-Length: 23
Content-Type: application/json; charset=utf-8
host: localhost:8849
accept: */*

Response DefaultHttpResponse(decodeResult: success, version: HTTP/1.1)
HTTP/1.1 200 OK
Content-Type: application/json; charset=utf-8
cache-control: no-cache
content-length: 14

[DEBUG] Adding key: http://localhost:8849 for channel [id: 0x9c4f4cfe, L:/127.0.0.1:50058 - R:localhost/127.0.0.1:8849]
[INFO] SkyNews Displayed.............
[DEBUG] Using pooled Channel '[id: 0x9c4f4cfe, L:/127.0.0.1:50058 - R:localhost/127.0.0.1:8849]' for 'GET' to 'http://localhost:8849/session/34326db6c27a056a281507a2534fc11f/screenshot'
[DEBUG] Using open Channel [id: 0x9c4f4cfe, L:/127.0.0.1:50058 - R:localhost/127.0.0.1:8849] for GET '/session/34326db6c27a056a281507a2534fc11f/screenshot'
[DEBUG] Entry count for : http://localhost:50060 : 1
[DEBUG] Entry count for : http://localhost:50060 : 1
[DEBUG] Entry count for : http://localhost:50060 : 1
[DEBUG] 

Request DefaultFullHttpRequest(decodeResult: success, version: HTTP/1.1, content: EmptyByteBufBE)
GET /session/34326db6c27a056a281507a2534fc11f/screenshot HTTP/1.1
User-Agent: selenium/4.6.0 (java windows)
Cache-Control: no-cache
Content-Type: application/json; charset=utf-8
host: localhost:8849
accept: */*

Response DefaultHttpResponse(decodeResult: success, version: HTTP/1.1)
HTTP/1.1 200 OK
Content-Type: application/json; charset=utf-8
cache-control: no-cache
content-length: 1187848

[DEBUG] Adding key: http://localhost:8849 for channel [id: 0x9c4f4cfe, L:/127.0.0.1:50058 - R:localhost/127.0.0.1:8849]
[DEBUG] Entry count for : http://localhost:8849 : 1
[DEBUG] Entry count for : http://localhost:50060 : 1
[DEBUG] Using pooled Channel '[id: 0x9c4f4cfe, L:/127.0.0.1:50058 - R:localhost/127.0.0.1:8849]' for 'POST' to 'http://localhost:8849/session/34326db6c27a056a281507a2534fc11f/elements'
[DEBUG] Using open Channel [id: 0x9c4f4cfe, L:/127.0.0.1:50058 - R:localhost/127.0.0.1:8849] for POST '/session/34326db6c27a056a281507a2534fc11f/elements'
[DEBUG] Entry count for : http://localhost:50060 : 1
[DEBUG] Entry count for : http://localhost:50060 : 1
[DEBUG] Entry count for : http://localhost:50060 : 1
[DEBUG] Entry count for : http://localhost:50060 : 1
[DEBUG] Entry count for : http://localhost:50060 : 1
[DEBUG] Entry count for : http://localhost:50060 : 1
[DEBUG] Entry count for : http://localhost:50060 : 1
[DEBUG] Entry count for : http://localhost:50060 : 1
[DEBUG] Entry count for : http://localhost:50060 : 1
[DEBUG] 

Request DefaultHttpRequest(decodeResult: success, version: HTTP/1.1)
POST /session/34326db6c27a056a281507a2534fc11f/elements HTTP/1.1
User-Agent: selenium/4.6.0 (java windows)
Content-Length: 122
Content-Type: application/json; charset=utf-8
host: localhost:8849
accept: */*

Response DefaultHttpResponse(decodeResult: success, version: HTTP/1.1)
HTTP/1.1 200 OK
Content-Type: application/json; charset=utf-8
cache-control: no-cache
content-length: 12

[DEBUG] Adding key: http://localhost:8849 for channel [id: 0x9c4f4cfe, L:/127.0.0.1:50058 - R:localhost/127.0.0.1:8849]
[DEBUG] Using pooled Channel '[id: 0x9c4f4cfe, L:/127.0.0.1:50058 - R:localhost/127.0.0.1:8849]' for 'POST' to 'http://localhost:8849/session/34326db6c27a056a281507a2534fc11f/elements'
[DEBUG] Using open Channel [id: 0x9c4f4cfe, L:/127.0.0.1:50058 - R:localhost/127.0.0.1:8849] for POST '/session/34326db6c27a056a281507a2534fc11f/elements'
[DEBUG] 

Request DefaultHttpRequest(decodeResult: success, version: HTTP/1.1)
POST /session/34326db6c27a056a281507a2534fc11f/elements HTTP/1.1
User-Agent: selenium/4.6.0 (java windows)
Content-Length: 106
Content-Type: application/json; charset=utf-8
host: localhost:8849
accept: */*

Response DefaultHttpResponse(decodeResult: success, version: HTTP/1.1)
HTTP/1.1 200 OK
Content-Type: application/json; charset=utf-8
cache-control: no-cache
content-length: 97

[DEBUG] Adding key: http://localhost:8849 for channel [id: 0x9c4f4cfe, L:/127.0.0.1:50058 - R:localhost/127.0.0.1:8849]
[DEBUG] Using pooled Channel '[id: 0x9c4f4cfe, L:/127.0.0.1:50058 - R:localhost/127.0.0.1:8849]' for 'POST' to 'http://localhost:8849/session/34326db6c27a056a281507a2534fc11f/frame'
[DEBUG] Using open Channel [id: 0x9c4f4cfe, L:/127.0.0.1:50058 - R:localhost/127.0.0.1:8849] for POST '/session/34326db6c27a056a281507a2534fc11f/frame'
[DEBUG] 

Request DefaultHttpRequest(decodeResult: success, version: HTTP/1.1)
POST /session/34326db6c27a056a281507a2534fc11f/frame HTTP/1.1
User-Agent: selenium/4.6.0 (java windows)
Content-Length: 168
Content-Type: application/json; charset=utf-8
host: localhost:8849
accept: */*

Response DefaultHttpResponse(decodeResult: success, version: HTTP/1.1)
HTTP/1.1 200 OK
Content-Type: application/json; charset=utf-8
cache-control: no-cache
content-length: 14

[DEBUG] Adding key: http://localhost:8849 for channel [id: 0x9c4f4cfe, L:/127.0.0.1:50058 - R:localhost/127.0.0.1:8849]
[DEBUG] Using pooled Channel '[id: 0x9c4f4cfe, L:/127.0.0.1:50058 - R:localhost/127.0.0.1:8849]' for 'POST' to 'http://localhost:8849/session/34326db6c27a056a281507a2534fc11f/element'
[DEBUG] Using open Channel [id: 0x9c4f4cfe, L:/127.0.0.1:50058 - R:localhost/127.0.0.1:8849] for POST '/session/34326db6c27a056a281507a2534fc11f/element'
[DEBUG] 

Request DefaultHttpRequest(decodeResult: success, version: HTTP/1.1)
POST /session/34326db6c27a056a281507a2534fc11f/element HTTP/1.1
User-Agent: selenium/4.6.0 (java windows)
Content-Length: 88
Content-Type: application/json; charset=utf-8
host: localhost:8849
accept: */*

Response DefaultHttpResponse(decodeResult: success, version: HTTP/1.1)
HTTP/1.1 200 OK
Content-Type: application/json; charset=utf-8
cache-control: no-cache
content-length: 94

[DEBUG] Adding key: http://localhost:8849 for channel [id: 0x9c4f4cfe, L:/127.0.0.1:50058 - R:localhost/127.0.0.1:8849]
[DEBUG] Using pooled Channel '[id: 0x9c4f4cfe, L:/127.0.0.1:50058 - R:localhost/127.0.0.1:8849]' for 'POST' to 'http://localhost:8849/session/34326db6c27a056a281507a2534fc11f/element/71CF34267AEED75E9153D8A70844B3A2_element_4/click'
[DEBUG] Using open Channel [id: 0x9c4f4cfe, L:/127.0.0.1:50058 - R:localhost/127.0.0.1:8849] for POST '/session/34326db6c27a056a281507a2534fc11f/element/71CF34267AEED75E9153D8A70844B3A2_element_4/click'
[DEBUG] 

Request DefaultHttpRequest(decodeResult: success, version: HTTP/1.1)
POST /session/34326db6c27a056a281507a2534fc11f/element/71CF34267AEED75E9153D8A70844B3A2_element_4/click HTTP/1.1
User-Agent: selenium/4.6.0 (java windows)
Content-Length: 56
Content-Type: application/json; charset=utf-8
host: localhost:8849
accept: */*

Response DefaultHttpResponse(decodeResult: success, version: HTTP/1.1)
HTTP/1.1 200 OK
Content-Type: application/json; charset=utf-8
cache-control: no-cache
content-length: 14

[DEBUG] Adding key: http://localhost:8849 for channel [id: 0x9c4f4cfe, L:/127.0.0.1:50058 - R:localhost/127.0.0.1:8849]
[DEBUG] Entry count for : http://localhost:8849 : 1
[DEBUG] Entry count for : http://localhost:50060 : 1
  When I navigate to Sky News Website home page                   # stepdefinitions.Steps.loadHomePage()
[DEBUG] Using pooled Channel '[id: 0x9c4f4cfe, L:/127.0.0.1:50058 - R:localhost/127.0.0.1:8849]' for 'POST' to 'http://localhost:8849/session/34326db6c27a056a281507a2534fc11f/element'
[DEBUG] Using open Channel [id: 0x9c4f4cfe, L:/127.0.0.1:50058 - R:localhost/127.0.0.1:8849] for POST '/session/34326db6c27a056a281507a2534fc11f/element'
[DEBUG] Entry count for : http://localhost:50060 : 1
[DEBUG] Entry count for : http://localhost:50060 : 1
[DEBUG] 

Request DefaultHttpRequest(decodeResult: success, version: HTTP/1.1)
POST /session/34326db6c27a056a281507a2534fc11f/element HTTP/1.1
User-Agent: selenium/4.6.0 (java windows)
Content-Length: 148
Content-Type: application/json; charset=utf-8
host: localhost:8849
accept: */*

Response DefaultHttpResponse(decodeResult: success, version: HTTP/1.1)
HTTP/1.1 200 OK
Content-Type: application/json; charset=utf-8
cache-control: no-cache
content-length: 95

[DEBUG] Adding key: http://localhost:8849 for channel [id: 0x9c4f4cfe, L:/127.0.0.1:50058 - R:localhost/127.0.0.1:8849]
[DEBUG] Using pooled Channel '[id: 0x9c4f4cfe, L:/127.0.0.1:50058 - R:localhost/127.0.0.1:8849]' for 'POST' to 'http://localhost:8849/session/34326db6c27a056a281507a2534fc11f/execute/sync'
[DEBUG] Using open Channel [id: 0x9c4f4cfe, L:/127.0.0.1:50058 - R:localhost/127.0.0.1:8849] for POST '/session/34326db6c27a056a281507a2534fc11f/execute/sync'
[DEBUG] 

Request DefaultHttpRequest(decodeResult: success, version: HTTP/1.1)
POST /session/34326db6c27a056a281507a2534fc11f/execute/sync HTTP/1.1
User-Agent: selenium/4.6.0 (java windows)
Content-Length: 48787
Content-Type: application/json; charset=utf-8
host: localhost:8849
accept: */*

Response DefaultHttpResponse(decodeResult: success, version: HTTP/1.1)
HTTP/1.1 200 OK
Content-Type: application/json; charset=utf-8
cache-control: no-cache
content-length: 14

[DEBUG] Adding key: http://localhost:8849 for channel [id: 0x9c4f4cfe, L:/127.0.0.1:50058 - R:localhost/127.0.0.1:8849]
[DEBUG] Using pooled Channel '[id: 0x9c4f4cfe, L:/127.0.0.1:50058 - R:localhost/127.0.0.1:8849]' for 'GET' to 'http://localhost:8849/session/34326db6c27a056a281507a2534fc11f/screenshot'
[DEBUG] Using open Channel [id: 0x9c4f4cfe, L:/127.0.0.1:50058 - R:localhost/127.0.0.1:8849] for GET '/session/34326db6c27a056a281507a2534fc11f/screenshot'
[DEBUG] Entry count for : http://localhost:50060 : 1
[DEBUG] Entry count for : http://localhost:50060 : 1
[DEBUG] Entry count for : http://localhost:50060 : 1
[DEBUG] 

Request DefaultFullHttpRequest(decodeResult: success, version: HTTP/1.1, content: EmptyByteBufBE)
GET /session/34326db6c27a056a281507a2534fc11f/screenshot HTTP/1.1
User-Agent: selenium/4.6.0 (java windows)
Cache-Control: no-cache
Content-Type: application/json; charset=utf-8
host: localhost:8849
accept: */*

Response DefaultHttpResponse(decodeResult: success, version: HTTP/1.1)
HTTP/1.1 200 OK
Content-Type: application/json; charset=utf-8
cache-control: no-cache
content-length: 1191168

[DEBUG] Adding key: http://localhost:8849 for channel [id: 0x9c4f4cfe, L:/127.0.0.1:50058 - R:localhost/127.0.0.1:8849]
[INFO] ***********HomePage is displayed by default*************
[DEBUG] Channel Closed: [id: 0x0a2178c8, L:/127.0.0.1:50070 ! R:localhost/127.0.0.1:50060] with attribute NettyResponseFuture{currentRetry=0,
	isDone=1,
	isCancelled=0,
	asyncHandler=org.asynchttpclient.ws.WebSocketUpgradeHandler@4d7f0b84,
	nettyRequest=org.asynchttpclient.netty.request.NettyRequest@1abcd738,
	future=java.util.concurrent.CompletableFuture@44be1332[Completed normally],
	uri=ws://localhost:50060/devtools/browser/deb9618a-c4b1-4945-9917-e3a4305edcd0,
	keepAlive=true,
	redirectCount=0,
	timeoutsHolder=null,
	inAuth=0,
	touch=1698331058185}
[DEBUG] Closing Channel [id: 0x0a2178c8, L:/127.0.0.1:50070 ! R:localhost/127.0.0.1:50060] 
[DEBUG] Using pooled Channel '[id: 0x9c4f4cfe, L:/127.0.0.1:50058 - R:localhost/127.0.0.1:8849]' for 'DELETE' to 'http://localhost:8849/session/34326db6c27a056a281507a2534fc11f'
[DEBUG] Using open Channel [id: 0x9c4f4cfe, L:/127.0.0.1:50058 - R:localhost/127.0.0.1:8849] for DELETE '/session/34326db6c27a056a281507a2534fc11f'
[DEBUG] Entry count for : http://localhost:50060 : 1
[DEBUG] Unexpected I/O exception on channel [id: 0x2456458b, L:/127.0.0.1:50069 - R:localhost/127.0.0.1:50060]
java.io.IOException: An existing connection was forcibly closed by the remote host
	at java.base/sun.nio.ch.SocketDispatcher.read0(Native Method) ~[na:na]
	at java.base/sun.nio.ch.SocketDispatcher.read(SocketDispatcher.java:43) ~[na:na]
	at java.base/sun.nio.ch.IOUtil.readIntoNativeBuffer(IOUtil.java:276) ~[na:na]
	at java.base/sun.nio.ch.IOUtil.read(IOUtil.java:233) ~[na:na]
	at java.base/sun.nio.ch.IOUtil.read(IOUtil.java:223) ~[na:na]
	at java.base/sun.nio.ch.SocketChannelImpl.read(SocketChannelImpl.java:358) ~[na:na]
	at io.netty.buffer.PooledByteBuf.setBytes(PooledByteBuf.java:259) ~[netty-buffer-4.1.84.Final.jar:4.1.84.Final]
	at io.netty.buffer.AbstractByteBuf.writeBytes(AbstractByteBuf.java:1132) ~[netty-buffer-4.1.84.Final.jar:4.1.84.Final]
	at io.netty.channel.socket.nio.NioSocketChannel.doReadBytes(NioSocketChannel.java:357) ~[netty-transport-4.1.84.Final.jar:4.1.84.Final]
	at io.netty.channel.nio.AbstractNioByteChannel$NioByteUnsafe.read(AbstractNioByteChannel.java:151) ~[netty-transport-4.1.84.Final.jar:4.1.84.Final]
	at io.netty.channel.nio.NioEventLoop.processSelectedKey(NioEventLoop.java:788) ~[netty-transport-4.1.84.Final.jar:4.1.84.Final]
	at io.netty.channel.nio.NioEventLoop.processSelectedKeysOptimized(NioEventLoop.java:724) ~[netty-transport-4.1.84.Final.jar:4.1.84.Final]
	at io.netty.channel.nio.NioEventLoop.processSelectedKeys(NioEventLoop.java:650) ~[netty-transport-4.1.84.Final.jar:4.1.84.Final]
	at io.netty.channel.nio.NioEventLoop.run(NioEventLoop.java:562) ~[netty-transport-4.1.84.Final.jar:4.1.84.Final]
	at io.netty.util.concurrent.SingleThreadEventExecutor$4.run(SingleThreadEventExecutor.java:997) ~[netty-common-4.1.84.Final.jar:4.1.84.Final]
	at io.netty.util.internal.ThreadExecutorMap$2.run(ThreadExecutorMap.java:74) ~[netty-common-4.1.84.Final.jar:4.1.84.Final]
	at io.netty.util.concurrent.FastThreadLocalRunnable.run(FastThreadLocalRunnable.java:30) ~[netty-common-4.1.84.Final.jar:4.1.84.Final]
	at java.base/java.lang.Thread.run(Thread.java:834) ~[na:na]
[DEBUG] Closing Channel [id: 0x2456458b, L:/127.0.0.1:50069 - R:localhost/127.0.0.1:50060] 
[DEBUG] Channel Closed: [id: 0x2456458b, L:/127.0.0.1:50069 ! R:localhost/127.0.0.1:50060] with attribute DISCARD
[DEBUG] 

Request DefaultFullHttpRequest(decodeResult: success, version: HTTP/1.1, content: EmptyByteBufBE)
DELETE /session/34326db6c27a056a281507a2534fc11f HTTP/1.1
User-Agent: selenium/4.6.0 (java windows)
Content-Type: application/json; charset=utf-8
host: localhost:8849
accept: */*

Response DefaultHttpResponse(decodeResult: success, version: HTTP/1.1)
HTTP/1.1 200 OK
Content-Type: application/json; charset=utf-8
cache-control: no-cache
content-length: 14

[DEBUG] Adding key: http://localhost:8849 for channel [id: 0x9c4f4cfe, L:/127.0.0.1:50058 - R:localhost/127.0.0.1:8849]
[DEBUG] Entry count for : http://localhost:8849 : 1
[DEBUG] Entry count for : http://localhost:50060 : 1
[DEBUG] Adding Candidate expired Channel [id: 0x2456458b, L:/127.0.0.1:50069 ! R:localhost/127.0.0.1:50060] isIdleTimeoutExpired=false isRemotelyClosed=true isTtlExpired=false
[DEBUG] Closing Idle Channel [id: 0x2456458b, L:/127.0.0.1:50069 ! R:localhost/127.0.0.1:50060]
[DEBUG] Closed 1 connections out of 2 in 1 ms
[DEBUG] Channel Closed: [id: 0x9c4f4cfe, L:/127.0.0.1:50058 ! R:localhost/127.0.0.1:8849] with attribute DISCARD
  Then Sky News website must default to the Home category         # stepdefinitions.Steps.verifyDefaultPage()
]]></system-out>
    <system-err><![CDATA[Oct 26, 2023 3:37:32 PM org.openqa.selenium.remote.RemoteWebDriver checkNonW3CCapabilities
WARNING: Support for Legacy Capabilities is deprecated; You are sending the following invalid capabilities: [unexpectedAlertBehaviour]; Please update to W3C Syntax: https://www.selenium.dev/blog/2022/legacy-protocol-support/
Starting ChromeDriver 118.0.5993.70 (e52f33f30b91b4ddfad649acddc39ab570473b86-refs/branch-heads/5993@{#1216}) on port 8849
Only local connections are allowed.
Please see https://chromedriver.chromium.org/security-considerations for suggestions on keeping ChromeDriver safe.
ChromeDriver was started successfully.
Oct 26, 2023 3:37:37 PM org.openqa.selenium.remote.ProtocolHandshake createSession
WARNING: Support for Legacy Capabilities is deprecated; You are sending the following invalid capabilities: [unexpectedAlertBehaviour]; Please update to W3C Syntax: https://www.selenium.dev/blog/2022/legacy-protocol-support/
Oct 26, 2023 3:37:38 PM org.openqa.selenium.devtools.CdpVersionFinder findNearestMatch
WARNING: Unable to find CDP implementation matching 118
Oct 26, 2023 3:37:38 PM org.openqa.selenium.chromium.ChromiumDriver lambda$new$3
WARNING: Unable to find version of CDP to use for . You may need to include a dependency on a specific version of the CDP using something similar to `org.seleniumhq.selenium:selenium-devtools-v86:4.6.0` where the version ("v86") matches the version of the chromium-based browser you're using and the version number of the artifact is the same as Selenium's.
]]></system-err>
  </testcase>
  <testcase name="Verify that if the user clicks on ‘Climate’, this becomes the focus." classname="Sky News website tests" time="41.062">
    <system-out><![CDATA[
Scenario: Verify that if the user clicks on â€˜Climateâ€™, this becomes the focus. # src/test/resources/features/skyNews.feature:34
[DEBUG] Using WebDriverManager 5.5.3
[DEBUG] Resolution chrome=118 in cache (valid until 16:31:37 26/10/2023 BST)
[DEBUG] Resolution chrome118=118.0.5993.70 in cache (valid until 22:39:57 26/10/2023 BST)
[INFO] Using chromedriver 118.0.5993.70 (resolved driver for Chrome 118)
[DEBUG] Driver chromedriver 118.0.5993.70 found in cache
[INFO] Exporting webdriver.chrome.driver as C:\Users\sindh\.cache\selenium\chromedriver\win64\118.0.5993.70\chromedriver.exe
[DEBUG] Using new Channel '[id: 0x01b546b6, L:/127.0.0.1:50161 - R:localhost/127.0.0.1:46244]' for 'POST' to '/session'
[DEBUG] Entry count for : http://localhost:8849 : 1
[DEBUG] Adding Candidate expired Channel [id: 0x9c4f4cfe, L:/127.0.0.1:50058 ! R:localhost/127.0.0.1:8849] isIdleTimeoutExpired=false isRemotelyClosed=true isTtlExpired=false
[DEBUG] Closing Idle Channel [id: 0x9c4f4cfe, L:/127.0.0.1:50058 ! R:localhost/127.0.0.1:8849]
[DEBUG] Closed 1 connections out of 1 in 1 ms
[DEBUG] 

Request DefaultHttpRequest(decodeResult: success, version: HTTP/1.1)
POST /session HTTP/1.1
User-Agent: selenium/4.6.0 (java windows)
Content-Length: 1721
Content-Type: application/json; charset=utf-8
host: localhost:46244
accept: */*

Response DefaultHttpResponse(decodeResult: success, version: HTTP/1.1)
HTTP/1.1 200 OK
Content-Type: application/json; charset=utf-8
cache-control: no-cache
content-length: 869

[DEBUG] Adding key: http://localhost:46244 for channel [id: 0x01b546b6, L:/127.0.0.1:50161 - R:localhost/127.0.0.1:46244]
[DEBUG] Using new Channel '[id: 0x837e3a4f, L:/127.0.0.1:50171 - R:localhost/127.0.0.1:50162]' for 'GET' to '/json/version'
[DEBUG] 

Request DefaultFullHttpRequest(decodeResult: success, version: HTTP/1.1, content: EmptyByteBufBE)
GET /json/version HTTP/1.1
User-Agent: selenium/4.6.0 (java windows)
host: localhost:50162
accept: */*

Response DefaultHttpResponse(decodeResult: success, version: HTTP/1.1)
HTTP/1.1 200 OK
Content-Security-Policy: frame-ancestors 'none'
Content-Type: application/json; charset=UTF-8
content-length: 423

[DEBUG] Adding key: http://localhost:50162 for channel [id: 0x837e3a4f, L:/127.0.0.1:50171 - R:localhost/127.0.0.1:50162]
[DEBUG] Using new Channel '[id: 0x17714803, L:/127.0.0.1:50172 - R:localhost/127.0.0.1:50162]' for 'GET' to '/devtools/browser/2b75eba4-54cd-4247-a9f1-7bc19c458599'
[DEBUG] 

Request DefaultFullHttpRequest(decodeResult: success, version: HTTP/1.1, content: EmptyByteBufBE)
GET /devtools/browser/2b75eba4-54cd-4247-a9f1-7bc19c458599 HTTP/1.1
upgrade: websocket
connection: upgrade
sec-websocket-key: H+2Ck2Zrt9bH8H3sbRxPdw==
sec-websocket-version: 13
origin: http://localhost:50162
host: localhost:50162
accept: */*
user-agent: AHC/2.1

Response DefaultHttpResponse(decodeResult: success, version: HTTP/1.1)
HTTP/1.1 101 WebSocket Protocol Handshake
Upgrade: WebSocket
Connection: Upgrade
Sec-WebSocket-Accept: pNeg4SNuijcNxAqEIHmJOVaMslI=

[DEBUG] Using pooled Channel '[id: 0x01b546b6, L:/127.0.0.1:50161 - R:localhost/127.0.0.1:46244]' for 'POST' to 'http://localhost:46244/session/cec8c28086cdcef0e2221bc2aa638897/window/maximize'
[DEBUG] Using open Channel [id: 0x01b546b6, L:/127.0.0.1:50161 - R:localhost/127.0.0.1:46244] for POST '/session/cec8c28086cdcef0e2221bc2aa638897/window/maximize'
[DEBUG] 

Request DefaultHttpRequest(decodeResult: success, version: HTTP/1.1)
POST /session/cec8c28086cdcef0e2221bc2aa638897/window/maximize HTTP/1.1
User-Agent: selenium/4.6.0 (java windows)
Content-Length: 3
Content-Type: application/json; charset=utf-8
host: localhost:46244
accept: */*

Response DefaultHttpResponse(decodeResult: success, version: HTTP/1.1)
HTTP/1.1 200 OK
Content-Type: application/json; charset=utf-8
cache-control: no-cache
content-length: 51

[DEBUG] Adding key: http://localhost:46244 for channel [id: 0x01b546b6, L:/127.0.0.1:50161 - R:localhost/127.0.0.1:46244]
Browser Launched
[DEBUG] Using pooled Channel '[id: 0x01b546b6, L:/127.0.0.1:50161 - R:localhost/127.0.0.1:46244]' for 'POST' to 'http://localhost:46244/session/cec8c28086cdcef0e2221bc2aa638897/url'
[DEBUG] Using open Channel [id: 0x01b546b6, L:/127.0.0.1:50161 - R:localhost/127.0.0.1:46244] for POST '/session/cec8c28086cdcef0e2221bc2aa638897/url'
[DEBUG] 

Request DefaultHttpRequest(decodeResult: success, version: HTTP/1.1)
POST /session/cec8c28086cdcef0e2221bc2aa638897/url HTTP/1.1
User-Agent: selenium/4.6.0 (java windows)
Content-Length: 45
Content-Type: application/json; charset=utf-8
host: localhost:46244
accept: */*

Response DefaultHttpResponse(decodeResult: success, version: HTTP/1.1)
HTTP/1.1 200 OK
Content-Type: application/json; charset=utf-8
cache-control: no-cache
content-length: 14

[DEBUG] Adding key: http://localhost:46244 for channel [id: 0x01b546b6, L:/127.0.0.1:50161 - R:localhost/127.0.0.1:46244]
[DEBUG] Using pooled Channel '[id: 0x01b546b6, L:/127.0.0.1:50161 - R:localhost/127.0.0.1:46244]' for 'POST' to 'http://localhost:46244/session/cec8c28086cdcef0e2221bc2aa638897/timeouts'
[DEBUG] Using open Channel [id: 0x01b546b6, L:/127.0.0.1:50161 - R:localhost/127.0.0.1:46244] for POST '/session/cec8c28086cdcef0e2221bc2aa638897/timeouts'
[DEBUG] 

Request DefaultHttpRequest(decodeResult: success, version: HTTP/1.1)
POST /session/cec8c28086cdcef0e2221bc2aa638897/timeouts HTTP/1.1
User-Agent: selenium/4.6.0 (java windows)
Content-Length: 23
Content-Type: application/json; charset=utf-8
host: localhost:46244
accept: */*

Response DefaultHttpResponse(decodeResult: success, version: HTTP/1.1)
HTTP/1.1 200 OK
Content-Type: application/json; charset=utf-8
cache-control: no-cache
content-length: 14

[DEBUG] Adding key: http://localhost:46244 for channel [id: 0x01b546b6, L:/127.0.0.1:50161 - R:localhost/127.0.0.1:46244]
[INFO] SkyNews Displayed.............
[DEBUG] Using pooled Channel '[id: 0x01b546b6, L:/127.0.0.1:50161 - R:localhost/127.0.0.1:46244]' for 'GET' to 'http://localhost:46244/session/cec8c28086cdcef0e2221bc2aa638897/screenshot'
[DEBUG] Using open Channel [id: 0x01b546b6, L:/127.0.0.1:50161 - R:localhost/127.0.0.1:46244] for GET '/session/cec8c28086cdcef0e2221bc2aa638897/screenshot'
[DEBUG] Entry count for : http://localhost:50162 : 1
[DEBUG] Entry count for : http://localhost:50162 : 1
[DEBUG] Entry count for : http://localhost:50162 : 1
[DEBUG] Entry count for : http://localhost:50162 : 1
[DEBUG] Entry count for : http://localhost:50162 : 1
[DEBUG] Entry count for : http://localhost:50162 : 1
[DEBUG] Entry count for : http://localhost:50162 : 1
[DEBUG] Entry count for : http://localhost:50162 : 1
[DEBUG] 

Request DefaultFullHttpRequest(decodeResult: success, version: HTTP/1.1, content: EmptyByteBufBE)
GET /session/cec8c28086cdcef0e2221bc2aa638897/screenshot HTTP/1.1
User-Agent: selenium/4.6.0 (java windows)
Cache-Control: no-cache
Content-Type: application/json; charset=utf-8
host: localhost:46244
accept: */*

Response DefaultHttpResponse(decodeResult: success, version: HTTP/1.1)
HTTP/1.1 200 OK
Content-Type: application/json; charset=utf-8
cache-control: no-cache
content-length: 731676

[DEBUG] Adding key: http://localhost:46244 for channel [id: 0x01b546b6, L:/127.0.0.1:50161 - R:localhost/127.0.0.1:46244]
[DEBUG] Using pooled Channel '[id: 0x01b546b6, L:/127.0.0.1:50161 - R:localhost/127.0.0.1:46244]' for 'POST' to 'http://localhost:46244/session/cec8c28086cdcef0e2221bc2aa638897/elements'
[DEBUG] Using open Channel [id: 0x01b546b6, L:/127.0.0.1:50161 - R:localhost/127.0.0.1:46244] for POST '/session/cec8c28086cdcef0e2221bc2aa638897/elements'
[DEBUG] Entry count for : http://localhost:50162 : 1
[DEBUG] Entry count for : http://localhost:50162 : 1
[DEBUG] Entry count for : http://localhost:50162 : 1
[DEBUG] Entry count for : http://localhost:50162 : 1
[DEBUG] Entry count for : http://localhost:50162 : 1
[DEBUG] Entry count for : http://localhost:50162 : 1
[DEBUG] Entry count for : http://localhost:50162 : 1
[DEBUG] Entry count for : http://localhost:50162 : 1
[DEBUG] Entry count for : http://localhost:50162 : 1
[DEBUG] 

Request DefaultHttpRequest(decodeResult: success, version: HTTP/1.1)
POST /session/cec8c28086cdcef0e2221bc2aa638897/elements HTTP/1.1
User-Agent: selenium/4.6.0 (java windows)
Content-Length: 122
Content-Type: application/json; charset=utf-8
host: localhost:46244
accept: */*

Response DefaultHttpResponse(decodeResult: success, version: HTTP/1.1)
HTTP/1.1 200 OK
Content-Type: application/json; charset=utf-8
cache-control: no-cache
content-length: 12

[DEBUG] Adding key: http://localhost:46244 for channel [id: 0x01b546b6, L:/127.0.0.1:50161 - R:localhost/127.0.0.1:46244]
[DEBUG] Using pooled Channel '[id: 0x01b546b6, L:/127.0.0.1:50161 - R:localhost/127.0.0.1:46244]' for 'POST' to 'http://localhost:46244/session/cec8c28086cdcef0e2221bc2aa638897/elements'
[DEBUG] Using open Channel [id: 0x01b546b6, L:/127.0.0.1:50161 - R:localhost/127.0.0.1:46244] for POST '/session/cec8c28086cdcef0e2221bc2aa638897/elements'
[DEBUG] 

Request DefaultHttpRequest(decodeResult: success, version: HTTP/1.1)
POST /session/cec8c28086cdcef0e2221bc2aa638897/elements HTTP/1.1
User-Agent: selenium/4.6.0 (java windows)
Content-Length: 106
Content-Type: application/json; charset=utf-8
host: localhost:46244
accept: */*

Response DefaultHttpResponse(decodeResult: success, version: HTTP/1.1)
HTTP/1.1 200 OK
Content-Type: application/json; charset=utf-8
cache-control: no-cache
content-length: 97

[DEBUG] Adding key: http://localhost:46244 for channel [id: 0x01b546b6, L:/127.0.0.1:50161 - R:localhost/127.0.0.1:46244]
[DEBUG] Using pooled Channel '[id: 0x01b546b6, L:/127.0.0.1:50161 - R:localhost/127.0.0.1:46244]' for 'POST' to 'http://localhost:46244/session/cec8c28086cdcef0e2221bc2aa638897/frame'
[DEBUG] Using open Channel [id: 0x01b546b6, L:/127.0.0.1:50161 - R:localhost/127.0.0.1:46244] for POST '/session/cec8c28086cdcef0e2221bc2aa638897/frame'
[DEBUG] 

Request DefaultHttpRequest(decodeResult: success, version: HTTP/1.1)
POST /session/cec8c28086cdcef0e2221bc2aa638897/frame HTTP/1.1
User-Agent: selenium/4.6.0 (java windows)
Content-Length: 168
Content-Type: application/json; charset=utf-8
host: localhost:46244
accept: */*

Response DefaultHttpResponse(decodeResult: success, version: HTTP/1.1)
HTTP/1.1 200 OK
Content-Type: application/json; charset=utf-8
cache-control: no-cache
content-length: 14

[DEBUG] Adding key: http://localhost:46244 for channel [id: 0x01b546b6, L:/127.0.0.1:50161 - R:localhost/127.0.0.1:46244]
[DEBUG] Using pooled Channel '[id: 0x01b546b6, L:/127.0.0.1:50161 - R:localhost/127.0.0.1:46244]' for 'POST' to 'http://localhost:46244/session/cec8c28086cdcef0e2221bc2aa638897/element'
[DEBUG] Using open Channel [id: 0x01b546b6, L:/127.0.0.1:50161 - R:localhost/127.0.0.1:46244] for POST '/session/cec8c28086cdcef0e2221bc2aa638897/element'
[DEBUG] Entry count for : http://localhost:50162 : 1
[DEBUG] 

Request DefaultHttpRequest(decodeResult: success, version: HTTP/1.1)
POST /session/cec8c28086cdcef0e2221bc2aa638897/element HTTP/1.1
User-Agent: selenium/4.6.0 (java windows)
Content-Length: 88
Content-Type: application/json; charset=utf-8
host: localhost:46244
accept: */*

Response DefaultHttpResponse(decodeResult: success, version: HTTP/1.1)
HTTP/1.1 200 OK
Content-Type: application/json; charset=utf-8
cache-control: no-cache
content-length: 94

[DEBUG] Adding key: http://localhost:46244 for channel [id: 0x01b546b6, L:/127.0.0.1:50161 - R:localhost/127.0.0.1:46244]
[DEBUG] Using pooled Channel '[id: 0x01b546b6, L:/127.0.0.1:50161 - R:localhost/127.0.0.1:46244]' for 'POST' to 'http://localhost:46244/session/cec8c28086cdcef0e2221bc2aa638897/element/407DAC4115CAA4CCD3D01666BECF493E_element_9/click'
[DEBUG] Using open Channel [id: 0x01b546b6, L:/127.0.0.1:50161 - R:localhost/127.0.0.1:46244] for POST '/session/cec8c28086cdcef0e2221bc2aa638897/element/407DAC4115CAA4CCD3D01666BECF493E_element_9/click'
[DEBUG] 

Request DefaultHttpRequest(decodeResult: success, version: HTTP/1.1)
POST /session/cec8c28086cdcef0e2221bc2aa638897/element/407DAC4115CAA4CCD3D01666BECF493E_element_9/click HTTP/1.1
User-Agent: selenium/4.6.0 (java windows)
Content-Length: 56
Content-Type: application/json; charset=utf-8
host: localhost:46244
accept: */*

Response DefaultHttpResponse(decodeResult: success, version: HTTP/1.1)
HTTP/1.1 200 OK
Content-Type: application/json; charset=utf-8
cache-control: no-cache
content-length: 14

[DEBUG] Adding key: http://localhost:46244 for channel [id: 0x01b546b6, L:/127.0.0.1:50161 - R:localhost/127.0.0.1:46244]
[DEBUG] Entry count for : http://localhost:50162 : 1
[DEBUG] Entry count for : http://localhost:46244 : 1
  Given I navigate to Sky News Website home page                               # stepdefinitions.Steps.loadHomePage()
[DEBUG] Using pooled Channel '[id: 0x01b546b6, L:/127.0.0.1:50161 - R:localhost/127.0.0.1:46244]' for 'POST' to 'http://localhost:46244/session/cec8c28086cdcef0e2221bc2aa638897/element'
[DEBUG] Using open Channel [id: 0x01b546b6, L:/127.0.0.1:50161 - R:localhost/127.0.0.1:46244] for POST '/session/cec8c28086cdcef0e2221bc2aa638897/element'
[DEBUG] Entry count for : http://localhost:50162 : 1
[DEBUG] Entry count for : http://localhost:50162 : 1
[DEBUG] Entry count for : http://localhost:50162 : 1
[DEBUG] 

Request DefaultHttpRequest(decodeResult: success, version: HTTP/1.1)
POST /session/cec8c28086cdcef0e2221bc2aa638897/element HTTP/1.1
User-Agent: selenium/4.6.0 (java windows)
Content-Length: 123
Content-Type: application/json; charset=utf-8
host: localhost:46244
accept: */*

Response DefaultHttpResponse(decodeResult: success, version: HTTP/1.1)
HTTP/1.1 200 OK
Content-Type: application/json; charset=utf-8
cache-control: no-cache
content-length: 95

[DEBUG] Adding key: http://localhost:46244 for channel [id: 0x01b546b6, L:/127.0.0.1:50161 - R:localhost/127.0.0.1:46244]
[DEBUG] Using pooled Channel '[id: 0x01b546b6, L:/127.0.0.1:50161 - R:localhost/127.0.0.1:46244]' for 'POST' to 'http://localhost:46244/session/cec8c28086cdcef0e2221bc2aa638897/element/414DC34E4133F21B9C9C6B08FC22F02E_element_43/click'
[DEBUG] Using open Channel [id: 0x01b546b6, L:/127.0.0.1:50161 - R:localhost/127.0.0.1:46244] for POST '/session/cec8c28086cdcef0e2221bc2aa638897/element/414DC34E4133F21B9C9C6B08FC22F02E_element_43/click'
[DEBUG] Entry count for : http://localhost:50162 : 1
[DEBUG] Entry count for : http://localhost:50162 : 1
[DEBUG] Entry count for : http://localhost:50162 : 1
[DEBUG] Entry count for : http://localhost:50162 : 1
[DEBUG] Entry count for : http://localhost:50162 : 1
[DEBUG] 

Request DefaultHttpRequest(decodeResult: success, version: HTTP/1.1)
POST /session/cec8c28086cdcef0e2221bc2aa638897/element/414DC34E4133F21B9C9C6B08FC22F02E_element_43/click HTTP/1.1
User-Agent: selenium/4.6.0 (java windows)
Content-Length: 57
Content-Type: application/json; charset=utf-8
host: localhost:46244
accept: */*

Response DefaultHttpResponse(decodeResult: success, version: HTTP/1.1)
HTTP/1.1 200 OK
Content-Type: application/json; charset=utf-8
cache-control: no-cache
content-length: 14

[DEBUG] Adding key: http://localhost:46244 for channel [id: 0x01b546b6, L:/127.0.0.1:50161 - R:localhost/127.0.0.1:46244]
  When I click the "Climate" tab                                               # stepdefinitions.Steps.selectTab(java.lang.String)
[DEBUG] Using pooled Channel '[id: 0x01b546b6, L:/127.0.0.1:50161 - R:localhost/127.0.0.1:46244]' for 'GET' to 'http://localhost:46244/session/cec8c28086cdcef0e2221bc2aa638897/title'
[DEBUG] Using open Channel [id: 0x01b546b6, L:/127.0.0.1:50161 - R:localhost/127.0.0.1:46244] for GET '/session/cec8c28086cdcef0e2221bc2aa638897/title'
[DEBUG] 

Request DefaultFullHttpRequest(decodeResult: success, version: HTTP/1.1, content: EmptyByteBufBE)
GET /session/cec8c28086cdcef0e2221bc2aa638897/title HTTP/1.1
User-Agent: selenium/4.6.0 (java windows)
Cache-Control: no-cache
Content-Type: application/json; charset=utf-8
host: localhost:46244
accept: */*

Response DefaultHttpResponse(decodeResult: success, version: HTTP/1.1)
HTTP/1.1 200 OK
Content-Type: application/json; charset=utf-8
cache-control: no-cache
content-length: 86

[DEBUG] Adding key: http://localhost:46244 for channel [id: 0x01b546b6, L:/127.0.0.1:50161 - R:localhost/127.0.0.1:46244]
[INFO] ***********Tab Title displayed*************
  Then I should see the Climate title "Climate" displayed                      # stepdefinitions.Steps.verifyClimatePageTitle(java.lang.String)
[DEBUG] Using pooled Channel '[id: 0x01b546b6, L:/127.0.0.1:50161 - R:localhost/127.0.0.1:46244]' for 'POST' to 'http://localhost:46244/session/cec8c28086cdcef0e2221bc2aa638897/element'
[DEBUG] Using open Channel [id: 0x01b546b6, L:/127.0.0.1:50161 - R:localhost/127.0.0.1:46244] for POST '/session/cec8c28086cdcef0e2221bc2aa638897/element'
[DEBUG] 

Request DefaultHttpRequest(decodeResult: success, version: HTTP/1.1)
POST /session/cec8c28086cdcef0e2221bc2aa638897/element HTTP/1.1
User-Agent: selenium/4.6.0 (java windows)
Content-Length: 144
Content-Type: application/json; charset=utf-8
host: localhost:46244
accept: */*

Response DefaultHttpResponse(decodeResult: success, version: HTTP/1.1)
HTTP/1.1 200 OK
Content-Type: application/json; charset=utf-8
cache-control: no-cache
content-length: 95

[DEBUG] Adding key: http://localhost:46244 for channel [id: 0x01b546b6, L:/127.0.0.1:50161 - R:localhost/127.0.0.1:46244]
[DEBUG] Using pooled Channel '[id: 0x01b546b6, L:/127.0.0.1:50161 - R:localhost/127.0.0.1:46244]' for 'GET' to 'http://localhost:46244/session/cec8c28086cdcef0e2221bc2aa638897/element/9672193AA97466E620E5D30F235764D9_element_52/text'
[DEBUG] Using open Channel [id: 0x01b546b6, L:/127.0.0.1:50161 - R:localhost/127.0.0.1:46244] for GET '/session/cec8c28086cdcef0e2221bc2aa638897/element/9672193AA97466E620E5D30F235764D9_element_52/text'
[DEBUG] Entry count for : http://localhost:50162 : 1
[DEBUG] 

Request DefaultFullHttpRequest(decodeResult: success, version: HTTP/1.1, content: EmptyByteBufBE)
GET /session/cec8c28086cdcef0e2221bc2aa638897/element/9672193AA97466E620E5D30F235764D9_element_52/text HTTP/1.1
User-Agent: selenium/4.6.0 (java windows)
Cache-Control: no-cache
Content-Type: application/json; charset=utf-8
host: localhost:46244
accept: */*

Response DefaultHttpResponse(decodeResult: success, version: HTTP/1.1)
HTTP/1.1 200 OK
Content-Type: application/json; charset=utf-8
cache-control: no-cache
content-length: 19

[DEBUG] Adding key: http://localhost:46244 for channel [id: 0x01b546b6, L:/127.0.0.1:50161 - R:localhost/127.0.0.1:46244]
[DEBUG] Using pooled Channel '[id: 0x01b546b6, L:/127.0.0.1:50161 - R:localhost/127.0.0.1:46244]' for 'GET' to 'http://localhost:46244/session/cec8c28086cdcef0e2221bc2aa638897/screenshot'
[DEBUG] Using open Channel [id: 0x01b546b6, L:/127.0.0.1:50161 - R:localhost/127.0.0.1:46244] for GET '/session/cec8c28086cdcef0e2221bc2aa638897/screenshot'
[DEBUG] Entry count for : http://localhost:50162 : 1
[DEBUG] 

Request DefaultFullHttpRequest(decodeResult: success, version: HTTP/1.1, content: EmptyByteBufBE)
GET /session/cec8c28086cdcef0e2221bc2aa638897/screenshot HTTP/1.1
User-Agent: selenium/4.6.0 (java windows)
Cache-Control: no-cache
Content-Type: application/json; charset=utf-8
host: localhost:46244
accept: */*

Response DefaultHttpResponse(decodeResult: success, version: HTTP/1.1)
HTTP/1.1 200 OK
Content-Type: application/json; charset=utf-8
cache-control: no-cache
content-length: 1122776

[DEBUG] Adding key: http://localhost:46244 for channel [id: 0x01b546b6, L:/127.0.0.1:50161 - R:localhost/127.0.0.1:46244]
[INFO] ***********Climate is the focus*************
[DEBUG] Channel Closed: [id: 0x17714803, L:/127.0.0.1:50172 ! R:localhost/127.0.0.1:50162] with attribute NettyResponseFuture{currentRetry=0,
	isDone=1,
	isCancelled=0,
	asyncHandler=org.asynchttpclient.ws.WebSocketUpgradeHandler@2708a741,
	nettyRequest=org.asynchttpclient.netty.request.NettyRequest@e58576a,
	future=java.util.concurrent.CompletableFuture@577f4565[Completed normally],
	uri=ws://localhost:50162/devtools/browser/2b75eba4-54cd-4247-a9f1-7bc19c458599,
	keepAlive=true,
	redirectCount=0,
	timeoutsHolder=null,
	inAuth=0,
	touch=1698331087026}
[DEBUG] Closing Channel [id: 0x17714803, L:/127.0.0.1:50172 ! R:localhost/127.0.0.1:50162] 
[DEBUG] Using pooled Channel '[id: 0x01b546b6, L:/127.0.0.1:50161 - R:localhost/127.0.0.1:46244]' for 'DELETE' to 'http://localhost:46244/session/cec8c28086cdcef0e2221bc2aa638897'
[DEBUG] Using open Channel [id: 0x01b546b6, L:/127.0.0.1:50161 - R:localhost/127.0.0.1:46244] for DELETE '/session/cec8c28086cdcef0e2221bc2aa638897'
[DEBUG] Entry count for : http://localhost:50162 : 1
[DEBUG] Entry count for : http://localhost:50162 : 1
[DEBUG] Entry count for : http://localhost:50162 : 1
[DEBUG] Entry count for : http://localhost:50162 : 1
[DEBUG] Unexpected I/O exception on channel [id: 0x837e3a4f, L:/127.0.0.1:50171 - R:localhost/127.0.0.1:50162]
java.io.IOException: An existing connection was forcibly closed by the remote host
	at java.base/sun.nio.ch.SocketDispatcher.read0(Native Method) ~[na:na]
	at java.base/sun.nio.ch.SocketDispatcher.read(SocketDispatcher.java:43) ~[na:na]
	at java.base/sun.nio.ch.IOUtil.readIntoNativeBuffer(IOUtil.java:276) ~[na:na]
	at java.base/sun.nio.ch.IOUtil.read(IOUtil.java:233) ~[na:na]
	at java.base/sun.nio.ch.IOUtil.read(IOUtil.java:223) ~[na:na]
	at java.base/sun.nio.ch.SocketChannelImpl.read(SocketChannelImpl.java:358) ~[na:na]
	at io.netty.buffer.PooledByteBuf.setBytes(PooledByteBuf.java:259) ~[netty-buffer-4.1.84.Final.jar:4.1.84.Final]
	at io.netty.buffer.AbstractByteBuf.writeBytes(AbstractByteBuf.java:1132) ~[netty-buffer-4.1.84.Final.jar:4.1.84.Final]
	at io.netty.channel.socket.nio.NioSocketChannel.doReadBytes(NioSocketChannel.java:357) ~[netty-transport-4.1.84.Final.jar:4.1.84.Final]
	at io.netty.channel.nio.AbstractNioByteChannel$NioByteUnsafe.read(AbstractNioByteChannel.java:151) ~[netty-transport-4.1.84.Final.jar:4.1.84.Final]
	at io.netty.channel.nio.NioEventLoop.processSelectedKey(NioEventLoop.java:788) ~[netty-transport-4.1.84.Final.jar:4.1.84.Final]
	at io.netty.channel.nio.NioEventLoop.processSelectedKeysOptimized(NioEventLoop.java:724) ~[netty-transport-4.1.84.Final.jar:4.1.84.Final]
	at io.netty.channel.nio.NioEventLoop.processSelectedKeys(NioEventLoop.java:650) ~[netty-transport-4.1.84.Final.jar:4.1.84.Final]
	at io.netty.channel.nio.NioEventLoop.run(NioEventLoop.java:562) ~[netty-transport-4.1.84.Final.jar:4.1.84.Final]
	at io.netty.util.concurrent.SingleThreadEventExecutor$4.run(SingleThreadEventExecutor.java:997) ~[netty-common-4.1.84.Final.jar:4.1.84.Final]
	at io.netty.util.internal.ThreadExecutorMap$2.run(ThreadExecutorMap.java:74) ~[netty-common-4.1.84.Final.jar:4.1.84.Final]
	at io.netty.util.concurrent.FastThreadLocalRunnable.run(FastThreadLocalRunnable.java:30) ~[netty-common-4.1.84.Final.jar:4.1.84.Final]
	at java.base/java.lang.Thread.run(Thread.java:834) ~[na:na]
[DEBUG] Closing Channel [id: 0x837e3a4f, L:/127.0.0.1:50171 - R:localhost/127.0.0.1:50162] 
[DEBUG] Channel Closed: [id: 0x837e3a4f, L:/127.0.0.1:50171 ! R:localhost/127.0.0.1:50162] with attribute DISCARD
[DEBUG] 

Request DefaultFullHttpRequest(decodeResult: success, version: HTTP/1.1, content: EmptyByteBufBE)
DELETE /session/cec8c28086cdcef0e2221bc2aa638897 HTTP/1.1
User-Agent: selenium/4.6.0 (java windows)
Content-Type: application/json; charset=utf-8
host: localhost:46244
accept: */*

Response DefaultHttpResponse(decodeResult: success, version: HTTP/1.1)
HTTP/1.1 200 OK
Content-Type: application/json; charset=utf-8
cache-control: no-cache
content-length: 14

[DEBUG] Adding key: http://localhost:46244 for channel [id: 0x01b546b6, L:/127.0.0.1:50161 - R:localhost/127.0.0.1:46244]
[DEBUG] Entry count for : http://localhost:50162 : 1
[DEBUG] Entry count for : http://localhost:46244 : 1
[DEBUG] Adding Candidate expired Channel [id: 0x837e3a4f, L:/127.0.0.1:50171 ! R:localhost/127.0.0.1:50162] isIdleTimeoutExpired=false isRemotelyClosed=true isTtlExpired=false
[DEBUG] Closing Idle Channel [id: 0x837e3a4f, L:/127.0.0.1:50171 ! R:localhost/127.0.0.1:50162]
[DEBUG] Closed 1 connections out of 2 in 0 ms
[DEBUG] Channel Closed: [id: 0x01b546b6, L:/127.0.0.1:50161 ! R:localhost/127.0.0.1:46244] with attribute DISCARD
  And Climate tab becomes the focus                                            # stepdefinitions.Steps.verifyClimatePage()
]]></system-out>
    <system-err><![CDATA[Oct 26, 2023 3:38:03 PM org.openqa.selenium.remote.RemoteWebDriver checkNonW3CCapabilities
WARNING: Support for Legacy Capabilities is deprecated; You are sending the following invalid capabilities: [unexpectedAlertBehaviour]; Please update to W3C Syntax: https://www.selenium.dev/blog/2022/legacy-protocol-support/
Starting ChromeDriver 118.0.5993.70 (e52f33f30b91b4ddfad649acddc39ab570473b86-refs/branch-heads/5993@{#1216}) on port 46244
Only local connections are allowed.
Please see https://chromedriver.chromium.org/security-considerations for suggestions on keeping ChromeDriver safe.
ChromeDriver was started successfully.
Oct 26, 2023 3:38:06 PM org.openqa.selenium.remote.ProtocolHandshake createSession
WARNING: Support for Legacy Capabilities is deprecated; You are sending the following invalid capabilities: [unexpectedAlertBehaviour]; Please update to W3C Syntax: https://www.selenium.dev/blog/2022/legacy-protocol-support/
Oct 26, 2023 3:38:07 PM org.openqa.selenium.devtools.CdpVersionFinder findNearestMatch
WARNING: Unable to find CDP implementation matching 118
Oct 26, 2023 3:38:07 PM org.openqa.selenium.chromium.ChromiumDriver lambda$new$3
WARNING: Unable to find version of CDP to use for . You may need to include a dependency on a specific version of the CDP using something similar to `org.seleniumhq.selenium:selenium-devtools-v86:4.6.0` where the version ("v86") matches the version of the chromium-based browser you're using and the version number of the artifact is the same as Selenium's.
]]></system-err>
  </testcase>
  <testcase name="Verify that a word of your choice in the title of the article you have just selected appears once the title of the page loads." classname="Sky News website tests" time="36.916">
    <system-out><![CDATA[
Scenario: Verify that a word of your choice in the title of the article you have just selected appears once the title of the page loads. # src/test/resources/features/skyNews.feature:40
[DEBUG] Using WebDriverManager 5.5.3
[DEBUG] Resolution chrome=118 in cache (valid until 16:31:37 26/10/2023 BST)
[DEBUG] Resolution chrome118=118.0.5993.70 in cache (valid until 22:39:57 26/10/2023 BST)
[INFO] Using chromedriver 118.0.5993.70 (resolved driver for Chrome 118)
[DEBUG] Driver chromedriver 118.0.5993.70 found in cache
[INFO] Exporting webdriver.chrome.driver as C:\Users\sindh\.cache\selenium\chromedriver\win64\118.0.5993.70\chromedriver.exe
[DEBUG] Using new Channel '[id: 0xfffd82f4, L:/127.0.0.1:50265 - R:localhost/127.0.0.1:16688]' for 'POST' to '/session'
[DEBUG] Entry count for : http://localhost:46244 : 1
[DEBUG] Adding Candidate expired Channel [id: 0x01b546b6, L:/127.0.0.1:50161 ! R:localhost/127.0.0.1:46244] isIdleTimeoutExpired=false isRemotelyClosed=true isTtlExpired=false
[DEBUG] Closing Idle Channel [id: 0x01b546b6, L:/127.0.0.1:50161 ! R:localhost/127.0.0.1:46244]
[DEBUG] Closed 1 connections out of 1 in 0 ms
[DEBUG] 

Request DefaultHttpRequest(decodeResult: success, version: HTTP/1.1)
POST /session HTTP/1.1
User-Agent: selenium/4.6.0 (java windows)
Content-Length: 1721
Content-Type: application/json; charset=utf-8
host: localhost:16688
accept: */*

Response DefaultHttpResponse(decodeResult: success, version: HTTP/1.1)
HTTP/1.1 200 OK
Content-Type: application/json; charset=utf-8
cache-control: no-cache
content-length: 870

[DEBUG] Adding key: http://localhost:16688 for channel [id: 0xfffd82f4, L:/127.0.0.1:50265 - R:localhost/127.0.0.1:16688]
[DEBUG] Using new Channel '[id: 0x26a12ae6, L:/127.0.0.1:50275 - R:localhost/127.0.0.1:50266]' for 'GET' to '/json/version'
[DEBUG] 

Request DefaultFullHttpRequest(decodeResult: success, version: HTTP/1.1, content: EmptyByteBufBE)
GET /json/version HTTP/1.1
User-Agent: selenium/4.6.0 (java windows)
host: localhost:50266
accept: */*

Response DefaultHttpResponse(decodeResult: success, version: HTTP/1.1)
HTTP/1.1 200 OK
Content-Security-Policy: frame-ancestors 'none'
Content-Type: application/json; charset=UTF-8
content-length: 423

[DEBUG] Adding key: http://localhost:50266 for channel [id: 0x26a12ae6, L:/127.0.0.1:50275 - R:localhost/127.0.0.1:50266]
[DEBUG] Using new Channel '[id: 0xe6245d2f, L:/127.0.0.1:50276 - R:localhost/127.0.0.1:50266]' for 'GET' to '/devtools/browser/1ce5a934-3890-4520-8994-9f4d765fdb7f'
[DEBUG] 

Request DefaultFullHttpRequest(decodeResult: success, version: HTTP/1.1, content: EmptyByteBufBE)
GET /devtools/browser/1ce5a934-3890-4520-8994-9f4d765fdb7f HTTP/1.1
upgrade: websocket
connection: upgrade
sec-websocket-key: SbiVj3VXlJ9Obzwp9eO8HA==
sec-websocket-version: 13
origin: http://localhost:50266
host: localhost:50266
accept: */*
user-agent: AHC/2.1

Response DefaultHttpResponse(decodeResult: success, version: HTTP/1.1)
HTTP/1.1 101 WebSocket Protocol Handshake
Upgrade: WebSocket
Connection: Upgrade
Sec-WebSocket-Accept: fNoI+FRc+KIiKfcyoDz0Je16u3U=

[DEBUG] Using pooled Channel '[id: 0xfffd82f4, L:/127.0.0.1:50265 - R:localhost/127.0.0.1:16688]' for 'POST' to 'http://localhost:16688/session/902b3a7b47ebc4caf007da74f3fa9693/window/maximize'
[DEBUG] Using open Channel [id: 0xfffd82f4, L:/127.0.0.1:50265 - R:localhost/127.0.0.1:16688] for POST '/session/902b3a7b47ebc4caf007da74f3fa9693/window/maximize'
[DEBUG] 

Request DefaultHttpRequest(decodeResult: success, version: HTTP/1.1)
POST /session/902b3a7b47ebc4caf007da74f3fa9693/window/maximize HTTP/1.1
User-Agent: selenium/4.6.0 (java windows)
Content-Length: 3
Content-Type: application/json; charset=utf-8
host: localhost:16688
accept: */*

Response DefaultHttpResponse(decodeResult: success, version: HTTP/1.1)
HTTP/1.1 200 OK
Content-Type: application/json; charset=utf-8
cache-control: no-cache
content-length: 51

[DEBUG] Adding key: http://localhost:16688 for channel [id: 0xfffd82f4, L:/127.0.0.1:50265 - R:localhost/127.0.0.1:16688]
Browser Launched
[DEBUG] Using pooled Channel '[id: 0xfffd82f4, L:/127.0.0.1:50265 - R:localhost/127.0.0.1:16688]' for 'POST' to 'http://localhost:16688/session/902b3a7b47ebc4caf007da74f3fa9693/url'
[DEBUG] Using open Channel [id: 0xfffd82f4, L:/127.0.0.1:50265 - R:localhost/127.0.0.1:16688] for POST '/session/902b3a7b47ebc4caf007da74f3fa9693/url'
[DEBUG] Entry count for : http://localhost:50266 : 1
[DEBUG] Entry count for : http://localhost:50266 : 1
[DEBUG] Entry count for : http://localhost:50266 : 1
[DEBUG] Entry count for : http://localhost:50266 : 1
[DEBUG] Entry count for : http://localhost:50266 : 1
[DEBUG] Entry count for : http://localhost:50266 : 1
[DEBUG] Entry count for : http://localhost:50266 : 1
[DEBUG] Entry count for : http://localhost:50266 : 1
[DEBUG] Entry count for : http://localhost:50266 : 1
[DEBUG] 

Request DefaultHttpRequest(decodeResult: success, version: HTTP/1.1)
POST /session/902b3a7b47ebc4caf007da74f3fa9693/url HTTP/1.1
User-Agent: selenium/4.6.0 (java windows)
Content-Length: 45
Content-Type: application/json; charset=utf-8
host: localhost:16688
accept: */*

Response DefaultHttpResponse(decodeResult: success, version: HTTP/1.1)
HTTP/1.1 200 OK
Content-Type: application/json; charset=utf-8
cache-control: no-cache
content-length: 14

[DEBUG] Adding key: http://localhost:16688 for channel [id: 0xfffd82f4, L:/127.0.0.1:50265 - R:localhost/127.0.0.1:16688]
[DEBUG] Using pooled Channel '[id: 0xfffd82f4, L:/127.0.0.1:50265 - R:localhost/127.0.0.1:16688]' for 'POST' to 'http://localhost:16688/session/902b3a7b47ebc4caf007da74f3fa9693/timeouts'
[DEBUG] Using open Channel [id: 0xfffd82f4, L:/127.0.0.1:50265 - R:localhost/127.0.0.1:16688] for POST '/session/902b3a7b47ebc4caf007da74f3fa9693/timeouts'
[DEBUG] 

Request DefaultHttpRequest(decodeResult: success, version: HTTP/1.1)
POST /session/902b3a7b47ebc4caf007da74f3fa9693/timeouts HTTP/1.1
User-Agent: selenium/4.6.0 (java windows)
Content-Length: 23
Content-Type: application/json; charset=utf-8
host: localhost:16688
accept: */*

Response DefaultHttpResponse(decodeResult: success, version: HTTP/1.1)
HTTP/1.1 200 OK
Content-Type: application/json; charset=utf-8
cache-control: no-cache
content-length: 14

[DEBUG] Adding key: http://localhost:16688 for channel [id: 0xfffd82f4, L:/127.0.0.1:50265 - R:localhost/127.0.0.1:16688]
[INFO] SkyNews Displayed.............
[DEBUG] Using pooled Channel '[id: 0xfffd82f4, L:/127.0.0.1:50265 - R:localhost/127.0.0.1:16688]' for 'GET' to 'http://localhost:16688/session/902b3a7b47ebc4caf007da74f3fa9693/screenshot'
[DEBUG] Using open Channel [id: 0xfffd82f4, L:/127.0.0.1:50265 - R:localhost/127.0.0.1:16688] for GET '/session/902b3a7b47ebc4caf007da74f3fa9693/screenshot'
[DEBUG] Entry count for : http://localhost:50266 : 1
[DEBUG] Entry count for : http://localhost:50266 : 1
[DEBUG] 

Request DefaultFullHttpRequest(decodeResult: success, version: HTTP/1.1, content: EmptyByteBufBE)
GET /session/902b3a7b47ebc4caf007da74f3fa9693/screenshot HTTP/1.1
User-Agent: selenium/4.6.0 (java windows)
Cache-Control: no-cache
Content-Type: application/json; charset=utf-8
host: localhost:16688
accept: */*

Response DefaultHttpResponse(decodeResult: success, version: HTTP/1.1)
HTTP/1.1 200 OK
Content-Type: application/json; charset=utf-8
cache-control: no-cache
content-length: 731676

[DEBUG] Entry count for : http://localhost:50266 : 1
[DEBUG] Adding key: http://localhost:16688 for channel [id: 0xfffd82f4, L:/127.0.0.1:50265 - R:localhost/127.0.0.1:16688]
[DEBUG] Using pooled Channel '[id: 0xfffd82f4, L:/127.0.0.1:50265 - R:localhost/127.0.0.1:16688]' for 'POST' to 'http://localhost:16688/session/902b3a7b47ebc4caf007da74f3fa9693/elements'
[DEBUG] Using open Channel [id: 0xfffd82f4, L:/127.0.0.1:50265 - R:localhost/127.0.0.1:16688] for POST '/session/902b3a7b47ebc4caf007da74f3fa9693/elements'
[DEBUG] Entry count for : http://localhost:50266 : 1
[DEBUG] Entry count for : http://localhost:50266 : 1
[DEBUG] Entry count for : http://localhost:50266 : 1
[DEBUG] Entry count for : http://localhost:50266 : 1
[DEBUG] Entry count for : http://localhost:50266 : 1
[DEBUG] Entry count for : http://localhost:50266 : 1
[DEBUG] Entry count for : http://localhost:50266 : 1
[DEBUG] Entry count for : http://localhost:50266 : 1
[DEBUG] Entry count for : http://localhost:50266 : 1
[DEBUG] 

Request DefaultHttpRequest(decodeResult: success, version: HTTP/1.1)
POST /session/902b3a7b47ebc4caf007da74f3fa9693/elements HTTP/1.1
User-Agent: selenium/4.6.0 (java windows)
Content-Length: 122
Content-Type: application/json; charset=utf-8
host: localhost:16688
accept: */*

Response DefaultHttpResponse(decodeResult: success, version: HTTP/1.1)
HTTP/1.1 200 OK
Content-Type: application/json; charset=utf-8
cache-control: no-cache
content-length: 12

[DEBUG] Adding key: http://localhost:16688 for channel [id: 0xfffd82f4, L:/127.0.0.1:50265 - R:localhost/127.0.0.1:16688]
[DEBUG] Using pooled Channel '[id: 0xfffd82f4, L:/127.0.0.1:50265 - R:localhost/127.0.0.1:16688]' for 'POST' to 'http://localhost:16688/session/902b3a7b47ebc4caf007da74f3fa9693/elements'
[DEBUG] Using open Channel [id: 0xfffd82f4, L:/127.0.0.1:50265 - R:localhost/127.0.0.1:16688] for POST '/session/902b3a7b47ebc4caf007da74f3fa9693/elements'
[DEBUG] 

Request DefaultHttpRequest(decodeResult: success, version: HTTP/1.1)
POST /session/902b3a7b47ebc4caf007da74f3fa9693/elements HTTP/1.1
User-Agent: selenium/4.6.0 (java windows)
Content-Length: 106
Content-Type: application/json; charset=utf-8
host: localhost:16688
accept: */*

Response DefaultHttpResponse(decodeResult: success, version: HTTP/1.1)
HTTP/1.1 200 OK
Content-Type: application/json; charset=utf-8
cache-control: no-cache
content-length: 97

[DEBUG] Adding key: http://localhost:16688 for channel [id: 0xfffd82f4, L:/127.0.0.1:50265 - R:localhost/127.0.0.1:16688]
[DEBUG] Using pooled Channel '[id: 0xfffd82f4, L:/127.0.0.1:50265 - R:localhost/127.0.0.1:16688]' for 'POST' to 'http://localhost:16688/session/902b3a7b47ebc4caf007da74f3fa9693/frame'
[DEBUG] Using open Channel [id: 0xfffd82f4, L:/127.0.0.1:50265 - R:localhost/127.0.0.1:16688] for POST '/session/902b3a7b47ebc4caf007da74f3fa9693/frame'
[DEBUG] 

Request DefaultHttpRequest(decodeResult: success, version: HTTP/1.1)
POST /session/902b3a7b47ebc4caf007da74f3fa9693/frame HTTP/1.1
User-Agent: selenium/4.6.0 (java windows)
Content-Length: 168
Content-Type: application/json; charset=utf-8
host: localhost:16688
accept: */*

Response DefaultHttpResponse(decodeResult: success, version: HTTP/1.1)
HTTP/1.1 200 OK
Content-Type: application/json; charset=utf-8
cache-control: no-cache
content-length: 14

[DEBUG] Adding key: http://localhost:16688 for channel [id: 0xfffd82f4, L:/127.0.0.1:50265 - R:localhost/127.0.0.1:16688]
[DEBUG] Using pooled Channel '[id: 0xfffd82f4, L:/127.0.0.1:50265 - R:localhost/127.0.0.1:16688]' for 'POST' to 'http://localhost:16688/session/902b3a7b47ebc4caf007da74f3fa9693/element'
[DEBUG] Using open Channel [id: 0xfffd82f4, L:/127.0.0.1:50265 - R:localhost/127.0.0.1:16688] for POST '/session/902b3a7b47ebc4caf007da74f3fa9693/element'
[DEBUG] 

Request DefaultHttpRequest(decodeResult: success, version: HTTP/1.1)
POST /session/902b3a7b47ebc4caf007da74f3fa9693/element HTTP/1.1
User-Agent: selenium/4.6.0 (java windows)
Content-Length: 88
Content-Type: application/json; charset=utf-8
host: localhost:16688
accept: */*

Response DefaultHttpResponse(decodeResult: success, version: HTTP/1.1)
HTTP/1.1 200 OK
Content-Type: application/json; charset=utf-8
cache-control: no-cache
content-length: 94

[DEBUG] Adding key: http://localhost:16688 for channel [id: 0xfffd82f4, L:/127.0.0.1:50265 - R:localhost/127.0.0.1:16688]
[DEBUG] Using pooled Channel '[id: 0xfffd82f4, L:/127.0.0.1:50265 - R:localhost/127.0.0.1:16688]' for 'POST' to 'http://localhost:16688/session/902b3a7b47ebc4caf007da74f3fa9693/element/4B938E747008770BDAB2979008328895_element_4/click'
[DEBUG] Using open Channel [id: 0xfffd82f4, L:/127.0.0.1:50265 - R:localhost/127.0.0.1:16688] for POST '/session/902b3a7b47ebc4caf007da74f3fa9693/element/4B938E747008770BDAB2979008328895_element_4/click'
[DEBUG] Entry count for : http://localhost:50266 : 1
[DEBUG] 

Request DefaultHttpRequest(decodeResult: success, version: HTTP/1.1)
POST /session/902b3a7b47ebc4caf007da74f3fa9693/element/4B938E747008770BDAB2979008328895_element_4/click HTTP/1.1
User-Agent: selenium/4.6.0 (java windows)
Content-Length: 56
Content-Type: application/json; charset=utf-8
host: localhost:16688
accept: */*

Response DefaultHttpResponse(decodeResult: success, version: HTTP/1.1)
HTTP/1.1 200 OK
Content-Type: application/json; charset=utf-8
cache-control: no-cache
content-length: 14

[DEBUG] Adding key: http://localhost:16688 for channel [id: 0xfffd82f4, L:/127.0.0.1:50265 - R:localhost/127.0.0.1:16688]
  Given I navigate to Sky News Website home page                                                                                         # stepdefinitions.Steps.loadHomePage()
[DEBUG] Entry count for : http://localhost:16688 : 1
[DEBUG] Entry count for : http://localhost:50266 : 1
[DEBUG] Using pooled Channel '[id: 0xfffd82f4, L:/127.0.0.1:50265 - R:localhost/127.0.0.1:16688]' for 'POST' to 'http://localhost:16688/session/902b3a7b47ebc4caf007da74f3fa9693/elements'
[DEBUG] Using open Channel [id: 0xfffd82f4, L:/127.0.0.1:50265 - R:localhost/127.0.0.1:16688] for POST '/session/902b3a7b47ebc4caf007da74f3fa9693/elements'
[DEBUG] Entry count for : http://localhost:50266 : 1
[DEBUG] 

Request DefaultHttpRequest(decodeResult: success, version: HTTP/1.1)
POST /session/902b3a7b47ebc4caf007da74f3fa9693/elements HTTP/1.1
User-Agent: selenium/4.6.0 (java windows)
Content-Length: 94
Content-Type: application/json; charset=utf-8
host: localhost:16688
accept: */*

Response DefaultHttpResponse(decodeResult: success, version: HTTP/1.1)
HTTP/1.1 200 OK
Content-Type: application/json; charset=utf-8
cache-control: no-cache
content-length: 5268

[DEBUG] Adding key: http://localhost:16688 for channel [id: 0xfffd82f4, L:/127.0.0.1:50265 - R:localhost/127.0.0.1:16688]
[DEBUG] Using pooled Channel '[id: 0xfffd82f4, L:/127.0.0.1:50265 - R:localhost/127.0.0.1:16688]' for 'POST' to 'http://localhost:16688/session/902b3a7b47ebc4caf007da74f3fa9693/elements'
[DEBUG] Using open Channel [id: 0xfffd82f4, L:/127.0.0.1:50265 - R:localhost/127.0.0.1:16688] for POST '/session/902b3a7b47ebc4caf007da74f3fa9693/elements'
[DEBUG] 

Request DefaultHttpRequest(decodeResult: success, version: HTTP/1.1)
POST /session/902b3a7b47ebc4caf007da74f3fa9693/elements HTTP/1.1
User-Agent: selenium/4.6.0 (java windows)
Content-Length: 101
Content-Type: application/json; charset=utf-8
host: localhost:16688
accept: */*

Response DefaultHttpResponse(decodeResult: success, version: HTTP/1.1)
HTTP/1.1 200 OK
Content-Type: application/json; charset=utf-8
cache-control: no-cache
content-length: 5317

[DEBUG] Adding key: http://localhost:16688 for channel [id: 0xfffd82f4, L:/127.0.0.1:50265 - R:localhost/127.0.0.1:16688]
[DEBUG] Using pooled Channel '[id: 0xfffd82f4, L:/127.0.0.1:50265 - R:localhost/127.0.0.1:16688]' for 'GET' to 'http://localhost:16688/session/902b3a7b47ebc4caf007da74f3fa9693/element/EFFD2F39388B9246ACBEE89ECCD6EC93_element_51/text'
[DEBUG] Using open Channel [id: 0xfffd82f4, L:/127.0.0.1:50265 - R:localhost/127.0.0.1:16688] for GET '/session/902b3a7b47ebc4caf007da74f3fa9693/element/EFFD2F39388B9246ACBEE89ECCD6EC93_element_51/text'
[DEBUG] Entry count for : http://localhost:50266 : 1
[DEBUG] 

Request DefaultFullHttpRequest(decodeResult: success, version: HTTP/1.1, content: EmptyByteBufBE)
GET /session/902b3a7b47ebc4caf007da74f3fa9693/element/EFFD2F39388B9246ACBEE89ECCD6EC93_element_51/text HTTP/1.1
User-Agent: selenium/4.6.0 (java windows)
Cache-Control: no-cache
Content-Type: application/json; charset=utf-8
host: localhost:16688
accept: */*

Response DefaultHttpResponse(decodeResult: success, version: HTTP/1.1)
HTTP/1.1 200 OK
Content-Type: application/json; charset=utf-8
cache-control: no-cache
content-length: 54

[DEBUG] Adding key: http://localhost:16688 for channel [id: 0xfffd82f4, L:/127.0.0.1:50265 - R:localhost/127.0.0.1:16688]
[DEBUG] Using pooled Channel '[id: 0xfffd82f4, L:/127.0.0.1:50265 - R:localhost/127.0.0.1:16688]' for 'POST' to 'http://localhost:16688/session/902b3a7b47ebc4caf007da74f3fa9693/element/EFFD2F39388B9246ACBEE89ECCD6EC93_element_32/click'
[DEBUG] Using open Channel [id: 0xfffd82f4, L:/127.0.0.1:50265 - R:localhost/127.0.0.1:16688] for POST '/session/902b3a7b47ebc4caf007da74f3fa9693/element/EFFD2F39388B9246ACBEE89ECCD6EC93_element_32/click'
[DEBUG] Entry count for : http://localhost:50266 : 1
[DEBUG] 

Request DefaultHttpRequest(decodeResult: success, version: HTTP/1.1)
POST /session/902b3a7b47ebc4caf007da74f3fa9693/element/EFFD2F39388B9246ACBEE89ECCD6EC93_element_32/click HTTP/1.1
User-Agent: selenium/4.6.0 (java windows)
Content-Length: 57
Content-Type: application/json; charset=utf-8
host: localhost:16688
accept: */*

Response DefaultHttpResponse(decodeResult: success, version: HTTP/1.1)
HTTP/1.1 200 OK
Content-Type: application/json; charset=utf-8
cache-control: no-cache
content-length: 14

[DEBUG] Adding key: http://localhost:16688 for channel [id: 0xfffd82f4, L:/127.0.0.1:50265 - R:localhost/127.0.0.1:16688]
  When I select one story from the home page                                                                                             # stepdefinitions.Steps.selectStory()
[DEBUG] Using pooled Channel '[id: 0xfffd82f4, L:/127.0.0.1:50265 - R:localhost/127.0.0.1:16688]' for 'GET' to 'http://localhost:16688/session/902b3a7b47ebc4caf007da74f3fa9693/title'
[DEBUG] Using open Channel [id: 0xfffd82f4, L:/127.0.0.1:50265 - R:localhost/127.0.0.1:16688] for GET '/session/902b3a7b47ebc4caf007da74f3fa9693/title'
[DEBUG] 

Request DefaultFullHttpRequest(decodeResult: success, version: HTTP/1.1, content: EmptyByteBufBE)
GET /session/902b3a7b47ebc4caf007da74f3fa9693/title HTTP/1.1
User-Agent: selenium/4.6.0 (java windows)
Cache-Control: no-cache
Content-Type: application/json; charset=utf-8
host: localhost:16688
accept: */*

Response DefaultHttpResponse(decodeResult: success, version: HTTP/1.1)
HTTP/1.1 200 OK
Content-Type: application/json; charset=utf-8
cache-control: no-cache
content-length: 174

[DEBUG] Adding key: http://localhost:16688 for channel [id: 0xfffd82f4, L:/127.0.0.1:50265 - R:localhost/127.0.0.1:16688]
[DEBUG] Using pooled Channel '[id: 0xfffd82f4, L:/127.0.0.1:50265 - R:localhost/127.0.0.1:16688]' for 'GET' to 'http://localhost:16688/session/902b3a7b47ebc4caf007da74f3fa9693/screenshot'
[DEBUG] Using open Channel [id: 0xfffd82f4, L:/127.0.0.1:50265 - R:localhost/127.0.0.1:16688] for GET '/session/902b3a7b47ebc4caf007da74f3fa9693/screenshot'
[DEBUG] Entry count for : http://localhost:50266 : 1
[DEBUG] Entry count for : http://localhost:50266 : 1
[DEBUG] 

Request DefaultFullHttpRequest(decodeResult: success, version: HTTP/1.1, content: EmptyByteBufBE)
GET /session/902b3a7b47ebc4caf007da74f3fa9693/screenshot HTTP/1.1
User-Agent: selenium/4.6.0 (java windows)
Cache-Control: no-cache
Content-Type: application/json; charset=utf-8
host: localhost:16688
accept: */*

Response DefaultHttpResponse(decodeResult: success, version: HTTP/1.1)
HTTP/1.1 200 OK
Content-Type: application/json; charset=utf-8
cache-control: no-cache
content-length: 223292

[DEBUG] Adding key: http://localhost:16688 for channel [id: 0xfffd82f4, L:/127.0.0.1:50265 - R:localhost/127.0.0.1:16688]
[INFO] **********Story Text Displayed**************
[DEBUG] Channel Closed: [id: 0xe6245d2f, L:/127.0.0.1:50276 ! R:localhost/127.0.0.1:50266] with attribute NettyResponseFuture{currentRetry=0,
	isDone=1,
	isCancelled=0,
	asyncHandler=org.asynchttpclient.ws.WebSocketUpgradeHandler@10f5b530,
	nettyRequest=org.asynchttpclient.netty.request.NettyRequest@11bd2445,
	future=java.util.concurrent.CompletableFuture@43c217a[Completed normally],
	uri=ws://localhost:50266/devtools/browser/1ce5a934-3890-4520-8994-9f4d765fdb7f,
	keepAlive=true,
	redirectCount=0,
	timeoutsHolder=null,
	inAuth=0,
	touch=1698331128782}
[DEBUG] Closing Channel [id: 0xe6245d2f, L:/127.0.0.1:50276 ! R:localhost/127.0.0.1:50266] 
[DEBUG] Using pooled Channel '[id: 0xfffd82f4, L:/127.0.0.1:50265 - R:localhost/127.0.0.1:16688]' for 'DELETE' to 'http://localhost:16688/session/902b3a7b47ebc4caf007da74f3fa9693'
[DEBUG] Using open Channel [id: 0xfffd82f4, L:/127.0.0.1:50265 - R:localhost/127.0.0.1:16688] for DELETE '/session/902b3a7b47ebc4caf007da74f3fa9693'
[DEBUG] Entry count for : http://localhost:50266 : 1
[DEBUG] Unexpected I/O exception on channel [id: 0x26a12ae6, L:/127.0.0.1:50275 - R:localhost/127.0.0.1:50266]
java.io.IOException: An existing connection was forcibly closed by the remote host
	at java.base/sun.nio.ch.SocketDispatcher.read0(Native Method) ~[na:na]
	at java.base/sun.nio.ch.SocketDispatcher.read(SocketDispatcher.java:43) ~[na:na]
	at java.base/sun.nio.ch.IOUtil.readIntoNativeBuffer(IOUtil.java:276) ~[na:na]
	at java.base/sun.nio.ch.IOUtil.read(IOUtil.java:233) ~[na:na]
	at java.base/sun.nio.ch.IOUtil.read(IOUtil.java:223) ~[na:na]
	at java.base/sun.nio.ch.SocketChannelImpl.read(SocketChannelImpl.java:358) ~[na:na]
	at io.netty.buffer.PooledByteBuf.setBytes(PooledByteBuf.java:259) ~[netty-buffer-4.1.84.Final.jar:4.1.84.Final]
	at io.netty.buffer.AbstractByteBuf.writeBytes(AbstractByteBuf.java:1132) ~[netty-buffer-4.1.84.Final.jar:4.1.84.Final]
	at io.netty.channel.socket.nio.NioSocketChannel.doReadBytes(NioSocketChannel.java:357) ~[netty-transport-4.1.84.Final.jar:4.1.84.Final]
	at io.netty.channel.nio.AbstractNioByteChannel$NioByteUnsafe.read(AbstractNioByteChannel.java:151) ~[netty-transport-4.1.84.Final.jar:4.1.84.Final]
	at io.netty.channel.nio.NioEventLoop.processSelectedKey(NioEventLoop.java:788) ~[netty-transport-4.1.84.Final.jar:4.1.84.Final]
	at io.netty.channel.nio.NioEventLoop.processSelectedKeysOptimized(NioEventLoop.java:724) ~[netty-transport-4.1.84.Final.jar:4.1.84.Final]
	at io.netty.channel.nio.NioEventLoop.processSelectedKeys(NioEventLoop.java:650) ~[netty-transport-4.1.84.Final.jar:4.1.84.Final]
	at io.netty.channel.nio.NioEventLoop.run(NioEventLoop.java:562) ~[netty-transport-4.1.84.Final.jar:4.1.84.Final]
	at io.netty.util.concurrent.SingleThreadEventExecutor$4.run(SingleThreadEventExecutor.java:997) ~[netty-common-4.1.84.Final.jar:4.1.84.Final]
	at io.netty.util.internal.ThreadExecutorMap$2.run(ThreadExecutorMap.java:74) ~[netty-common-4.1.84.Final.jar:4.1.84.Final]
	at io.netty.util.concurrent.FastThreadLocalRunnable.run(FastThreadLocalRunnable.java:30) ~[netty-common-4.1.84.Final.jar:4.1.84.Final]
	at java.base/java.lang.Thread.run(Thread.java:834) ~[na:na]
[DEBUG] Closing Channel [id: 0x26a12ae6, L:/127.0.0.1:50275 - R:localhost/127.0.0.1:50266] 
[DEBUG] Channel Closed: [id: 0x26a12ae6, L:/127.0.0.1:50275 ! R:localhost/127.0.0.1:50266] with attribute DISCARD
[DEBUG] 

Request DefaultFullHttpRequest(decodeResult: success, version: HTTP/1.1, content: EmptyByteBufBE)
DELETE /session/902b3a7b47ebc4caf007da74f3fa9693 HTTP/1.1
User-Agent: selenium/4.6.0 (java windows)
Content-Type: application/json; charset=utf-8
host: localhost:16688
accept: */*

Response DefaultHttpResponse(decodeResult: success, version: HTTP/1.1)
HTTP/1.1 200 OK
Content-Type: application/json; charset=utf-8
cache-control: no-cache
content-length: 14

[DEBUG] Adding key: http://localhost:16688 for channel [id: 0xfffd82f4, L:/127.0.0.1:50265 - R:localhost/127.0.0.1:16688]
[DEBUG] Channel Closed: [id: 0xfffd82f4, L:/127.0.0.1:50265 ! R:localhost/127.0.0.1:16688] with attribute DISCARD
[DEBUG] Entry count for : http://localhost:16688 : 1
[DEBUG] Entry count for : http://localhost:50266 : 1
[DEBUG] Adding Candidate expired Channel [id: 0xfffd82f4, L:/127.0.0.1:50265 ! R:localhost/127.0.0.1:16688] isIdleTimeoutExpired=false isRemotelyClosed=true isTtlExpired=false
[DEBUG] Closing Idle Channel [id: 0xfffd82f4, L:/127.0.0.1:50265 ! R:localhost/127.0.0.1:16688]
[DEBUG] Adding Candidate expired Channel [id: 0x26a12ae6, L:/127.0.0.1:50275 ! R:localhost/127.0.0.1:50266] isIdleTimeoutExpired=false isRemotelyClosed=true isTtlExpired=false
[DEBUG] Closing Idle Channel [id: 0x26a12ae6, L:/127.0.0.1:50275 ! R:localhost/127.0.0.1:50266]
[DEBUG] Closed 2 connections out of 2 in 0 ms
  Then The title of the resulting page contains the words from the title of the story selected                                           # stepdefinitions.Steps.verifyStoryTitle()
]]></system-out>
    <system-err><![CDATA[Oct 26, 2023 3:38:44 PM org.openqa.selenium.remote.RemoteWebDriver checkNonW3CCapabilities
WARNING: Support for Legacy Capabilities is deprecated; You are sending the following invalid capabilities: [unexpectedAlertBehaviour]; Please update to W3C Syntax: https://www.selenium.dev/blog/2022/legacy-protocol-support/
Starting ChromeDriver 118.0.5993.70 (e52f33f30b91b4ddfad649acddc39ab570473b86-refs/branch-heads/5993@{#1216}) on port 16688
Only local connections are allowed.
Please see https://chromedriver.chromium.org/security-considerations for suggestions on keeping ChromeDriver safe.
ChromeDriver was started successfully.
Oct 26, 2023 3:38:48 PM org.openqa.selenium.remote.ProtocolHandshake createSession
WARNING: Support for Legacy Capabilities is deprecated; You are sending the following invalid capabilities: [unexpectedAlertBehaviour]; Please update to W3C Syntax: https://www.selenium.dev/blog/2022/legacy-protocol-support/
Oct 26, 2023 3:38:48 PM org.openqa.selenium.devtools.CdpVersionFinder findNearestMatch
WARNING: Unable to find CDP implementation matching 118
Oct 26, 2023 3:38:48 PM org.openqa.selenium.chromium.ChromiumDriver lambda$new$3
WARNING: Unable to find version of CDP to use for . You may need to include a dependency on a specific version of the CDP using something similar to `org.seleniumhq.selenium:selenium-devtools-v86:4.6.0` where the version ("v86") matches the version of the chromium-based browser you're using and the version number of the artifact is the same as Selenium's.
]]></system-err>
  </testcase>
</testsuite>